[2023-04-04T11:47:18+02:00] Product: 62-86 | Price calculated: 17.9 | Currency: Złoty polski | Tax: 1
[2023-04-04T11:47:18+02:00] Variables: 1|62|86|14|0|0|1|1|1|1|6|||1|||||0
[2023-04-04T11:47:18+02:00] Product: 62-86 | Price calculated: 17.9 | Currency: Złoty polski | Tax: 1
[2023-04-04T11:47:18+02:00] Variables: 1|62|86|14|0|0|1|1|1|1|6||1|1|||||0
[2023-04-04T11:47:18+02:00] Product: 62-87 | Price calculated: 28.9 | Currency: Złoty polski | Tax: 1
[2023-04-04T11:47:18+02:00] Variables: 1|62|87|14|0|0|1|1|1|1|6|||1|||||0
[2023-04-04T11:47:18+02:00] Product: 62-87 | Price calculated: 28.9 | Currency: Złoty polski | Tax: 1
[2023-04-04T11:47:18+02:00] Variables: 1|62|87|14|0|0|1|1|1|1|6||1|1|||||0
[2023-04-04T11:47:18+02:00] Product: 62-88 | Price calculated: 38.5 | Currency: Złoty polski | Tax: 1
[2023-04-04T11:47:18+02:00] Variables: 1|62|88|14|0|0|1|1|1|1|6|||1|||||0
[2023-04-04T11:47:18+02:00] Product: 62-88 | Price calculated: 38.5 | Currency: Złoty polski | Tax: 1
[2023-04-04T11:47:18+02:00] Variables: 1|62|88|14|0|0|1|1|1|1|6||1|1|||||0
[2023-04-04T11:47:18+02:00] Product: 62-89 | Price calculated: 15.9 | Currency: Złoty polski | Tax: 1
[2023-04-04T11:47:18+02:00] Variables: 1|62|89|14|0|0|1|1|1|1|6|||1|||||0
[2023-04-04T11:47:18+02:00] Product: 62-89 | Price calculated: 15.9 | Currency: Złoty polski | Tax: 1
[2023-04-04T11:47:18+02:00] Variables: 1|62|89|14|0|0|1|1|1|1|6||1|1|||||0
[2023-04-04T11:53:42+02:00] Product: 45-46 | Price calculated: 16.9 | Currency: Złoty polski | Tax: 1
[2023-04-04T11:53:42+02:00] Variables: 1|45|46|14|0|0|1|1|1|1|6|||1|||||0
[2023-04-04T11:53:42+02:00] Product: 45-46 | Price calculated: 16.9 | Currency: Złoty polski | Tax: 1
[2023-04-04T11:53:42+02:00] Variables: 1|45|46|14|0|0|1|1|1|1|6||1|1|||||0
[2023-04-04T11:53:42+02:00] Product: 45-47 | Price calculated: 26.9 | Currency: Złoty polski | Tax: 1
[2023-04-04T11:53:42+02:00] Variables: 1|45|47|14|0|0|1|1|1|1|6|||1|||||0
[2023-04-04T11:53:42+02:00] Product: 45-47 | Price calculated: 26.9 | Currency: Złoty polski | Tax: 1
[2023-04-04T11:53:42+02:00] Variables: 1|45|47|14|0|0|1|1|1|1|6||1|1|||||0
[2023-04-04T11:53:42+02:00] Product: 45-48 | Price calculated: 44.5 | Currency: Złoty polski | Tax: 1
[2023-04-04T11:53:42+02:00] Variables: 1|45|48|14|0|0|1|1|1|1|6|||1|||||0
[2023-04-04T11:53:42+02:00] Product: 45-48 | Price calculated: 44.5 | Currency: Złoty polski | Tax: 1
[2023-04-04T11:53:42+02:00] Variables: 1|45|48|14|0|0|1|1|1|1|6||1|1|||||0
[2023-04-04T11:53:42+02:00] Product: 45-154 | Price calculated: 399 | Currency: Złoty polski | Tax: 1
[2023-04-04T11:53:42+02:00] Variables: 1|45|154|14|0|0|1|1|1|1|6|||1|||||0
[2023-04-04T11:53:42+02:00] Product: 45-154 | Price calculated: 399 | Currency: Złoty polski | Tax: 1
[2023-04-04T11:53:42+02:00] Variables: 1|45|154|14|0|0|1|1|1|1|6||1|1|||||0
[2023-04-04T12:14:08+02:00] Product: 88-132 | Price calculated: 10.9 | Currency: Złoty polski | Tax: 1
[2023-04-04T12:14:08+02:00] Variables: 1|88|132|14|0|0|1|1|1|1|6|||1|||||0
[2023-04-04T12:14:08+02:00] Product: 88-132 | Price calculated: 10.9 | Currency: Złoty polski | Tax: 1
[2023-04-04T12:14:08+02:00] Variables: 1|88|132|14|0|0|1|1|1|1|6||1|1|||||0
[2023-04-04T12:14:08+02:00] Product: 88-133 | Price calculated: 14.9 | Currency: Złoty polski | Tax: 1
[2023-04-04T12:14:08+02:00] Variables: 1|88|133|14|0|0|1|1|1|1|6|||1|||||0
[2023-04-04T12:14:08+02:00] Product: 88-133 | Price calculated: 14.9 | Currency: Złoty polski | Tax: 1
[2023-04-04T12:14:08+02:00] Variables: 1|88|133|14|0|0|1|1|1|1|6||1|1|||||0
[2023-04-04T12:14:08+02:00] Product: 88-134 | Price calculated: 22.9 | Currency: Złoty polski | Tax: 1
[2023-04-04T12:14:08+02:00] Variables: 1|88|134|14|0|0|1|1|1|1|6|||1|||||0
[2023-04-04T12:14:08+02:00] Product: 88-134 | Price calculated: 22.9 | Currency: Złoty polski | Tax: 1
[2023-04-04T12:14:08+02:00] Variables: 1|88|134|14|0|0|1|1|1|1|6||1|1|||||0
[2023-04-04T12:27:28+02:00] Product: 53-61 | Price calculated: 10.9 | Currency: Złoty polski | Tax: 1
[2023-04-04T12:27:28+02:00] Variables: 1|53|61|14|0|0|1|1|1|1|6|||1|||||0
[2023-04-04T12:27:28+02:00] Product: 53-61 | Price calculated: 10.9 | Currency: Złoty polski | Tax: 1
[2023-04-04T12:27:28+02:00] Variables: 1|53|61|14|0|0|1|1|1|1|6||1|1|||||0
[2023-04-04T12:27:28+02:00] Product: 53-62 | Price calculated: 16.9 | Currency: Złoty polski | Tax: 1
[2023-04-04T12:27:28+02:00] Variables: 1|53|62|14|0|0|1|1|1|1|6|||1|||||0
[2023-04-04T12:27:28+02:00] Product: 53-62 | Price calculated: 16.9 | Currency: Złoty polski | Tax: 1
[2023-04-04T12:27:28+02:00] Variables: 1|53|62|14|0|0|1|1|1|1|6||1|1|||||0
[2023-04-04T12:27:28+02:00] Product: 53-63 | Price calculated: 26.5 | Currency: Złoty polski | Tax: 1
[2023-04-04T12:27:28+02:00] Variables: 1|53|63|14|0|0|1|1|1|1|6|||1|||||0
[2023-04-04T12:27:28+02:00] Product: 53-63 | Price calculated: 26.5 | Currency: Złoty polski | Tax: 1
[2023-04-04T12:27:28+02:00] Variables: 1|53|63|14|0|0|1|1|1|1|6||1|1|||||0
[2023-04-04T12:27:28+02:00] Product: 53-157 | Price calculated: 229 | Currency: Złoty polski | Tax: 1
[2023-04-04T12:27:28+02:00] Variables: 1|53|157|14|0|0|1|1|1|1|6|||1|||||0
[2023-04-04T12:27:28+02:00] Product: 53-157 | Price calculated: 229 | Currency: Złoty polski | Tax: 1
[2023-04-04T12:27:28+02:00] Variables: 1|53|157|14|0|0|1|1|1|1|6||1|1|||||0
[2023-04-04T12:33:19+02:00] Product: 45-46 | Price calculated: 16.9 | Currency: Złoty polski | Tax: 1
[2023-04-04T12:33:19+02:00] Variables: 1|45|46|14|0|0|1|1|1|1|6|||1|||||0
[2023-04-04T12:33:19+02:00] Product: 45-46 | Price calculated: 16.9 | Currency: Złoty polski | Tax: 1
[2023-04-04T12:33:19+02:00] Variables: 1|45|46|14|0|0|1|1|1|1|6||1|1|||||0
[2023-04-04T12:33:19+02:00] Product: 45-47 | Price calculated: 26.9 | Currency: Złoty polski | Tax: 1
[2023-04-04T12:33:19+02:00] Variables: 1|45|47|14|0|0|1|1|1|1|6|||1|||||0
[2023-04-04T12:33:19+02:00] Product: 45-47 | Price calculated: 26.9 | Currency: Złoty polski | Tax: 1
[2023-04-04T12:33:19+02:00] Variables: 1|45|47|14|0|0|1|1|1|1|6||1|1|||||0
[2023-04-04T12:33:19+02:00] Product: 45-48 | Price calculated: 44.5 | Currency: Złoty polski | Tax: 1
[2023-04-04T12:33:19+02:00] Variables: 1|45|48|14|0|0|1|1|1|1|6|||1|||||0
[2023-04-04T12:33:19+02:00] Product: 45-48 | Price calculated: 44.5 | Currency: Złoty polski | Tax: 1
[2023-04-04T12:33:19+02:00] Variables: 1|45|48|14|0|0|1|1|1|1|6||1|1|||||0
[2023-04-04T12:33:19+02:00] Product: 45-154 | Price calculated: 399 | Currency: Złoty polski | Tax: 1
[2023-04-04T12:33:19+02:00] Variables: 1|45|154|14|0|0|1|1|1|1|6|||1|||||0
[2023-04-04T12:33:19+02:00] Product: 45-154 | Price calculated: 399 | Currency: Złoty polski | Tax: 1
[2023-04-04T12:33:19+02:00] Variables: 1|45|154|14|0|0|1|1|1|1|6||1|1|||||0
[2023-04-04T12:33:56+02:00] Product: 87-129 | Price calculated: 10.9 | Currency: Złoty polski | Tax: 1
[2023-04-04T12:33:56+02:00] Variables: 1|87|129|14|0|0|1|1|1|1|6|||1|||||0
[2023-04-04T12:33:56+02:00] Product: 87-129 | Price calculated: 10.9 | Currency: Złoty polski | Tax: 1
[2023-04-04T12:33:56+02:00] Variables: 1|87|129|14|0|0|1|1|1|1|6||1|1|||||0
[2023-04-04T12:33:56+02:00] Product: 87-130 | Price calculated: 14.9 | Currency: Złoty polski | Tax: 1
[2023-04-04T12:33:56+02:00] Variables: 1|87|130|14|0|0|1|1|1|1|6|||1|||||0
[2023-04-04T12:33:56+02:00] Product: 87-130 | Price calculated: 14.9 | Currency: Złoty polski | Tax: 1
[2023-04-04T12:33:56+02:00] Variables: 1|87|130|14|0|0|1|1|1|1|6||1|1|||||0
[2023-04-04T12:33:56+02:00] Product: 87-131 | Price calculated: 22.9 | Currency: Złoty polski | Tax: 1
[2023-04-04T12:33:56+02:00] Variables: 1|87|131|14|0|0|1|1|1|1|6|||1|||||0
[2023-04-04T12:33:56+02:00] Product: 87-131 | Price calculated: 22.9 | Currency: Złoty polski | Tax: 1
[2023-04-04T12:33:56+02:00] Variables: 1|87|131|14|0|0|1|1|1|1|6||1|1|||||0
[2023-04-04T12:48:43+02:00] Product: 62-86 | Price calculated: 17.9 | Currency: Złoty polski | Tax: 1
[2023-04-04T12:48:43+02:00] Variables: 1|62|86|14|0|0|1|1|1|1|6|||1|||||0
[2023-04-04T12:48:43+02:00] Product: 62-86 | Price calculated: 17.9 | Currency: Złoty polski | Tax: 1
[2023-04-04T12:48:43+02:00] Variables: 1|62|86|14|0|0|1|1|1|1|6||1|1|||||0
[2023-04-04T12:48:43+02:00] Product: 62-87 | Price calculated: 28.9 | Currency: Złoty polski | Tax: 1
[2023-04-04T12:48:43+02:00] Variables: 1|62|87|14|0|0|1|1|1|1|6|||1|||||0
[2023-04-04T12:48:43+02:00] Product: 62-87 | Price calculated: 28.9 | Currency: Złoty polski | Tax: 1
[2023-04-04T12:48:43+02:00] Variables: 1|62|87|14|0|0|1|1|1|1|6||1|1|||||0
[2023-04-04T12:48:43+02:00] Product: 62-88 | Price calculated: 38.5 | Currency: Złoty polski | Tax: 1
[2023-04-04T12:48:43+02:00] Variables: 1|62|88|14|0|0|1|1|1|1|6|||1|||||0
[2023-04-04T12:48:43+02:00] Product: 62-88 | Price calculated: 38.5 | Currency: Złoty polski | Tax: 1
[2023-04-04T12:48:43+02:00] Variables: 1|62|88|14|0|0|1|1|1|1|6||1|1|||||0
[2023-04-04T12:48:43+02:00] Product: 62-89 | Price calculated: 15.9 | Currency: Złoty polski | Tax: 1
[2023-04-04T12:48:43+02:00] Variables: 1|62|89|14|0|0|1|1|1|1|6|||1|||||0
[2023-04-04T12:48:43+02:00] Product: 62-89 | Price calculated: 15.9 | Currency: Złoty polski | Tax: 1
[2023-04-04T12:48:43+02:00] Variables: 1|62|89|14|0|0|1|1|1|1|6||1|1|||||0
[2023-04-04T12:54:29+02:00] Product: 59-77 | Price calculated: 18.9 | Currency: Złoty polski | Tax: 1
[2023-04-04T12:54:29+02:00] Variables: 1|59|77|14|0|0|1|1|1|1|6|||1|||||0
[2023-04-04T12:54:29+02:00] Product: 59-77 | Price calculated: 18.9 | Currency: Złoty polski | Tax: 1
[2023-04-04T12:54:29+02:00] Variables: 1|59|77|14|0|0|1|1|1|1|6||1|1|||||0
[2023-04-04T12:54:29+02:00] Product: 59-78 | Price calculated: 29.9 | Currency: Złoty polski | Tax: 1
[2023-04-04T12:54:29+02:00] Variables: 1|59|78|14|0|0|1|1|1|1|6|||1|||||0
[2023-04-04T12:54:29+02:00] Product: 59-78 | Price calculated: 29.9 | Currency: Złoty polski | Tax: 1
[2023-04-04T12:54:29+02:00] Variables: 1|59|78|14|0|0|1|1|1|1|6||1|1|||||0
[2023-04-04T12:54:29+02:00] Product: 59-79 | Price calculated: 39 | Currency: Złoty polski | Tax: 1
[2023-04-04T12:54:29+02:00] Variables: 1|59|79|14|0|0|1|1|1|1|6|||1|||||0
[2023-04-04T12:54:29+02:00] Product: 59-79 | Price calculated: 39 | Currency: Złoty polski | Tax: 1
[2023-04-04T12:54:29+02:00] Variables: 1|59|79|14|0|0|1|1|1|1|6||1|1|||||0
[2023-04-04T13:21:06+02:00] Product: 86-126 | Price calculated: 21.9 | Currency: Złoty polski | Tax: 1
[2023-04-04T13:21:06+02:00] Variables: 1|86|126|14|0|0|1|1|1|1|6|||1|||||0
[2023-04-04T13:21:06+02:00] Product: 86-126 | Price calculated: 21.9 | Currency: Złoty polski | Tax: 1
[2023-04-04T13:21:06+02:00] Variables: 1|86|126|14|0|0|1|1|1|1|6||1|1|||||0
[2023-04-04T13:21:06+02:00] Product: 86-127 | Price calculated: 34.9 | Currency: Złoty polski | Tax: 1
[2023-04-04T13:21:06+02:00] Variables: 1|86|127|14|0|0|1|1|1|1|6|||1|||||0
[2023-04-04T13:21:06+02:00] Product: 86-127 | Price calculated: 34.9 | Currency: Złoty polski | Tax: 1
[2023-04-04T13:21:06+02:00] Variables: 1|86|127|14|0|0|1|1|1|1|6||1|1|||||0
[2023-04-04T13:21:06+02:00] Product: 86-128 | Price calculated: 44.9 | Currency: Złoty polski | Tax: 1
[2023-04-04T13:21:06+02:00] Variables: 1|86|128|14|0|0|1|1|1|1|6|||1|||||0
[2023-04-04T13:21:06+02:00] Product: 86-128 | Price calculated: 44.9 | Currency: Złoty polski | Tax: 1
[2023-04-04T13:21:06+02:00] Variables: 1|86|128|14|0|0|1|1|1|1|6||1|1|||||0
[2023-04-04T13:42:33+02:00] Product: 54-64 | Price calculated: 11.5 | Currency: Złoty polski | Tax: 1
[2023-04-04T13:42:33+02:00] Variables: 1|54|64|14|0|0|1|1|1|1|6|||1|||||0
[2023-04-04T13:42:33+02:00] Product: 54-64 | Price calculated: 11.5 | Currency: Złoty polski | Tax: 1
[2023-04-04T13:42:33+02:00] Variables: 1|54|64|14|0|0|1|1|1|1|6||1|1|||||0
[2023-04-04T13:42:33+02:00] Product: 54-65 | Price calculated: 17.5 | Currency: Złoty polski | Tax: 1
[2023-04-04T13:42:33+02:00] Variables: 1|54|65|14|0|0|1|1|1|1|6|||1|||||0
[2023-04-04T13:42:33+02:00] Product: 54-65 | Price calculated: 17.5 | Currency: Złoty polski | Tax: 1
[2023-04-04T13:42:33+02:00] Variables: 1|54|65|14|0|0|1|1|1|1|6||1|1|||||0
[2023-04-04T13:42:33+02:00] Product: 54-66 | Price calculated: 27.9 | Currency: Złoty polski | Tax: 1
[2023-04-04T13:42:33+02:00] Variables: 1|54|66|14|0|0|1|1|1|1|6|||1|||||0
[2023-04-04T13:42:33+02:00] Product: 54-66 | Price calculated: 27.9 | Currency: Złoty polski | Tax: 1
[2023-04-04T13:42:33+02:00] Variables: 1|54|66|14|0|0|1|1|1|1|6||1|1|||||0
[2023-04-04T13:42:33+02:00] Product: 54-155 | Price calculated: 249 | Currency: Złoty polski | Tax: 1
[2023-04-04T13:42:33+02:00] Variables: 1|54|155|14|0|0|1|1|1|1|6|||1|||||0
[2023-04-04T13:42:33+02:00] Product: 54-155 | Price calculated: 249 | Currency: Złoty polski | Tax: 1
[2023-04-04T13:42:33+02:00] Variables: 1|54|155|14|0|0|1|1|1|1|6||1|1|||||0
[2023-04-04T14:20:22+02:00] Product: 103-138 | Price calculated: 16.9 | Currency: Złoty polski | Tax: 1
[2023-04-04T14:20:22+02:00] Variables: 1|103|138|14|0|0|1|1|1|1|6|||1|||||0
[2023-04-04T14:20:22+02:00] Product: 103-138 | Price calculated: 16.9 | Currency: Złoty polski | Tax: 1
[2023-04-04T14:20:22+02:00] Variables: 1|103|138|14|0|0|1|1|1|1|6||1|1|||||0
[2023-04-04T14:20:22+02:00] Product: 103-139 | Price calculated: 25.9 | Currency: Złoty polski | Tax: 1
[2023-04-04T14:20:22+02:00] Variables: 1|103|139|14|0|0|1|1|1|1|6|||1|||||0
[2023-04-04T14:20:22+02:00] Product: 103-139 | Price calculated: 25.9 | Currency: Złoty polski | Tax: 1
[2023-04-04T14:20:22+02:00] Variables: 1|103|139|14|0|0|1|1|1|1|6||1|1|||||0
[2023-04-04T14:20:22+02:00] Product: 103-140 | Price calculated: 31.9 | Currency: Złoty polski | Tax: 1
[2023-04-04T14:20:22+02:00] Variables: 1|103|140|14|0|0|1|1|1|1|6|||1|||||0
[2023-04-04T14:20:22+02:00] Product: 103-140 | Price calculated: 31.9 | Currency: Złoty polski | Tax: 1
[2023-04-04T14:20:22+02:00] Variables: 1|103|140|14|0|0|1|1|1|1|6||1|1|||||0
[2023-04-04T14:20:22+02:00] Product: 103-141 | Price calculated: 46.9 | Currency: Złoty polski | Tax: 1
[2023-04-04T14:20:22+02:00] Variables: 1|103|141|14|0|0|1|1|1|1|6|||1|||||0
[2023-04-04T14:20:22+02:00] Product: 103-141 | Price calculated: 46.9 | Currency: Złoty polski | Tax: 1
[2023-04-04T14:20:22+02:00] Variables: 1|103|141|14|0|0|1|1|1|1|6||1|1|||||0
[2023-04-04T14:28:45+02:00] Product: 24 | Price calculated: 19.9 | Currency: Złoty polski | Tax: 1
[2023-04-04T14:28:45+02:00] Variables: 1|24||14|0|0|1|1|1|1|6|||1|||||0
[2023-04-04T14:28:45+02:00] Product: 24 | Price calculated: 19.9 | Currency: Złoty polski | Tax: 1
[2023-04-04T14:28:45+02:00] Variables: 1|24||14|0|0|1|1|1|1|6||1|1|||||0
[2023-04-04T15:03:15+02:00] Product: 36 | Price calculated: 42.9 | Currency: Złoty polski | Tax: 1
[2023-04-04T15:03:15+02:00] Variables: 1|36||14|0|0|1|1|1|1|6|||1|||||0
[2023-04-04T15:03:15+02:00] Product: 36 | Price calculated: 42.9 | Currency: Złoty polski | Tax: 1
[2023-04-04T15:03:15+02:00] Variables: 1|36||14|0|0|1|1|1|1|6||1|1|||||0
[2023-04-04T15:15:42+02:00] Product: 86-126 | Price calculated: 21.9 | Currency: Złoty polski | Tax: 1
[2023-04-04T15:15:42+02:00] Variables: 1|86|126|14|0|0|1|1|1|1|6|||1|||||0
[2023-04-04T15:15:42+02:00] Product: 86-126 | Price calculated: 21.9 | Currency: Złoty polski | Tax: 1
[2023-04-04T15:15:42+02:00] Variables: 1|86|126|14|0|0|1|1|1|1|6||1|1|||||0
[2023-04-04T15:15:42+02:00] Product: 86-127 | Price calculated: 34.9 | Currency: Złoty polski | Tax: 1
[2023-04-04T15:15:42+02:00] Variables: 1|86|127|14|0|0|1|1|1|1|6|||1|||||0
[2023-04-04T15:15:42+02:00] Product: 86-127 | Price calculated: 34.9 | Currency: Złoty polski | Tax: 1
[2023-04-04T15:15:42+02:00] Variables: 1|86|127|14|0|0|1|1|1|1|6||1|1|||||0
[2023-04-04T15:15:42+02:00] Product: 86-128 | Price calculated: 44.9 | Currency: Złoty polski | Tax: 1
[2023-04-04T15:15:42+02:00] Variables: 1|86|128|14|0|0|1|1|1|1|6|||1|||||0
[2023-04-04T15:15:42+02:00] Product: 86-128 | Price calculated: 44.9 | Currency: Złoty polski | Tax: 1
[2023-04-04T15:15:42+02:00] Variables: 1|86|128|14|0|0|1|1|1|1|6||1|1|||||0
[2023-04-04T15:36:51+02:00] Product: 111-164 | Price calculated: 16.9 | Currency: Złoty polski | Tax: 1
[2023-04-04T15:36:51+02:00] Variables: 1|111|164|14|0|0|1|1|1|1|6|||1|||||0
[2023-04-04T15:36:51+02:00] Product: 111-164 | Price calculated: 16.9 | Currency: Złoty polski | Tax: 1
[2023-04-04T15:36:51+02:00] Variables: 1|111|164|14|0|0|1|1|1|1|6||1|1|||||0
[2023-04-04T15:36:51+02:00] Product: 111-165 | Price calculated: 28.9 | Currency: Złoty polski | Tax: 1
[2023-04-04T15:36:51+02:00] Variables: 1|111|165|14|0|0|1|1|1|1|6|||1|||||0
[2023-04-04T15:36:51+02:00] Product: 111-165 | Price calculated: 28.9 | Currency: Złoty polski | Tax: 1
[2023-04-04T15:36:51+02:00] Variables: 1|111|165|14|0|0|1|1|1|1|6||1|1|||||0
[2023-04-04T15:36:51+02:00] Product: 111-166 | Price calculated: 38.5 | Currency: Złoty polski | Tax: 1
[2023-04-04T15:36:51+02:00] Variables: 1|111|166|14|0|0|1|1|1|1|6|||1|||||0
[2023-04-04T15:36:51+02:00] Product: 111-166 | Price calculated: 38.5 | Currency: Złoty polski | Tax: 1
[2023-04-04T15:36:51+02:00] Variables: 1|111|166|14|0|0|1|1|1|1|6||1|1|||||0
[2023-04-04T15:47:16+02:00] Product: 45-46 | Price calculated: 16.9 | Currency: Złoty polski | Tax: 1
[2023-04-04T15:47:16+02:00] Variables: 1|45|46|14|0|0|1|1|1|1|6|||1|||||0
[2023-04-04T15:47:16+02:00] Product: 45-46 | Price calculated: 16.9 | Currency: Złoty polski | Tax: 1
[2023-04-04T15:47:16+02:00] Variables: 1|45|46|14|0|0|1|1|1|1|6||1|1|||||0
[2023-04-04T15:47:16+02:00] Product: 45-47 | Price calculated: 26.9 | Currency: Złoty polski | Tax: 1
[2023-04-04T15:47:16+02:00] Variables: 1|45|47|14|0|0|1|1|1|1|6|||1|||||0
[2023-04-04T15:47:16+02:00] Product: 45-47 | Price calculated: 26.9 | Currency: Złoty polski | Tax: 1
[2023-04-04T15:47:16+02:00] Variables: 1|45|47|14|0|0|1|1|1|1|6||1|1|||||0
[2023-04-04T15:47:16+02:00] Product: 45-48 | Price calculated: 44.5 | Currency: Złoty polski | Tax: 1
[2023-04-04T15:47:16+02:00] Variables: 1|45|48|14|0|0|1|1|1|1|6|||1|||||0
[2023-04-04T15:47:16+02:00] Product: 45-48 | Price calculated: 44.5 | Currency: Złoty polski | Tax: 1
[2023-04-04T15:47:16+02:00] Variables: 1|45|48|14|0|0|1|1|1|1|6||1|1|||||0
[2023-04-04T15:47:16+02:00] Product: 45-154 | Price calculated: 399 | Currency: Złoty polski | Tax: 1
[2023-04-04T15:47:16+02:00] Variables: 1|45|154|14|0|0|1|1|1|1|6|||1|||||0
[2023-04-04T15:47:16+02:00] Product: 45-154 | Price calculated: 399 | Currency: Złoty polski | Tax: 1
[2023-04-04T15:47:16+02:00] Variables: 1|45|154|14|0|0|1|1|1|1|6||1|1|||||0
[2023-04-04T16:09:15+02:00] Product: 29 | Price calculated: 23.9 | Currency: Złoty polski | Tax: 1
[2023-04-04T16:09:15+02:00] Variables: 1|29||14|0|0|1|1|1|1|6|||1|||||0
[2023-04-04T16:09:15+02:00] Product: 29 | Price calculated: 23.9 | Currency: Złoty polski | Tax: 1
[2023-04-04T16:09:15+02:00] Variables: 1|29||14|0|0|1|1|1|1|6||1|1|||||0
[2023-04-04T16:10:12+02:00] Product: 37 | Price calculated: 14.9 | Currency: Złoty polski | Tax: 1
[2023-04-04T16:10:12+02:00] Variables: 1|37||14|0|0|1|1|1|1|6|||1|||||0
[2023-04-04T16:10:12+02:00] Product: 37 | Price calculated: 14.9 | Currency: Złoty polski | Tax: 1
[2023-04-04T16:10:12+02:00] Variables: 1|37||14|0|0|1|1|1|1|6||1|1|||||0
[2023-04-04T16:10:16+02:00] Product: 75-114 | Price calculated: 12.9 | Currency: Złoty polski | Tax: 1
[2023-04-04T16:10:16+02:00] Variables: 1|75|114|14|0|0|1|1|1|1|6|||1|||||0
[2023-04-04T16:10:16+02:00] Product: 75-114 | Price calculated: 12.9 | Currency: Złoty polski | Tax: 1
[2023-04-04T16:10:16+02:00] Variables: 1|75|114|14|0|0|1|1|1|1|6||1|1|||||0
[2023-04-04T16:10:16+02:00] Product: 75-115 | Price calculated: 20.9 | Currency: Złoty polski | Tax: 1
[2023-04-04T16:10:16+02:00] Variables: 1|75|115|14|0|0|1|1|1|1|6|||1|||||0
[2023-04-04T16:10:16+02:00] Product: 75-115 | Price calculated: 20.9 | Currency: Złoty polski | Tax: 1
[2023-04-04T16:10:16+02:00] Variables: 1|75|115|14|0|0|1|1|1|1|6||1|1|||||0
[2023-04-04T16:10:16+02:00] Product: 75-116 | Price calculated: 36.9 | Currency: Złoty polski | Tax: 1
[2023-04-04T16:10:16+02:00] Variables: 1|75|116|14|0|0|1|1|1|1|6|||1|||||0
[2023-04-04T16:10:16+02:00] Product: 75-116 | Price calculated: 36.9 | Currency: Złoty polski | Tax: 1
[2023-04-04T16:10:16+02:00] Variables: 1|75|116|14|0|0|1|1|1|1|6||1|1|||||0
[2023-04-04T16:10:24+02:00] Product: 73-108 | Price calculated: 14.5 | Currency: Złoty polski | Tax: 1
[2023-04-04T16:10:24+02:00] Variables: 1|73|108|14|0|0|1|1|1|1|6|||1|||||0
[2023-04-04T16:10:24+02:00] Product: 73-108 | Price calculated: 14.5 | Currency: Złoty polski | Tax: 1
[2023-04-04T16:10:24+02:00] Variables: 1|73|108|14|0|0|1|1|1|1|6||1|1|||||0
[2023-04-04T16:10:24+02:00] Product: 73-109 | Price calculated: 23.5 | Currency: Złoty polski | Tax: 1
[2023-04-04T16:10:24+02:00] Variables: 1|73|109|14|0|0|1|1|1|1|6|||1|||||0
[2023-04-04T16:10:24+02:00] Product: 73-109 | Price calculated: 23.5 | Currency: Złoty polski | Tax: 1
[2023-04-04T16:10:24+02:00] Variables: 1|73|109|14|0|0|1|1|1|1|6||1|1|||||0
[2023-04-04T16:10:24+02:00] Product: 73-110 | Price calculated: 39.9 | Currency: Złoty polski | Tax: 1
[2023-04-04T16:10:24+02:00] Variables: 1|73|110|14|0|0|1|1|1|1|6|||1|||||0
[2023-04-04T16:10:24+02:00] Product: 73-110 | Price calculated: 39.9 | Currency: Złoty polski | Tax: 1
[2023-04-04T16:10:24+02:00] Variables: 1|73|110|14|0|0|1|1|1|1|6||1|1|||||0
[2023-04-04T16:10:29+02:00] Product: 88-132 | Price calculated: 10.9 | Currency: Złoty polski | Tax: 1
[2023-04-04T16:10:29+02:00] Variables: 1|88|132|14|0|0|1|1|1|1|6|||1|||||0
[2023-04-04T16:10:29+02:00] Product: 88-132 | Price calculated: 10.9 | Currency: Złoty polski | Tax: 1
[2023-04-04T16:10:29+02:00] Variables: 1|88|132|14|0|0|1|1|1|1|6||1|1|||||0
[2023-04-04T16:10:29+02:00] Product: 88-133 | Price calculated: 14.9 | Currency: Złoty polski | Tax: 1
[2023-04-04T16:10:29+02:00] Variables: 1|88|133|14|0|0|1|1|1|1|6|||1|||||0
[2023-04-04T16:10:29+02:00] Product: 88-133 | Price calculated: 14.9 | Currency: Złoty polski | Tax: 1
[2023-04-04T16:10:29+02:00] Variables: 1|88|133|14|0|0|1|1|1|1|6||1|1|||||0
[2023-04-04T16:10:29+02:00] Product: 88-134 | Price calculated: 22.9 | Currency: Złoty polski | Tax: 1
[2023-04-04T16:10:29+02:00] Variables: 1|88|134|14|0|0|1|1|1|1|6|||1|||||0
[2023-04-04T16:10:29+02:00] Product: 88-134 | Price calculated: 22.9 | Currency: Złoty polski | Tax: 1
[2023-04-04T16:10:29+02:00] Variables: 1|88|134|14|0|0|1|1|1|1|6||1|1|||||0
[2023-04-04T16:10:49+02:00] Product: 80-123 | Price calculated: 26.9 | Currency: Złoty polski | Tax: 1
[2023-04-04T16:10:49+02:00] Variables: 1|80|123|14|0|0|1|1|1|1|6|||1|||||0
[2023-04-04T16:10:49+02:00] Product: 80-123 | Price calculated: 26.9 | Currency: Złoty polski | Tax: 1
[2023-04-04T16:10:49+02:00] Variables: 1|80|123|14|0|0|1|1|1|1|6||1|1|||||0
[2023-04-04T16:10:49+02:00] Product: 80-124 | Price calculated: 49 | Currency: Złoty polski | Tax: 1
[2023-04-04T16:10:49+02:00] Variables: 1|80|124|14|0|0|1|1|1|1|6|||1|||||0
[2023-04-04T16:10:49+02:00] Product: 80-124 | Price calculated: 49 | Currency: Złoty polski | Tax: 1
[2023-04-04T16:10:49+02:00] Variables: 1|80|124|14|0|0|1|1|1|1|6||1|1|||||0
[2023-04-04T16:10:49+02:00] Product: 80-125 | Price calculated: 15.9 | Currency: Złoty polski | Tax: 1
[2023-04-04T16:10:49+02:00] Variables: 1|80|125|14|0|0|1|1|1|1|6|||1|||||0
[2023-04-04T16:10:49+02:00] Product: 80-125 | Price calculated: 15.9 | Currency: Złoty polski | Tax: 1
[2023-04-04T16:10:49+02:00] Variables: 1|80|125|14|0|0|1|1|1|1|6||1|1|||||0
[2023-04-04T16:10:52+02:00] Product: 34 | Price calculated: 20.9 | Currency: Złoty polski | Tax: 1
[2023-04-04T16:10:52+02:00] Variables: 1|34||14|0|0|1|1|1|1|6|||1|||||0
[2023-04-04T16:10:52+02:00] Product: 34 | Price calculated: 20.9 | Currency: Złoty polski | Tax: 1
[2023-04-04T16:10:52+02:00] Variables: 1|34||14|0|0|1|1|1|1|6||1|1|||||0
[2023-04-04T16:11:12+02:00] Product: 112 | Price calculated: 12.9 | Currency: Złoty polski | Tax: 1
[2023-04-04T16:11:12+02:00] Variables: 1|112||14|0|0|1|1|1|1|6|||1|||||0
[2023-04-04T16:11:12+02:00] Product: 112 | Price calculated: 12.9 | Currency: Złoty polski | Tax: 1
[2023-04-04T16:11:12+02:00] Variables: 1|112||14|0|0|1|1|1|1|6||1|1|||||0
[2023-04-04T16:11:13+02:00] Product: 68-97 | Price calculated: 12.9 | Currency: Złoty polski | Tax: 1
[2023-04-04T16:11:13+02:00] Variables: 1|68|97|14|0|0|1|1|1|1|6|||1|||||0
[2023-04-04T16:11:13+02:00] Product: 68-97 | Price calculated: 12.9 | Currency: Złoty polski | Tax: 1
[2023-04-04T16:11:13+02:00] Variables: 1|68|97|14|0|0|1|1|1|1|6||1|1|||||0
[2023-04-04T16:11:13+02:00] Product: 68-98 | Price calculated: 18.9 | Currency: Złoty polski | Tax: 1
[2023-04-04T16:11:13+02:00] Variables: 1|68|98|14|0|0|1|1|1|1|6|||1|||||0
[2023-04-04T16:11:13+02:00] Product: 68-98 | Price calculated: 18.9 | Currency: Złoty polski | Tax: 1
[2023-04-04T16:11:13+02:00] Variables: 1|68|98|14|0|0|1|1|1|1|6||1|1|||||0
[2023-04-04T16:11:13+02:00] Product: 68-99 | Price calculated: 29 | Currency: Złoty polski | Tax: 1
[2023-04-04T16:11:13+02:00] Variables: 1|68|99|14|0|0|1|1|1|1|6|||1|||||0
[2023-04-04T16:11:13+02:00] Product: 68-99 | Price calculated: 29 | Currency: Złoty polski | Tax: 1
[2023-04-04T16:11:13+02:00] Variables: 1|68|99|14|0|0|1|1|1|1|6||1|1|||||0
[2023-04-04T16:11:22+02:00] Product: 58-74 | Price calculated: 19.9 | Currency: Złoty polski | Tax: 1
[2023-04-04T16:11:22+02:00] Variables: 1|58|74|14|0|0|1|1|1|1|6|||1|||||0
[2023-04-04T16:11:22+02:00] Product: 58-74 | Price calculated: 19.9 | Currency: Złoty polski | Tax: 1
[2023-04-04T16:11:22+02:00] Variables: 1|58|74|14|0|0|1|1|1|1|6||1|1|||||0
[2023-04-04T16:11:22+02:00] Product: 58-75 | Price calculated: 32.9 | Currency: Złoty polski | Tax: 1
[2023-04-04T16:11:22+02:00] Variables: 1|58|75|14|0|0|1|1|1|1|6|||1|||||0
[2023-04-04T16:11:22+02:00] Product: 58-75 | Price calculated: 32.9 | Currency: Złoty polski | Tax: 1
[2023-04-04T16:11:22+02:00] Variables: 1|58|75|14|0|0|1|1|1|1|6||1|1|||||0
[2023-04-04T16:11:22+02:00] Product: 58-76 | Price calculated: 42.5 | Currency: Złoty polski | Tax: 1
[2023-04-04T16:11:22+02:00] Variables: 1|58|76|14|0|0|1|1|1|1|6|||1|||||0
[2023-04-04T16:11:22+02:00] Product: 58-76 | Price calculated: 42.5 | Currency: Złoty polski | Tax: 1
[2023-04-04T16:11:22+02:00] Variables: 1|58|76|14|0|0|1|1|1|1|6||1|1|||||0
[2023-04-04T16:11:25+02:00] Product: 70 | Price calculated: 19.9 | Currency: Złoty polski | Tax: 1
[2023-04-04T16:11:25+02:00] Variables: 1|70||14|0|0|1|1|1|1|6|||1|||||0
[2023-04-04T16:11:25+02:00] Product: 70 | Price calculated: 19.9 | Currency: Złoty polski | Tax: 1
[2023-04-04T16:11:25+02:00] Variables: 1|70||14|0|0|1|1|1|1|6||1|1|||||0
[2023-04-04T16:11:30+02:00] Product: 67-95 | Price calculated: 49.9 | Currency: Złoty polski | Tax: 1
[2023-04-04T16:11:30+02:00] Variables: 1|67|95|14|0|0|1|1|1|1|6|||1|||||0
[2023-04-04T16:11:30+02:00] Product: 67-95 | Price calculated: 49.9 | Currency: Złoty polski | Tax: 1
[2023-04-04T16:11:30+02:00] Variables: 1|67|95|14|0|0|1|1|1|1|6||1|1|||||0
[2023-04-04T16:11:30+02:00] Product: 67-96 | Price calculated: 65.9 | Currency: Złoty polski | Tax: 1
[2023-04-04T16:11:30+02:00] Variables: 1|67|96|14|0|0|1|1|1|1|6|||1|||||0
[2023-04-04T16:11:30+02:00] Product: 67-96 | Price calculated: 65.9 | Currency: Złoty polski | Tax: 1
[2023-04-04T16:11:30+02:00] Variables: 1|67|96|14|0|0|1|1|1|1|6||1|1|||||0
[2023-04-04T16:11:30+02:00] Product: 67-103 | Price calculated: 22.9 | Currency: Złoty polski | Tax: 1
[2023-04-04T16:11:30+02:00] Variables: 1|67|103|14|0|0|1|1|1|1|6|||1|||||0
[2023-04-04T16:11:30+02:00] Product: 67-103 | Price calculated: 22.9 | Currency: Złoty polski | Tax: 1
[2023-04-04T16:11:30+02:00] Variables: 1|67|103|14|0|0|1|1|1|1|6||1|1|||||0
[2023-04-04T16:11:34+02:00] Product: 113 | Price calculated: 19.899999 | Currency: Złoty polski | Tax: 1
[2023-04-04T16:11:34+02:00] Variables: 1|113||14|0|0|1|1|1|1|6|||1|||||0
[2023-04-04T16:11:34+02:00] Product: 113 | Price calculated: 19.899999 | Currency: Złoty polski | Tax: 1
[2023-04-04T16:11:34+02:00] Variables: 1|113||14|0|0|1|1|1|1|6||1|1|||||0
[2023-04-04T16:11:38+02:00] Product: 53-61 | Price calculated: 10.9 | Currency: Złoty polski | Tax: 1
[2023-04-04T16:11:38+02:00] Variables: 1|53|61|14|0|0|1|1|1|1|6|||1|||||0
[2023-04-04T16:11:38+02:00] Product: 53-61 | Price calculated: 10.9 | Currency: Złoty polski | Tax: 1
[2023-04-04T16:11:38+02:00] Variables: 1|53|61|14|0|0|1|1|1|1|6||1|1|||||0
[2023-04-04T16:11:38+02:00] Product: 53-62 | Price calculated: 16.9 | Currency: Złoty polski | Tax: 1
[2023-04-04T16:11:38+02:00] Variables: 1|53|62|14|0|0|1|1|1|1|6|||1|||||0
[2023-04-04T16:11:38+02:00] Product: 53-62 | Price calculated: 16.9 | Currency: Złoty polski | Tax: 1
[2023-04-04T16:11:38+02:00] Variables: 1|53|62|14|0|0|1|1|1|1|6||1|1|||||0
[2023-04-04T16:11:38+02:00] Product: 53-63 | Price calculated: 26.5 | Currency: Złoty polski | Tax: 1
[2023-04-04T16:11:38+02:00] Variables: 1|53|63|14|0|0|1|1|1|1|6|||1|||||0
[2023-04-04T16:11:38+02:00] Product: 53-63 | Price calculated: 26.5 | Currency: Złoty polski | Tax: 1
[2023-04-04T16:11:38+02:00] Variables: 1|53|63|14|0|0|1|1|1|1|6||1|1|||||0
[2023-04-04T16:11:38+02:00] Product: 53-157 | Price calculated: 229 | Currency: Złoty polski | Tax: 1
[2023-04-04T16:11:38+02:00] Variables: 1|53|157|14|0|0|1|1|1|1|6|||1|||||0
[2023-04-04T16:11:38+02:00] Product: 53-157 | Price calculated: 229 | Currency: Złoty polski | Tax: 1
[2023-04-04T16:11:38+02:00] Variables: 1|53|157|14|0|0|1|1|1|1|6||1|1|||||0
[2023-04-04T16:11:43+02:00] Product: 72 | Price calculated: 22.9 | Currency: Złoty polski | Tax: 1
[2023-04-04T16:11:43+02:00] Variables: 1|72||14|0|0|1|1|1|1|6|||1|||||0
[2023-04-04T16:11:43+02:00] Product: 72 | Price calculated: 22.9 | Currency: Złoty polski | Tax: 1
[2023-04-04T16:11:43+02:00] Variables: 1|72||14|0|0|1|1|1|1|6||1|1|||||0
[2023-04-04T16:11:46+02:00] Product: 50-55 | Price calculated: 11.9 | Currency: Złoty polski | Tax: 1
[2023-04-04T16:11:46+02:00] Variables: 1|50|55|14|0|0|1|1|1|1|6|||1|||||0
[2023-04-04T16:11:46+02:00] Product: 50-55 | Price calculated: 11.9 | Currency: Złoty polski | Tax: 1
[2023-04-04T16:11:46+02:00] Variables: 1|50|55|14|0|0|1|1|1|1|6||1|1|||||0
[2023-04-04T16:11:46+02:00] Product: 50-56 | Price calculated: 19.9 | Currency: Złoty polski | Tax: 1
[2023-04-04T16:11:46+02:00] Variables: 1|50|56|14|0|0|1|1|1|1|6|||1|||||0
[2023-04-04T16:11:46+02:00] Product: 50-56 | Price calculated: 19.9 | Currency: Złoty polski | Tax: 1
[2023-04-04T16:11:46+02:00] Variables: 1|50|56|14|0|0|1|1|1|1|6||1|1|||||0
[2023-04-04T16:11:46+02:00] Product: 50-57 | Price calculated: 34.5 | Currency: Złoty polski | Tax: 1
[2023-04-04T16:11:46+02:00] Variables: 1|50|57|14|0|0|1|1|1|1|6|||1|||||0
[2023-04-04T16:11:46+02:00] Product: 50-57 | Price calculated: 34.5 | Currency: Złoty polski | Tax: 1
[2023-04-04T16:11:46+02:00] Variables: 1|50|57|14|0|0|1|1|1|1|6||1|1|||||0
[2023-04-04T16:11:46+02:00] Product: 50-156 | Price calculated: 319 | Currency: Złoty polski | Tax: 1
[2023-04-04T16:11:46+02:00] Variables: 1|50|156|14|0|0|1|1|1|1|6|||1|||||0
[2023-04-04T16:11:46+02:00] Product: 50-156 | Price calculated: 319 | Currency: Złoty polski | Tax: 1
[2023-04-04T16:11:46+02:00] Variables: 1|50|156|14|0|0|1|1|1|1|6||1|1|||||0
[2023-04-04T16:11:50+02:00] Product: 66-91 | Price calculated: 12.9 | Currency: Złoty polski | Tax: 1
[2023-04-04T16:11:50+02:00] Variables: 1|66|91|14|0|0|1|1|1|1|6|||1|||||0
[2023-04-04T16:11:50+02:00] Product: 66-91 | Price calculated: 12.9 | Currency: Złoty polski | Tax: 1
[2023-04-04T16:11:50+02:00] Variables: 1|66|91|14|0|0|1|1|1|1|6||1|1|||||0
[2023-04-04T16:11:50+02:00] Product: 66-92 | Price calculated: 19 | Currency: Złoty polski | Tax: 1
[2023-04-04T16:11:50+02:00] Variables: 1|66|92|14|0|0|1|1|1|1|6|||1|||||0
[2023-04-04T16:11:50+02:00] Product: 66-92 | Price calculated: 19 | Currency: Złoty polski | Tax: 1
[2023-04-04T16:11:50+02:00] Variables: 1|66|92|14|0|0|1|1|1|1|6||1|1|||||0
[2023-04-04T16:11:50+02:00] Product: 66-93 | Price calculated: 29 | Currency: Złoty polski | Tax: 1
[2023-04-04T16:11:50+02:00] Variables: 1|66|93|14|0|0|1|1|1|1|6|||1|||||0
[2023-04-04T16:11:50+02:00] Product: 66-93 | Price calculated: 29 | Currency: Złoty polski | Tax: 1
[2023-04-04T16:11:50+02:00] Variables: 1|66|93|14|0|0|1|1|1|1|6||1|1|||||0
[2023-04-04T16:11:55+02:00] Product: 81 | Price calculated: 49.9 | Currency: Złoty polski | Tax: 1
[2023-04-04T16:11:55+02:00] Variables: 1|81||14|0|0|1|1|1|1|6|||1|||||0
[2023-04-04T16:11:55+02:00] Product: 81 | Price calculated: 49.9 | Currency: Złoty polski | Tax: 1
[2023-04-04T16:11:55+02:00] Variables: 1|81||14|0|0|1|1|1|1|6||1|1|||||0
[2023-04-04T16:11:58+02:00] Product: 47-49 | Price calculated: 14.8953 | Currency: Złoty polski | Tax: 1
[2023-04-04T16:11:58+02:00] Variables: 1|47|49|14|0|0|1|1|1|1|6|||1|||||0
[2023-04-04T16:11:58+02:00] Product: 47-49 | Price calculated: 14.8953 | Currency: Złoty polski | Tax: 1
[2023-04-04T16:11:58+02:00] Variables: 1|47|49|14|0|0|1|1|1|1|6||1|1|||||0
[2023-04-04T16:11:58+02:00] Product: 47-50 | Price calculated: 22.9026 | Currency: Złoty polski | Tax: 1
[2023-04-04T16:11:58+02:00] Variables: 1|47|50|14|0|0|1|1|1|1|6|||1|||||0
[2023-04-04T16:11:58+02:00] Product: 47-50 | Price calculated: 22.9026 | Currency: Złoty polski | Tax: 1
[2023-04-04T16:11:58+02:00] Variables: 1|47|50|14|0|0|1|1|1|1|6||1|1|||||0
[2023-04-04T16:11:58+02:00] Product: 47-51 | Price calculated: 39.9012 | Currency: Złoty polski | Tax: 1
[2023-04-04T16:11:58+02:00] Variables: 1|47|51|14|0|0|1|1|1|1|6|||1|||||0
[2023-04-04T16:11:58+02:00] Product: 47-51 | Price calculated: 39.9012 | Currency: Złoty polski | Tax: 1
[2023-04-04T16:11:58+02:00] Variables: 1|47|51|14|0|0|1|1|1|1|6||1|1|||||0
[2023-04-04T16:12:08+02:00] Product: 30 | Price calculated: 14.9 | Currency: Złoty polski | Tax: 1
[2023-04-04T16:12:08+02:00] Variables: 1|30||14|0|0|1|1|1|1|6|||1|||||0
[2023-04-04T16:12:08+02:00] Product: 30 | Price calculated: 14.9 | Currency: Złoty polski | Tax: 1
[2023-04-04T16:12:08+02:00] Variables: 1|30||14|0|0|1|1|1|1|6||1|1|||||0
[2023-04-04T16:12:13+02:00] Product: 48-52 | Price calculated: 11.5 | Currency: Złoty polski | Tax: 1
[2023-04-04T16:12:13+02:00] Variables: 1|48|52|14|0|0|1|1|1|1|6|||1|||||0
[2023-04-04T16:12:13+02:00] Product: 48-52 | Price calculated: 11.5 | Currency: Złoty polski | Tax: 1
[2023-04-04T16:12:13+02:00] Variables: 1|48|52|14|0|0|1|1|1|1|6||1|1|||||0
[2023-04-04T16:12:13+02:00] Product: 48-53 | Price calculated: 17.5 | Currency: Złoty polski | Tax: 1
[2023-04-04T16:12:13+02:00] Variables: 1|48|53|14|0|0|1|1|1|1|6|||1|||||0
[2023-04-04T16:12:13+02:00] Product: 48-53 | Price calculated: 17.5 | Currency: Złoty polski | Tax: 1
[2023-04-04T16:12:13+02:00] Variables: 1|48|53|14|0|0|1|1|1|1|6||1|1|||||0
[2023-04-04T16:12:13+02:00] Product: 48-54 | Price calculated: 27.5 | Currency: Złoty polski | Tax: 1
[2023-04-04T16:12:13+02:00] Variables: 1|48|54|14|0|0|1|1|1|1|6|||1|||||0
[2023-04-04T16:12:13+02:00] Product: 48-54 | Price calculated: 27.5 | Currency: Złoty polski | Tax: 1
[2023-04-04T16:12:13+02:00] Variables: 1|48|54|14|0|0|1|1|1|1|6||1|1|||||0
[2023-04-04T16:12:16+02:00] Product: 28 | Price calculated: 26.9 | Currency: Złoty polski | Tax: 1
[2023-04-04T16:12:16+02:00] Variables: 1|28||14|0|0|1|1|1|1|6|||1|||||0
[2023-04-04T16:12:16+02:00] Product: 28 | Price calculated: 26.9 | Currency: Złoty polski | Tax: 1
[2023-04-04T16:12:16+02:00] Variables: 1|28||14|0|0|1|1|1|1|6||1|1|||||0
[2023-04-04T16:12:21+02:00] Product: 51-58 | Price calculated: 11.9 | Currency: Złoty polski | Tax: 1
[2023-04-04T16:12:21+02:00] Variables: 1|51|58|14|0|0|1|1|1|1|6|||1|||||0
[2023-04-04T16:12:21+02:00] Product: 51-58 | Price calculated: 11.9 | Currency: Złoty polski | Tax: 1
[2023-04-04T16:12:21+02:00] Variables: 1|51|58|14|0|0|1|1|1|1|6||1|1|||||0
[2023-04-04T16:12:21+02:00] Product: 51-59 | Price calculated: 19.9 | Currency: Złoty polski | Tax: 1
[2023-04-04T16:12:21+02:00] Variables: 1|51|59|14|0|0|1|1|1|1|6|||1|||||0
[2023-04-04T16:12:21+02:00] Product: 51-59 | Price calculated: 19.9 | Currency: Złoty polski | Tax: 1
[2023-04-04T16:12:21+02:00] Variables: 1|51|59|14|0|0|1|1|1|1|6||1|1|||||0
[2023-04-04T16:12:21+02:00] Product: 51-60 | Price calculated: 34.5 | Currency: Złoty polski | Tax: 1
[2023-04-04T16:12:21+02:00] Variables: 1|51|60|14|0|0|1|1|1|1|6|||1|||||0
[2023-04-04T16:12:21+02:00] Product: 51-60 | Price calculated: 34.5 | Currency: Złoty polski | Tax: 1
[2023-04-04T16:12:21+02:00] Variables: 1|51|60|14|0|0|1|1|1|1|6||1|1|||||0
[2023-04-04T16:12:21+02:00] Product: 51-153 | Price calculated: 289 | Currency: Złoty polski | Tax: 1
[2023-04-04T16:12:21+02:00] Variables: 1|51|153|14|0|0|1|1|1|1|6|||1|||||0
[2023-04-04T16:12:21+02:00] Product: 51-153 | Price calculated: 289 | Currency: Złoty polski | Tax: 1
[2023-04-04T16:12:21+02:00] Variables: 1|51|153|14|0|0|1|1|1|1|6||1|1|||||0
[2023-04-04T16:12:24+02:00] Product: 54-64 | Price calculated: 11.5 | Currency: Złoty polski | Tax: 1
[2023-04-04T16:12:24+02:00] Variables: 1|54|64|14|0|0|1|1|1|1|6|||1|||||0
[2023-04-04T16:12:24+02:00] Product: 54-64 | Price calculated: 11.5 | Currency: Złoty polski | Tax: 1
[2023-04-04T16:12:24+02:00] Variables: 1|54|64|14|0|0|1|1|1|1|6||1|1|||||0
[2023-04-04T16:12:24+02:00] Product: 54-65 | Price calculated: 17.5 | Currency: Złoty polski | Tax: 1
[2023-04-04T16:12:24+02:00] Variables: 1|54|65|14|0|0|1|1|1|1|6|||1|||||0
[2023-04-04T16:12:24+02:00] Product: 54-65 | Price calculated: 17.5 | Currency: Złoty polski | Tax: 1
[2023-04-04T16:12:24+02:00] Variables: 1|54|65|14|0|0|1|1|1|1|6||1|1|||||0
[2023-04-04T16:12:24+02:00] Product: 54-66 | Price calculated: 27.9 | Currency: Złoty polski | Tax: 1
[2023-04-04T16:12:24+02:00] Variables: 1|54|66|14|0|0|1|1|1|1|6|||1|||||0
[2023-04-04T16:12:24+02:00] Product: 54-66 | Price calculated: 27.9 | Currency: Złoty polski | Tax: 1
[2023-04-04T16:12:24+02:00] Variables: 1|54|66|14|0|0|1|1|1|1|6||1|1|||||0
[2023-04-04T16:12:24+02:00] Product: 54-155 | Price calculated: 249 | Currency: Złoty polski | Tax: 1
[2023-04-04T16:12:24+02:00] Variables: 1|54|155|14|0|0|1|1|1|1|6|||1|||||0
[2023-04-04T16:12:24+02:00] Product: 54-155 | Price calculated: 249 | Currency: Złoty polski | Tax: 1
[2023-04-04T16:12:24+02:00] Variables: 1|54|155|14|0|0|1|1|1|1|6||1|1|||||0
[2023-04-04T16:12:32+02:00] Product: 26 | Price calculated: 22.9 | Currency: Złoty polski | Tax: 1
[2023-04-04T16:12:32+02:00] Variables: 1|26||14|0|0|1|1|1|1|6|||1|||||0
[2023-04-04T16:12:32+02:00] Product: 26 | Price calculated: 22.9 | Currency: Złoty polski | Tax: 1
[2023-04-04T16:12:32+02:00] Variables: 1|26||14|0|0|1|1|1|1|6||1|1|||||0
[2023-04-04T16:12:36+02:00] Product: 65 | Price calculated: 57.9 | Currency: Złoty polski | Tax: 1
[2023-04-04T16:12:36+02:00] Variables: 1|65||14|0|0|1|1|1|1|6|||1|||||0
[2023-04-04T16:12:36+02:00] Product: 65 | Price calculated: 57.9 | Currency: Złoty polski | Tax: 1
[2023-04-04T16:12:36+02:00] Variables: 1|65||14|0|0|1|1|1|1|6||1|1|||||0
[2023-04-04T16:12:40+02:00] Product: 87-129 | Price calculated: 10.9 | Currency: Złoty polski | Tax: 1
[2023-04-04T16:12:40+02:00] Variables: 1|87|129|14|0|0|1|1|1|1|6|||1|||||0
[2023-04-04T16:12:40+02:00] Product: 87-129 | Price calculated: 10.9 | Currency: Złoty polski | Tax: 1
[2023-04-04T16:12:40+02:00] Variables: 1|87|129|14|0|0|1|1|1|1|6||1|1|||||0
[2023-04-04T16:12:40+02:00] Product: 87-130 | Price calculated: 14.9 | Currency: Złoty polski | Tax: 1
[2023-04-04T16:12:40+02:00] Variables: 1|87|130|14|0|0|1|1|1|1|6|||1|||||0
[2023-04-04T16:12:40+02:00] Product: 87-130 | Price calculated: 14.9 | Currency: Złoty polski | Tax: 1
[2023-04-04T16:12:40+02:00] Variables: 1|87|130|14|0|0|1|1|1|1|6||1|1|||||0
[2023-04-04T16:12:40+02:00] Product: 87-131 | Price calculated: 22.9 | Currency: Złoty polski | Tax: 1
[2023-04-04T16:12:40+02:00] Variables: 1|87|131|14|0|0|1|1|1|1|6|||1|||||0
[2023-04-04T16:12:40+02:00] Product: 87-131 | Price calculated: 22.9 | Currency: Złoty polski | Tax: 1
[2023-04-04T16:12:40+02:00] Variables: 1|87|131|14|0|0|1|1|1|1|6||1|1|||||0
[2023-04-04T16:12:46+02:00] Product: 105-147 | Price calculated: 11.89533 | Currency: Złoty polski | Tax: 1
[2023-04-04T16:12:46+02:00] Variables: 1|105|147|14|0|0|1|1|1|1|6|||1|||||0
[2023-04-04T16:12:46+02:00] Product: 105-147 | Price calculated: 11.89533 | Currency: Złoty polski | Tax: 1
[2023-04-04T16:12:46+02:00] Variables: 1|105|147|14|0|0|1|1|1|1|6||1|1|||||0
[2023-04-04T16:12:46+02:00] Product: 105-148 | Price calculated: 19.90017 | Currency: Złoty polski | Tax: 1
[2023-04-04T16:12:46+02:00] Variables: 1|105|148|14|0|0|1|1|1|1|6|||1|||||0
[2023-04-04T16:12:46+02:00] Product: 105-148 | Price calculated: 19.90017 | Currency: Złoty polski | Tax: 1
[2023-04-04T16:12:46+02:00] Variables: 1|105|148|14|0|0|1|1|1|1|6||1|1|||||0
[2023-04-04T16:12:46+02:00] Product: 105-149 | Price calculated: 36.50394 | Currency: Złoty polski | Tax: 1
[2023-04-04T16:12:46+02:00] Variables: 1|105|149|14|0|0|1|1|1|1|6|||1|||||0
[2023-04-04T16:12:46+02:00] Product: 105-149 | Price calculated: 36.50394 | Currency: Złoty polski | Tax: 1
[2023-04-04T16:12:46+02:00] Variables: 1|105|149|14|0|0|1|1|1|1|6||1|1|||||0
[2023-04-04T16:12:49+02:00] Product: 55 | Price calculated: 22.9 | Currency: Złoty polski | Tax: 1
[2023-04-04T16:12:49+02:00] Variables: 1|55||14|0|0|1|1|1|1|6|||1|||||0
[2023-04-04T16:12:49+02:00] Product: 55 | Price calculated: 22.9 | Currency: Złoty polski | Tax: 1
[2023-04-04T16:12:49+02:00] Variables: 1|55||14|0|0|1|1|1|1|6||1|1|||||0
[2023-04-04T16:12:54+02:00] Product: 64 | Price calculated: 59.9 | Currency: Złoty polski | Tax: 1
[2023-04-04T16:12:54+02:00] Variables: 1|64||14|0|0|1|1|1|1|6|||1|||||0
[2023-04-04T16:12:54+02:00] Product: 64 | Price calculated: 59.9 | Currency: Złoty polski | Tax: 1
[2023-04-04T16:12:54+02:00] Variables: 1|64||14|0|0|1|1|1|1|6||1|1|||||0
[2023-04-04T16:12:55+02:00] Product: 22 | Price calculated: 24.9 | Currency: Złoty polski | Tax: 1
[2023-04-04T16:12:55+02:00] Variables: 1|22||14|0|0|1|1|1|1|6|||1|||||0
[2023-04-04T16:12:55+02:00] Product: 22 | Price calculated: 24.9 | Currency: Złoty polski | Tax: 1
[2023-04-04T16:12:55+02:00] Variables: 1|22||14|0|0|1|1|1|1|6||1|1|||||0
[2023-04-04T16:13:06+02:00] Product: 74-111 | Price calculated: 14.9 | Currency: Złoty polski | Tax: 1
[2023-04-04T16:13:06+02:00] Variables: 1|74|111|14|0|0|1|1|1|1|6|||1|||||0
[2023-04-04T16:13:06+02:00] Product: 74-111 | Price calculated: 14.9 | Currency: Złoty polski | Tax: 1
[2023-04-04T16:13:06+02:00] Variables: 1|74|111|14|0|0|1|1|1|1|6||1|1|||||0
[2023-04-04T16:13:06+02:00] Product: 74-112 | Price calculated: 22.9 | Currency: Złoty polski | Tax: 1
[2023-04-04T16:13:06+02:00] Variables: 1|74|112|14|0|0|1|1|1|1|6|||1|||||0
[2023-04-04T16:13:06+02:00] Product: 74-112 | Price calculated: 22.9 | Currency: Złoty polski | Tax: 1
[2023-04-04T16:13:06+02:00] Variables: 1|74|112|14|0|0|1|1|1|1|6||1|1|||||0
[2023-04-04T16:13:06+02:00] Product: 74-113 | Price calculated: 39 | Currency: Złoty polski | Tax: 1
[2023-04-04T16:13:06+02:00] Variables: 1|74|113|14|0|0|1|1|1|1|6|||1|||||0
[2023-04-04T16:13:06+02:00] Product: 74-113 | Price calculated: 39 | Currency: Złoty polski | Tax: 1
[2023-04-04T16:13:06+02:00] Variables: 1|74|113|14|0|0|1|1|1|1|6||1|1|||||0
[2023-04-04T16:13:11+02:00] Product: 69-100 | Price calculated: 11.9 | Currency: Złoty polski | Tax: 1
[2023-04-04T16:13:11+02:00] Variables: 1|69|100|14|0|0|1|1|1|1|6|||1|||||0
[2023-04-04T16:13:11+02:00] Product: 69-100 | Price calculated: 10.5 | Currency: Złoty polski | Tax: 1
[2023-04-04T16:13:11+02:00] Variables: 1|69|100|14|0|0|1|1|1|1|6||1|1|||||0
[2023-04-04T16:13:11+02:00] Product: 69-101 | Price calculated: 19.9 | Currency: Złoty polski | Tax: 1
[2023-04-04T16:13:11+02:00] Variables: 1|69|101|14|0|0|1|1|1|1|6|||1|||||0
[2023-04-04T16:13:11+02:00] Product: 69-101 | Price calculated: 16.5 | Currency: Złoty polski | Tax: 1
[2023-04-04T16:13:11+02:00] Variables: 1|69|101|14|0|0|1|1|1|1|6||1|1|||||0
[2023-04-04T16:13:11+02:00] Product: 69-102 | Price calculated: 33.9 | Currency: Złoty polski | Tax: 1
[2023-04-04T16:13:11+02:00] Variables: 1|69|102|14|0|0|1|1|1|1|6|||1|||||0
[2023-04-04T16:13:11+02:00] Product: 69-102 | Price calculated: 19.5 | Currency: Złoty polski | Tax: 1
[2023-04-04T16:13:11+02:00] Variables: 1|69|102|14|0|0|1|1|1|1|6||1|1|||||0
[2023-04-04T16:13:14+02:00] Product: 63 | Price calculated: 55.9 | Currency: Złoty polski | Tax: 1
[2023-04-04T16:13:14+02:00] Variables: 1|63||14|0|0|1|1|1|1|6|||1|||||0
[2023-04-04T16:13:14+02:00] Product: 63 | Price calculated: 55.9 | Currency: Złoty polski | Tax: 1
[2023-04-04T16:13:14+02:00] Variables: 1|63||14|0|0|1|1|1|1|6||1|1|||||0
[2023-04-04T16:13:18+02:00] Product: 86-126 | Price calculated: 21.9 | Currency: Złoty polski | Tax: 1
[2023-04-04T16:13:18+02:00] Variables: 1|86|126|14|0|0|1|1|1|1|6|||1|||||0
[2023-04-04T16:13:18+02:00] Product: 86-126 | Price calculated: 21.9 | Currency: Złoty polski | Tax: 1
[2023-04-04T16:13:18+02:00] Variables: 1|86|126|14|0|0|1|1|1|1|6||1|1|||||0
[2023-04-04T16:13:18+02:00] Product: 86-127 | Price calculated: 34.9 | Currency: Złoty polski | Tax: 1
[2023-04-04T16:13:18+02:00] Variables: 1|86|127|14|0|0|1|1|1|1|6|||1|||||0
[2023-04-04T16:13:18+02:00] Product: 86-127 | Price calculated: 34.9 | Currency: Złoty polski | Tax: 1
[2023-04-04T16:13:18+02:00] Variables: 1|86|127|14|0|0|1|1|1|1|6||1|1|||||0
[2023-04-04T16:13:18+02:00] Product: 86-128 | Price calculated: 44.9 | Currency: Złoty polski | Tax: 1
[2023-04-04T16:13:18+02:00] Variables: 1|86|128|14|0|0|1|1|1|1|6|||1|||||0
[2023-04-04T16:13:18+02:00] Product: 86-128 | Price calculated: 44.9 | Currency: Złoty polski | Tax: 1
[2023-04-04T16:13:18+02:00] Variables: 1|86|128|14|0|0|1|1|1|1|6||1|1|||||0
[2023-04-04T16:13:22+02:00] Product: 103-138 | Price calculated: 16.9 | Currency: Złoty polski | Tax: 1
[2023-04-04T16:13:22+02:00] Variables: 1|103|138|14|0|0|1|1|1|1|6|||1|||||0
[2023-04-04T16:13:22+02:00] Product: 103-138 | Price calculated: 16.9 | Currency: Złoty polski | Tax: 1
[2023-04-04T16:13:22+02:00] Variables: 1|103|138|14|0|0|1|1|1|1|6||1|1|||||0
[2023-04-04T16:13:22+02:00] Product: 103-139 | Price calculated: 25.9 | Currency: Złoty polski | Tax: 1
[2023-04-04T16:13:22+02:00] Variables: 1|103|139|14|0|0|1|1|1|1|6|||1|||||0
[2023-04-04T16:13:22+02:00] Product: 103-139 | Price calculated: 25.9 | Currency: Złoty polski | Tax: 1
[2023-04-04T16:13:22+02:00] Variables: 1|103|139|14|0|0|1|1|1|1|6||1|1|||||0
[2023-04-04T16:13:22+02:00] Product: 103-140 | Price calculated: 31.9 | Currency: Złoty polski | Tax: 1
[2023-04-04T16:13:22+02:00] Variables: 1|103|140|14|0|0|1|1|1|1|6|||1|||||0
[2023-04-04T16:13:22+02:00] Product: 103-140 | Price calculated: 31.9 | Currency: Złoty polski | Tax: 1
[2023-04-04T16:13:22+02:00] Variables: 1|103|140|14|0|0|1|1|1|1|6||1|1|||||0
[2023-04-04T16:13:22+02:00] Product: 103-141 | Price calculated: 46.9 | Currency: Złoty polski | Tax: 1
[2023-04-04T16:13:22+02:00] Variables: 1|103|141|14|0|0|1|1|1|1|6|||1|||||0
[2023-04-04T16:13:22+02:00] Product: 103-141 | Price calculated: 46.9 | Currency: Złoty polski | Tax: 1
[2023-04-04T16:13:22+02:00] Variables: 1|103|141|14|0|0|1|1|1|1|6||1|1|||||0
[2023-04-04T16:13:28+02:00] Product: 60-80 | Price calculated: 35 | Currency: Złoty polski | Tax: 1
[2023-04-04T16:13:28+02:00] Variables: 1|60|80|14|0|0|1|1|1|1|6|||1|||||0
[2023-04-04T16:13:28+02:00] Product: 60-80 | Price calculated: 35 | Currency: Złoty polski | Tax: 1
[2023-04-04T16:13:28+02:00] Variables: 1|60|80|14|0|0|1|1|1|1|6||1|1|||||0
[2023-04-04T16:13:28+02:00] Product: 60-81 | Price calculated: 55.9 | Currency: Złoty polski | Tax: 1
[2023-04-04T16:13:28+02:00] Variables: 1|60|81|14|0|0|1|1|1|1|6|||1|||||0
[2023-04-04T16:13:28+02:00] Product: 60-81 | Price calculated: 55.9 | Currency: Złoty polski | Tax: 1
[2023-04-04T16:13:28+02:00] Variables: 1|60|81|14|0|0|1|1|1|1|6||1|1|||||0
[2023-04-04T16:13:28+02:00] Product: 60-82 | Price calculated: 75.9 | Currency: Złoty polski | Tax: 1
[2023-04-04T16:13:28+02:00] Variables: 1|60|82|14|0|0|1|1|1|1|6|||1|||||0
[2023-04-04T16:13:28+02:00] Product: 60-82 | Price calculated: 75.9 | Currency: Złoty polski | Tax: 1
[2023-04-04T16:13:28+02:00] Variables: 1|60|82|14|0|0|1|1|1|1|6||1|1|||||0
[2023-04-04T16:13:32+02:00] Product: 62-86 | Price calculated: 17.9 | Currency: Złoty polski | Tax: 1
[2023-04-04T16:13:32+02:00] Variables: 1|62|86|14|0|0|1|1|1|1|6|||1|||||0
[2023-04-04T16:13:32+02:00] Product: 62-86 | Price calculated: 17.9 | Currency: Złoty polski | Tax: 1
[2023-04-04T16:13:32+02:00] Variables: 1|62|86|14|0|0|1|1|1|1|6||1|1|||||0
[2023-04-04T16:13:32+02:00] Product: 62-87 | Price calculated: 28.9 | Currency: Złoty polski | Tax: 1
[2023-04-04T16:13:32+02:00] Variables: 1|62|87|14|0|0|1|1|1|1|6|||1|||||0
[2023-04-04T16:13:32+02:00] Product: 62-87 | Price calculated: 28.9 | Currency: Złoty polski | Tax: 1
[2023-04-04T16:13:32+02:00] Variables: 1|62|87|14|0|0|1|1|1|1|6||1|1|||||0
[2023-04-04T16:13:32+02:00] Product: 62-88 | Price calculated: 38.5 | Currency: Złoty polski | Tax: 1
[2023-04-04T16:13:32+02:00] Variables: 1|62|88|14|0|0|1|1|1|1|6|||1|||||0
[2023-04-04T16:13:32+02:00] Product: 62-88 | Price calculated: 38.5 | Currency: Złoty polski | Tax: 1
[2023-04-04T16:13:32+02:00] Variables: 1|62|88|14|0|0|1|1|1|1|6||1|1|||||0
[2023-04-04T16:13:32+02:00] Product: 62-89 | Price calculated: 15.9 | Currency: Złoty polski | Tax: 1
[2023-04-04T16:13:32+02:00] Variables: 1|62|89|14|0|0|1|1|1|1|6|||1|||||0
[2023-04-04T16:13:32+02:00] Product: 62-89 | Price calculated: 15.9 | Currency: Złoty polski | Tax: 1
[2023-04-04T16:13:32+02:00] Variables: 1|62|89|14|0|0|1|1|1|1|6||1|1|||||0
[2023-04-04T16:13:36+02:00] Product: 39 | Price calculated: 29.9 | Currency: Złoty polski | Tax: 1
[2023-04-04T16:13:36+02:00] Variables: 1|39||14|0|0|1|1|1|1|6|||1|||||0
[2023-04-04T16:13:36+02:00] Product: 39 | Price calculated: 29.9 | Currency: Złoty polski | Tax: 1
[2023-04-04T16:13:36+02:00] Variables: 1|39||14|0|0|1|1|1|1|6||1|1|||||0
[2023-04-04T16:13:37+02:00] Product: 59-77 | Price calculated: 18.9 | Currency: Złoty polski | Tax: 1
[2023-04-04T16:13:37+02:00] Variables: 1|59|77|14|0|0|1|1|1|1|6|||1|||||0
[2023-04-04T16:13:37+02:00] Product: 59-77 | Price calculated: 18.9 | Currency: Złoty polski | Tax: 1
[2023-04-04T16:13:37+02:00] Variables: 1|59|77|14|0|0|1|1|1|1|6||1|1|||||0
[2023-04-04T16:13:37+02:00] Product: 59-78 | Price calculated: 29.9 | Currency: Złoty polski | Tax: 1
[2023-04-04T16:13:37+02:00] Variables: 1|59|78|14|0|0|1|1|1|1|6|||1|||||0
[2023-04-04T16:13:37+02:00] Product: 59-78 | Price calculated: 29.9 | Currency: Złoty polski | Tax: 1
[2023-04-04T16:13:37+02:00] Variables: 1|59|78|14|0|0|1|1|1|1|6||1|1|||||0
[2023-04-04T16:13:37+02:00] Product: 59-79 | Price calculated: 39 | Currency: Złoty polski | Tax: 1
[2023-04-04T16:13:37+02:00] Variables: 1|59|79|14|0|0|1|1|1|1|6|||1|||||0
[2023-04-04T16:13:37+02:00] Product: 59-79 | Price calculated: 39 | Currency: Złoty polski | Tax: 1
[2023-04-04T16:13:37+02:00] Variables: 1|59|79|14|0|0|1|1|1|1|6||1|1|||||0
[2023-04-04T16:24:32+02:00] Product: 45-46 | Price calculated: 16.9 | Currency: Złoty polski | Tax: 1
[2023-04-04T16:24:32+02:00] Variables: 1|45|46|14|0|0|1|1|1|1|6|||1|||||0
[2023-04-04T16:24:32+02:00] Product: 45-46 | Price calculated: 16.9 | Currency: Złoty polski | Tax: 1
[2023-04-04T16:24:32+02:00] Variables: 1|45|46|14|0|0|1|1|1|1|6||1|1|||||0
[2023-04-04T16:24:32+02:00] Product: 45-47 | Price calculated: 26.9 | Currency: Złoty polski | Tax: 1
[2023-04-04T16:24:32+02:00] Variables: 1|45|47|14|0|0|1|1|1|1|6|||1|||||0
[2023-04-04T16:24:32+02:00] Product: 45-47 | Price calculated: 26.9 | Currency: Złoty polski | Tax: 1
[2023-04-04T16:24:32+02:00] Variables: 1|45|47|14|0|0|1|1|1|1|6||1|1|||||0
[2023-04-04T16:24:32+02:00] Product: 45-48 | Price calculated: 44.5 | Currency: Złoty polski | Tax: 1
[2023-04-04T16:24:32+02:00] Variables: 1|45|48|14|0|0|1|1|1|1|6|||1|||||0
[2023-04-04T16:24:32+02:00] Product: 45-48 | Price calculated: 44.5 | Currency: Złoty polski | Tax: 1
[2023-04-04T16:24:32+02:00] Variables: 1|45|48|14|0|0|1|1|1|1|6||1|1|||||0
[2023-04-04T16:24:32+02:00] Product: 45-154 | Price calculated: 399 | Currency: Złoty polski | Tax: 1
[2023-04-04T16:24:32+02:00] Variables: 1|45|154|14|0|0|1|1|1|1|6|||1|||||0
[2023-04-04T16:24:32+02:00] Product: 45-154 | Price calculated: 399 | Currency: Złoty polski | Tax: 1
[2023-04-04T16:24:32+02:00] Variables: 1|45|154|14|0|0|1|1|1|1|6||1|1|||||0
[2023-04-04T16:29:57+02:00] Product: 35 | Price calculated: 41.9 | Currency: Złoty polski | Tax: 1
[2023-04-04T16:29:57+02:00] Variables: 1|35||14|0|0|1|1|1|1|6|||1|||||0
[2023-04-04T16:29:57+02:00] Product: 35 | Price calculated: 41.9 | Currency: Złoty polski | Tax: 1
[2023-04-04T16:29:57+02:00] Variables: 1|35||14|0|0|1|1|1|1|6||1|1|||||0
[2023-04-04T16:53:03+02:00] Product: 76-117 | Price calculated: 24.9 | Currency: Złoty polski | Tax: 1
[2023-04-04T16:53:03+02:00] Variables: 1|76|117|14|0|0|1|1|1|1|6|||1|||||0
[2023-04-04T16:53:03+02:00] Product: 76-117 | Price calculated: 24.9 | Currency: Złoty polski | Tax: 1
[2023-04-04T16:53:03+02:00] Variables: 1|76|117|14|0|0|1|1|1|1|6||1|1|||||0
[2023-04-04T16:53:03+02:00] Product: 76-118 | Price calculated: 39.9 | Currency: Złoty polski | Tax: 1
[2023-04-04T16:53:03+02:00] Variables: 1|76|118|14|0|0|1|1|1|1|6|||1|||||0
[2023-04-04T16:53:03+02:00] Product: 76-118 | Price calculated: 39.9 | Currency: Złoty polski | Tax: 1
[2023-04-04T16:53:03+02:00] Variables: 1|76|118|14|0|0|1|1|1|1|6||1|1|||||0
[2023-04-04T16:53:03+02:00] Product: 76-119 | Price calculated: 59 | Currency: Złoty polski | Tax: 1
[2023-04-04T16:53:03+02:00] Variables: 1|76|119|14|0|0|1|1|1|1|6|||1|||||0
[2023-04-04T16:53:03+02:00] Product: 76-119 | Price calculated: 59 | Currency: Złoty polski | Tax: 1
[2023-04-04T16:53:03+02:00] Variables: 1|76|119|14|0|0|1|1|1|1|6||1|1|||||0
[2023-04-04T16:56:16+02:00] Product: 26 | Price calculated: 22.9 | Currency: Złoty polski | Tax: 1
[2023-04-04T16:56:16+02:00] Variables: 1|26||14|0|0|1|1|1|1|6|||1|||||0
[2023-04-04T16:56:16+02:00] Product: 26 | Price calculated: 22.9 | Currency: Złoty polski | Tax: 1
[2023-04-04T16:56:16+02:00] Variables: 1|26||14|0|0|1|1|1|1|6||1|1|||||0
[2023-04-04T17:14:56+02:00] Product: 70 | Price calculated: 19.9 | Currency: Złoty polski | Tax: 1
[2023-04-04T17:14:56+02:00] Variables: 1|70||14|0|0|1|1|1|1|6|||1|||||0
[2023-04-04T17:14:56+02:00] Product: 70 | Price calculated: 19.9 | Currency: Złoty polski | Tax: 1
[2023-04-04T17:14:56+02:00] Variables: 1|70||14|0|0|1|1|1|1|6||1|1|||||0
[2023-04-04T17:41:42+02:00] Product: 86-126 | Price calculated: 21.9 | Currency: Złoty polski | Tax: 1
[2023-04-04T17:41:42+02:00] Variables: 1|86|126|14|0|0|1|1|1|1|6|||1|||||0
[2023-04-04T17:41:42+02:00] Product: 86-126 | Price calculated: 21.9 | Currency: Złoty polski | Tax: 1
[2023-04-04T17:41:42+02:00] Variables: 1|86|126|14|0|0|1|1|1|1|6||1|1|||||0
[2023-04-04T17:41:42+02:00] Product: 86-127 | Price calculated: 34.9 | Currency: Złoty polski | Tax: 1
[2023-04-04T17:41:42+02:00] Variables: 1|86|127|14|0|0|1|1|1|1|6|||1|||||0
[2023-04-04T17:41:42+02:00] Product: 86-127 | Price calculated: 34.9 | Currency: Złoty polski | Tax: 1
[2023-04-04T17:41:42+02:00] Variables: 1|86|127|14|0|0|1|1|1|1|6||1|1|||||0
[2023-04-04T17:41:42+02:00] Product: 86-128 | Price calculated: 44.9 | Currency: Złoty polski | Tax: 1
[2023-04-04T17:41:42+02:00] Variables: 1|86|128|14|0|0|1|1|1|1|6|||1|||||0
[2023-04-04T17:41:42+02:00] Product: 86-128 | Price calculated: 44.9 | Currency: Złoty polski | Tax: 1
[2023-04-04T17:41:42+02:00] Variables: 1|86|128|14|0|0|1|1|1|1|6||1|1|||||0
[2023-04-04T17:59:54+02:00] Product: 64 | Price calculated: 59.9 | Currency: Złoty polski | Tax: 1
[2023-04-04T17:59:54+02:00] Variables: 1|64||14|0|0|1|1|1|1|6|||1|||||0
[2023-04-04T17:59:54+02:00] Product: 64 | Price calculated: 59.9 | Currency: Złoty polski | Tax: 1
[2023-04-04T17:59:54+02:00] Variables: 1|64||14|0|0|1|1|1|1|6||1|1|||||0
[2023-04-04T18:16:50+02:00] Product: 59-77 | Price calculated: 18.9 | Currency: Złoty polski | Tax: 1
[2023-04-04T18:16:50+02:00] Variables: 1|59|77|14|0|0|1|1|1|1|6|||1|||||0
[2023-04-04T18:16:50+02:00] Product: 59-77 | Price calculated: 18.9 | Currency: Złoty polski | Tax: 1
[2023-04-04T18:16:50+02:00] Variables: 1|59|77|14|0|0|1|1|1|1|6||1|1|||||0
[2023-04-04T18:16:50+02:00] Product: 59-78 | Price calculated: 29.9 | Currency: Złoty polski | Tax: 1
[2023-04-04T18:16:50+02:00] Variables: 1|59|78|14|0|0|1|1|1|1|6|||1|||||0
[2023-04-04T18:16:50+02:00] Product: 59-78 | Price calculated: 29.9 | Currency: Złoty polski | Tax: 1
[2023-04-04T18:16:50+02:00] Variables: 1|59|78|14|0|0|1|1|1|1|6||1|1|||||0
[2023-04-04T18:16:50+02:00] Product: 59-79 | Price calculated: 39 | Currency: Złoty polski | Tax: 1
[2023-04-04T18:16:50+02:00] Variables: 1|59|79|14|0|0|1|1|1|1|6|||1|||||0
[2023-04-04T18:16:50+02:00] Product: 59-79 | Price calculated: 39 | Currency: Złoty polski | Tax: 1
[2023-04-04T18:16:50+02:00] Variables: 1|59|79|14|0|0|1|1|1|1|6||1|1|||||0
[2023-04-04T18:53:30+02:00] Product: 35 | Price calculated: 41.9 | Currency: Złoty polski | Tax: 1
[2023-04-04T18:53:30+02:00] Variables: 1|35||14|0|0|1|1|1|1|6|||1|||||0
[2023-04-04T18:53:30+02:00] Product: 35 | Price calculated: 41.9 | Currency: Złoty polski | Tax: 1
[2023-04-04T18:53:30+02:00] Variables: 1|35||14|0|0|1|1|1|1|6||1|1|||||0
[2023-04-04T18:56:05+02:00] Product: 34 | Price calculated: 20.9 | Currency: Złoty polski | Tax: 1
[2023-04-04T18:56:05+02:00] Variables: 1|34||14|0|0|1|1|1|1|6|||1|||||0
[2023-04-04T18:56:05+02:00] Product: 34 | Price calculated: 20.9 | Currency: Złoty polski | Tax: 1
[2023-04-04T18:56:05+02:00] Variables: 1|34||14|0|0|1|1|1|1|6||1|1|||||0
[2023-04-04T18:56:11+02:00] Product: 36 | Price calculated: 42.9 | Currency: Złoty polski | Tax: 1
[2023-04-04T18:56:11+02:00] Variables: 1|36||14|0|0|1|1|1|1|6|||1|||||0
[2023-04-04T18:56:11+02:00] Product: 36 | Price calculated: 42.9 | Currency: Złoty polski | Tax: 1
[2023-04-04T18:56:11+02:00] Variables: 1|36||14|0|0|1|1|1|1|6||1|1|||||0
[2023-04-04T19:06:39+02:00] Product: 59-77 | Price calculated: 18.9 | Currency: Złoty polski | Tax: 1
[2023-04-04T19:06:39+02:00] Variables: 1|59|77|14|0|0|1|1|1|1|6|||1|||||0
[2023-04-04T19:06:39+02:00] Product: 59-77 | Price calculated: 18.9 | Currency: Złoty polski | Tax: 1
[2023-04-04T19:06:39+02:00] Variables: 1|59|77|14|0|0|1|1|1|1|6||1|1|||||0
[2023-04-04T19:06:39+02:00] Product: 59-78 | Price calculated: 29.9 | Currency: Złoty polski | Tax: 1
[2023-04-04T19:06:39+02:00] Variables: 1|59|78|14|0|0|1|1|1|1|6|||1|||||0
[2023-04-04T19:06:39+02:00] Product: 59-78 | Price calculated: 29.9 | Currency: Złoty polski | Tax: 1
[2023-04-04T19:06:39+02:00] Variables: 1|59|78|14|0|0|1|1|1|1|6||1|1|||||0
[2023-04-04T19:06:39+02:00] Product: 59-79 | Price calculated: 39 | Currency: Złoty polski | Tax: 1
[2023-04-04T19:06:39+02:00] Variables: 1|59|79|14|0|0|1|1|1|1|6|||1|||||0
[2023-04-04T19:06:39+02:00] Product: 59-79 | Price calculated: 39 | Currency: Złoty polski | Tax: 1
[2023-04-04T19:06:39+02:00] Variables: 1|59|79|14|0|0|1|1|1|1|6||1|1|||||0
[2023-04-04T19:07:23+02:00] Product: 74-111 | Price calculated: 14.9 | Currency: Złoty polski | Tax: 1
[2023-04-04T19:07:23+02:00] Variables: 1|74|111|14|0|0|1|1|1|1|6|||1|||||0
[2023-04-04T19:07:23+02:00] Product: 74-111 | Price calculated: 14.9 | Currency: Złoty polski | Tax: 1
[2023-04-04T19:07:23+02:00] Variables: 1|74|111|14|0|0|1|1|1|1|6||1|1|||||0
[2023-04-04T19:07:23+02:00] Product: 74-112 | Price calculated: 22.9 | Currency: Złoty polski | Tax: 1
[2023-04-04T19:07:23+02:00] Variables: 1|74|112|14|0|0|1|1|1|1|6|||1|||||0
[2023-04-04T19:07:23+02:00] Product: 74-112 | Price calculated: 22.9 | Currency: Złoty polski | Tax: 1
[2023-04-04T19:07:23+02:00] Variables: 1|74|112|14|0|0|1|1|1|1|6||1|1|||||0
[2023-04-04T19:07:23+02:00] Product: 74-113 | Price calculated: 39 | Currency: Złoty polski | Tax: 1
[2023-04-04T19:07:23+02:00] Variables: 1|74|113|14|0|0|1|1|1|1|6|||1|||||0
[2023-04-04T19:07:23+02:00] Product: 74-113 | Price calculated: 39 | Currency: Złoty polski | Tax: 1
[2023-04-04T19:07:23+02:00] Variables: 1|74|113|14|0|0|1|1|1|1|6||1|1|||||0
[2023-04-04T19:27:49+02:00] Product: 86-126 | Price calculated: 21.9 | Currency: Złoty polski | Tax: 1
[2023-04-04T19:27:49+02:00] Variables: 1|86|126|14|0|0|1|1|1|1|6|||1|||||0
[2023-04-04T19:27:49+02:00] Product: 86-126 | Price calculated: 21.9 | Currency: Złoty polski | Tax: 1
[2023-04-04T19:27:49+02:00] Variables: 1|86|126|14|0|0|1|1|1|1|6||1|1|||||0
[2023-04-04T19:27:49+02:00] Product: 86-127 | Price calculated: 34.9 | Currency: Złoty polski | Tax: 1
[2023-04-04T19:27:49+02:00] Variables: 1|86|127|14|0|0|1|1|1|1|6|||1|||||0
[2023-04-04T19:27:49+02:00] Product: 86-127 | Price calculated: 34.9 | Currency: Złoty polski | Tax: 1
[2023-04-04T19:27:49+02:00] Variables: 1|86|127|14|0|0|1|1|1|1|6||1|1|||||0
[2023-04-04T19:27:49+02:00] Product: 86-128 | Price calculated: 44.9 | Currency: Złoty polski | Tax: 1
[2023-04-04T19:27:49+02:00] Variables: 1|86|128|14|0|0|1|1|1|1|6|||1|||||0
[2023-04-04T19:27:49+02:00] Product: 86-128 | Price calculated: 44.9 | Currency: Złoty polski | Tax: 1
[2023-04-04T19:27:49+02:00] Variables: 1|86|128|14|0|0|1|1|1|1|6||1|1|||||0
[2023-04-04T19:36:15+02:00] Product: 76-117 | Price calculated: 24.9 | Currency: Złoty polski | Tax: 1
[2023-04-04T19:36:15+02:00] Variables: 1|76|117|14|0|0|1|1|1|1|6|||1|||||0
[2023-04-04T19:36:15+02:00] Product: 76-117 | Price calculated: 24.9 | Currency: Złoty polski | Tax: 1
[2023-04-04T19:36:15+02:00] Variables: 1|76|117|14|0|0|1|1|1|1|6||1|1|||||0
[2023-04-04T19:36:15+02:00] Product: 76-118 | Price calculated: 39.9 | Currency: Złoty polski | Tax: 1
[2023-04-04T19:36:15+02:00] Variables: 1|76|118|14|0|0|1|1|1|1|6|||1|||||0
[2023-04-04T19:36:15+02:00] Product: 76-118 | Price calculated: 39.9 | Currency: Złoty polski | Tax: 1
[2023-04-04T19:36:15+02:00] Variables: 1|76|118|14|0|0|1|1|1|1|6||1|1|||||0
[2023-04-04T19:36:15+02:00] Product: 76-119 | Price calculated: 59 | Currency: Złoty polski | Tax: 1
[2023-04-04T19:36:15+02:00] Variables: 1|76|119|14|0|0|1|1|1|1|6|||1|||||0
[2023-04-04T19:36:15+02:00] Product: 76-119 | Price calculated: 59 | Currency: Złoty polski | Tax: 1
[2023-04-04T19:36:15+02:00] Variables: 1|76|119|14|0|0|1|1|1|1|6||1|1|||||0
[2023-04-04T19:40:13+02:00] Product: 80-123 | Price calculated: 26.9 | Currency: Złoty polski | Tax: 1
[2023-04-04T19:40:13+02:00] Variables: 1|80|123|14|0|0|1|1|1|1|6|||1|||||0
[2023-04-04T19:40:13+02:00] Product: 80-123 | Price calculated: 26.9 | Currency: Złoty polski | Tax: 1
[2023-04-04T19:40:13+02:00] Variables: 1|80|123|14|0|0|1|1|1|1|6||1|1|||||0
[2023-04-04T19:40:13+02:00] Product: 80-124 | Price calculated: 49 | Currency: Złoty polski | Tax: 1
[2023-04-04T19:40:13+02:00] Variables: 1|80|124|14|0|0|1|1|1|1|6|||1|||||0
[2023-04-04T19:40:13+02:00] Product: 80-124 | Price calculated: 49 | Currency: Złoty polski | Tax: 1
[2023-04-04T19:40:13+02:00] Variables: 1|80|124|14|0|0|1|1|1|1|6||1|1|||||0
[2023-04-04T19:40:13+02:00] Product: 80-125 | Price calculated: 15.9 | Currency: Złoty polski | Tax: 1
[2023-04-04T19:40:13+02:00] Variables: 1|80|125|14|0|0|1|1|1|1|6|||1|||||0
[2023-04-04T19:40:13+02:00] Product: 80-125 | Price calculated: 15.9 | Currency: Złoty polski | Tax: 1
[2023-04-04T19:40:13+02:00] Variables: 1|80|125|14|0|0|1|1|1|1|6||1|1|||||0
[2023-04-04T19:50:16+02:00] Product: 28 | Price calculated: 26.9 | Currency: Złoty polski | Tax: 1
[2023-04-04T19:50:16+02:00] Variables: 1|28||14|0|0|1|1|1|1|6|||1|||||0
[2023-04-04T19:50:16+02:00] Product: 28 | Price calculated: 26.9 | Currency: Złoty polski | Tax: 1
[2023-04-04T19:50:16+02:00] Variables: 1|28||14|0|0|1|1|1|1|6||1|1|||||0
[2023-04-04T19:54:34+02:00] Product: 113 | Price calculated: 19.899999 | Currency: Złoty polski | Tax: 1
[2023-04-04T19:54:34+02:00] Variables: 1|113||14|0|0|1|1|1|1|6|||1|||||0
[2023-04-04T19:54:34+02:00] Product: 113 | Price calculated: 19.899999 | Currency: Złoty polski | Tax: 1
[2023-04-04T19:54:34+02:00] Variables: 1|113||14|0|0|1|1|1|1|6||1|1|||||0
[2023-04-04T19:55:28+02:00] Product: 50-55 | Price calculated: 11.9 | Currency: Złoty polski | Tax: 1
[2023-04-04T19:55:28+02:00] Variables: 1|50|55|14|0|0|1|1|1|1|6|||1|||||0
[2023-04-04T19:55:28+02:00] Product: 50-55 | Price calculated: 11.9 | Currency: Złoty polski | Tax: 1
[2023-04-04T19:55:28+02:00] Variables: 1|50|55|14|0|0|1|1|1|1|6||1|1|||||0
[2023-04-04T19:55:28+02:00] Product: 50-56 | Price calculated: 19.9 | Currency: Złoty polski | Tax: 1
[2023-04-04T19:55:28+02:00] Variables: 1|50|56|14|0|0|1|1|1|1|6|||1|||||0
[2023-04-04T19:55:28+02:00] Product: 50-56 | Price calculated: 19.9 | Currency: Złoty polski | Tax: 1
[2023-04-04T19:55:28+02:00] Variables: 1|50|56|14|0|0|1|1|1|1|6||1|1|||||0
[2023-04-04T19:55:28+02:00] Product: 50-57 | Price calculated: 34.5 | Currency: Złoty polski | Tax: 1
[2023-04-04T19:55:28+02:00] Variables: 1|50|57|14|0|0|1|1|1|1|6|||1|||||0
[2023-04-04T19:55:28+02:00] Product: 50-57 | Price calculated: 34.5 | Currency: Złoty polski | Tax: 1
[2023-04-04T19:55:28+02:00] Variables: 1|50|57|14|0|0|1|1|1|1|6||1|1|||||0
[2023-04-04T19:55:28+02:00] Product: 50-156 | Price calculated: 319 | Currency: Złoty polski | Tax: 1
[2023-04-04T19:55:28+02:00] Variables: 1|50|156|14|0|0|1|1|1|1|6|||1|||||0
[2023-04-04T19:55:28+02:00] Product: 50-156 | Price calculated: 319 | Currency: Złoty polski | Tax: 1
[2023-04-04T19:55:28+02:00] Variables: 1|50|156|14|0|0|1|1|1|1|6||1|1|||||0
[2023-04-04T20:26:01+02:00] Product: 58-74 | Price calculated: 19.9 | Currency: Złoty polski | Tax: 1
[2023-04-04T20:26:01+02:00] Variables: 1|58|74|14|0|0|1|1|1|1|6|||1|||||0
[2023-04-04T20:26:01+02:00] Product: 58-74 | Price calculated: 19.9 | Currency: Złoty polski | Tax: 1
[2023-04-04T20:26:01+02:00] Variables: 1|58|74|14|0|0|1|1|1|1|6||1|1|||||0
[2023-04-04T20:26:01+02:00] Product: 58-75 | Price calculated: 32.9 | Currency: Złoty polski | Tax: 1
[2023-04-04T20:26:01+02:00] Variables: 1|58|75|14|0|0|1|1|1|1|6|||1|||||0
[2023-04-04T20:26:01+02:00] Product: 58-75 | Price calculated: 32.9 | Currency: Złoty polski | Tax: 1
[2023-04-04T20:26:01+02:00] Variables: 1|58|75|14|0|0|1|1|1|1|6||1|1|||||0
[2023-04-04T20:26:01+02:00] Product: 58-76 | Price calculated: 42.5 | Currency: Złoty polski | Tax: 1
[2023-04-04T20:26:01+02:00] Variables: 1|58|76|14|0|0|1|1|1|1|6|||1|||||0
[2023-04-04T20:26:01+02:00] Product: 58-76 | Price calculated: 42.5 | Currency: Złoty polski | Tax: 1
[2023-04-04T20:26:01+02:00] Variables: 1|58|76|14|0|0|1|1|1|1|6||1|1|||||0
[2023-04-04T20:36:31+02:00] Product: 50-55 | Price calculated: 11.9 | Currency: Złoty polski | Tax: 1
[2023-04-04T20:36:31+02:00] Variables: 1|50|55|14|0|0|1|1|1|1|6|||1|||||0
[2023-04-04T20:36:31+02:00] Product: 50-55 | Price calculated: 11.9 | Currency: Złoty polski | Tax: 1
[2023-04-04T20:36:31+02:00] Variables: 1|50|55|14|0|0|1|1|1|1|6||1|1|||||0
[2023-04-04T20:36:31+02:00] Product: 50-56 | Price calculated: 19.9 | Currency: Złoty polski | Tax: 1
[2023-04-04T20:36:31+02:00] Variables: 1|50|56|14|0|0|1|1|1|1|6|||1|||||0
[2023-04-04T20:36:31+02:00] Product: 50-56 | Price calculated: 19.9 | Currency: Złoty polski | Tax: 1
[2023-04-04T20:36:31+02:00] Variables: 1|50|56|14|0|0|1|1|1|1|6||1|1|||||0
[2023-04-04T20:36:31+02:00] Product: 50-57 | Price calculated: 34.5 | Currency: Złoty polski | Tax: 1
[2023-04-04T20:36:31+02:00] Variables: 1|50|57|14|0|0|1|1|1|1|6|||1|||||0
[2023-04-04T20:36:31+02:00] Product: 50-57 | Price calculated: 34.5 | Currency: Złoty polski | Tax: 1
[2023-04-04T20:36:31+02:00] Variables: 1|50|57|14|0|0|1|1|1|1|6||1|1|||||0
[2023-04-04T20:36:31+02:00] Product: 50-156 | Price calculated: 319 | Currency: Złoty polski | Tax: 1
[2023-04-04T20:36:31+02:00] Variables: 1|50|156|14|0|0|1|1|1|1|6|||1|||||0
[2023-04-04T20:36:31+02:00] Product: 50-156 | Price calculated: 319 | Currency: Złoty polski | Tax: 1
[2023-04-04T20:36:31+02:00] Variables: 1|50|156|14|0|0|1|1|1|1|6||1|1|||||0
[2023-04-04T20:43:24+02:00] Product: 37 | Price calculated: 14.9 | Currency: Złoty polski | Tax: 1
[2023-04-04T20:43:24+02:00] Variables: 1|37||14|0|0|1|1|1|1|6|||1|||||0
[2023-04-04T20:43:24+02:00] Product: 37 | Price calculated: 14.9 | Currency: Złoty polski | Tax: 1
[2023-04-04T20:43:24+02:00] Variables: 1|37||14|0|0|1|1|1|1|6||1|1|||||0
[2023-04-04T20:43:32+02:00] Product: 87-129 | Price calculated: 10.9 | Currency: Złoty polski | Tax: 1
[2023-04-04T20:43:32+02:00] Variables: 1|87|129|14|0|0|1|1|1|1|6|||1|||||0
[2023-04-04T20:43:32+02:00] Product: 87-129 | Price calculated: 10.9 | Currency: Złoty polski | Tax: 1
[2023-04-04T20:43:32+02:00] Variables: 1|87|129|14|0|0|1|1|1|1|6||1|1|||||0
[2023-04-04T20:43:32+02:00] Product: 87-130 | Price calculated: 14.9 | Currency: Złoty polski | Tax: 1
[2023-04-04T20:43:32+02:00] Variables: 1|87|130|14|0|0|1|1|1|1|6|||1|||||0
[2023-04-04T20:43:32+02:00] Product: 87-130 | Price calculated: 14.9 | Currency: Złoty polski | Tax: 1
[2023-04-04T20:43:32+02:00] Variables: 1|87|130|14|0|0|1|1|1|1|6||1|1|||||0
[2023-04-04T20:43:32+02:00] Product: 87-131 | Price calculated: 22.9 | Currency: Złoty polski | Tax: 1
[2023-04-04T20:43:32+02:00] Variables: 1|87|131|14|0|0|1|1|1|1|6|||1|||||0
[2023-04-04T20:43:32+02:00] Product: 87-131 | Price calculated: 22.9 | Currency: Złoty polski | Tax: 1
[2023-04-04T20:43:32+02:00] Variables: 1|87|131|14|0|0|1|1|1|1|6||1|1|||||0
[2023-04-04T20:46:14+02:00] Product: 71 | Price calculated: 19.9 | Currency: Złoty polski | Tax: 1
[2023-04-04T20:46:14+02:00] Variables: 1|71||14|0|0|1|1|1|1|6|||1|||||0
[2023-04-04T20:46:14+02:00] Product: 71 | Price calculated: 19.9 | Currency: Złoty polski | Tax: 1
[2023-04-04T20:46:14+02:00] Variables: 1|71||14|0|0|1|1|1|1|6||1|1|||||0
[2023-04-04T21:05:12+02:00] Product: 104-142 | Price calculated: 6.9 | Currency: Złoty polski | Tax: 1
[2023-04-04T21:05:12+02:00] Variables: 1|104|142|14|0|0|1|1|1|1|6|||1|||||0
[2023-04-04T21:05:12+02:00] Product: 104-142 | Price calculated: 6.9 | Currency: Złoty polski | Tax: 1
[2023-04-04T21:05:12+02:00] Variables: 1|104|142|14|0|0|1|1|1|1|6||1|1|||||0
[2023-04-04T21:05:12+02:00] Product: 104-143 | Price calculated: 9.9 | Currency: Złoty polski | Tax: 1
[2023-04-04T21:05:12+02:00] Variables: 1|104|143|14|0|0|1|1|1|1|6|||1|||||0
[2023-04-04T21:05:12+02:00] Product: 104-143 | Price calculated: 9.9 | Currency: Złoty polski | Tax: 1
[2023-04-04T21:05:12+02:00] Variables: 1|104|143|14|0|0|1|1|1|1|6||1|1|||||0
[2023-04-04T21:05:12+02:00] Product: 104-144 | Price calculated: 14.9 | Currency: Złoty polski | Tax: 1
[2023-04-04T21:05:12+02:00] Variables: 1|104|144|14|0|0|1|1|1|1|6|||1|||||0
[2023-04-04T21:05:12+02:00] Product: 104-144 | Price calculated: 14.9 | Currency: Złoty polski | Tax: 1
[2023-04-04T21:05:12+02:00] Variables: 1|104|144|14|0|0|1|1|1|1|6||1|1|||||0
[2023-04-04T21:05:12+02:00] Product: 104-145 | Price calculated: 16.9 | Currency: Złoty polski | Tax: 1
[2023-04-04T21:05:12+02:00] Variables: 1|104|145|14|0|0|1|1|1|1|6|||1|||||0
[2023-04-04T21:05:12+02:00] Product: 104-145 | Price calculated: 16.9 | Currency: Złoty polski | Tax: 1
[2023-04-04T21:05:12+02:00] Variables: 1|104|145|14|0|0|1|1|1|1|6||1|1|||||0
[2023-04-04T21:05:12+02:00] Product: 104-146 | Price calculated: 19.9 | Currency: Złoty polski | Tax: 1
[2023-04-04T21:05:12+02:00] Variables: 1|104|146|14|0|0|1|1|1|1|6|||1|||||0
[2023-04-04T21:05:12+02:00] Product: 104-146 | Price calculated: 19.9 | Currency: Złoty polski | Tax: 1
[2023-04-04T21:05:12+02:00] Variables: 1|104|146|14|0|0|1|1|1|1|6||1|1|||||0
[2023-04-04T21:11:46+02:00] Product: 34 | Price calculated: 20.9 | Currency: Złoty polski | Tax: 1
[2023-04-04T21:11:46+02:00] Variables: 1|34||14|0|0|1|1|1|1|6|||1|||||0
[2023-04-04T21:11:46+02:00] Product: 34 | Price calculated: 20.9 | Currency: Złoty polski | Tax: 1
[2023-04-04T21:11:46+02:00] Variables: 1|34||14|0|0|1|1|1|1|6||1|1|||||0
[2023-04-04T21:27:46+02:00] Product: 27 | Price calculated: 22.9 | Currency: Złoty polski | Tax: 1
[2023-04-04T21:27:46+02:00] Variables: 1|27||14|0|0|1|1|1|1|6|||1|||||0
[2023-04-04T21:27:46+02:00] Product: 27 | Price calculated: 22.9 | Currency: Złoty polski | Tax: 1
[2023-04-04T21:27:46+02:00] Variables: 1|27||14|0|0|1|1|1|1|6||1|1|||||0
[2023-04-04T21:35:11+02:00] Product: 58-74 | Price calculated: 19.9 | Currency: Złoty polski | Tax: 1
[2023-04-04T21:35:11+02:00] Variables: 1|58|74|14|0|0|1|1|1|1|6|||1|||||0
[2023-04-04T21:35:11+02:00] Product: 58-74 | Price calculated: 19.9 | Currency: Złoty polski | Tax: 1
[2023-04-04T21:35:11+02:00] Variables: 1|58|74|14|0|0|1|1|1|1|6||1|1|||||0
[2023-04-04T21:35:11+02:00] Product: 58-75 | Price calculated: 32.9 | Currency: Złoty polski | Tax: 1
[2023-04-04T21:35:11+02:00] Variables: 1|58|75|14|0|0|1|1|1|1|6|||1|||||0
[2023-04-04T21:35:11+02:00] Product: 58-75 | Price calculated: 32.9 | Currency: Złoty polski | Tax: 1
[2023-04-04T21:35:11+02:00] Variables: 1|58|75|14|0|0|1|1|1|1|6||1|1|||||0
[2023-04-04T21:35:11+02:00] Product: 58-76 | Price calculated: 42.5 | Currency: Złoty polski | Tax: 1
[2023-04-04T21:35:11+02:00] Variables: 1|58|76|14|0|0|1|1|1|1|6|||1|||||0
[2023-04-04T21:35:11+02:00] Product: 58-76 | Price calculated: 42.5 | Currency: Złoty polski | Tax: 1
[2023-04-04T21:35:11+02:00] Variables: 1|58|76|14|0|0|1|1|1|1|6||1|1|||||0
[2023-04-04T21:42:19+02:00] Product: 31 | Price calculated: 25.899999 | Currency: Złoty polski | Tax: 1
[2023-04-04T21:42:19+02:00] Variables: 1|31||14|0|0|1|1|1|1|6|||1|||||0
[2023-04-04T21:42:19+02:00] Product: 31 | Price calculated: 25.899999 | Currency: Złoty polski | Tax: 1
[2023-04-04T21:42:19+02:00] Variables: 1|31||14|0|0|1|1|1|1|6||1|1|||||0
[2023-04-04T22:00:44+02:00] Product: 77-120 | Price calculated: 42.9 | Currency: Złoty polski | Tax: 1
[2023-04-04T22:00:44+02:00] Variables: 1|77|120|14|0|0|1|1|1|1|6|||1|||||0
[2023-04-04T22:00:44+02:00] Product: 77-120 | Price calculated: 42.9 | Currency: Złoty polski | Tax: 1
[2023-04-04T22:00:44+02:00] Variables: 1|77|120|14|0|0|1|1|1|1|6||1|1|||||0
[2023-04-04T22:00:44+02:00] Product: 77-121 | Price calculated: 76.9 | Currency: Złoty polski | Tax: 1
[2023-04-04T22:00:44+02:00] Variables: 1|77|121|14|0|0|1|1|1|1|6|||1|||||0
[2023-04-04T22:00:44+02:00] Product: 77-121 | Price calculated: 76.9 | Currency: Złoty polski | Tax: 1
[2023-04-04T22:00:44+02:00] Variables: 1|77|121|14|0|0|1|1|1|1|6||1|1|||||0
[2023-04-04T22:00:44+02:00] Product: 77-122 | Price calculated: 105 | Currency: Złoty polski | Tax: 1
[2023-04-04T22:00:44+02:00] Variables: 1|77|122|14|0|0|1|1|1|1|6|||1|||||0
[2023-04-04T22:00:44+02:00] Product: 77-122 | Price calculated: 105 | Currency: Złoty polski | Tax: 1
[2023-04-04T22:00:44+02:00] Variables: 1|77|122|14|0|0|1|1|1|1|6||1|1|||||0
[2023-04-04T22:04:43+02:00] Product: 35 | Price calculated: 41.9 | Currency: Złoty polski | Tax: 1
[2023-04-04T22:04:43+02:00] Variables: 1|35||14|0|0|1|1|1|1|6|||1|||||0
[2023-04-04T22:04:43+02:00] Product: 35 | Price calculated: 41.9 | Currency: Złoty polski | Tax: 1
[2023-04-04T22:04:43+02:00] Variables: 1|35||14|0|0|1|1|1|1|6||1|1|||||0
[2023-04-04T22:05:56+02:00] Product: 65 | Price calculated: 57.9 | Currency: Złoty polski | Tax: 1
[2023-04-04T22:05:56+02:00] Variables: 1|65||14|0|0|1|1|1|1|6|||1|||||0
[2023-04-04T22:05:56+02:00] Product: 65 | Price calculated: 57.9 | Currency: Złoty polski | Tax: 1
[2023-04-04T22:05:56+02:00] Variables: 1|65||14|0|0|1|1|1|1|6||1|1|||||0
[2023-04-04T22:06:24+02:00] Product: 62-86 | Price calculated: 17.9 | Currency: Złoty polski | Tax: 1
[2023-04-04T22:06:24+02:00] Variables: 1|62|86|14|0|0|1|1|1|1|6|||1|||||0
[2023-04-04T22:06:24+02:00] Product: 62-86 | Price calculated: 17.9 | Currency: Złoty polski | Tax: 1
[2023-04-04T22:06:24+02:00] Variables: 1|62|86|14|0|0|1|1|1|1|6||1|1|||||0
[2023-04-04T22:06:24+02:00] Product: 62-87 | Price calculated: 28.9 | Currency: Złoty polski | Tax: 1
[2023-04-04T22:06:24+02:00] Variables: 1|62|87|14|0|0|1|1|1|1|6|||1|||||0
[2023-04-04T22:06:24+02:00] Product: 62-87 | Price calculated: 28.9 | Currency: Złoty polski | Tax: 1
[2023-04-04T22:06:24+02:00] Variables: 1|62|87|14|0|0|1|1|1|1|6||1|1|||||0
[2023-04-04T22:06:24+02:00] Product: 62-88 | Price calculated: 38.5 | Currency: Złoty polski | Tax: 1
[2023-04-04T22:06:24+02:00] Variables: 1|62|88|14|0|0|1|1|1|1|6|||1|||||0
[2023-04-04T22:06:24+02:00] Product: 62-88 | Price calculated: 38.5 | Currency: Złoty polski | Tax: 1
[2023-04-04T22:06:24+02:00] Variables: 1|62|88|14|0|0|1|1|1|1|6||1|1|||||0
[2023-04-04T22:06:24+02:00] Product: 62-89 | Price calculated: 15.9 | Currency: Złoty polski | Tax: 1
[2023-04-04T22:06:24+02:00] Variables: 1|62|89|14|0|0|1|1|1|1|6|||1|||||0
[2023-04-04T22:06:24+02:00] Product: 62-89 | Price calculated: 15.9 | Currency: Złoty polski | Tax: 1
[2023-04-04T22:06:24+02:00] Variables: 1|62|89|14|0|0|1|1|1|1|6||1|1|||||0
[2023-04-04T22:10:15+02:00] Product: 59-77 | Price calculated: 18.9 | Currency: Złoty polski | Tax: 1
[2023-04-04T22:10:15+02:00] Variables: 1|59|77|14|0|0|1|1|1|1|6|||1|||||0
[2023-04-04T22:10:15+02:00] Product: 59-77 | Price calculated: 18.9 | Currency: Złoty polski | Tax: 1
[2023-04-04T22:10:15+02:00] Variables: 1|59|77|14|0|0|1|1|1|1|6||1|1|||||0
[2023-04-04T22:10:15+02:00] Product: 59-78 | Price calculated: 29.9 | Currency: Złoty polski | Tax: 1
[2023-04-04T22:10:15+02:00] Variables: 1|59|78|14|0|0|1|1|1|1|6|||1|||||0
[2023-04-04T22:10:15+02:00] Product: 59-78 | Price calculated: 29.9 | Currency: Złoty polski | Tax: 1
[2023-04-04T22:10:15+02:00] Variables: 1|59|78|14|0|0|1|1|1|1|6||1|1|||||0
[2023-04-04T22:10:15+02:00] Product: 59-79 | Price calculated: 39 | Currency: Złoty polski | Tax: 1
[2023-04-04T22:10:15+02:00] Variables: 1|59|79|14|0|0|1|1|1|1|6|||1|||||0
[2023-04-04T22:10:15+02:00] Product: 59-79 | Price calculated: 39 | Currency: Złoty polski | Tax: 1
[2023-04-04T22:10:15+02:00] Variables: 1|59|79|14|0|0|1|1|1|1|6||1|1|||||0
[2023-04-04T22:55:25+02:00] Product: 54-64 | Price calculated: 11.5 | Currency: Złoty polski | Tax: 1
[2023-04-04T22:55:25+02:00] Variables: 1|54|64|14|0|0|1|1|1|1|6|||1|||||0
[2023-04-04T22:55:25+02:00] Product: 54-64 | Price calculated: 11.5 | Currency: Złoty polski | Tax: 1
[2023-04-04T22:55:25+02:00] Variables: 1|54|64|14|0|0|1|1|1|1|6||1|1|||||0
[2023-04-04T22:55:25+02:00] Product: 54-65 | Price calculated: 17.5 | Currency: Złoty polski | Tax: 1
[2023-04-04T22:55:25+02:00] Variables: 1|54|65|14|0|0|1|1|1|1|6|||1|||||0
[2023-04-04T22:55:25+02:00] Product: 54-65 | Price calculated: 17.5 | Currency: Złoty polski | Tax: 1
[2023-04-04T22:55:25+02:00] Variables: 1|54|65|14|0|0|1|1|1|1|6||1|1|||||0
[2023-04-04T22:55:25+02:00] Product: 54-66 | Price calculated: 27.9 | Currency: Złoty polski | Tax: 1
[2023-04-04T22:55:25+02:00] Variables: 1|54|66|14|0|0|1|1|1|1|6|||1|||||0
[2023-04-04T22:55:25+02:00] Product: 54-66 | Price calculated: 27.9 | Currency: Złoty polski | Tax: 1
[2023-04-04T22:55:25+02:00] Variables: 1|54|66|14|0|0|1|1|1|1|6||1|1|||||0
[2023-04-04T22:55:25+02:00] Product: 54-155 | Price calculated: 249 | Currency: Złoty polski | Tax: 1
[2023-04-04T22:55:25+02:00] Variables: 1|54|155|14|0|0|1|1|1|1|6|||1|||||0
[2023-04-04T22:55:25+02:00] Product: 54-155 | Price calculated: 249 | Currency: Złoty polski | Tax: 1
[2023-04-04T22:55:25+02:00] Variables: 1|54|155|14|0|0|1|1|1|1|6||1|1|||||0
[2023-04-04T23:28:07+02:00] Product: 35 | Price calculated: 41.9 | Currency: Złoty polski | Tax: 1
[2023-04-04T23:28:07+02:00] Variables: 1|35||14|0|0|1|1|1|1|6|||1|||||0
[2023-04-04T23:28:07+02:00] Product: 35 | Price calculated: 41.9 | Currency: Złoty polski | Tax: 1
[2023-04-04T23:28:07+02:00] Variables: 1|35||14|0|0|1|1|1|1|6||1|1|||||0
