[2023-04-10T00:01:53+02:00] Product: 59-77 | Price calculated: 18.9 | Currency: Złoty polski | Tax: 1
[2023-04-10T00:01:53+02:00] Variables: 1|59|77|14|0|0|1|1|1|1|6|||1|||||0
[2023-04-10T00:01:53+02:00] Product: 59-77 | Price calculated: 18.9 | Currency: Złoty polski | Tax: 1
[2023-04-10T00:01:53+02:00] Variables: 1|59|77|14|0|0|1|1|1|1|6||1|1|||||0
[2023-04-10T00:01:53+02:00] Product: 59-78 | Price calculated: 29.9 | Currency: Złoty polski | Tax: 1
[2023-04-10T00:01:53+02:00] Variables: 1|59|78|14|0|0|1|1|1|1|6|||1|||||0
[2023-04-10T00:01:53+02:00] Product: 59-78 | Price calculated: 29.9 | Currency: Złoty polski | Tax: 1
[2023-04-10T00:01:53+02:00] Variables: 1|59|78|14|0|0|1|1|1|1|6||1|1|||||0
[2023-04-10T00:01:53+02:00] Product: 59-79 | Price calculated: 39 | Currency: Złoty polski | Tax: 1
[2023-04-10T00:01:53+02:00] Variables: 1|59|79|14|0|0|1|1|1|1|6|||1|||||0
[2023-04-10T00:01:53+02:00] Product: 59-79 | Price calculated: 39 | Currency: Złoty polski | Tax: 1
[2023-04-10T00:01:53+02:00] Variables: 1|59|79|14|0|0|1|1|1|1|6||1|1|||||0
[2023-04-10T00:09:45+02:00] Product: 75-114 | Price calculated: 12.9 | Currency: Złoty polski | Tax: 1
[2023-04-10T00:09:45+02:00] Variables: 1|75|114|14|0|0|1|1|1|1|6|||1|||||0
[2023-04-10T00:09:45+02:00] Product: 75-114 | Price calculated: 12.9 | Currency: Złoty polski | Tax: 1
[2023-04-10T00:09:45+02:00] Variables: 1|75|114|14|0|0|1|1|1|1|6||1|1|||||0
[2023-04-10T00:09:45+02:00] Product: 75-115 | Price calculated: 20.9 | Currency: Złoty polski | Tax: 1
[2023-04-10T00:09:45+02:00] Variables: 1|75|115|14|0|0|1|1|1|1|6|||1|||||0
[2023-04-10T00:09:45+02:00] Product: 75-115 | Price calculated: 20.9 | Currency: Złoty polski | Tax: 1
[2023-04-10T00:09:45+02:00] Variables: 1|75|115|14|0|0|1|1|1|1|6||1|1|||||0
[2023-04-10T00:09:45+02:00] Product: 75-116 | Price calculated: 36.9 | Currency: Złoty polski | Tax: 1
[2023-04-10T00:09:45+02:00] Variables: 1|75|116|14|0|0|1|1|1|1|6|||1|||||0
[2023-04-10T00:09:45+02:00] Product: 75-116 | Price calculated: 36.9 | Currency: Złoty polski | Tax: 1
[2023-04-10T00:09:45+02:00] Variables: 1|75|116|14|0|0|1|1|1|1|6||1|1|||||0
[2023-04-10T00:53:23+02:00] Product: 114-168 | Price calculated: 12.9 | Currency: Złoty polski | Tax: 1
[2023-04-10T00:53:23+02:00] Variables: 1|114|168|14|0|0|1|1|1|1|6|||1|||||0
[2023-04-10T00:53:23+02:00] Product: 114-168 | Price calculated: 12.9 | Currency: Złoty polski | Tax: 1
[2023-04-10T00:53:23+02:00] Variables: 1|114|168|14|0|0|1|1|1|1|6||1|1|||||0
[2023-04-10T00:53:23+02:00] Product: 114-169 | Price calculated: 20.9 | Currency: Złoty polski | Tax: 1
[2023-04-10T00:53:23+02:00] Variables: 1|114|169|14|0|0|1|1|1|1|6|||1|||||0
[2023-04-10T00:53:23+02:00] Product: 114-169 | Price calculated: 20.9 | Currency: Złoty polski | Tax: 1
[2023-04-10T00:53:23+02:00] Variables: 1|114|169|14|0|0|1|1|1|1|6||1|1|||||0
[2023-04-10T00:53:23+02:00] Product: 114-170 | Price calculated: 39 | Currency: Złoty polski | Tax: 1
[2023-04-10T00:53:23+02:00] Variables: 1|114|170|14|0|0|1|1|1|1|6|||1|||||0
[2023-04-10T00:53:23+02:00] Product: 114-170 | Price calculated: 39 | Currency: Złoty polski | Tax: 1
[2023-04-10T00:53:23+02:00] Variables: 1|114|170|14|0|0|1|1|1|1|6||1|1|||||0
[2023-04-10T00:53:52+02:00] Product: 45-46 | Price calculated: 16.9 | Currency: Złoty polski | Tax: 1
[2023-04-10T00:53:52+02:00] Variables: 1|45|46|14|0|0|1|1|1|1|6|||1|||||0
[2023-04-10T00:53:52+02:00] Product: 45-46 | Price calculated: 16.9 | Currency: Złoty polski | Tax: 1
[2023-04-10T00:53:52+02:00] Variables: 1|45|46|14|0|0|1|1|1|1|6||1|1|||||0
[2023-04-10T00:53:52+02:00] Product: 45-47 | Price calculated: 26.9 | Currency: Złoty polski | Tax: 1
[2023-04-10T00:53:52+02:00] Variables: 1|45|47|14|0|0|1|1|1|1|6|||1|||||0
[2023-04-10T00:53:52+02:00] Product: 45-47 | Price calculated: 26.9 | Currency: Złoty polski | Tax: 1
[2023-04-10T00:53:52+02:00] Variables: 1|45|47|14|0|0|1|1|1|1|6||1|1|||||0
[2023-04-10T00:53:52+02:00] Product: 45-48 | Price calculated: 44.5 | Currency: Złoty polski | Tax: 1
[2023-04-10T00:53:52+02:00] Variables: 1|45|48|14|0|0|1|1|1|1|6|||1|||||0
[2023-04-10T00:53:52+02:00] Product: 45-48 | Price calculated: 44.5 | Currency: Złoty polski | Tax: 1
[2023-04-10T00:53:52+02:00] Variables: 1|45|48|14|0|0|1|1|1|1|6||1|1|||||0
[2023-04-10T00:53:52+02:00] Product: 45-154 | Price calculated: 399 | Currency: Złoty polski | Tax: 1
[2023-04-10T00:53:52+02:00] Variables: 1|45|154|14|0|0|1|1|1|1|6|||1|||||0
[2023-04-10T00:53:52+02:00] Product: 45-154 | Price calculated: 399 | Currency: Złoty polski | Tax: 1
[2023-04-10T00:53:52+02:00] Variables: 1|45|154|14|0|0|1|1|1|1|6||1|1|||||0
[2023-04-10T01:23:26+02:00] Product: 76-117 | Price calculated: 24.9 | Currency: Złoty polski | Tax: 1
[2023-04-10T01:23:26+02:00] Variables: 1|76|117|14|0|0|1|1|1|1|6|||1|||||0
[2023-04-10T01:23:26+02:00] Product: 76-117 | Price calculated: 24.9 | Currency: Złoty polski | Tax: 1
[2023-04-10T01:23:26+02:00] Variables: 1|76|117|14|0|0|1|1|1|1|6||1|1|||||0
[2023-04-10T01:23:26+02:00] Product: 76-118 | Price calculated: 39.9 | Currency: Złoty polski | Tax: 1
[2023-04-10T01:23:26+02:00] Variables: 1|76|118|14|0|0|1|1|1|1|6|||1|||||0
[2023-04-10T01:23:26+02:00] Product: 76-118 | Price calculated: 39.9 | Currency: Złoty polski | Tax: 1
[2023-04-10T01:23:26+02:00] Variables: 1|76|118|14|0|0|1|1|1|1|6||1|1|||||0
[2023-04-10T01:23:26+02:00] Product: 76-119 | Price calculated: 59 | Currency: Złoty polski | Tax: 1
[2023-04-10T01:23:26+02:00] Variables: 1|76|119|14|0|0|1|1|1|1|6|||1|||||0
[2023-04-10T01:23:26+02:00] Product: 76-119 | Price calculated: 59 | Currency: Złoty polski | Tax: 1
[2023-04-10T01:23:26+02:00] Variables: 1|76|119|14|0|0|1|1|1|1|6||1|1|||||0
[2023-04-10T02:09:58+02:00] Product: 77-120 | Price calculated: 42.9 | Currency: Złoty polski | Tax: 1
[2023-04-10T02:09:58+02:00] Variables: 1|77|120|14|0|0|1|1|1|1|6|||1|||||0
[2023-04-10T02:09:58+02:00] Product: 77-120 | Price calculated: 42.9 | Currency: Złoty polski | Tax: 1
[2023-04-10T02:09:58+02:00] Variables: 1|77|120|14|0|0|1|1|1|1|6||1|1|||||0
[2023-04-10T02:09:58+02:00] Product: 77-121 | Price calculated: 76.9 | Currency: Złoty polski | Tax: 1
[2023-04-10T02:09:58+02:00] Variables: 1|77|121|14|0|0|1|1|1|1|6|||1|||||0
[2023-04-10T02:09:58+02:00] Product: 77-121 | Price calculated: 76.9 | Currency: Złoty polski | Tax: 1
[2023-04-10T02:09:58+02:00] Variables: 1|77|121|14|0|0|1|1|1|1|6||1|1|||||0
[2023-04-10T02:09:58+02:00] Product: 77-122 | Price calculated: 105 | Currency: Złoty polski | Tax: 1
[2023-04-10T02:09:58+02:00] Variables: 1|77|122|14|0|0|1|1|1|1|6|||1|||||0
[2023-04-10T02:09:58+02:00] Product: 77-122 | Price calculated: 105 | Currency: Złoty polski | Tax: 1
[2023-04-10T02:09:58+02:00] Variables: 1|77|122|14|0|0|1|1|1|1|6||1|1|||||0
[2023-04-10T02:26:27+02:00] Product: 26 | Price calculated: 22.9 | Currency: Złoty polski | Tax: 1
[2023-04-10T02:26:27+02:00] Variables: 1|26||14|0|0|1|1|1|1|6|||1|||||0
[2023-04-10T02:26:27+02:00] Product: 26 | Price calculated: 22.9 | Currency: Złoty polski | Tax: 1
[2023-04-10T02:26:27+02:00] Variables: 1|26||14|0|0|1|1|1|1|6||1|1|||||0
[2023-04-10T02:30:04+02:00] Product: 73-108 | Price calculated: 14.5 | Currency: Złoty polski | Tax: 1
[2023-04-10T02:30:04+02:00] Variables: 1|73|108|14|0|0|1|1|1|1|6|||1|||||0
[2023-04-10T02:30:04+02:00] Product: 73-108 | Price calculated: 14.5 | Currency: Złoty polski | Tax: 1
[2023-04-10T02:30:04+02:00] Variables: 1|73|108|14|0|0|1|1|1|1|6||1|1|||||0
[2023-04-10T02:30:04+02:00] Product: 73-109 | Price calculated: 23.5 | Currency: Złoty polski | Tax: 1
[2023-04-10T02:30:04+02:00] Variables: 1|73|109|14|0|0|1|1|1|1|6|||1|||||0
[2023-04-10T02:30:04+02:00] Product: 73-109 | Price calculated: 23.5 | Currency: Złoty polski | Tax: 1
[2023-04-10T02:30:04+02:00] Variables: 1|73|109|14|0|0|1|1|1|1|6||1|1|||||0
[2023-04-10T02:30:04+02:00] Product: 73-110 | Price calculated: 39.9 | Currency: Złoty polski | Tax: 1
[2023-04-10T02:30:04+02:00] Variables: 1|73|110|14|0|0|1|1|1|1|6|||1|||||0
[2023-04-10T02:30:04+02:00] Product: 73-110 | Price calculated: 39.9 | Currency: Złoty polski | Tax: 1
[2023-04-10T02:30:04+02:00] Variables: 1|73|110|14|0|0|1|1|1|1|6||1|1|||||0
[2023-04-10T02:45:55+02:00] Product: 45-46 | Price calculated: 16.9 | Currency: Złoty polski | Tax: 1
[2023-04-10T02:45:55+02:00] Variables: 1|45|46|14|0|0|1|1|1|1|6|||1|||||0
[2023-04-10T02:45:55+02:00] Product: 45-46 | Price calculated: 16.9 | Currency: Złoty polski | Tax: 1
[2023-04-10T02:45:55+02:00] Variables: 1|45|46|14|0|0|1|1|1|1|6||1|1|||||0
[2023-04-10T02:45:55+02:00] Product: 45-47 | Price calculated: 26.9 | Currency: Złoty polski | Tax: 1
[2023-04-10T02:45:55+02:00] Variables: 1|45|47|14|0|0|1|1|1|1|6|||1|||||0
[2023-04-10T02:45:55+02:00] Product: 45-47 | Price calculated: 26.9 | Currency: Złoty polski | Tax: 1
[2023-04-10T02:45:55+02:00] Variables: 1|45|47|14|0|0|1|1|1|1|6||1|1|||||0
[2023-04-10T02:45:55+02:00] Product: 45-48 | Price calculated: 44.5 | Currency: Złoty polski | Tax: 1
[2023-04-10T02:45:55+02:00] Variables: 1|45|48|14|0|0|1|1|1|1|6|||1|||||0
[2023-04-10T02:45:55+02:00] Product: 45-48 | Price calculated: 44.5 | Currency: Złoty polski | Tax: 1
[2023-04-10T02:45:55+02:00] Variables: 1|45|48|14|0|0|1|1|1|1|6||1|1|||||0
[2023-04-10T02:45:55+02:00] Product: 45-154 | Price calculated: 399 | Currency: Złoty polski | Tax: 1
[2023-04-10T02:45:55+02:00] Variables: 1|45|154|14|0|0|1|1|1|1|6|||1|||||0
[2023-04-10T02:45:55+02:00] Product: 45-154 | Price calculated: 399 | Currency: Złoty polski | Tax: 1
[2023-04-10T02:45:55+02:00] Variables: 1|45|154|14|0|0|1|1|1|1|6||1|1|||||0
[2023-04-10T03:00:39+02:00] Product: 62-86 | Price calculated: 17.9 | Currency: Złoty polski | Tax: 1
[2023-04-10T03:00:39+02:00] Variables: 1|62|86|14|0|0|1|1|1|1|6|||1|||||0
[2023-04-10T03:00:39+02:00] Product: 62-86 | Price calculated: 17.9 | Currency: Złoty polski | Tax: 1
[2023-04-10T03:00:39+02:00] Variables: 1|62|86|14|0|0|1|1|1|1|6||1|1|||||0
[2023-04-10T03:00:39+02:00] Product: 62-87 | Price calculated: 28.9 | Currency: Złoty polski | Tax: 1
[2023-04-10T03:00:39+02:00] Variables: 1|62|87|14|0|0|1|1|1|1|6|||1|||||0
[2023-04-10T03:00:39+02:00] Product: 62-87 | Price calculated: 28.9 | Currency: Złoty polski | Tax: 1
[2023-04-10T03:00:39+02:00] Variables: 1|62|87|14|0|0|1|1|1|1|6||1|1|||||0
[2023-04-10T03:00:39+02:00] Product: 62-88 | Price calculated: 38.5 | Currency: Złoty polski | Tax: 1
[2023-04-10T03:00:39+02:00] Variables: 1|62|88|14|0|0|1|1|1|1|6|||1|||||0
[2023-04-10T03:00:39+02:00] Product: 62-88 | Price calculated: 38.5 | Currency: Złoty polski | Tax: 1
[2023-04-10T03:00:39+02:00] Variables: 1|62|88|14|0|0|1|1|1|1|6||1|1|||||0
[2023-04-10T03:00:39+02:00] Product: 62-89 | Price calculated: 15.9 | Currency: Złoty polski | Tax: 1
[2023-04-10T03:00:39+02:00] Variables: 1|62|89|14|0|0|1|1|1|1|6|||1|||||0
[2023-04-10T03:00:39+02:00] Product: 62-89 | Price calculated: 15.9 | Currency: Złoty polski | Tax: 1
[2023-04-10T03:00:39+02:00] Variables: 1|62|89|14|0|0|1|1|1|1|6||1|1|||||0
[2023-04-10T03:24:04+02:00] Product: 114-168 | Price calculated: 12.9 | Currency: Złoty polski | Tax: 1
[2023-04-10T03:24:04+02:00] Variables: 1|114|168|14|0|0|1|1|1|1|6|||1|||||0
[2023-04-10T03:24:04+02:00] Product: 114-168 | Price calculated: 12.9 | Currency: Złoty polski | Tax: 1
[2023-04-10T03:24:04+02:00] Variables: 1|114|168|14|0|0|1|1|1|1|6||1|1|||||0
[2023-04-10T03:24:04+02:00] Product: 114-169 | Price calculated: 20.9 | Currency: Złoty polski | Tax: 1
[2023-04-10T03:24:04+02:00] Variables: 1|114|169|14|0|0|1|1|1|1|6|||1|||||0
[2023-04-10T03:24:04+02:00] Product: 114-169 | Price calculated: 20.9 | Currency: Złoty polski | Tax: 1
[2023-04-10T03:24:04+02:00] Variables: 1|114|169|14|0|0|1|1|1|1|6||1|1|||||0
[2023-04-10T03:24:04+02:00] Product: 114-170 | Price calculated: 39 | Currency: Złoty polski | Tax: 1
[2023-04-10T03:24:04+02:00] Variables: 1|114|170|14|0|0|1|1|1|1|6|||1|||||0
[2023-04-10T03:24:04+02:00] Product: 114-170 | Price calculated: 39 | Currency: Złoty polski | Tax: 1
[2023-04-10T03:24:04+02:00] Variables: 1|114|170|14|0|0|1|1|1|1|6||1|1|||||0
[2023-04-10T04:07:14+02:00] Product: 45-46 | Price calculated: 16.9 | Currency: Złoty polski | Tax: 1
[2023-04-10T04:07:14+02:00] Variables: 1|45|46|14|0|0|1|1|1|1|6|||1|||||0
[2023-04-10T04:07:14+02:00] Product: 45-46 | Price calculated: 16.9 | Currency: Złoty polski | Tax: 1
[2023-04-10T04:07:14+02:00] Variables: 1|45|46|14|0|0|1|1|1|1|6||1|1|||||0
[2023-04-10T04:07:14+02:00] Product: 45-47 | Price calculated: 26.9 | Currency: Złoty polski | Tax: 1
[2023-04-10T04:07:14+02:00] Variables: 1|45|47|14|0|0|1|1|1|1|6|||1|||||0
[2023-04-10T04:07:14+02:00] Product: 45-47 | Price calculated: 26.9 | Currency: Złoty polski | Tax: 1
[2023-04-10T04:07:14+02:00] Variables: 1|45|47|14|0|0|1|1|1|1|6||1|1|||||0
[2023-04-10T04:07:14+02:00] Product: 45-48 | Price calculated: 44.5 | Currency: Złoty polski | Tax: 1
[2023-04-10T04:07:14+02:00] Variables: 1|45|48|14|0|0|1|1|1|1|6|||1|||||0
[2023-04-10T04:07:14+02:00] Product: 45-48 | Price calculated: 44.5 | Currency: Złoty polski | Tax: 1
[2023-04-10T04:07:14+02:00] Variables: 1|45|48|14|0|0|1|1|1|1|6||1|1|||||0
[2023-04-10T04:07:14+02:00] Product: 45-154 | Price calculated: 399 | Currency: Złoty polski | Tax: 1
[2023-04-10T04:07:14+02:00] Variables: 1|45|154|14|0|0|1|1|1|1|6|||1|||||0
[2023-04-10T04:07:14+02:00] Product: 45-154 | Price calculated: 399 | Currency: Złoty polski | Tax: 1
[2023-04-10T04:07:14+02:00] Variables: 1|45|154|14|0|0|1|1|1|1|6||1|1|||||0
[2023-04-10T04:13:11+02:00] Product: 62-86 | Price calculated: 17.9 | Currency: Złoty polski | Tax: 1
[2023-04-10T04:13:11+02:00] Variables: 1|62|86|14|0|0|1|1|1|1|6|||1|||||0
[2023-04-10T04:13:11+02:00] Product: 62-86 | Price calculated: 17.9 | Currency: Złoty polski | Tax: 1
[2023-04-10T04:13:11+02:00] Variables: 1|62|86|14|0|0|1|1|1|1|6||1|1|||||0
[2023-04-10T04:13:11+02:00] Product: 62-87 | Price calculated: 28.9 | Currency: Złoty polski | Tax: 1
[2023-04-10T04:13:11+02:00] Variables: 1|62|87|14|0|0|1|1|1|1|6|||1|||||0
[2023-04-10T04:13:11+02:00] Product: 62-87 | Price calculated: 28.9 | Currency: Złoty polski | Tax: 1
[2023-04-10T04:13:11+02:00] Variables: 1|62|87|14|0|0|1|1|1|1|6||1|1|||||0
[2023-04-10T04:13:11+02:00] Product: 62-88 | Price calculated: 38.5 | Currency: Złoty polski | Tax: 1
[2023-04-10T04:13:11+02:00] Variables: 1|62|88|14|0|0|1|1|1|1|6|||1|||||0
[2023-04-10T04:13:11+02:00] Product: 62-88 | Price calculated: 38.5 | Currency: Złoty polski | Tax: 1
[2023-04-10T04:13:11+02:00] Variables: 1|62|88|14|0|0|1|1|1|1|6||1|1|||||0
[2023-04-10T04:13:11+02:00] Product: 62-89 | Price calculated: 15.9 | Currency: Złoty polski | Tax: 1
[2023-04-10T04:13:11+02:00] Variables: 1|62|89|14|0|0|1|1|1|1|6|||1|||||0
[2023-04-10T04:13:11+02:00] Product: 62-89 | Price calculated: 15.9 | Currency: Złoty polski | Tax: 1
[2023-04-10T04:13:11+02:00] Variables: 1|62|89|14|0|0|1|1|1|1|6||1|1|||||0
[2023-04-10T04:28:16+02:00] Product: 48-52 | Price calculated: 11.5 | Currency: Złoty polski | Tax: 1
[2023-04-10T04:28:16+02:00] Variables: 1|48|52|14|0|0|1|1|1|1|6|||1|||||0
[2023-04-10T04:28:16+02:00] Product: 48-52 | Price calculated: 11.5 | Currency: Złoty polski | Tax: 1
[2023-04-10T04:28:16+02:00] Variables: 1|48|52|14|0|0|1|1|1|1|6||1|1|||||0
[2023-04-10T04:28:16+02:00] Product: 48-53 | Price calculated: 17.5 | Currency: Złoty polski | Tax: 1
[2023-04-10T04:28:16+02:00] Variables: 1|48|53|14|0|0|1|1|1|1|6|||1|||||0
[2023-04-10T04:28:16+02:00] Product: 48-53 | Price calculated: 17.5 | Currency: Złoty polski | Tax: 1
[2023-04-10T04:28:16+02:00] Variables: 1|48|53|14|0|0|1|1|1|1|6||1|1|||||0
[2023-04-10T04:28:16+02:00] Product: 48-54 | Price calculated: 27.5 | Currency: Złoty polski | Tax: 1
[2023-04-10T04:28:16+02:00] Variables: 1|48|54|14|0|0|1|1|1|1|6|||1|||||0
[2023-04-10T04:28:16+02:00] Product: 48-54 | Price calculated: 27.5 | Currency: Złoty polski | Tax: 1
[2023-04-10T04:28:16+02:00] Variables: 1|48|54|14|0|0|1|1|1|1|6||1|1|||||0
[2023-04-10T04:55:59+02:00] Product: 74-111 | Price calculated: 14.9 | Currency: Złoty polski | Tax: 1
[2023-04-10T04:55:59+02:00] Variables: 1|74|111|14|0|0|1|1|1|1|6|||1|||||0
[2023-04-10T04:55:59+02:00] Product: 74-111 | Price calculated: 14.9 | Currency: Złoty polski | Tax: 1
[2023-04-10T04:55:59+02:00] Variables: 1|74|111|14|0|0|1|1|1|1|6||1|1|||||0
[2023-04-10T04:55:59+02:00] Product: 74-112 | Price calculated: 22.9 | Currency: Złoty polski | Tax: 1
[2023-04-10T04:55:59+02:00] Variables: 1|74|112|14|0|0|1|1|1|1|6|||1|||||0
[2023-04-10T04:55:59+02:00] Product: 74-112 | Price calculated: 22.9 | Currency: Złoty polski | Tax: 1
[2023-04-10T04:55:59+02:00] Variables: 1|74|112|14|0|0|1|1|1|1|6||1|1|||||0
[2023-04-10T04:55:59+02:00] Product: 74-113 | Price calculated: 39 | Currency: Złoty polski | Tax: 1
[2023-04-10T04:55:59+02:00] Variables: 1|74|113|14|0|0|1|1|1|1|6|||1|||||0
[2023-04-10T04:55:59+02:00] Product: 74-113 | Price calculated: 39 | Currency: Złoty polski | Tax: 1
[2023-04-10T04:55:59+02:00] Variables: 1|74|113|14|0|0|1|1|1|1|6||1|1|||||0
[2023-04-10T05:20:08+02:00] Product: 72 | Price calculated: 22.9 | Currency: Złoty polski | Tax: 1
[2023-04-10T05:20:08+02:00] Variables: 1|72||14|0|0|1|1|1|1|6|||1|||||0
[2023-04-10T05:20:08+02:00] Product: 72 | Price calculated: 22.9 | Currency: Złoty polski | Tax: 1
[2023-04-10T05:20:08+02:00] Variables: 1|72||14|0|0|1|1|1|1|6||1|1|||||0
[2023-04-10T05:50:19+02:00] Product: 34 | Price calculated: 20.9 | Currency: Złoty polski | Tax: 1
[2023-04-10T05:50:19+02:00] Variables: 1|34||14|0|0|1|1|1|1|6|||1|||||0
[2023-04-10T05:50:19+02:00] Product: 34 | Price calculated: 20.9 | Currency: Złoty polski | Tax: 1
[2023-04-10T05:50:19+02:00] Variables: 1|34||14|0|0|1|1|1|1|6||1|1|||||0
[2023-04-10T05:50:52+02:00] Product: 76-117 | Price calculated: 24.9 | Currency: Złoty polski | Tax: 1
[2023-04-10T05:50:52+02:00] Variables: 1|76|117|14|0|0|1|1|1|1|6|||1|||||0
[2023-04-10T05:50:52+02:00] Product: 76-117 | Price calculated: 24.9 | Currency: Złoty polski | Tax: 1
[2023-04-10T05:50:52+02:00] Variables: 1|76|117|14|0|0|1|1|1|1|6||1|1|||||0
[2023-04-10T05:50:52+02:00] Product: 76-118 | Price calculated: 39.9 | Currency: Złoty polski | Tax: 1
[2023-04-10T05:50:52+02:00] Variables: 1|76|118|14|0|0|1|1|1|1|6|||1|||||0
[2023-04-10T05:50:52+02:00] Product: 76-118 | Price calculated: 39.9 | Currency: Złoty polski | Tax: 1
[2023-04-10T05:50:52+02:00] Variables: 1|76|118|14|0|0|1|1|1|1|6||1|1|||||0
[2023-04-10T05:50:52+02:00] Product: 76-119 | Price calculated: 59 | Currency: Złoty polski | Tax: 1
[2023-04-10T05:50:52+02:00] Variables: 1|76|119|14|0|0|1|1|1|1|6|||1|||||0
[2023-04-10T05:50:52+02:00] Product: 76-119 | Price calculated: 59 | Currency: Złoty polski | Tax: 1
[2023-04-10T05:50:52+02:00] Variables: 1|76|119|14|0|0|1|1|1|1|6||1|1|||||0
[2023-04-10T05:55:58+02:00] Product: 74-111 | Price calculated: 14.9 | Currency: Złoty polski | Tax: 1
[2023-04-10T05:55:58+02:00] Variables: 1|74|111|14|0|0|1|1|1|1|6|||1|||||0
[2023-04-10T05:55:58+02:00] Product: 74-111 | Price calculated: 14.9 | Currency: Złoty polski | Tax: 1
[2023-04-10T05:55:58+02:00] Variables: 1|74|111|14|0|0|1|1|1|1|6||1|1|||||0
[2023-04-10T05:55:58+02:00] Product: 74-112 | Price calculated: 22.9 | Currency: Złoty polski | Tax: 1
[2023-04-10T05:55:58+02:00] Variables: 1|74|112|14|0|0|1|1|1|1|6|||1|||||0
[2023-04-10T05:55:58+02:00] Product: 74-112 | Price calculated: 22.9 | Currency: Złoty polski | Tax: 1
[2023-04-10T05:55:58+02:00] Variables: 1|74|112|14|0|0|1|1|1|1|6||1|1|||||0
[2023-04-10T05:55:58+02:00] Product: 74-113 | Price calculated: 39 | Currency: Złoty polski | Tax: 1
[2023-04-10T05:55:58+02:00] Variables: 1|74|113|14|0|0|1|1|1|1|6|||1|||||0
[2023-04-10T05:55:58+02:00] Product: 74-113 | Price calculated: 39 | Currency: Złoty polski | Tax: 1
[2023-04-10T05:55:58+02:00] Variables: 1|74|113|14|0|0|1|1|1|1|6||1|1|||||0
[2023-04-10T06:05:39+02:00] Product: 63 | Price calculated: 55.9 | Currency: Złoty polski | Tax: 1
[2023-04-10T06:05:39+02:00] Variables: 1|63||14|0|0|1|1|1|1|6|||1|||||0
[2023-04-10T06:05:39+02:00] Product: 63 | Price calculated: 55.9 | Currency: Złoty polski | Tax: 1
[2023-04-10T06:05:39+02:00] Variables: 1|63||14|0|0|1|1|1|1|6||1|1|||||0
[2023-04-10T06:07:17+02:00] Product: 29 | Price calculated: 23.9 | Currency: Złoty polski | Tax: 1
[2023-04-10T06:07:17+02:00] Variables: 1|29||14|0|0|1|1|1|1|6|||1|||||0
[2023-04-10T06:07:17+02:00] Product: 29 | Price calculated: 23.9 | Currency: Złoty polski | Tax: 1
[2023-04-10T06:07:17+02:00] Variables: 1|29||14|0|0|1|1|1|1|6||1|1|||||0
[2023-04-10T06:45:48+02:00] Product: 36 | Price calculated: 42.9 | Currency: Złoty polski | Tax: 1
[2023-04-10T06:45:48+02:00] Variables: 1|36||14|0|0|1|1|1|1|6|||1|||||0
[2023-04-10T06:45:48+02:00] Product: 36 | Price calculated: 42.9 | Currency: Złoty polski | Tax: 1
[2023-04-10T06:45:48+02:00] Variables: 1|36||14|0|0|1|1|1|1|6||1|1|||||0
[2023-04-10T06:48:06+02:00] Product: 26 | Price calculated: 22.9 | Currency: Złoty polski | Tax: 1
[2023-04-10T06:48:06+02:00] Variables: 1|26||14|0|0|1|1|1|1|6|||1|||||0
[2023-04-10T06:48:06+02:00] Product: 26 | Price calculated: 22.9 | Currency: Złoty polski | Tax: 1
[2023-04-10T06:48:06+02:00] Variables: 1|26||14|0|0|1|1|1|1|6||1|1|||||0
[2023-04-10T06:53:27+02:00] Product: 59-77 | Price calculated: 18.9 | Currency: Złoty polski | Tax: 1
[2023-04-10T06:53:27+02:00] Variables: 1|59|77|14|0|0|1|1|1|1|6|||1|||||0
[2023-04-10T06:53:27+02:00] Product: 59-77 | Price calculated: 18.9 | Currency: Złoty polski | Tax: 1
[2023-04-10T06:53:27+02:00] Variables: 1|59|77|14|0|0|1|1|1|1|6||1|1|||||0
[2023-04-10T06:53:27+02:00] Product: 59-78 | Price calculated: 29.9 | Currency: Złoty polski | Tax: 1
[2023-04-10T06:53:27+02:00] Variables: 1|59|78|14|0|0|1|1|1|1|6|||1|||||0
[2023-04-10T06:53:27+02:00] Product: 59-78 | Price calculated: 29.9 | Currency: Złoty polski | Tax: 1
[2023-04-10T06:53:27+02:00] Variables: 1|59|78|14|0|0|1|1|1|1|6||1|1|||||0
[2023-04-10T06:53:27+02:00] Product: 59-79 | Price calculated: 39 | Currency: Złoty polski | Tax: 1
[2023-04-10T06:53:27+02:00] Variables: 1|59|79|14|0|0|1|1|1|1|6|||1|||||0
[2023-04-10T06:53:27+02:00] Product: 59-79 | Price calculated: 39 | Currency: Złoty polski | Tax: 1
[2023-04-10T06:53:27+02:00] Variables: 1|59|79|14|0|0|1|1|1|1|6||1|1|||||0
[2023-04-10T07:03:40+02:00] Product: 35 | Price calculated: 41.9 | Currency: Złoty polski | Tax: 1
[2023-04-10T07:03:40+02:00] Variables: 1|35||14|0|0|1|1|1|1|6|||1|||||0
[2023-04-10T07:03:40+02:00] Product: 35 | Price calculated: 41.9 | Currency: Złoty polski | Tax: 1
[2023-04-10T07:03:40+02:00] Variables: 1|35||14|0|0|1|1|1|1|6||1|1|||||0
[2023-04-10T07:17:54+02:00] Product: 114-168 | Price calculated: 12.9 | Currency: Złoty polski | Tax: 1
[2023-04-10T07:17:54+02:00] Variables: 1|114|168|14|0|0|1|1|1|1|6|||1|||||0
[2023-04-10T07:17:54+02:00] Product: 114-168 | Price calculated: 12.9 | Currency: Złoty polski | Tax: 1
[2023-04-10T07:17:54+02:00] Variables: 1|114|168|14|0|0|1|1|1|1|6||1|1|||||0
[2023-04-10T07:17:54+02:00] Product: 114-169 | Price calculated: 20.9 | Currency: Złoty polski | Tax: 1
[2023-04-10T07:17:54+02:00] Variables: 1|114|169|14|0|0|1|1|1|1|6|||1|||||0
[2023-04-10T07:17:54+02:00] Product: 114-169 | Price calculated: 20.9 | Currency: Złoty polski | Tax: 1
[2023-04-10T07:17:54+02:00] Variables: 1|114|169|14|0|0|1|1|1|1|6||1|1|||||0
[2023-04-10T07:17:54+02:00] Product: 114-170 | Price calculated: 39 | Currency: Złoty polski | Tax: 1
[2023-04-10T07:17:54+02:00] Variables: 1|114|170|14|0|0|1|1|1|1|6|||1|||||0
[2023-04-10T07:17:54+02:00] Product: 114-170 | Price calculated: 39 | Currency: Złoty polski | Tax: 1
[2023-04-10T07:17:54+02:00] Variables: 1|114|170|14|0|0|1|1|1|1|6||1|1|||||0
[2023-04-10T07:22:26+02:00] Product: 69-100 | Price calculated: 11.9 | Currency: Złoty polski | Tax: 1
[2023-04-10T07:22:26+02:00] Variables: 1|69|100|14|0|0|1|1|1|1|6|||1|||||0
[2023-04-10T07:22:26+02:00] Product: 69-100 | Price calculated: 10.5 | Currency: Złoty polski | Tax: 1
[2023-04-10T07:22:26+02:00] Variables: 1|69|100|14|0|0|1|1|1|1|6||1|1|||||0
[2023-04-10T07:22:26+02:00] Product: 69-101 | Price calculated: 19.9 | Currency: Złoty polski | Tax: 1
[2023-04-10T07:22:26+02:00] Variables: 1|69|101|14|0|0|1|1|1|1|6|||1|||||0
[2023-04-10T07:22:26+02:00] Product: 69-101 | Price calculated: 16.5 | Currency: Złoty polski | Tax: 1
[2023-04-10T07:22:26+02:00] Variables: 1|69|101|14|0|0|1|1|1|1|6||1|1|||||0
[2023-04-10T07:22:26+02:00] Product: 69-102 | Price calculated: 33.9 | Currency: Złoty polski | Tax: 1
[2023-04-10T07:22:26+02:00] Variables: 1|69|102|14|0|0|1|1|1|1|6|||1|||||0
[2023-04-10T07:22:26+02:00] Product: 69-102 | Price calculated: 19.5 | Currency: Złoty polski | Tax: 1
[2023-04-10T07:22:26+02:00] Variables: 1|69|102|14|0|0|1|1|1|1|6||1|1|||||0
[2023-04-10T07:52:28+02:00] Product: 58-74 | Price calculated: 19.9 | Currency: Złoty polski | Tax: 1
[2023-04-10T07:52:28+02:00] Variables: 1|58|74|14|0|0|1|1|1|1|6|||1|||||0
[2023-04-10T07:52:28+02:00] Product: 58-74 | Price calculated: 19.9 | Currency: Złoty polski | Tax: 1
[2023-04-10T07:52:28+02:00] Variables: 1|58|74|14|0|0|1|1|1|1|6||1|1|||||0
[2023-04-10T07:52:28+02:00] Product: 58-75 | Price calculated: 32.9 | Currency: Złoty polski | Tax: 1
[2023-04-10T07:52:28+02:00] Variables: 1|58|75|14|0|0|1|1|1|1|6|||1|||||0
[2023-04-10T07:52:28+02:00] Product: 58-75 | Price calculated: 32.9 | Currency: Złoty polski | Tax: 1
[2023-04-10T07:52:28+02:00] Variables: 1|58|75|14|0|0|1|1|1|1|6||1|1|||||0
[2023-04-10T07:52:28+02:00] Product: 58-76 | Price calculated: 42.5 | Currency: Złoty polski | Tax: 1
[2023-04-10T07:52:28+02:00] Variables: 1|58|76|14|0|0|1|1|1|1|6|||1|||||0
[2023-04-10T07:52:28+02:00] Product: 58-76 | Price calculated: 42.5 | Currency: Złoty polski | Tax: 1
[2023-04-10T07:52:28+02:00] Variables: 1|58|76|14|0|0|1|1|1|1|6||1|1|||||0
[2023-04-10T08:08:33+02:00] Product: 105-147 | Price calculated: 11.89533 | Currency: Złoty polski | Tax: 1
[2023-04-10T08:08:33+02:00] Variables: 1|105|147|14|0|0|1|1|1|1|6|||1|||||0
[2023-04-10T08:08:33+02:00] Product: 105-147 | Price calculated: 11.89533 | Currency: Złoty polski | Tax: 1
[2023-04-10T08:08:33+02:00] Variables: 1|105|147|14|0|0|1|1|1|1|6||1|1|||||0
[2023-04-10T08:08:33+02:00] Product: 105-148 | Price calculated: 19.90017 | Currency: Złoty polski | Tax: 1
[2023-04-10T08:08:33+02:00] Variables: 1|105|148|14|0|0|1|1|1|1|6|||1|||||0
[2023-04-10T08:08:33+02:00] Product: 105-148 | Price calculated: 19.90017 | Currency: Złoty polski | Tax: 1
[2023-04-10T08:08:33+02:00] Variables: 1|105|148|14|0|0|1|1|1|1|6||1|1|||||0
[2023-04-10T08:08:33+02:00] Product: 105-149 | Price calculated: 36.50394 | Currency: Złoty polski | Tax: 1
[2023-04-10T08:08:33+02:00] Variables: 1|105|149|14|0|0|1|1|1|1|6|||1|||||0
[2023-04-10T08:08:33+02:00] Product: 105-149 | Price calculated: 36.50394 | Currency: Złoty polski | Tax: 1
[2023-04-10T08:08:33+02:00] Variables: 1|105|149|14|0|0|1|1|1|1|6||1|1|||||0
[2023-04-10T09:03:36+02:00] Product: 86-126 | Price calculated: 21.9 | Currency: Złoty polski | Tax: 1
[2023-04-10T09:03:36+02:00] Variables: 1|86|126|14|0|0|1|1|1|1|6|||1|||||0
[2023-04-10T09:03:36+02:00] Product: 86-126 | Price calculated: 21.9 | Currency: Złoty polski | Tax: 1
[2023-04-10T09:03:36+02:00] Variables: 1|86|126|14|0|0|1|1|1|1|6||1|1|||||0
[2023-04-10T09:03:36+02:00] Product: 86-127 | Price calculated: 34.9 | Currency: Złoty polski | Tax: 1
[2023-04-10T09:03:36+02:00] Variables: 1|86|127|14|0|0|1|1|1|1|6|||1|||||0
[2023-04-10T09:03:36+02:00] Product: 86-127 | Price calculated: 34.9 | Currency: Złoty polski | Tax: 1
[2023-04-10T09:03:36+02:00] Variables: 1|86|127|14|0|0|1|1|1|1|6||1|1|||||0
[2023-04-10T09:03:36+02:00] Product: 86-128 | Price calculated: 44.9 | Currency: Złoty polski | Tax: 1
[2023-04-10T09:03:36+02:00] Variables: 1|86|128|14|0|0|1|1|1|1|6|||1|||||0
[2023-04-10T09:03:36+02:00] Product: 86-128 | Price calculated: 44.9 | Currency: Złoty polski | Tax: 1
[2023-04-10T09:03:36+02:00] Variables: 1|86|128|14|0|0|1|1|1|1|6||1|1|||||0
[2023-04-10T09:13:13+02:00] Product: 58-74 | Price calculated: 19.9 | Currency: Złoty polski | Tax: 1
[2023-04-10T09:13:13+02:00] Variables: 1|58|74|14|0|0|1|1|1|1|6|||1|||||0
[2023-04-10T09:13:13+02:00] Product: 58-74 | Price calculated: 19.9 | Currency: Złoty polski | Tax: 1
[2023-04-10T09:13:13+02:00] Variables: 1|58|74|14|0|0|1|1|1|1|6||1|1|||||0
[2023-04-10T09:13:13+02:00] Product: 58-75 | Price calculated: 32.9 | Currency: Złoty polski | Tax: 1
[2023-04-10T09:13:13+02:00] Variables: 1|58|75|14|0|0|1|1|1|1|6|||1|||||0
[2023-04-10T09:13:13+02:00] Product: 58-75 | Price calculated: 32.9 | Currency: Złoty polski | Tax: 1
[2023-04-10T09:13:13+02:00] Variables: 1|58|75|14|0|0|1|1|1|1|6||1|1|||||0
[2023-04-10T09:13:13+02:00] Product: 58-76 | Price calculated: 42.5 | Currency: Złoty polski | Tax: 1
[2023-04-10T09:13:13+02:00] Variables: 1|58|76|14|0|0|1|1|1|1|6|||1|||||0
[2023-04-10T09:13:13+02:00] Product: 58-76 | Price calculated: 42.5 | Currency: Złoty polski | Tax: 1
[2023-04-10T09:13:13+02:00] Variables: 1|58|76|14|0|0|1|1|1|1|6||1|1|||||0
[2023-04-10T09:44:38+02:00] Product: 83 | Price calculated: 29.9 | Currency: Złoty polski | Tax: 1
[2023-04-10T09:44:38+02:00] Variables: 1|83||14|0|0|1|1|1|1|6|||1|||||0
[2023-04-10T09:44:38+02:00] Product: 83 | Price calculated: 29.9 | Currency: Złoty polski | Tax: 1
[2023-04-10T09:44:38+02:00] Variables: 1|83||14|0|0|1|1|1|1|6||1|1|||||0
[2023-04-10T09:48:33+02:00] Product: 81 | Price calculated: 49.9 | Currency: Złoty polski | Tax: 1
[2023-04-10T09:48:33+02:00] Variables: 1|81||14|0|0|1|1|1|1|6|||1|||||0
[2023-04-10T09:48:33+02:00] Product: 81 | Price calculated: 49.9 | Currency: Złoty polski | Tax: 1
[2023-04-10T09:48:33+02:00] Variables: 1|81||14|0|0|1|1|1|1|6||1|1|||||0
[2023-04-10T10:05:25+02:00] Product: 60-80 | Price calculated: 35 | Currency: Złoty polski | Tax: 1
[2023-04-10T10:05:25+02:00] Variables: 1|60|80|14|0|0|1|1|1|1|6|||1|||||0
[2023-04-10T10:05:25+02:00] Product: 60-80 | Price calculated: 35 | Currency: Złoty polski | Tax: 1
[2023-04-10T10:05:25+02:00] Variables: 1|60|80|14|0|0|1|1|1|1|6||1|1|||||0
[2023-04-10T10:05:25+02:00] Product: 60-81 | Price calculated: 55.9 | Currency: Złoty polski | Tax: 1
[2023-04-10T10:05:25+02:00] Variables: 1|60|81|14|0|0|1|1|1|1|6|||1|||||0
[2023-04-10T10:05:25+02:00] Product: 60-81 | Price calculated: 55.9 | Currency: Złoty polski | Tax: 1
[2023-04-10T10:05:25+02:00] Variables: 1|60|81|14|0|0|1|1|1|1|6||1|1|||||0
[2023-04-10T10:05:25+02:00] Product: 60-82 | Price calculated: 75.9 | Currency: Złoty polski | Tax: 1
[2023-04-10T10:05:25+02:00] Variables: 1|60|82|14|0|0|1|1|1|1|6|||1|||||0
[2023-04-10T10:05:25+02:00] Product: 60-82 | Price calculated: 75.9 | Currency: Złoty polski | Tax: 1
[2023-04-10T10:05:25+02:00] Variables: 1|60|82|14|0|0|1|1|1|1|6||1|1|||||0
[2023-04-10T11:02:21+02:00] Product: 68-97 | Price calculated: 12.9 | Currency: Złoty polski | Tax: 1
[2023-04-10T11:02:21+02:00] Variables: 1|68|97|14|0|0|1|1|1|1|6|||1|||||0
[2023-04-10T11:02:21+02:00] Product: 68-97 | Price calculated: 12.9 | Currency: Złoty polski | Tax: 1
[2023-04-10T11:02:21+02:00] Variables: 1|68|97|14|0|0|1|1|1|1|6||1|1|||||0
[2023-04-10T11:02:21+02:00] Product: 68-98 | Price calculated: 18.9 | Currency: Złoty polski | Tax: 1
[2023-04-10T11:02:21+02:00] Variables: 1|68|98|14|0|0|1|1|1|1|6|||1|||||0
[2023-04-10T11:02:21+02:00] Product: 68-98 | Price calculated: 18.9 | Currency: Złoty polski | Tax: 1
[2023-04-10T11:02:21+02:00] Variables: 1|68|98|14|0|0|1|1|1|1|6||1|1|||||0
[2023-04-10T11:02:21+02:00] Product: 68-99 | Price calculated: 29 | Currency: Złoty polski | Tax: 1
[2023-04-10T11:02:21+02:00] Variables: 1|68|99|14|0|0|1|1|1|1|6|||1|||||0
[2023-04-10T11:02:21+02:00] Product: 68-99 | Price calculated: 29 | Currency: Złoty polski | Tax: 1
[2023-04-10T11:02:21+02:00] Variables: 1|68|99|14|0|0|1|1|1|1|6||1|1|||||0
[2023-04-10T11:02:43+02:00] Product: 51-58 | Price calculated: 11.9 | Currency: Złoty polski | Tax: 1
[2023-04-10T11:02:43+02:00] Variables: 1|51|58|14|0|0|1|1|1|1|6|||1|||||0
[2023-04-10T11:02:43+02:00] Product: 51-58 | Price calculated: 11.9 | Currency: Złoty polski | Tax: 1
[2023-04-10T11:02:43+02:00] Variables: 1|51|58|14|0|0|1|1|1|1|6||1|1|||||0
[2023-04-10T11:02:43+02:00] Product: 51-59 | Price calculated: 19.9 | Currency: Złoty polski | Tax: 1
[2023-04-10T11:02:43+02:00] Variables: 1|51|59|14|0|0|1|1|1|1|6|||1|||||0
[2023-04-10T11:02:43+02:00] Product: 51-59 | Price calculated: 19.9 | Currency: Złoty polski | Tax: 1
[2023-04-10T11:02:43+02:00] Variables: 1|51|59|14|0|0|1|1|1|1|6||1|1|||||0
[2023-04-10T11:02:43+02:00] Product: 51-60 | Price calculated: 34.5 | Currency: Złoty polski | Tax: 1
[2023-04-10T11:02:43+02:00] Variables: 1|51|60|14|0|0|1|1|1|1|6|||1|||||0
[2023-04-10T11:02:43+02:00] Product: 51-60 | Price calculated: 34.5 | Currency: Złoty polski | Tax: 1
[2023-04-10T11:02:43+02:00] Variables: 1|51|60|14|0|0|1|1|1|1|6||1|1|||||0
[2023-04-10T11:02:43+02:00] Product: 51-153 | Price calculated: 289 | Currency: Złoty polski | Tax: 1
[2023-04-10T11:02:43+02:00] Variables: 1|51|153|14|0|0|1|1|1|1|6|||1|||||0
[2023-04-10T11:02:43+02:00] Product: 51-153 | Price calculated: 289 | Currency: Złoty polski | Tax: 1
[2023-04-10T11:02:43+02:00] Variables: 1|51|153|14|0|0|1|1|1|1|6||1|1|||||0
[2023-04-10T11:04:36+02:00] Product: 69-100 | Price calculated: 11.9 | Currency: Złoty polski | Tax: 1
[2023-04-10T11:04:36+02:00] Variables: 1|69|100|14|0|0|1|1|1|1|6|||1|||||0
[2023-04-10T11:04:36+02:00] Product: 69-100 | Price calculated: 10.5 | Currency: Złoty polski | Tax: 1
[2023-04-10T11:04:36+02:00] Variables: 1|69|100|14|0|0|1|1|1|1|6||1|1|||||0
[2023-04-10T11:04:36+02:00] Product: 69-101 | Price calculated: 19.9 | Currency: Złoty polski | Tax: 1
[2023-04-10T11:04:36+02:00] Variables: 1|69|101|14|0|0|1|1|1|1|6|||1|||||0
[2023-04-10T11:04:36+02:00] Product: 69-101 | Price calculated: 16.5 | Currency: Złoty polski | Tax: 1
[2023-04-10T11:04:36+02:00] Variables: 1|69|101|14|0|0|1|1|1|1|6||1|1|||||0
[2023-04-10T11:04:36+02:00] Product: 69-102 | Price calculated: 33.9 | Currency: Złoty polski | Tax: 1
[2023-04-10T11:04:36+02:00] Variables: 1|69|102|14|0|0|1|1|1|1|6|||1|||||0
[2023-04-10T11:04:36+02:00] Product: 69-102 | Price calculated: 19.5 | Currency: Złoty polski | Tax: 1
[2023-04-10T11:04:36+02:00] Variables: 1|69|102|14|0|0|1|1|1|1|6||1|1|||||0
[2023-04-10T11:05:32+02:00] Product: 75-114 | Price calculated: 12.9 | Currency: Złoty polski | Tax: 1
[2023-04-10T11:05:32+02:00] Variables: 1|75|114|14|0|0|1|1|1|1|6|||1|||||0
[2023-04-10T11:05:32+02:00] Product: 75-114 | Price calculated: 12.9 | Currency: Złoty polski | Tax: 1
[2023-04-10T11:05:32+02:00] Variables: 1|75|114|14|0|0|1|1|1|1|6||1|1|||||0
[2023-04-10T11:05:32+02:00] Product: 75-115 | Price calculated: 20.9 | Currency: Złoty polski | Tax: 1
[2023-04-10T11:05:32+02:00] Variables: 1|75|115|14|0|0|1|1|1|1|6|||1|||||0
[2023-04-10T11:05:32+02:00] Product: 75-115 | Price calculated: 20.9 | Currency: Złoty polski | Tax: 1
[2023-04-10T11:05:32+02:00] Variables: 1|75|115|14|0|0|1|1|1|1|6||1|1|||||0
[2023-04-10T11:05:32+02:00] Product: 75-116 | Price calculated: 36.9 | Currency: Złoty polski | Tax: 1
[2023-04-10T11:05:32+02:00] Variables: 1|75|116|14|0|0|1|1|1|1|6|||1|||||0
[2023-04-10T11:05:32+02:00] Product: 75-116 | Price calculated: 36.9 | Currency: Złoty polski | Tax: 1
[2023-04-10T11:05:32+02:00] Variables: 1|75|116|14|0|0|1|1|1|1|6||1|1|||||0
[2023-04-10T11:06:15+02:00] Product: 54-64 | Price calculated: 11.5 | Currency: Złoty polski | Tax: 1
[2023-04-10T11:06:15+02:00] Variables: 1|54|64|14|0|0|1|1|1|1|6|||1|||||0
[2023-04-10T11:06:15+02:00] Product: 54-64 | Price calculated: 11.5 | Currency: Złoty polski | Tax: 1
[2023-04-10T11:06:15+02:00] Variables: 1|54|64|14|0|0|1|1|1|1|6||1|1|||||0
[2023-04-10T11:06:15+02:00] Product: 54-65 | Price calculated: 17.5 | Currency: Złoty polski | Tax: 1
[2023-04-10T11:06:15+02:00] Variables: 1|54|65|14|0|0|1|1|1|1|6|||1|||||0
[2023-04-10T11:06:15+02:00] Product: 54-65 | Price calculated: 17.5 | Currency: Złoty polski | Tax: 1
[2023-04-10T11:06:15+02:00] Variables: 1|54|65|14|0|0|1|1|1|1|6||1|1|||||0
[2023-04-10T11:06:15+02:00] Product: 54-66 | Price calculated: 27.9 | Currency: Złoty polski | Tax: 1
[2023-04-10T11:06:15+02:00] Variables: 1|54|66|14|0|0|1|1|1|1|6|||1|||||0
[2023-04-10T11:06:15+02:00] Product: 54-66 | Price calculated: 27.9 | Currency: Złoty polski | Tax: 1
[2023-04-10T11:06:15+02:00] Variables: 1|54|66|14|0|0|1|1|1|1|6||1|1|||||0
[2023-04-10T11:06:15+02:00] Product: 54-155 | Price calculated: 249 | Currency: Złoty polski | Tax: 1
[2023-04-10T11:06:15+02:00] Variables: 1|54|155|14|0|0|1|1|1|1|6|||1|||||0
[2023-04-10T11:06:15+02:00] Product: 54-155 | Price calculated: 249 | Currency: Złoty polski | Tax: 1
[2023-04-10T11:06:15+02:00] Variables: 1|54|155|14|0|0|1|1|1|1|6||1|1|||||0
[2023-04-10T11:26:11+02:00] Product: 73-108 | Price calculated: 14.5 | Currency: Złoty polski | Tax: 1
[2023-04-10T11:26:11+02:00] Variables: 1|73|108|14|0|0|1|1|1|1|6|||1|||||0
[2023-04-10T11:26:11+02:00] Product: 73-108 | Price calculated: 14.5 | Currency: Złoty polski | Tax: 1
[2023-04-10T11:26:11+02:00] Variables: 1|73|108|14|0|0|1|1|1|1|6||1|1|||||0
[2023-04-10T11:26:11+02:00] Product: 73-109 | Price calculated: 23.5 | Currency: Złoty polski | Tax: 1
[2023-04-10T11:26:11+02:00] Variables: 1|73|109|14|0|0|1|1|1|1|6|||1|||||0
[2023-04-10T11:26:11+02:00] Product: 73-109 | Price calculated: 23.5 | Currency: Złoty polski | Tax: 1
[2023-04-10T11:26:11+02:00] Variables: 1|73|109|14|0|0|1|1|1|1|6||1|1|||||0
[2023-04-10T11:26:11+02:00] Product: 73-110 | Price calculated: 39.9 | Currency: Złoty polski | Tax: 1
[2023-04-10T11:26:11+02:00] Variables: 1|73|110|14|0|0|1|1|1|1|6|||1|||||0
[2023-04-10T11:26:11+02:00] Product: 73-110 | Price calculated: 39.9 | Currency: Złoty polski | Tax: 1
[2023-04-10T11:26:11+02:00] Variables: 1|73|110|14|0|0|1|1|1|1|6||1|1|||||0
[2023-04-10T11:36:50+02:00] Product: 47-49 | Price calculated: 14.8953 | Currency: Złoty polski | Tax: 1
[2023-04-10T11:36:50+02:00] Variables: 1|47|49|14|0|0|1|1|1|1|6|||1|||||0
[2023-04-10T11:36:50+02:00] Product: 47-49 | Price calculated: 14.8953 | Currency: Złoty polski | Tax: 1
[2023-04-10T11:36:50+02:00] Variables: 1|47|49|14|0|0|1|1|1|1|6||1|1|||||0
[2023-04-10T11:36:50+02:00] Product: 47-50 | Price calculated: 22.9026 | Currency: Złoty polski | Tax: 1
[2023-04-10T11:36:50+02:00] Variables: 1|47|50|14|0|0|1|1|1|1|6|||1|||||0
[2023-04-10T11:36:50+02:00] Product: 47-50 | Price calculated: 22.9026 | Currency: Złoty polski | Tax: 1
[2023-04-10T11:36:50+02:00] Variables: 1|47|50|14|0|0|1|1|1|1|6||1|1|||||0
[2023-04-10T11:36:50+02:00] Product: 47-51 | Price calculated: 39.9012 | Currency: Złoty polski | Tax: 1
[2023-04-10T11:36:50+02:00] Variables: 1|47|51|14|0|0|1|1|1|1|6|||1|||||0
[2023-04-10T11:36:50+02:00] Product: 47-51 | Price calculated: 39.9012 | Currency: Złoty polski | Tax: 1
[2023-04-10T11:36:50+02:00] Variables: 1|47|51|14|0|0|1|1|1|1|6||1|1|||||0
[2023-04-10T12:41:42+02:00] Product: 114-168 | Price calculated: 12.9 | Currency: Złoty polski | Tax: 1
[2023-04-10T12:41:42+02:00] Variables: 1|114|168|14|0|0|1|1|1|1|6|||1|||||0
[2023-04-10T12:41:42+02:00] Product: 114-168 | Price calculated: 12.9 | Currency: Złoty polski | Tax: 1
[2023-04-10T12:41:42+02:00] Variables: 1|114|168|14|0|0|1|1|1|1|6||1|1|||||0
[2023-04-10T12:41:42+02:00] Product: 114-169 | Price calculated: 20.9 | Currency: Złoty polski | Tax: 1
[2023-04-10T12:41:42+02:00] Variables: 1|114|169|14|0|0|1|1|1|1|6|||1|||||0
[2023-04-10T12:41:42+02:00] Product: 114-169 | Price calculated: 20.9 | Currency: Złoty polski | Tax: 1
[2023-04-10T12:41:42+02:00] Variables: 1|114|169|14|0|0|1|1|1|1|6||1|1|||||0
[2023-04-10T12:41:42+02:00] Product: 114-170 | Price calculated: 39 | Currency: Złoty polski | Tax: 1
[2023-04-10T12:41:42+02:00] Variables: 1|114|170|14|0|0|1|1|1|1|6|||1|||||0
[2023-04-10T12:41:42+02:00] Product: 114-170 | Price calculated: 39 | Currency: Złoty polski | Tax: 1
[2023-04-10T12:41:42+02:00] Variables: 1|114|170|14|0|0|1|1|1|1|6||1|1|||||0
[2023-04-10T12:51:43+02:00] Product: 38 | Price calculated: 30.9 | Currency: Złoty polski | Tax: 1
[2023-04-10T12:51:43+02:00] Variables: 1|38||14|0|0|1|1|1|1|6|||1|||||0
[2023-04-10T12:51:43+02:00] Product: 38 | Price calculated: 30.9 | Currency: Złoty polski | Tax: 1
[2023-04-10T12:51:43+02:00] Variables: 1|38||14|0|0|1|1|1|1|6||1|1|||||0
[2023-04-10T12:52:20+02:00] Product: 59-77 | Price calculated: 18.9 | Currency: Złoty polski | Tax: 1
[2023-04-10T12:52:20+02:00] Variables: 1|59|77|14|0|0|1|1|1|1|6|||1|||||0
[2023-04-10T12:52:20+02:00] Product: 59-77 | Price calculated: 18.9 | Currency: Złoty polski | Tax: 1
[2023-04-10T12:52:20+02:00] Variables: 1|59|77|14|0|0|1|1|1|1|6||1|1|||||0
[2023-04-10T12:52:20+02:00] Product: 59-78 | Price calculated: 29.9 | Currency: Złoty polski | Tax: 1
[2023-04-10T12:52:20+02:00] Variables: 1|59|78|14|0|0|1|1|1|1|6|||1|||||0
[2023-04-10T12:52:20+02:00] Product: 59-78 | Price calculated: 29.9 | Currency: Złoty polski | Tax: 1
[2023-04-10T12:52:20+02:00] Variables: 1|59|78|14|0|0|1|1|1|1|6||1|1|||||0
[2023-04-10T12:52:20+02:00] Product: 59-79 | Price calculated: 39 | Currency: Złoty polski | Tax: 1
[2023-04-10T12:52:20+02:00] Variables: 1|59|79|14|0|0|1|1|1|1|6|||1|||||0
[2023-04-10T12:52:20+02:00] Product: 59-79 | Price calculated: 39 | Currency: Złoty polski | Tax: 1
[2023-04-10T12:52:20+02:00] Variables: 1|59|79|14|0|0|1|1|1|1|6||1|1|||||0
[2023-04-10T13:17:34+02:00] Product: 114-168 | Price calculated: 12.9 | Currency: Złoty polski | Tax: 1
[2023-04-10T13:17:34+02:00] Variables: 1|114|168|14|0|0|1|1|1|1|6|||1|||||0
[2023-04-10T13:17:34+02:00] Product: 114-168 | Price calculated: 12.9 | Currency: Złoty polski | Tax: 1
[2023-04-10T13:17:34+02:00] Variables: 1|114|168|14|0|0|1|1|1|1|6||1|1|||||0
[2023-04-10T13:17:34+02:00] Product: 114-169 | Price calculated: 20.9 | Currency: Złoty polski | Tax: 1
[2023-04-10T13:17:34+02:00] Variables: 1|114|169|14|0|0|1|1|1|1|6|||1|||||0
[2023-04-10T13:17:34+02:00] Product: 114-169 | Price calculated: 20.9 | Currency: Złoty polski | Tax: 1
[2023-04-10T13:17:34+02:00] Variables: 1|114|169|14|0|0|1|1|1|1|6||1|1|||||0
[2023-04-10T13:17:34+02:00] Product: 114-170 | Price calculated: 39 | Currency: Złoty polski | Tax: 1
[2023-04-10T13:17:34+02:00] Variables: 1|114|170|14|0|0|1|1|1|1|6|||1|||||0
[2023-04-10T13:17:34+02:00] Product: 114-170 | Price calculated: 39 | Currency: Złoty polski | Tax: 1
[2023-04-10T13:17:34+02:00] Variables: 1|114|170|14|0|0|1|1|1|1|6||1|1|||||0
[2023-04-10T13:45:20+02:00] Product: 66-91 | Price calculated: 12.9 | Currency: Złoty polski | Tax: 1
[2023-04-10T13:45:20+02:00] Variables: 1|66|91|14|0|0|1|1|1|1|6|||1|||||0
[2023-04-10T13:45:20+02:00] Product: 66-91 | Price calculated: 12.9 | Currency: Złoty polski | Tax: 1
[2023-04-10T13:45:20+02:00] Variables: 1|66|91|14|0|0|1|1|1|1|6||1|1|||||0
[2023-04-10T13:45:20+02:00] Product: 66-92 | Price calculated: 19 | Currency: Złoty polski | Tax: 1
[2023-04-10T13:45:20+02:00] Variables: 1|66|92|14|0|0|1|1|1|1|6|||1|||||0
[2023-04-10T13:45:20+02:00] Product: 66-92 | Price calculated: 19 | Currency: Złoty polski | Tax: 1
[2023-04-10T13:45:20+02:00] Variables: 1|66|92|14|0|0|1|1|1|1|6||1|1|||||0
[2023-04-10T13:45:20+02:00] Product: 66-93 | Price calculated: 29 | Currency: Złoty polski | Tax: 1
[2023-04-10T13:45:20+02:00] Variables: 1|66|93|14|0|0|1|1|1|1|6|||1|||||0
[2023-04-10T13:45:20+02:00] Product: 66-93 | Price calculated: 29 | Currency: Złoty polski | Tax: 1
[2023-04-10T13:45:20+02:00] Variables: 1|66|93|14|0|0|1|1|1|1|6||1|1|||||0
[2023-04-10T14:26:09+02:00] Product: 29 | Price calculated: 23.9 | Currency: Złoty polski | Tax: 1
[2023-04-10T14:26:09+02:00] Variables: 1|29||14|0|0|1|1|1|1|6|||1|||||0
[2023-04-10T14:26:09+02:00] Product: 29 | Price calculated: 23.9 | Currency: Złoty polski | Tax: 1
[2023-04-10T14:26:09+02:00] Variables: 1|29||14|0|0|1|1|1|1|6||1|1|||||0
[2023-04-10T14:27:00+02:00] Product: 54-64 | Price calculated: 11.5 | Currency: Złoty polski | Tax: 1
[2023-04-10T14:27:00+02:00] Variables: 1|54|64|14|0|0|1|1|1|1|6|||1|||||0
[2023-04-10T14:27:00+02:00] Product: 54-64 | Price calculated: 11.5 | Currency: Złoty polski | Tax: 1
[2023-04-10T14:27:00+02:00] Variables: 1|54|64|14|0|0|1|1|1|1|6||1|1|||||0
[2023-04-10T14:27:00+02:00] Product: 54-65 | Price calculated: 17.5 | Currency: Złoty polski | Tax: 1
[2023-04-10T14:27:00+02:00] Variables: 1|54|65|14|0|0|1|1|1|1|6|||1|||||0
[2023-04-10T14:27:00+02:00] Product: 54-65 | Price calculated: 17.5 | Currency: Złoty polski | Tax: 1
[2023-04-10T14:27:00+02:00] Variables: 1|54|65|14|0|0|1|1|1|1|6||1|1|||||0
[2023-04-10T14:27:00+02:00] Product: 54-66 | Price calculated: 27.9 | Currency: Złoty polski | Tax: 1
[2023-04-10T14:27:00+02:00] Variables: 1|54|66|14|0|0|1|1|1|1|6|||1|||||0
[2023-04-10T14:27:00+02:00] Product: 54-66 | Price calculated: 27.9 | Currency: Złoty polski | Tax: 1
[2023-04-10T14:27:00+02:00] Variables: 1|54|66|14|0|0|1|1|1|1|6||1|1|||||0
[2023-04-10T14:27:00+02:00] Product: 54-155 | Price calculated: 249 | Currency: Złoty polski | Tax: 1
[2023-04-10T14:27:00+02:00] Variables: 1|54|155|14|0|0|1|1|1|1|6|||1|||||0
[2023-04-10T14:27:00+02:00] Product: 54-155 | Price calculated: 249 | Currency: Złoty polski | Tax: 1
[2023-04-10T14:27:00+02:00] Variables: 1|54|155|14|0|0|1|1|1|1|6||1|1|||||0
[2023-04-10T14:32:17+02:00] Product: 59-77 | Price calculated: 18.9 | Currency: Złoty polski | Tax: 1
[2023-04-10T14:32:17+02:00] Variables: 1|59|77|14|0|0|1|1|1|1|6|||1|||||0
[2023-04-10T14:32:17+02:00] Product: 59-77 | Price calculated: 18.9 | Currency: Złoty polski | Tax: 1
[2023-04-10T14:32:17+02:00] Variables: 1|59|77|14|0|0|1|1|1|1|6||1|1|||||0
[2023-04-10T14:32:17+02:00] Product: 59-78 | Price calculated: 29.9 | Currency: Złoty polski | Tax: 1
[2023-04-10T14:32:17+02:00] Variables: 1|59|78|14|0|0|1|1|1|1|6|||1|||||0
[2023-04-10T14:32:17+02:00] Product: 59-78 | Price calculated: 29.9 | Currency: Złoty polski | Tax: 1
[2023-04-10T14:32:17+02:00] Variables: 1|59|78|14|0|0|1|1|1|1|6||1|1|||||0
[2023-04-10T14:32:17+02:00] Product: 59-79 | Price calculated: 39 | Currency: Złoty polski | Tax: 1
[2023-04-10T14:32:17+02:00] Variables: 1|59|79|14|0|0|1|1|1|1|6|||1|||||0
[2023-04-10T14:32:17+02:00] Product: 59-79 | Price calculated: 39 | Currency: Złoty polski | Tax: 1
[2023-04-10T14:32:17+02:00] Variables: 1|59|79|14|0|0|1|1|1|1|6||1|1|||||0
[2023-04-10T14:49:45+02:00] Product: 30 | Price calculated: 14.9 | Currency: Złoty polski | Tax: 1
[2023-04-10T14:49:45+02:00] Variables: 1|30||14|0|0|1|1|1|1|6|||1|||||0
[2023-04-10T14:49:45+02:00] Product: 30 | Price calculated: 14.9 | Currency: Złoty polski | Tax: 1
[2023-04-10T14:49:45+02:00] Variables: 1|30||14|0|0|1|1|1|1|6||1|1|||||0
[2023-04-10T14:52:28+02:00] Product: 67-95 | Price calculated: 49.9 | Currency: Złoty polski | Tax: 1
[2023-04-10T14:52:28+02:00] Variables: 1|67|95|14|0|0|1|1|1|1|6|||1|||||0
[2023-04-10T14:52:28+02:00] Product: 67-95 | Price calculated: 49.9 | Currency: Złoty polski | Tax: 1
[2023-04-10T14:52:28+02:00] Variables: 1|67|95|14|0|0|1|1|1|1|6||1|1|||||0
[2023-04-10T14:52:28+02:00] Product: 67-96 | Price calculated: 65.9 | Currency: Złoty polski | Tax: 1
[2023-04-10T14:52:28+02:00] Variables: 1|67|96|14|0|0|1|1|1|1|6|||1|||||0
[2023-04-10T14:52:28+02:00] Product: 67-96 | Price calculated: 65.9 | Currency: Złoty polski | Tax: 1
[2023-04-10T14:52:28+02:00] Variables: 1|67|96|14|0|0|1|1|1|1|6||1|1|||||0
[2023-04-10T14:52:28+02:00] Product: 67-103 | Price calculated: 22.9 | Currency: Złoty polski | Tax: 1
[2023-04-10T14:52:28+02:00] Variables: 1|67|103|14|0|0|1|1|1|1|6|||1|||||0
[2023-04-10T14:52:28+02:00] Product: 67-103 | Price calculated: 22.9 | Currency: Złoty polski | Tax: 1
[2023-04-10T14:52:28+02:00] Variables: 1|67|103|14|0|0|1|1|1|1|6||1|1|||||0
[2023-04-10T14:59:32+02:00] Product: 114-168 | Price calculated: 12.9 | Currency: Złoty polski | Tax: 1
[2023-04-10T14:59:32+02:00] Variables: 1|114|168|14|0|0|1|1|1|1|6|||1|||||0
[2023-04-10T14:59:32+02:00] Product: 114-168 | Price calculated: 12.9 | Currency: Złoty polski | Tax: 1
[2023-04-10T14:59:32+02:00] Variables: 1|114|168|14|0|0|1|1|1|1|6||1|1|||||0
[2023-04-10T14:59:32+02:00] Product: 114-169 | Price calculated: 20.9 | Currency: Złoty polski | Tax: 1
[2023-04-10T14:59:32+02:00] Variables: 1|114|169|14|0|0|1|1|1|1|6|||1|||||0
[2023-04-10T14:59:32+02:00] Product: 114-169 | Price calculated: 20.9 | Currency: Złoty polski | Tax: 1
[2023-04-10T14:59:32+02:00] Variables: 1|114|169|14|0|0|1|1|1|1|6||1|1|||||0
[2023-04-10T14:59:32+02:00] Product: 114-170 | Price calculated: 39 | Currency: Złoty polski | Tax: 1
[2023-04-10T14:59:32+02:00] Variables: 1|114|170|14|0|0|1|1|1|1|6|||1|||||0
[2023-04-10T14:59:32+02:00] Product: 114-170 | Price calculated: 39 | Currency: Złoty polski | Tax: 1
[2023-04-10T14:59:32+02:00] Variables: 1|114|170|14|0|0|1|1|1|1|6||1|1|||||0
[2023-04-10T14:59:46+02:00] Product: 35 | Price calculated: 41.9 | Currency: Złoty polski | Tax: 1
[2023-04-10T14:59:46+02:00] Variables: 1|35||14|0|0|1|1|1|1|6|||1|||||0
[2023-04-10T14:59:46+02:00] Product: 35 | Price calculated: 41.9 | Currency: Złoty polski | Tax: 1
[2023-04-10T14:59:46+02:00] Variables: 1|35||14|0|0|1|1|1|1|6||1|1|||||0
[2023-04-10T15:03:57+02:00] Product: 33 | Price calculated: 24.9 | Currency: Złoty polski | Tax: 1
[2023-04-10T15:03:57+02:00] Variables: 1|33||14|0|0|1|1|1|1|6|||1|||||0
[2023-04-10T15:03:57+02:00] Product: 33 | Price calculated: 21.9 | Currency: Złoty polski | Tax: 1
[2023-04-10T15:03:57+02:00] Variables: 1|33||14|0|0|1|1|1|1|6||1|1|||||0
[2023-04-10T15:47:13+02:00] Product: 45-46 | Price calculated: 16.9 | Currency: Złoty polski | Tax: 1
[2023-04-10T15:47:13+02:00] Variables: 1|45|46|14|0|0|1|1|1|1|6|||1|||||0
[2023-04-10T15:47:13+02:00] Product: 45-46 | Price calculated: 16.9 | Currency: Złoty polski | Tax: 1
[2023-04-10T15:47:13+02:00] Variables: 1|45|46|14|0|0|1|1|1|1|6||1|1|||||0
[2023-04-10T15:47:13+02:00] Product: 45-47 | Price calculated: 26.9 | Currency: Złoty polski | Tax: 1
[2023-04-10T15:47:13+02:00] Variables: 1|45|47|14|0|0|1|1|1|1|6|||1|||||0
[2023-04-10T15:47:13+02:00] Product: 45-47 | Price calculated: 26.9 | Currency: Złoty polski | Tax: 1
[2023-04-10T15:47:13+02:00] Variables: 1|45|47|14|0|0|1|1|1|1|6||1|1|||||0
[2023-04-10T15:47:13+02:00] Product: 45-48 | Price calculated: 44.5 | Currency: Złoty polski | Tax: 1
[2023-04-10T15:47:13+02:00] Variables: 1|45|48|14|0|0|1|1|1|1|6|||1|||||0
[2023-04-10T15:47:13+02:00] Product: 45-48 | Price calculated: 44.5 | Currency: Złoty polski | Tax: 1
[2023-04-10T15:47:13+02:00] Variables: 1|45|48|14|0|0|1|1|1|1|6||1|1|||||0
[2023-04-10T15:47:13+02:00] Product: 45-154 | Price calculated: 399 | Currency: Złoty polski | Tax: 1
[2023-04-10T15:47:13+02:00] Variables: 1|45|154|14|0|0|1|1|1|1|6|||1|||||0
[2023-04-10T15:47:13+02:00] Product: 45-154 | Price calculated: 399 | Currency: Złoty polski | Tax: 1
[2023-04-10T15:47:13+02:00] Variables: 1|45|154|14|0|0|1|1|1|1|6||1|1|||||0
[2023-04-10T16:07:19+02:00] Product: 55 | Price calculated: 22.9 | Currency: Złoty polski | Tax: 1
[2023-04-10T16:07:19+02:00] Variables: 1|55||14|0|0|1|1|1|1|6|||1|||||0
[2023-04-10T16:07:19+02:00] Product: 55 | Price calculated: 22.9 | Currency: Złoty polski | Tax: 1
[2023-04-10T16:07:19+02:00] Variables: 1|55||14|0|0|1|1|1|1|6||1|1|||||0
[2023-04-10T16:36:50+02:00] Product: 59-77 | Price calculated: 18.9 | Currency: Złoty polski | Tax: 1
[2023-04-10T16:36:50+02:00] Variables: 1|59|77|14|0|0|1|1|1|1|6|||1|||||0
[2023-04-10T16:36:50+02:00] Product: 59-77 | Price calculated: 18.9 | Currency: Złoty polski | Tax: 1
[2023-04-10T16:36:50+02:00] Variables: 1|59|77|14|0|0|1|1|1|1|6||1|1|||||0
[2023-04-10T16:36:50+02:00] Product: 59-78 | Price calculated: 29.9 | Currency: Złoty polski | Tax: 1
[2023-04-10T16:36:50+02:00] Variables: 1|59|78|14|0|0|1|1|1|1|6|||1|||||0
[2023-04-10T16:36:50+02:00] Product: 59-78 | Price calculated: 29.9 | Currency: Złoty polski | Tax: 1
[2023-04-10T16:36:50+02:00] Variables: 1|59|78|14|0|0|1|1|1|1|6||1|1|||||0
[2023-04-10T16:36:50+02:00] Product: 59-79 | Price calculated: 39 | Currency: Złoty polski | Tax: 1
[2023-04-10T16:36:50+02:00] Variables: 1|59|79|14|0|0|1|1|1|1|6|||1|||||0
[2023-04-10T16:36:50+02:00] Product: 59-79 | Price calculated: 39 | Currency: Złoty polski | Tax: 1
[2023-04-10T16:36:50+02:00] Variables: 1|59|79|14|0|0|1|1|1|1|6||1|1|||||0
[2023-04-10T17:03:19+02:00] Product: 88-132 | Price calculated: 10.9 | Currency: Złoty polski | Tax: 1
[2023-04-10T17:03:19+02:00] Variables: 1|88|132|14|0|0|1|1|1|1|6|||1|||||0
[2023-04-10T17:03:19+02:00] Product: 88-132 | Price calculated: 10.9 | Currency: Złoty polski | Tax: 1
[2023-04-10T17:03:19+02:00] Variables: 1|88|132|14|0|0|1|1|1|1|6||1|1|||||0
[2023-04-10T17:03:19+02:00] Product: 88-133 | Price calculated: 14.9 | Currency: Złoty polski | Tax: 1
[2023-04-10T17:03:19+02:00] Variables: 1|88|133|14|0|0|1|1|1|1|6|||1|||||0
[2023-04-10T17:03:19+02:00] Product: 88-133 | Price calculated: 14.9 | Currency: Złoty polski | Tax: 1
[2023-04-10T17:03:19+02:00] Variables: 1|88|133|14|0|0|1|1|1|1|6||1|1|||||0
[2023-04-10T17:03:19+02:00] Product: 88-134 | Price calculated: 22.9 | Currency: Złoty polski | Tax: 1
[2023-04-10T17:03:19+02:00] Variables: 1|88|134|14|0|0|1|1|1|1|6|||1|||||0
[2023-04-10T17:03:19+02:00] Product: 88-134 | Price calculated: 22.9 | Currency: Złoty polski | Tax: 1
[2023-04-10T17:03:19+02:00] Variables: 1|88|134|14|0|0|1|1|1|1|6||1|1|||||0
[2023-04-10T17:09:40+02:00] Product: 103-138 | Price calculated: 16.9 | Currency: Złoty polski | Tax: 1
[2023-04-10T17:09:40+02:00] Variables: 1|103|138|14|0|0|1|1|1|1|6|||1|||||0
[2023-04-10T17:09:40+02:00] Product: 103-138 | Price calculated: 16.9 | Currency: Złoty polski | Tax: 1
[2023-04-10T17:09:40+02:00] Variables: 1|103|138|14|0|0|1|1|1|1|6||1|1|||||0
[2023-04-10T17:09:40+02:00] Product: 103-139 | Price calculated: 25.9 | Currency: Złoty polski | Tax: 1
[2023-04-10T17:09:40+02:00] Variables: 1|103|139|14|0|0|1|1|1|1|6|||1|||||0
[2023-04-10T17:09:40+02:00] Product: 103-139 | Price calculated: 25.9 | Currency: Złoty polski | Tax: 1
[2023-04-10T17:09:40+02:00] Variables: 1|103|139|14|0|0|1|1|1|1|6||1|1|||||0
[2023-04-10T17:09:40+02:00] Product: 103-140 | Price calculated: 31.9 | Currency: Złoty polski | Tax: 1
[2023-04-10T17:09:40+02:00] Variables: 1|103|140|14|0|0|1|1|1|1|6|||1|||||0
[2023-04-10T17:09:40+02:00] Product: 103-140 | Price calculated: 31.9 | Currency: Złoty polski | Tax: 1
[2023-04-10T17:09:40+02:00] Variables: 1|103|140|14|0|0|1|1|1|1|6||1|1|||||0
[2023-04-10T17:09:40+02:00] Product: 103-141 | Price calculated: 46.9 | Currency: Złoty polski | Tax: 1
[2023-04-10T17:09:40+02:00] Variables: 1|103|141|14|0|0|1|1|1|1|6|||1|||||0
[2023-04-10T17:09:40+02:00] Product: 103-141 | Price calculated: 46.9 | Currency: Złoty polski | Tax: 1
[2023-04-10T17:09:40+02:00] Variables: 1|103|141|14|0|0|1|1|1|1|6||1|1|||||0
[2023-04-10T17:13:17+02:00] Product: 68-97 | Price calculated: 12.9 | Currency: Złoty polski | Tax: 1
[2023-04-10T17:13:17+02:00] Variables: 1|68|97|14|0|0|1|1|1|1|6|||1|||||0
[2023-04-10T17:13:17+02:00] Product: 68-97 | Price calculated: 12.9 | Currency: Złoty polski | Tax: 1
[2023-04-10T17:13:17+02:00] Variables: 1|68|97|14|0|0|1|1|1|1|6||1|1|||||0
[2023-04-10T17:13:17+02:00] Product: 68-98 | Price calculated: 18.9 | Currency: Złoty polski | Tax: 1
[2023-04-10T17:13:17+02:00] Variables: 1|68|98|14|0|0|1|1|1|1|6|||1|||||0
[2023-04-10T17:13:17+02:00] Product: 68-98 | Price calculated: 18.9 | Currency: Złoty polski | Tax: 1
[2023-04-10T17:13:17+02:00] Variables: 1|68|98|14|0|0|1|1|1|1|6||1|1|||||0
[2023-04-10T17:13:17+02:00] Product: 68-99 | Price calculated: 29 | Currency: Złoty polski | Tax: 1
[2023-04-10T17:13:17+02:00] Variables: 1|68|99|14|0|0|1|1|1|1|6|||1|||||0
[2023-04-10T17:13:17+02:00] Product: 68-99 | Price calculated: 29 | Currency: Złoty polski | Tax: 1
[2023-04-10T17:13:17+02:00] Variables: 1|68|99|14|0|0|1|1|1|1|6||1|1|||||0
[2023-04-10T17:13:54+02:00] Product: 62-86 | Price calculated: 17.9 | Currency: Złoty polski | Tax: 1
[2023-04-10T17:13:54+02:00] Variables: 1|62|86|14|0|0|1|1|1|1|6|||1|||||0
[2023-04-10T17:13:54+02:00] Product: 62-86 | Price calculated: 17.9 | Currency: Złoty polski | Tax: 1
[2023-04-10T17:13:54+02:00] Variables: 1|62|86|14|0|0|1|1|1|1|6||1|1|||||0
[2023-04-10T17:13:54+02:00] Product: 62-87 | Price calculated: 28.9 | Currency: Złoty polski | Tax: 1
[2023-04-10T17:13:54+02:00] Variables: 1|62|87|14|0|0|1|1|1|1|6|||1|||||0
[2023-04-10T17:13:54+02:00] Product: 62-87 | Price calculated: 28.9 | Currency: Złoty polski | Tax: 1
[2023-04-10T17:13:54+02:00] Variables: 1|62|87|14|0|0|1|1|1|1|6||1|1|||||0
[2023-04-10T17:13:54+02:00] Product: 62-88 | Price calculated: 38.5 | Currency: Złoty polski | Tax: 1
[2023-04-10T17:13:54+02:00] Variables: 1|62|88|14|0|0|1|1|1|1|6|||1|||||0
[2023-04-10T17:13:54+02:00] Product: 62-88 | Price calculated: 38.5 | Currency: Złoty polski | Tax: 1
[2023-04-10T17:13:54+02:00] Variables: 1|62|88|14|0|0|1|1|1|1|6||1|1|||||0
[2023-04-10T17:13:54+02:00] Product: 62-89 | Price calculated: 15.9 | Currency: Złoty polski | Tax: 1
[2023-04-10T17:13:54+02:00] Variables: 1|62|89|14|0|0|1|1|1|1|6|||1|||||0
[2023-04-10T17:13:54+02:00] Product: 62-89 | Price calculated: 15.9 | Currency: Złoty polski | Tax: 1
[2023-04-10T17:13:54+02:00] Variables: 1|62|89|14|0|0|1|1|1|1|6||1|1|||||0
[2023-04-10T17:14:55+02:00] Product: 47-49 | Price calculated: 14.8953 | Currency: Złoty polski | Tax: 1
[2023-04-10T17:14:55+02:00] Variables: 1|47|49|14|0|0|1|1|1|1|6|||1|||||0
[2023-04-10T17:14:55+02:00] Product: 47-49 | Price calculated: 14.8953 | Currency: Złoty polski | Tax: 1
[2023-04-10T17:14:55+02:00] Variables: 1|47|49|14|0|0|1|1|1|1|6||1|1|||||0
[2023-04-10T17:14:55+02:00] Product: 47-50 | Price calculated: 22.9026 | Currency: Złoty polski | Tax: 1
[2023-04-10T17:14:55+02:00] Variables: 1|47|50|14|0|0|1|1|1|1|6|||1|||||0
[2023-04-10T17:14:55+02:00] Product: 47-50 | Price calculated: 22.9026 | Currency: Złoty polski | Tax: 1
[2023-04-10T17:14:55+02:00] Variables: 1|47|50|14|0|0|1|1|1|1|6||1|1|||||0
[2023-04-10T17:14:55+02:00] Product: 47-51 | Price calculated: 39.9012 | Currency: Złoty polski | Tax: 1
[2023-04-10T17:14:55+02:00] Variables: 1|47|51|14|0|0|1|1|1|1|6|||1|||||0
[2023-04-10T17:14:55+02:00] Product: 47-51 | Price calculated: 39.9012 | Currency: Złoty polski | Tax: 1
[2023-04-10T17:14:55+02:00] Variables: 1|47|51|14|0|0|1|1|1|1|6||1|1|||||0
[2023-04-10T17:33:18+02:00] Product: 35 | Price calculated: 41.9 | Currency: Złoty polski | Tax: 1
[2023-04-10T17:33:18+02:00] Variables: 1|35||14|0|0|1|1|1|1|6|||1|||||0
[2023-04-10T17:33:18+02:00] Product: 35 | Price calculated: 41.9 | Currency: Złoty polski | Tax: 1
[2023-04-10T17:33:18+02:00] Variables: 1|35||14|0|0|1|1|1|1|6||1|1|||||0
[2023-04-10T18:03:54+02:00] Product: 103-138 | Price calculated: 16.9 | Currency: Złoty polski | Tax: 1
[2023-04-10T18:03:54+02:00] Variables: 1|103|138|14|0|0|1|1|1|1|6|||1|||||0
[2023-04-10T18:03:54+02:00] Product: 103-138 | Price calculated: 16.9 | Currency: Złoty polski | Tax: 1
[2023-04-10T18:03:54+02:00] Variables: 1|103|138|14|0|0|1|1|1|1|6||1|1|||||0
[2023-04-10T18:03:54+02:00] Product: 103-139 | Price calculated: 25.9 | Currency: Złoty polski | Tax: 1
[2023-04-10T18:03:54+02:00] Variables: 1|103|139|14|0|0|1|1|1|1|6|||1|||||0
[2023-04-10T18:03:54+02:00] Product: 103-139 | Price calculated: 25.9 | Currency: Złoty polski | Tax: 1
[2023-04-10T18:03:54+02:00] Variables: 1|103|139|14|0|0|1|1|1|1|6||1|1|||||0
[2023-04-10T18:03:54+02:00] Product: 103-140 | Price calculated: 31.9 | Currency: Złoty polski | Tax: 1
[2023-04-10T18:03:54+02:00] Variables: 1|103|140|14|0|0|1|1|1|1|6|||1|||||0
[2023-04-10T18:03:54+02:00] Product: 103-140 | Price calculated: 31.9 | Currency: Złoty polski | Tax: 1
[2023-04-10T18:03:54+02:00] Variables: 1|103|140|14|0|0|1|1|1|1|6||1|1|||||0
[2023-04-10T18:03:54+02:00] Product: 103-141 | Price calculated: 46.9 | Currency: Złoty polski | Tax: 1
[2023-04-10T18:03:54+02:00] Variables: 1|103|141|14|0|0|1|1|1|1|6|||1|||||0
[2023-04-10T18:03:54+02:00] Product: 103-141 | Price calculated: 46.9 | Currency: Złoty polski | Tax: 1
[2023-04-10T18:03:54+02:00] Variables: 1|103|141|14|0|0|1|1|1|1|6||1|1|||||0
[2023-04-10T18:05:10+02:00] Product: 55 | Price calculated: 22.9 | Currency: Złoty polski | Tax: 1
[2023-04-10T18:05:10+02:00] Variables: 1|55||14|0|0|1|1|1|1|6|||1|||||0
[2023-04-10T18:05:10+02:00] Product: 55 | Price calculated: 22.9 | Currency: Złoty polski | Tax: 1
[2023-04-10T18:05:10+02:00] Variables: 1|55||14|0|0|1|1|1|1|6||1|1|||||0
[2023-04-10T18:05:53+02:00] Product: 59-77 | Price calculated: 18.9 | Currency: Złoty polski | Tax: 1
[2023-04-10T18:05:53+02:00] Variables: 1|59|77|14|0|0|1|1|1|1|6|||1|||||0
[2023-04-10T18:05:53+02:00] Product: 59-77 | Price calculated: 18.9 | Currency: Złoty polski | Tax: 1
[2023-04-10T18:05:53+02:00] Variables: 1|59|77|14|0|0|1|1|1|1|6||1|1|||||0
[2023-04-10T18:05:53+02:00] Product: 59-78 | Price calculated: 29.9 | Currency: Złoty polski | Tax: 1
[2023-04-10T18:05:53+02:00] Variables: 1|59|78|14|0|0|1|1|1|1|6|||1|||||0
[2023-04-10T18:05:53+02:00] Product: 59-78 | Price calculated: 29.9 | Currency: Złoty polski | Tax: 1
[2023-04-10T18:05:53+02:00] Variables: 1|59|78|14|0|0|1|1|1|1|6||1|1|||||0
[2023-04-10T18:05:53+02:00] Product: 59-79 | Price calculated: 39 | Currency: Złoty polski | Tax: 1
[2023-04-10T18:05:53+02:00] Variables: 1|59|79|14|0|0|1|1|1|1|6|||1|||||0
[2023-04-10T18:05:53+02:00] Product: 59-79 | Price calculated: 39 | Currency: Złoty polski | Tax: 1
[2023-04-10T18:05:53+02:00] Variables: 1|59|79|14|0|0|1|1|1|1|6||1|1|||||0
[2023-04-10T18:10:38+02:00] Product: 68-97 | Price calculated: 12.9 | Currency: Złoty polski | Tax: 1
[2023-04-10T18:10:38+02:00] Variables: 1|68|97|14|0|0|1|1|1|1|6|||1|||||0
[2023-04-10T18:10:38+02:00] Product: 68-97 | Price calculated: 12.9 | Currency: Złoty polski | Tax: 1
[2023-04-10T18:10:38+02:00] Variables: 1|68|97|14|0|0|1|1|1|1|6||1|1|||||0
[2023-04-10T18:10:38+02:00] Product: 68-98 | Price calculated: 18.9 | Currency: Złoty polski | Tax: 1
[2023-04-10T18:10:38+02:00] Variables: 1|68|98|14|0|0|1|1|1|1|6|||1|||||0
[2023-04-10T18:10:38+02:00] Product: 68-98 | Price calculated: 18.9 | Currency: Złoty polski | Tax: 1
[2023-04-10T18:10:38+02:00] Variables: 1|68|98|14|0|0|1|1|1|1|6||1|1|||||0
[2023-04-10T18:10:38+02:00] Product: 68-99 | Price calculated: 29 | Currency: Złoty polski | Tax: 1
[2023-04-10T18:10:38+02:00] Variables: 1|68|99|14|0|0|1|1|1|1|6|||1|||||0
[2023-04-10T18:10:38+02:00] Product: 68-99 | Price calculated: 29 | Currency: Złoty polski | Tax: 1
[2023-04-10T18:10:38+02:00] Variables: 1|68|99|14|0|0|1|1|1|1|6||1|1|||||0
[2023-04-10T18:22:52+02:00] Product: 62-86 | Price calculated: 17.9 | Currency: Złoty polski | Tax: 1
[2023-04-10T18:22:52+02:00] Variables: 1|62|86|14|0|0|1|1|1|1|6|||1|||||0
[2023-04-10T18:22:52+02:00] Product: 62-86 | Price calculated: 17.9 | Currency: Złoty polski | Tax: 1
[2023-04-10T18:22:52+02:00] Variables: 1|62|86|14|0|0|1|1|1|1|6||1|1|||||0
[2023-04-10T18:22:52+02:00] Product: 62-87 | Price calculated: 28.9 | Currency: Złoty polski | Tax: 1
[2023-04-10T18:22:52+02:00] Variables: 1|62|87|14|0|0|1|1|1|1|6|||1|||||0
[2023-04-10T18:22:52+02:00] Product: 62-87 | Price calculated: 28.9 | Currency: Złoty polski | Tax: 1
[2023-04-10T18:22:52+02:00] Variables: 1|62|87|14|0|0|1|1|1|1|6||1|1|||||0
[2023-04-10T18:22:52+02:00] Product: 62-88 | Price calculated: 38.5 | Currency: Złoty polski | Tax: 1
[2023-04-10T18:22:52+02:00] Variables: 1|62|88|14|0|0|1|1|1|1|6|||1|||||0
[2023-04-10T18:22:52+02:00] Product: 62-88 | Price calculated: 38.5 | Currency: Złoty polski | Tax: 1
[2023-04-10T18:22:52+02:00] Variables: 1|62|88|14|0|0|1|1|1|1|6||1|1|||||0
[2023-04-10T18:22:52+02:00] Product: 62-89 | Price calculated: 15.9 | Currency: Złoty polski | Tax: 1
[2023-04-10T18:22:52+02:00] Variables: 1|62|89|14|0|0|1|1|1|1|6|||1|||||0
[2023-04-10T18:22:52+02:00] Product: 62-89 | Price calculated: 15.9 | Currency: Złoty polski | Tax: 1
[2023-04-10T18:22:52+02:00] Variables: 1|62|89|14|0|0|1|1|1|1|6||1|1|||||0
[2023-04-10T18:22:53+02:00] Product: 67-95 | Price calculated: 49.9 | Currency: Złoty polski | Tax: 1
[2023-04-10T18:22:53+02:00] Variables: 1|67|95|14|0|0|1|1|1|1|6|||1|||||0
[2023-04-10T18:22:53+02:00] Product: 67-95 | Price calculated: 49.9 | Currency: Złoty polski | Tax: 1
[2023-04-10T18:22:53+02:00] Variables: 1|67|95|14|0|0|1|1|1|1|6||1|1|||||0
[2023-04-10T18:22:53+02:00] Product: 67-96 | Price calculated: 65.9 | Currency: Złoty polski | Tax: 1
[2023-04-10T18:22:53+02:00] Variables: 1|67|96|14|0|0|1|1|1|1|6|||1|||||0
[2023-04-10T18:22:53+02:00] Product: 67-96 | Price calculated: 65.9 | Currency: Złoty polski | Tax: 1
[2023-04-10T18:22:53+02:00] Variables: 1|67|96|14|0|0|1|1|1|1|6||1|1|||||0
[2023-04-10T18:22:53+02:00] Product: 67-103 | Price calculated: 22.9 | Currency: Złoty polski | Tax: 1
[2023-04-10T18:22:53+02:00] Variables: 1|67|103|14|0|0|1|1|1|1|6|||1|||||0
[2023-04-10T18:22:53+02:00] Product: 67-103 | Price calculated: 22.9 | Currency: Złoty polski | Tax: 1
[2023-04-10T18:22:53+02:00] Variables: 1|67|103|14|0|0|1|1|1|1|6||1|1|||||0
[2023-04-10T18:41:11+02:00] Product: 60-80 | Price calculated: 35 | Currency: Złoty polski | Tax: 1
[2023-04-10T18:41:11+02:00] Variables: 1|60|80|14|0|0|1|1|1|1|6|||1|||||0
[2023-04-10T18:41:11+02:00] Product: 60-80 | Price calculated: 35 | Currency: Złoty polski | Tax: 1
[2023-04-10T18:41:11+02:00] Variables: 1|60|80|14|0|0|1|1|1|1|6||1|1|||||0
[2023-04-10T18:41:11+02:00] Product: 60-81 | Price calculated: 55.9 | Currency: Złoty polski | Tax: 1
[2023-04-10T18:41:11+02:00] Variables: 1|60|81|14|0|0|1|1|1|1|6|||1|||||0
[2023-04-10T18:41:11+02:00] Product: 60-81 | Price calculated: 55.9 | Currency: Złoty polski | Tax: 1
[2023-04-10T18:41:11+02:00] Variables: 1|60|81|14|0|0|1|1|1|1|6||1|1|||||0
[2023-04-10T18:41:11+02:00] Product: 60-82 | Price calculated: 75.9 | Currency: Złoty polski | Tax: 1
[2023-04-10T18:41:11+02:00] Variables: 1|60|82|14|0|0|1|1|1|1|6|||1|||||0
[2023-04-10T18:41:11+02:00] Product: 60-82 | Price calculated: 75.9 | Currency: Złoty polski | Tax: 1
[2023-04-10T18:41:11+02:00] Variables: 1|60|82|14|0|0|1|1|1|1|6||1|1|||||0
[2023-04-10T18:42:35+02:00] Product: 29 | Price calculated: 23.9 | Currency: Złoty polski | Tax: 1
[2023-04-10T18:42:35+02:00] Variables: 1|29||14|0|0|1|1|1|1|6|||1|||||0
[2023-04-10T18:42:35+02:00] Product: 29 | Price calculated: 23.9 | Currency: Złoty polski | Tax: 1
[2023-04-10T18:42:35+02:00] Variables: 1|29||14|0|0|1|1|1|1|6||1|1|||||0
[2023-04-10T18:42:53+02:00] Product: 25 | Price calculated: 12.9 | Currency: Złoty polski | Tax: 1
[2023-04-10T18:42:53+02:00] Variables: 1|25||14|0|0|1|1|1|1|6|||1|||||0
[2023-04-10T18:42:53+02:00] Product: 25 | Price calculated: 12.9 | Currency: Złoty polski | Tax: 1
[2023-04-10T18:42:53+02:00] Variables: 1|25||14|0|0|1|1|1|1|6||1|1|||||0
[2023-04-10T18:47:04+02:00] Product: 76-117 | Price calculated: 24.9 | Currency: Złoty polski | Tax: 1
[2023-04-10T18:47:04+02:00] Variables: 1|76|117|14|0|0|1|1|1|1|6|||1|||||0
[2023-04-10T18:47:04+02:00] Product: 76-117 | Price calculated: 24.9 | Currency: Złoty polski | Tax: 1
[2023-04-10T18:47:04+02:00] Variables: 1|76|117|14|0|0|1|1|1|1|6||1|1|||||0
[2023-04-10T18:47:04+02:00] Product: 76-118 | Price calculated: 39.9 | Currency: Złoty polski | Tax: 1
[2023-04-10T18:47:04+02:00] Variables: 1|76|118|14|0|0|1|1|1|1|6|||1|||||0
[2023-04-10T18:47:04+02:00] Product: 76-118 | Price calculated: 39.9 | Currency: Złoty polski | Tax: 1
[2023-04-10T18:47:04+02:00] Variables: 1|76|118|14|0|0|1|1|1|1|6||1|1|||||0
[2023-04-10T18:47:04+02:00] Product: 76-119 | Price calculated: 59 | Currency: Złoty polski | Tax: 1
[2023-04-10T18:47:04+02:00] Variables: 1|76|119|14|0|0|1|1|1|1|6|||1|||||0
[2023-04-10T18:47:04+02:00] Product: 76-119 | Price calculated: 59 | Currency: Złoty polski | Tax: 1
[2023-04-10T18:47:04+02:00] Variables: 1|76|119|14|0|0|1|1|1|1|6||1|1|||||0
[2023-04-10T18:48:29+02:00] Product: 45-46 | Price calculated: 16.9 | Currency: Złoty polski | Tax: 1
[2023-04-10T18:48:29+02:00] Variables: 1|45|46|14|0|0|1|1|1|1|6|||1|||||0
[2023-04-10T18:48:29+02:00] Product: 45-46 | Price calculated: 16.9 | Currency: Złoty polski | Tax: 1
[2023-04-10T18:48:29+02:00] Variables: 1|45|46|14|0|0|1|1|1|1|6||1|1|||||0
[2023-04-10T18:48:29+02:00] Product: 45-47 | Price calculated: 26.9 | Currency: Złoty polski | Tax: 1
[2023-04-10T18:48:29+02:00] Variables: 1|45|47|14|0|0|1|1|1|1|6|||1|||||0
[2023-04-10T18:48:29+02:00] Product: 45-47 | Price calculated: 26.9 | Currency: Złoty polski | Tax: 1
[2023-04-10T18:48:29+02:00] Variables: 1|45|47|14|0|0|1|1|1|1|6||1|1|||||0
[2023-04-10T18:48:29+02:00] Product: 45-48 | Price calculated: 44.5 | Currency: Złoty polski | Tax: 1
[2023-04-10T18:48:29+02:00] Variables: 1|45|48|14|0|0|1|1|1|1|6|||1|||||0
[2023-04-10T18:48:29+02:00] Product: 45-48 | Price calculated: 44.5 | Currency: Złoty polski | Tax: 1
[2023-04-10T18:48:29+02:00] Variables: 1|45|48|14|0|0|1|1|1|1|6||1|1|||||0
[2023-04-10T18:48:29+02:00] Product: 45-154 | Price calculated: 399 | Currency: Złoty polski | Tax: 1
[2023-04-10T18:48:29+02:00] Variables: 1|45|154|14|0|0|1|1|1|1|6|||1|||||0
[2023-04-10T18:48:29+02:00] Product: 45-154 | Price calculated: 399 | Currency: Złoty polski | Tax: 1
[2023-04-10T18:48:29+02:00] Variables: 1|45|154|14|0|0|1|1|1|1|6||1|1|||||0
[2023-04-10T19:13:44+02:00] Product: 51-58 | Price calculated: 11.9 | Currency: Złoty polski | Tax: 1
[2023-04-10T19:13:44+02:00] Variables: 1|51|58|14|0|0|1|1|1|1|6|||1|||||0
[2023-04-10T19:13:44+02:00] Product: 51-58 | Price calculated: 11.9 | Currency: Złoty polski | Tax: 1
[2023-04-10T19:13:44+02:00] Variables: 1|51|58|14|0|0|1|1|1|1|6||1|1|||||0
[2023-04-10T19:13:44+02:00] Product: 51-59 | Price calculated: 19.9 | Currency: Złoty polski | Tax: 1
[2023-04-10T19:13:44+02:00] Variables: 1|51|59|14|0|0|1|1|1|1|6|||1|||||0
[2023-04-10T19:13:44+02:00] Product: 51-59 | Price calculated: 19.9 | Currency: Złoty polski | Tax: 1
[2023-04-10T19:13:44+02:00] Variables: 1|51|59|14|0|0|1|1|1|1|6||1|1|||||0
[2023-04-10T19:13:44+02:00] Product: 51-60 | Price calculated: 34.5 | Currency: Złoty polski | Tax: 1
[2023-04-10T19:13:44+02:00] Variables: 1|51|60|14|0|0|1|1|1|1|6|||1|||||0
[2023-04-10T19:13:44+02:00] Product: 51-60 | Price calculated: 34.5 | Currency: Złoty polski | Tax: 1
[2023-04-10T19:13:44+02:00] Variables: 1|51|60|14|0|0|1|1|1|1|6||1|1|||||0
[2023-04-10T19:13:44+02:00] Product: 51-153 | Price calculated: 289 | Currency: Złoty polski | Tax: 1
[2023-04-10T19:13:44+02:00] Variables: 1|51|153|14|0|0|1|1|1|1|6|||1|||||0
[2023-04-10T19:13:44+02:00] Product: 51-153 | Price calculated: 289 | Currency: Złoty polski | Tax: 1
[2023-04-10T19:13:44+02:00] Variables: 1|51|153|14|0|0|1|1|1|1|6||1|1|||||0
[2023-04-10T19:39:43+02:00] Product: 86-126 | Price calculated: 21.9 | Currency: Złoty polski | Tax: 1
[2023-04-10T19:39:43+02:00] Variables: 1|86|126|14|0|0|1|1|1|1|6|||1|||||0
[2023-04-10T19:39:43+02:00] Product: 86-126 | Price calculated: 21.9 | Currency: Złoty polski | Tax: 1
[2023-04-10T19:39:43+02:00] Variables: 1|86|126|14|0|0|1|1|1|1|6||1|1|||||0
[2023-04-10T19:39:43+02:00] Product: 86-127 | Price calculated: 34.9 | Currency: Złoty polski | Tax: 1
[2023-04-10T19:39:43+02:00] Variables: 1|86|127|14|0|0|1|1|1|1|6|||1|||||0
[2023-04-10T19:39:43+02:00] Product: 86-127 | Price calculated: 34.9 | Currency: Złoty polski | Tax: 1
[2023-04-10T19:39:43+02:00] Variables: 1|86|127|14|0|0|1|1|1|1|6||1|1|||||0
[2023-04-10T19:39:43+02:00] Product: 86-128 | Price calculated: 44.9 | Currency: Złoty polski | Tax: 1
[2023-04-10T19:39:43+02:00] Variables: 1|86|128|14|0|0|1|1|1|1|6|||1|||||0
[2023-04-10T19:39:43+02:00] Product: 86-128 | Price calculated: 44.9 | Currency: Złoty polski | Tax: 1
[2023-04-10T19:39:43+02:00] Variables: 1|86|128|14|0|0|1|1|1|1|6||1|1|||||0
[2023-04-10T19:45:39+02:00] Product: 30 | Price calculated: 14.9 | Currency: Złoty polski | Tax: 1
[2023-04-10T19:45:39+02:00] Variables: 1|30||14|0|0|1|1|1|1|6|||1|||||0
[2023-04-10T19:45:39+02:00] Product: 30 | Price calculated: 14.9 | Currency: Złoty polski | Tax: 1
[2023-04-10T19:45:39+02:00] Variables: 1|30||14|0|0|1|1|1|1|6||1|1|||||0
[2023-04-10T19:57:23+02:00] Product: 65 | Price calculated: 57.9 | Currency: Złoty polski | Tax: 1
[2023-04-10T19:57:23+02:00] Variables: 1|65||14|0|0|1|1|1|1|6|||1|||||0
[2023-04-10T19:57:23+02:00] Product: 65 | Price calculated: 57.9 | Currency: Złoty polski | Tax: 1
[2023-04-10T19:57:23+02:00] Variables: 1|65||14|0|0|1|1|1|1|6||1|1|||||0
[2023-04-10T20:07:14+02:00] Product: 45-46 | Price calculated: 16.9 | Currency: Złoty polski | Tax: 1
[2023-04-10T20:07:14+02:00] Variables: 1|45|46|14|0|0|1|1|1|1|6|||1|||||0
[2023-04-10T20:07:14+02:00] Product: 45-46 | Price calculated: 16.9 | Currency: Złoty polski | Tax: 1
[2023-04-10T20:07:14+02:00] Variables: 1|45|46|14|0|0|1|1|1|1|6||1|1|||||0
[2023-04-10T20:07:14+02:00] Product: 45-47 | Price calculated: 26.9 | Currency: Złoty polski | Tax: 1
[2023-04-10T20:07:14+02:00] Variables: 1|45|47|14|0|0|1|1|1|1|6|||1|||||0
[2023-04-10T20:07:14+02:00] Product: 45-47 | Price calculated: 26.9 | Currency: Złoty polski | Tax: 1
[2023-04-10T20:07:14+02:00] Variables: 1|45|47|14|0|0|1|1|1|1|6||1|1|||||0
[2023-04-10T20:07:14+02:00] Product: 45-48 | Price calculated: 44.5 | Currency: Złoty polski | Tax: 1
[2023-04-10T20:07:14+02:00] Variables: 1|45|48|14|0|0|1|1|1|1|6|||1|||||0
[2023-04-10T20:07:14+02:00] Product: 45-48 | Price calculated: 44.5 | Currency: Złoty polski | Tax: 1
[2023-04-10T20:07:14+02:00] Variables: 1|45|48|14|0|0|1|1|1|1|6||1|1|||||0
[2023-04-10T20:07:14+02:00] Product: 45-154 | Price calculated: 399 | Currency: Złoty polski | Tax: 1
[2023-04-10T20:07:14+02:00] Variables: 1|45|154|14|0|0|1|1|1|1|6|||1|||||0
[2023-04-10T20:07:14+02:00] Product: 45-154 | Price calculated: 399 | Currency: Złoty polski | Tax: 1
[2023-04-10T20:07:14+02:00] Variables: 1|45|154|14|0|0|1|1|1|1|6||1|1|||||0
[2023-04-10T20:28:18+02:00] Product: 86-126 | Price calculated: 21.9 | Currency: Złoty polski | Tax: 1
[2023-04-10T20:28:18+02:00] Variables: 1|86|126|14|0|0|1|1|1|1|6|||1|||||0
[2023-04-10T20:28:18+02:00] Product: 86-126 | Price calculated: 21.9 | Currency: Złoty polski | Tax: 1
[2023-04-10T20:28:18+02:00] Variables: 1|86|126|14|0|0|1|1|1|1|6||1|1|||||0
[2023-04-10T20:28:18+02:00] Product: 86-127 | Price calculated: 34.9 | Currency: Złoty polski | Tax: 1
[2023-04-10T20:28:18+02:00] Variables: 1|86|127|14|0|0|1|1|1|1|6|||1|||||0
[2023-04-10T20:28:18+02:00] Product: 86-127 | Price calculated: 34.9 | Currency: Złoty polski | Tax: 1
[2023-04-10T20:28:18+02:00] Variables: 1|86|127|14|0|0|1|1|1|1|6||1|1|||||0
[2023-04-10T20:28:18+02:00] Product: 86-128 | Price calculated: 44.9 | Currency: Złoty polski | Tax: 1
[2023-04-10T20:28:18+02:00] Variables: 1|86|128|14|0|0|1|1|1|1|6|||1|||||0
[2023-04-10T20:28:18+02:00] Product: 86-128 | Price calculated: 44.9 | Currency: Złoty polski | Tax: 1
[2023-04-10T20:28:18+02:00] Variables: 1|86|128|14|0|0|1|1|1|1|6||1|1|||||0
[2023-04-10T20:55:43+02:00] Product: 35 | Price calculated: 41.9 | Currency: Złoty polski | Tax: 1
[2023-04-10T20:55:43+02:00] Variables: 1|35||14|0|0|1|1|1|1|6|||1|||||0
[2023-04-10T20:55:43+02:00] Product: 35 | Price calculated: 41.9 | Currency: Złoty polski | Tax: 1
[2023-04-10T20:55:43+02:00] Variables: 1|35||14|0|0|1|1|1|1|6||1|1|||||0
[2023-04-10T20:58:09+02:00] Product: 34 | Price calculated: 20.9 | Currency: Złoty polski | Tax: 1
[2023-04-10T20:58:09+02:00] Variables: 1|34||14|0|0|1|1|1|1|6|||1|||||0
[2023-04-10T20:58:09+02:00] Product: 34 | Price calculated: 20.9 | Currency: Złoty polski | Tax: 1
[2023-04-10T20:58:09+02:00] Variables: 1|34||14|0|0|1|1|1|1|6||1|1|||||0
[2023-04-10T21:25:44+02:00] Product: 68-97 | Price calculated: 12.9 | Currency: Złoty polski | Tax: 1
[2023-04-10T21:25:44+02:00] Variables: 1|68|97|14|0|0|1|1|1|1|6|||1|||||0
[2023-04-10T21:25:44+02:00] Product: 68-97 | Price calculated: 12.9 | Currency: Złoty polski | Tax: 1
[2023-04-10T21:25:44+02:00] Variables: 1|68|97|14|0|0|1|1|1|1|6||1|1|||||0
[2023-04-10T21:25:44+02:00] Product: 68-98 | Price calculated: 18.9 | Currency: Złoty polski | Tax: 1
[2023-04-10T21:25:44+02:00] Variables: 1|68|98|14|0|0|1|1|1|1|6|||1|||||0
[2023-04-10T21:25:44+02:00] Product: 68-98 | Price calculated: 18.9 | Currency: Złoty polski | Tax: 1
[2023-04-10T21:25:44+02:00] Variables: 1|68|98|14|0|0|1|1|1|1|6||1|1|||||0
[2023-04-10T21:25:44+02:00] Product: 68-99 | Price calculated: 29 | Currency: Złoty polski | Tax: 1
[2023-04-10T21:25:44+02:00] Variables: 1|68|99|14|0|0|1|1|1|1|6|||1|||||0
[2023-04-10T21:25:44+02:00] Product: 68-99 | Price calculated: 29 | Currency: Złoty polski | Tax: 1
[2023-04-10T21:25:44+02:00] Variables: 1|68|99|14|0|0|1|1|1|1|6||1|1|||||0
[2023-04-10T21:46:03+02:00] Product: 35 | Price calculated: 41.9 | Currency: Złoty polski | Tax: 1
[2023-04-10T21:46:03+02:00] Variables: 1|35||14|0|0|1|1|1|1|6|||1|||||0
[2023-04-10T21:46:03+02:00] Product: 35 | Price calculated: 41.9 | Currency: Złoty polski | Tax: 1
[2023-04-10T21:46:03+02:00] Variables: 1|35||14|0|0|1|1|1|1|6||1|1|||||0
[2023-04-10T21:52:34+02:00] Product: 62-86 | Price calculated: 17.9 | Currency: Złoty polski | Tax: 1
[2023-04-10T21:52:34+02:00] Variables: 1|62|86|14|0|0|1|1|1|1|6|||1|||||0
[2023-04-10T21:52:34+02:00] Product: 62-86 | Price calculated: 17.9 | Currency: Złoty polski | Tax: 1
[2023-04-10T21:52:34+02:00] Variables: 1|62|86|14|0|0|1|1|1|1|6||1|1|||||0
[2023-04-10T21:52:34+02:00] Product: 62-87 | Price calculated: 28.9 | Currency: Złoty polski | Tax: 1
[2023-04-10T21:52:34+02:00] Variables: 1|62|87|14|0|0|1|1|1|1|6|||1|||||0
[2023-04-10T21:52:34+02:00] Product: 62-87 | Price calculated: 28.9 | Currency: Złoty polski | Tax: 1
[2023-04-10T21:52:34+02:00] Variables: 1|62|87|14|0|0|1|1|1|1|6||1|1|||||0
[2023-04-10T21:52:34+02:00] Product: 62-88 | Price calculated: 38.5 | Currency: Złoty polski | Tax: 1
[2023-04-10T21:52:34+02:00] Variables: 1|62|88|14|0|0|1|1|1|1|6|||1|||||0
[2023-04-10T21:52:34+02:00] Product: 62-88 | Price calculated: 38.5 | Currency: Złoty polski | Tax: 1
[2023-04-10T21:52:34+02:00] Variables: 1|62|88|14|0|0|1|1|1|1|6||1|1|||||0
[2023-04-10T21:52:34+02:00] Product: 62-89 | Price calculated: 15.9 | Currency: Złoty polski | Tax: 1
[2023-04-10T21:52:34+02:00] Variables: 1|62|89|14|0|0|1|1|1|1|6|||1|||||0
[2023-04-10T21:52:34+02:00] Product: 62-89 | Price calculated: 15.9 | Currency: Złoty polski | Tax: 1
[2023-04-10T21:52:34+02:00] Variables: 1|62|89|14|0|0|1|1|1|1|6||1|1|||||0
[2023-04-10T21:52:57+02:00] Product: 45-46 | Price calculated: 16.9 | Currency: Złoty polski | Tax: 1
[2023-04-10T21:52:57+02:00] Variables: 1|45|46|14|0|0|1|1|1|1|6|||1||220|||0
[2023-04-10T21:52:57+02:00] Product: 45-46 | Price calculated: 16.9 | Currency: Złoty polski | Tax: 1
[2023-04-10T21:52:57+02:00] Variables: 1|45|46|14|0|0|1|1|1|1|6||1|1||220|||0
[2023-04-10T21:52:57+02:00] Product: 45-47 | Price calculated: 26.9 | Currency: Złoty polski | Tax: 1
[2023-04-10T21:52:57+02:00] Variables: 1|45|47|14|0|0|1|1|1|1|6|||1||220|||0
[2023-04-10T21:52:57+02:00] Product: 45-47 | Price calculated: 26.9 | Currency: Złoty polski | Tax: 1
[2023-04-10T21:52:57+02:00] Variables: 1|45|47|14|0|0|1|1|1|1|6||1|1||220|||0
[2023-04-10T21:52:57+02:00] Product: 45-48 | Price calculated: 44.5 | Currency: Złoty polski | Tax: 1
[2023-04-10T21:52:57+02:00] Variables: 1|45|48|14|0|0|1|1|1|1|6|||1||220|||0
[2023-04-10T21:52:57+02:00] Product: 45-48 | Price calculated: 44.5 | Currency: Złoty polski | Tax: 1
[2023-04-10T21:52:57+02:00] Variables: 1|45|48|14|0|0|1|1|1|1|6||1|1||220|||0
[2023-04-10T21:52:57+02:00] Product: 45-154 | Price calculated: 399 | Currency: Złoty polski | Tax: 1
[2023-04-10T21:52:57+02:00] Variables: 1|45|154|14|0|0|1|1|1|1|6|||1||220|||0
[2023-04-10T21:52:57+02:00] Product: 45-154 | Price calculated: 399 | Currency: Złoty polski | Tax: 1
[2023-04-10T21:52:57+02:00] Variables: 1|45|154|14|0|0|1|1|1|1|6||1|1||220|||0
[2023-04-10T21:53:19+02:00] Product: 51-58 | Price calculated: 11.9 | Currency: Złoty polski | Tax: 1
[2023-04-10T21:53:19+02:00] Variables: 1|51|58|14|0|0|1|1|1|1|6|||1||220|||0
[2023-04-10T21:53:19+02:00] Product: 51-58 | Price calculated: 11.9 | Currency: Złoty polski | Tax: 1
[2023-04-10T21:53:19+02:00] Variables: 1|51|58|14|0|0|1|1|1|1|6||1|1||220|||0
[2023-04-10T21:53:19+02:00] Product: 51-59 | Price calculated: 19.9 | Currency: Złoty polski | Tax: 1
[2023-04-10T21:53:19+02:00] Variables: 1|51|59|14|0|0|1|1|1|1|6|||1||220|||0
[2023-04-10T21:53:19+02:00] Product: 51-59 | Price calculated: 19.9 | Currency: Złoty polski | Tax: 1
[2023-04-10T21:53:19+02:00] Variables: 1|51|59|14|0|0|1|1|1|1|6||1|1||220|||0
[2023-04-10T21:53:19+02:00] Product: 51-60 | Price calculated: 34.5 | Currency: Złoty polski | Tax: 1
[2023-04-10T21:53:19+02:00] Variables: 1|51|60|14|0|0|1|1|1|1|6|||1||220|||0
[2023-04-10T21:53:19+02:00] Product: 51-60 | Price calculated: 34.5 | Currency: Złoty polski | Tax: 1
[2023-04-10T21:53:19+02:00] Variables: 1|51|60|14|0|0|1|1|1|1|6||1|1||220|||0
[2023-04-10T21:53:19+02:00] Product: 51-153 | Price calculated: 289 | Currency: Złoty polski | Tax: 1
[2023-04-10T21:53:19+02:00] Variables: 1|51|153|14|0|0|1|1|1|1|6|||1||220|||0
[2023-04-10T21:53:19+02:00] Product: 51-153 | Price calculated: 289 | Currency: Złoty polski | Tax: 1
[2023-04-10T21:53:19+02:00] Variables: 1|51|153|14|0|0|1|1|1|1|6||1|1||220|||0
[2023-04-10T21:53:51+02:00] Product: 75-114 | Price calculated: 12.9 | Currency: Złoty polski | Tax: 1
[2023-04-10T21:53:51+02:00] Variables: 1|75|114|14|0|0|1|1|1|1|6|||1||220|||0
[2023-04-10T21:53:51+02:00] Product: 75-114 | Price calculated: 12.9 | Currency: Złoty polski | Tax: 1
[2023-04-10T21:53:51+02:00] Variables: 1|75|114|14|0|0|1|1|1|1|6||1|1||220|||0
[2023-04-10T21:53:51+02:00] Product: 75-115 | Price calculated: 20.9 | Currency: Złoty polski | Tax: 1
[2023-04-10T21:53:51+02:00] Variables: 1|75|115|14|0|0|1|1|1|1|6|||1||220|||0
[2023-04-10T21:53:51+02:00] Product: 75-115 | Price calculated: 20.9 | Currency: Złoty polski | Tax: 1
[2023-04-10T21:53:51+02:00] Variables: 1|75|115|14|0|0|1|1|1|1|6||1|1||220|||0
[2023-04-10T21:53:51+02:00] Product: 75-116 | Price calculated: 36.9 | Currency: Złoty polski | Tax: 1
[2023-04-10T21:53:51+02:00] Variables: 1|75|116|14|0|0|1|1|1|1|6|||1||220|||0
[2023-04-10T21:53:51+02:00] Product: 75-116 | Price calculated: 36.9 | Currency: Złoty polski | Tax: 1
[2023-04-10T21:53:51+02:00] Variables: 1|75|116|14|0|0|1|1|1|1|6||1|1||220|||0
[2023-04-10T22:26:39+02:00] Product: 71 | Price calculated: 19.9 | Currency: Złoty polski | Tax: 1
[2023-04-10T22:26:39+02:00] Variables: 1|71||14|0|0|1|1|1|1|6|||1|||||0
[2023-04-10T22:26:39+02:00] Product: 71 | Price calculated: 19.9 | Currency: Złoty polski | Tax: 1
[2023-04-10T22:26:39+02:00] Variables: 1|71||14|0|0|1|1|1|1|6||1|1|||||0
[2023-04-10T22:46:05+02:00] Product: 50-55 | Price calculated: 11.9 | Currency: Złoty polski | Tax: 1
[2023-04-10T22:46:05+02:00] Variables: 1|50|55|14|0|0|1|1|1|1|6|||1|||||0
[2023-04-10T22:46:05+02:00] Product: 50-55 | Price calculated: 11.9 | Currency: Złoty polski | Tax: 1
[2023-04-10T22:46:05+02:00] Variables: 1|50|55|14|0|0|1|1|1|1|6||1|1|||||0
[2023-04-10T22:46:05+02:00] Product: 50-56 | Price calculated: 19.9 | Currency: Złoty polski | Tax: 1
[2023-04-10T22:46:05+02:00] Variables: 1|50|56|14|0|0|1|1|1|1|6|||1|||||0
[2023-04-10T22:46:05+02:00] Product: 50-56 | Price calculated: 19.9 | Currency: Złoty polski | Tax: 1
[2023-04-10T22:46:05+02:00] Variables: 1|50|56|14|0|0|1|1|1|1|6||1|1|||||0
[2023-04-10T22:46:05+02:00] Product: 50-57 | Price calculated: 34.5 | Currency: Złoty polski | Tax: 1
[2023-04-10T22:46:05+02:00] Variables: 1|50|57|14|0|0|1|1|1|1|6|||1|||||0
[2023-04-10T22:46:05+02:00] Product: 50-57 | Price calculated: 34.5 | Currency: Złoty polski | Tax: 1
[2023-04-10T22:46:05+02:00] Variables: 1|50|57|14|0|0|1|1|1|1|6||1|1|||||0
[2023-04-10T22:46:05+02:00] Product: 50-156 | Price calculated: 319 | Currency: Złoty polski | Tax: 1
[2023-04-10T22:46:05+02:00] Variables: 1|50|156|14|0|0|1|1|1|1|6|||1|||||0
[2023-04-10T22:46:05+02:00] Product: 50-156 | Price calculated: 319 | Currency: Złoty polski | Tax: 1
[2023-04-10T22:46:05+02:00] Variables: 1|50|156|14|0|0|1|1|1|1|6||1|1|||||0
[2023-04-10T23:01:32+02:00] Product: 26 | Price calculated: 22.9 | Currency: Złoty polski | Tax: 1
[2023-04-10T23:01:32+02:00] Variables: 1|26||14|0|0|1|1|1|1|6|||1|||||0
[2023-04-10T23:01:32+02:00] Product: 26 | Price calculated: 22.9 | Currency: Złoty polski | Tax: 1
[2023-04-10T23:01:32+02:00] Variables: 1|26||14|0|0|1|1|1|1|6||1|1|||||0
[2023-04-10T23:17:00+02:00] Product: 62-86 | Price calculated: 17.9 | Currency: Złoty polski | Tax: 1
[2023-04-10T23:17:00+02:00] Variables: 1|62|86|14|0|0|1|1|1|1|6|||1|||||0
[2023-04-10T23:17:00+02:00] Product: 62-86 | Price calculated: 17.9 | Currency: Złoty polski | Tax: 1
[2023-04-10T23:17:00+02:00] Variables: 1|62|86|14|0|0|1|1|1|1|6||1|1|||||0
[2023-04-10T23:17:00+02:00] Product: 62-87 | Price calculated: 28.9 | Currency: Złoty polski | Tax: 1
[2023-04-10T23:17:00+02:00] Variables: 1|62|87|14|0|0|1|1|1|1|6|||1|||||0
[2023-04-10T23:17:00+02:00] Product: 62-87 | Price calculated: 28.9 | Currency: Złoty polski | Tax: 1
[2023-04-10T23:17:00+02:00] Variables: 1|62|87|14|0|0|1|1|1|1|6||1|1|||||0
[2023-04-10T23:17:00+02:00] Product: 62-88 | Price calculated: 38.5 | Currency: Złoty polski | Tax: 1
[2023-04-10T23:17:00+02:00] Variables: 1|62|88|14|0|0|1|1|1|1|6|||1|||||0
[2023-04-10T23:17:00+02:00] Product: 62-88 | Price calculated: 38.5 | Currency: Złoty polski | Tax: 1
[2023-04-10T23:17:00+02:00] Variables: 1|62|88|14|0|0|1|1|1|1|6||1|1|||||0
[2023-04-10T23:17:00+02:00] Product: 62-89 | Price calculated: 15.9 | Currency: Złoty polski | Tax: 1
[2023-04-10T23:17:00+02:00] Variables: 1|62|89|14|0|0|1|1|1|1|6|||1|||||0
[2023-04-10T23:17:00+02:00] Product: 62-89 | Price calculated: 15.9 | Currency: Złoty polski | Tax: 1
[2023-04-10T23:17:00+02:00] Variables: 1|62|89|14|0|0|1|1|1|1|6||1|1|||||0
[2023-04-10T23:23:19+02:00] Product: 88-132 | Price calculated: 10.9 | Currency: Złoty polski | Tax: 1
[2023-04-10T23:23:19+02:00] Variables: 1|88|132|14|0|0|1|1|1|1|6|||1|||||0
[2023-04-10T23:23:19+02:00] Product: 88-132 | Price calculated: 10.9 | Currency: Złoty polski | Tax: 1
[2023-04-10T23:23:19+02:00] Variables: 1|88|132|14|0|0|1|1|1|1|6||1|1|||||0
[2023-04-10T23:23:19+02:00] Product: 88-133 | Price calculated: 14.9 | Currency: Złoty polski | Tax: 1
[2023-04-10T23:23:19+02:00] Variables: 1|88|133|14|0|0|1|1|1|1|6|||1|||||0
[2023-04-10T23:23:19+02:00] Product: 88-133 | Price calculated: 14.9 | Currency: Złoty polski | Tax: 1
[2023-04-10T23:23:19+02:00] Variables: 1|88|133|14|0|0|1|1|1|1|6||1|1|||||0
[2023-04-10T23:23:19+02:00] Product: 88-134 | Price calculated: 22.9 | Currency: Złoty polski | Tax: 1
[2023-04-10T23:23:19+02:00] Variables: 1|88|134|14|0|0|1|1|1|1|6|||1|||||0
[2023-04-10T23:23:19+02:00] Product: 88-134 | Price calculated: 22.9 | Currency: Złoty polski | Tax: 1
[2023-04-10T23:23:19+02:00] Variables: 1|88|134|14|0|0|1|1|1|1|6||1|1|||||0
[2023-04-10T23:26:05+02:00] Product: 104-142 | Price calculated: 6.9 | Currency: Złoty polski | Tax: 1
[2023-04-10T23:26:05+02:00] Variables: 1|104|142|14|0|0|1|1|1|1|6|||1|||||0
[2023-04-10T23:26:05+02:00] Product: 104-142 | Price calculated: 6.9 | Currency: Złoty polski | Tax: 1
[2023-04-10T23:26:05+02:00] Variables: 1|104|142|14|0|0|1|1|1|1|6||1|1|||||0
[2023-04-10T23:26:05+02:00] Product: 104-143 | Price calculated: 9.9 | Currency: Złoty polski | Tax: 1
[2023-04-10T23:26:05+02:00] Variables: 1|104|143|14|0|0|1|1|1|1|6|||1|||||0
[2023-04-10T23:26:05+02:00] Product: 104-143 | Price calculated: 9.9 | Currency: Złoty polski | Tax: 1
[2023-04-10T23:26:05+02:00] Variables: 1|104|143|14|0|0|1|1|1|1|6||1|1|||||0
[2023-04-10T23:26:05+02:00] Product: 104-144 | Price calculated: 14.9 | Currency: Złoty polski | Tax: 1
[2023-04-10T23:26:05+02:00] Variables: 1|104|144|14|0|0|1|1|1|1|6|||1|||||0
[2023-04-10T23:26:05+02:00] Product: 104-144 | Price calculated: 14.9 | Currency: Złoty polski | Tax: 1
[2023-04-10T23:26:05+02:00] Variables: 1|104|144|14|0|0|1|1|1|1|6||1|1|||||0
[2023-04-10T23:26:05+02:00] Product: 104-145 | Price calculated: 16.9 | Currency: Złoty polski | Tax: 1
[2023-04-10T23:26:05+02:00] Variables: 1|104|145|14|0|0|1|1|1|1|6|||1|||||0
[2023-04-10T23:26:05+02:00] Product: 104-145 | Price calculated: 16.9 | Currency: Złoty polski | Tax: 1
[2023-04-10T23:26:05+02:00] Variables: 1|104|145|14|0|0|1|1|1|1|6||1|1|||||0
[2023-04-10T23:26:05+02:00] Product: 104-146 | Price calculated: 19.9 | Currency: Złoty polski | Tax: 1
[2023-04-10T23:26:05+02:00] Variables: 1|104|146|14|0|0|1|1|1|1|6|||1|||||0
[2023-04-10T23:26:05+02:00] Product: 104-146 | Price calculated: 19.9 | Currency: Złoty polski | Tax: 1
[2023-04-10T23:26:05+02:00] Variables: 1|104|146|14|0|0|1|1|1|1|6||1|1|||||0
[2023-04-10T23:58:18+02:00] Product: 26 | Price calculated: 22.9 | Currency: Złoty polski | Tax: 1
[2023-04-10T23:58:18+02:00] Variables: 1|26||14|0|0|1|1|1|1|6|||1|||||0
[2023-04-10T23:58:18+02:00] Product: 26 | Price calculated: 22.9 | Currency: Złoty polski | Tax: 1
[2023-04-10T23:58:18+02:00] Variables: 1|26||14|0|0|1|1|1|1|6||1|1|||||0
