[2023-04-09T00:03:19+02:00] Product: 29 | Price calculated: 23.9 | Currency: Złoty polski | Tax: 1
[2023-04-09T00:03:19+02:00] Variables: 1|29||14|0|0|1|1|1|1|6|||1|||||0
[2023-04-09T00:03:19+02:00] Product: 29 | Price calculated: 23.9 | Currency: Złoty polski | Tax: 1
[2023-04-09T00:03:19+02:00] Variables: 1|29||14|0|0|1|1|1|1|6||1|1|||||0
[2023-04-09T01:03:42+02:00] Product: 67-95 | Price calculated: 49.9 | Currency: Złoty polski | Tax: 1
[2023-04-09T01:03:42+02:00] Variables: 1|67|95|14|0|0|1|1|1|1|6|||1|||||0
[2023-04-09T01:03:42+02:00] Product: 67-95 | Price calculated: 49.9 | Currency: Złoty polski | Tax: 1
[2023-04-09T01:03:42+02:00] Variables: 1|67|95|14|0|0|1|1|1|1|6||1|1|||||0
[2023-04-09T01:03:42+02:00] Product: 67-96 | Price calculated: 65.9 | Currency: Złoty polski | Tax: 1
[2023-04-09T01:03:42+02:00] Variables: 1|67|96|14|0|0|1|1|1|1|6|||1|||||0
[2023-04-09T01:03:42+02:00] Product: 67-96 | Price calculated: 65.9 | Currency: Złoty polski | Tax: 1
[2023-04-09T01:03:42+02:00] Variables: 1|67|96|14|0|0|1|1|1|1|6||1|1|||||0
[2023-04-09T01:03:42+02:00] Product: 67-103 | Price calculated: 22.9 | Currency: Złoty polski | Tax: 1
[2023-04-09T01:03:42+02:00] Variables: 1|67|103|14|0|0|1|1|1|1|6|||1|||||0
[2023-04-09T01:03:42+02:00] Product: 67-103 | Price calculated: 22.9 | Currency: Złoty polski | Tax: 1
[2023-04-09T01:03:42+02:00] Variables: 1|67|103|14|0|0|1|1|1|1|6||1|1|||||0
[2023-04-09T01:42:16+02:00] Product: 59-77 | Price calculated: 18.9 | Currency: Złoty polski | Tax: 1
[2023-04-09T01:42:16+02:00] Variables: 1|59|77|14|0|0|1|1|1|1|6|||1|||||0
[2023-04-09T01:42:16+02:00] Product: 59-77 | Price calculated: 18.9 | Currency: Złoty polski | Tax: 1
[2023-04-09T01:42:16+02:00] Variables: 1|59|77|14|0|0|1|1|1|1|6||1|1|||||0
[2023-04-09T01:42:16+02:00] Product: 59-78 | Price calculated: 29.9 | Currency: Złoty polski | Tax: 1
[2023-04-09T01:42:16+02:00] Variables: 1|59|78|14|0|0|1|1|1|1|6|||1|||||0
[2023-04-09T01:42:16+02:00] Product: 59-78 | Price calculated: 29.9 | Currency: Złoty polski | Tax: 1
[2023-04-09T01:42:16+02:00] Variables: 1|59|78|14|0|0|1|1|1|1|6||1|1|||||0
[2023-04-09T01:42:16+02:00] Product: 59-79 | Price calculated: 39 | Currency: Złoty polski | Tax: 1
[2023-04-09T01:42:16+02:00] Variables: 1|59|79|14|0|0|1|1|1|1|6|||1|||||0
[2023-04-09T01:42:16+02:00] Product: 59-79 | Price calculated: 39 | Currency: Złoty polski | Tax: 1
[2023-04-09T01:42:16+02:00] Variables: 1|59|79|14|0|0|1|1|1|1|6||1|1|||||0
[2023-04-09T01:59:12+02:00] Product: 67-95 | Price calculated: 49.9 | Currency: Złoty polski | Tax: 1
[2023-04-09T01:59:12+02:00] Variables: 1|67|95|14|0|0|1|1|1|1|6|||1|||||0
[2023-04-09T01:59:12+02:00] Product: 67-95 | Price calculated: 49.9 | Currency: Złoty polski | Tax: 1
[2023-04-09T01:59:12+02:00] Variables: 1|67|95|14|0|0|1|1|1|1|6||1|1|||||0
[2023-04-09T01:59:12+02:00] Product: 67-96 | Price calculated: 65.9 | Currency: Złoty polski | Tax: 1
[2023-04-09T01:59:12+02:00] Variables: 1|67|96|14|0|0|1|1|1|1|6|||1|||||0
[2023-04-09T01:59:12+02:00] Product: 67-96 | Price calculated: 65.9 | Currency: Złoty polski | Tax: 1
[2023-04-09T01:59:12+02:00] Variables: 1|67|96|14|0|0|1|1|1|1|6||1|1|||||0
[2023-04-09T01:59:12+02:00] Product: 67-103 | Price calculated: 22.9 | Currency: Złoty polski | Tax: 1
[2023-04-09T01:59:12+02:00] Variables: 1|67|103|14|0|0|1|1|1|1|6|||1|||||0
[2023-04-09T01:59:12+02:00] Product: 67-103 | Price calculated: 22.9 | Currency: Złoty polski | Tax: 1
[2023-04-09T01:59:12+02:00] Variables: 1|67|103|14|0|0|1|1|1|1|6||1|1|||||0
[2023-04-09T02:02:32+02:00] Product: 51-58 | Price calculated: 11.9 | Currency: Złoty polski | Tax: 1
[2023-04-09T02:02:32+02:00] Variables: 1|51|58|14|0|0|1|1|1|1|6|||1|||||0
[2023-04-09T02:02:32+02:00] Product: 51-58 | Price calculated: 11.9 | Currency: Złoty polski | Tax: 1
[2023-04-09T02:02:32+02:00] Variables: 1|51|58|14|0|0|1|1|1|1|6||1|1|||||0
[2023-04-09T02:02:32+02:00] Product: 51-59 | Price calculated: 19.9 | Currency: Złoty polski | Tax: 1
[2023-04-09T02:02:32+02:00] Variables: 1|51|59|14|0|0|1|1|1|1|6|||1|||||0
[2023-04-09T02:02:32+02:00] Product: 51-59 | Price calculated: 19.9 | Currency: Złoty polski | Tax: 1
[2023-04-09T02:02:32+02:00] Variables: 1|51|59|14|0|0|1|1|1|1|6||1|1|||||0
[2023-04-09T02:02:32+02:00] Product: 51-60 | Price calculated: 34.5 | Currency: Złoty polski | Tax: 1
[2023-04-09T02:02:32+02:00] Variables: 1|51|60|14|0|0|1|1|1|1|6|||1|||||0
[2023-04-09T02:02:32+02:00] Product: 51-60 | Price calculated: 34.5 | Currency: Złoty polski | Tax: 1
[2023-04-09T02:02:32+02:00] Variables: 1|51|60|14|0|0|1|1|1|1|6||1|1|||||0
[2023-04-09T02:02:32+02:00] Product: 51-153 | Price calculated: 289 | Currency: Złoty polski | Tax: 1
[2023-04-09T02:02:32+02:00] Variables: 1|51|153|14|0|0|1|1|1|1|6|||1|||||0
[2023-04-09T02:02:32+02:00] Product: 51-153 | Price calculated: 289 | Currency: Złoty polski | Tax: 1
[2023-04-09T02:02:32+02:00] Variables: 1|51|153|14|0|0|1|1|1|1|6||1|1|||||0
[2023-04-09T03:22:25+02:00] Product: 50-55 | Price calculated: 11.9 | Currency: Złoty polski | Tax: 1
[2023-04-09T03:22:25+02:00] Variables: 1|50|55|14|0|0|1|1|1|1|6|||1|||||0
[2023-04-09T03:22:25+02:00] Product: 50-55 | Price calculated: 11.9 | Currency: Złoty polski | Tax: 1
[2023-04-09T03:22:25+02:00] Variables: 1|50|55|14|0|0|1|1|1|1|6||1|1|||||0
[2023-04-09T03:22:25+02:00] Product: 50-56 | Price calculated: 19.9 | Currency: Złoty polski | Tax: 1
[2023-04-09T03:22:25+02:00] Variables: 1|50|56|14|0|0|1|1|1|1|6|||1|||||0
[2023-04-09T03:22:25+02:00] Product: 50-56 | Price calculated: 19.9 | Currency: Złoty polski | Tax: 1
[2023-04-09T03:22:25+02:00] Variables: 1|50|56|14|0|0|1|1|1|1|6||1|1|||||0
[2023-04-09T03:22:25+02:00] Product: 50-57 | Price calculated: 34.5 | Currency: Złoty polski | Tax: 1
[2023-04-09T03:22:25+02:00] Variables: 1|50|57|14|0|0|1|1|1|1|6|||1|||||0
[2023-04-09T03:22:25+02:00] Product: 50-57 | Price calculated: 34.5 | Currency: Złoty polski | Tax: 1
[2023-04-09T03:22:25+02:00] Variables: 1|50|57|14|0|0|1|1|1|1|6||1|1|||||0
[2023-04-09T03:22:25+02:00] Product: 50-156 | Price calculated: 319 | Currency: Złoty polski | Tax: 1
[2023-04-09T03:22:25+02:00] Variables: 1|50|156|14|0|0|1|1|1|1|6|||1|||||0
[2023-04-09T03:22:25+02:00] Product: 50-156 | Price calculated: 319 | Currency: Złoty polski | Tax: 1
[2023-04-09T03:22:25+02:00] Variables: 1|50|156|14|0|0|1|1|1|1|6||1|1|||||0
[2023-04-09T04:08:03+02:00] Product: 74-111 | Price calculated: 14.9 | Currency: Złoty polski | Tax: 1
[2023-04-09T04:08:03+02:00] Variables: 1|74|111|14|0|0|1|1|1|1|6|||1|||||0
[2023-04-09T04:08:03+02:00] Product: 74-111 | Price calculated: 14.9 | Currency: Złoty polski | Tax: 1
[2023-04-09T04:08:03+02:00] Variables: 1|74|111|14|0|0|1|1|1|1|6||1|1|||||0
[2023-04-09T04:08:03+02:00] Product: 74-112 | Price calculated: 22.9 | Currency: Złoty polski | Tax: 1
[2023-04-09T04:08:03+02:00] Variables: 1|74|112|14|0|0|1|1|1|1|6|||1|||||0
[2023-04-09T04:08:03+02:00] Product: 74-112 | Price calculated: 22.9 | Currency: Złoty polski | Tax: 1
[2023-04-09T04:08:03+02:00] Variables: 1|74|112|14|0|0|1|1|1|1|6||1|1|||||0
[2023-04-09T04:08:03+02:00] Product: 74-113 | Price calculated: 39 | Currency: Złoty polski | Tax: 1
[2023-04-09T04:08:03+02:00] Variables: 1|74|113|14|0|0|1|1|1|1|6|||1|||||0
[2023-04-09T04:08:03+02:00] Product: 74-113 | Price calculated: 39 | Currency: Złoty polski | Tax: 1
[2023-04-09T04:08:03+02:00] Variables: 1|74|113|14|0|0|1|1|1|1|6||1|1|||||0
[2023-04-09T04:09:23+02:00] Product: 45-46 | Price calculated: 16.9 | Currency: Złoty polski | Tax: 1
[2023-04-09T04:09:23+02:00] Variables: 1|45|46|14|0|0|1|1|1|1|6|||1|||||0
[2023-04-09T04:09:23+02:00] Product: 45-46 | Price calculated: 16.9 | Currency: Złoty polski | Tax: 1
[2023-04-09T04:09:23+02:00] Variables: 1|45|46|14|0|0|1|1|1|1|6||1|1|||||0
[2023-04-09T04:09:23+02:00] Product: 45-47 | Price calculated: 26.9 | Currency: Złoty polski | Tax: 1
[2023-04-09T04:09:23+02:00] Variables: 1|45|47|14|0|0|1|1|1|1|6|||1|||||0
[2023-04-09T04:09:23+02:00] Product: 45-47 | Price calculated: 26.9 | Currency: Złoty polski | Tax: 1
[2023-04-09T04:09:23+02:00] Variables: 1|45|47|14|0|0|1|1|1|1|6||1|1|||||0
[2023-04-09T04:09:23+02:00] Product: 45-48 | Price calculated: 44.5 | Currency: Złoty polski | Tax: 1
[2023-04-09T04:09:23+02:00] Variables: 1|45|48|14|0|0|1|1|1|1|6|||1|||||0
[2023-04-09T04:09:23+02:00] Product: 45-48 | Price calculated: 44.5 | Currency: Złoty polski | Tax: 1
[2023-04-09T04:09:23+02:00] Variables: 1|45|48|14|0|0|1|1|1|1|6||1|1|||||0
[2023-04-09T04:09:23+02:00] Product: 45-154 | Price calculated: 399 | Currency: Złoty polski | Tax: 1
[2023-04-09T04:09:23+02:00] Variables: 1|45|154|14|0|0|1|1|1|1|6|||1|||||0
[2023-04-09T04:09:23+02:00] Product: 45-154 | Price calculated: 399 | Currency: Złoty polski | Tax: 1
[2023-04-09T04:09:23+02:00] Variables: 1|45|154|14|0|0|1|1|1|1|6||1|1|||||0
[2023-04-09T04:38:04+02:00] Product: 74-111 | Price calculated: 14.9 | Currency: Złoty polski | Tax: 1
[2023-04-09T04:38:04+02:00] Variables: 1|74|111|14|0|0|1|1|1|1|6|||1|||||0
[2023-04-09T04:38:04+02:00] Product: 74-111 | Price calculated: 14.9 | Currency: Złoty polski | Tax: 1
[2023-04-09T04:38:04+02:00] Variables: 1|74|111|14|0|0|1|1|1|1|6||1|1|||||0
[2023-04-09T04:38:04+02:00] Product: 74-112 | Price calculated: 22.9 | Currency: Złoty polski | Tax: 1
[2023-04-09T04:38:04+02:00] Variables: 1|74|112|14|0|0|1|1|1|1|6|||1|||||0
[2023-04-09T04:38:04+02:00] Product: 74-112 | Price calculated: 22.9 | Currency: Złoty polski | Tax: 1
[2023-04-09T04:38:04+02:00] Variables: 1|74|112|14|0|0|1|1|1|1|6||1|1|||||0
[2023-04-09T04:38:04+02:00] Product: 74-113 | Price calculated: 39 | Currency: Złoty polski | Tax: 1
[2023-04-09T04:38:04+02:00] Variables: 1|74|113|14|0|0|1|1|1|1|6|||1|||||0
[2023-04-09T04:38:04+02:00] Product: 74-113 | Price calculated: 39 | Currency: Złoty polski | Tax: 1
[2023-04-09T04:38:04+02:00] Variables: 1|74|113|14|0|0|1|1|1|1|6||1|1|||||0
[2023-04-09T04:44:00+02:00] Product: 114-168 | Price calculated: 12.9 | Currency: Złoty polski | Tax: 1
[2023-04-09T04:44:00+02:00] Variables: 1|114|168|14|0|0|1|1|1|1|6|||1|||||0
[2023-04-09T04:44:00+02:00] Product: 114-168 | Price calculated: 12.9 | Currency: Złoty polski | Tax: 1
[2023-04-09T04:44:00+02:00] Variables: 1|114|168|14|0|0|1|1|1|1|6||1|1|||||0
[2023-04-09T04:44:00+02:00] Product: 114-169 | Price calculated: 20.9 | Currency: Złoty polski | Tax: 1
[2023-04-09T04:44:00+02:00] Variables: 1|114|169|14|0|0|1|1|1|1|6|||1|||||0
[2023-04-09T04:44:00+02:00] Product: 114-169 | Price calculated: 20.9 | Currency: Złoty polski | Tax: 1
[2023-04-09T04:44:00+02:00] Variables: 1|114|169|14|0|0|1|1|1|1|6||1|1|||||0
[2023-04-09T04:44:00+02:00] Product: 114-170 | Price calculated: 39 | Currency: Złoty polski | Tax: 1
[2023-04-09T04:44:00+02:00] Variables: 1|114|170|14|0|0|1|1|1|1|6|||1|||||0
[2023-04-09T04:44:00+02:00] Product: 114-170 | Price calculated: 39 | Currency: Złoty polski | Tax: 1
[2023-04-09T04:44:00+02:00] Variables: 1|114|170|14|0|0|1|1|1|1|6||1|1|||||0
[2023-04-09T04:46:57+02:00] Product: 48-52 | Price calculated: 11.5 | Currency: Złoty polski | Tax: 1
[2023-04-09T04:46:57+02:00] Variables: 1|48|52|14|0|0|1|1|1|1|6|||1|||||0
[2023-04-09T04:46:57+02:00] Product: 48-52 | Price calculated: 11.5 | Currency: Złoty polski | Tax: 1
[2023-04-09T04:46:57+02:00] Variables: 1|48|52|14|0|0|1|1|1|1|6||1|1|||||0
[2023-04-09T04:46:57+02:00] Product: 48-53 | Price calculated: 17.5 | Currency: Złoty polski | Tax: 1
[2023-04-09T04:46:57+02:00] Variables: 1|48|53|14|0|0|1|1|1|1|6|||1|||||0
[2023-04-09T04:46:57+02:00] Product: 48-53 | Price calculated: 17.5 | Currency: Złoty polski | Tax: 1
[2023-04-09T04:46:57+02:00] Variables: 1|48|53|14|0|0|1|1|1|1|6||1|1|||||0
[2023-04-09T04:46:57+02:00] Product: 48-54 | Price calculated: 27.5 | Currency: Złoty polski | Tax: 1
[2023-04-09T04:46:57+02:00] Variables: 1|48|54|14|0|0|1|1|1|1|6|||1|||||0
[2023-04-09T04:46:57+02:00] Product: 48-54 | Price calculated: 27.5 | Currency: Złoty polski | Tax: 1
[2023-04-09T04:46:57+02:00] Variables: 1|48|54|14|0|0|1|1|1|1|6||1|1|||||0
[2023-04-09T04:48:27+02:00] Product: 24 | Price calculated: 19.9 | Currency: Złoty polski | Tax: 1
[2023-04-09T04:48:27+02:00] Variables: 1|24||14|0|0|1|1|1|1|6|||1|||||0
[2023-04-09T04:48:27+02:00] Product: 24 | Price calculated: 19.9 | Currency: Złoty polski | Tax: 1
[2023-04-09T04:48:27+02:00] Variables: 1|24||14|0|0|1|1|1|1|6||1|1|||||0
[2023-04-09T05:54:55+02:00] Product: 26 | Price calculated: 22.9 | Currency: Złoty polski | Tax: 1
[2023-04-09T05:54:55+02:00] Variables: 1|26||14|0|0|1|1|1|1|6|||1|||||0
[2023-04-09T05:54:55+02:00] Product: 26 | Price calculated: 22.9 | Currency: Złoty polski | Tax: 1
[2023-04-09T05:54:55+02:00] Variables: 1|26||14|0|0|1|1|1|1|6||1|1|||||0
[2023-04-09T05:56:18+02:00] Product: 34 | Price calculated: 20.9 | Currency: Złoty polski | Tax: 1
[2023-04-09T05:56:18+02:00] Variables: 1|34||14|0|0|1|1|1|1|6|||1|||||0
[2023-04-09T05:56:18+02:00] Product: 34 | Price calculated: 20.9 | Currency: Złoty polski | Tax: 1
[2023-04-09T05:56:18+02:00] Variables: 1|34||14|0|0|1|1|1|1|6||1|1|||||0
[2023-04-09T06:19:31+02:00] Product: 38 | Price calculated: 30.9 | Currency: Złoty polski | Tax: 1
[2023-04-09T06:19:31+02:00] Variables: 1|38||14|0|0|1|1|1|1|6|||1|||||0
[2023-04-09T06:19:31+02:00] Product: 38 | Price calculated: 30.9 | Currency: Złoty polski | Tax: 1
[2023-04-09T06:19:31+02:00] Variables: 1|38||14|0|0|1|1|1|1|6||1|1|||||0
[2023-04-09T06:20:19+02:00] Product: 58-74 | Price calculated: 19.9 | Currency: Złoty polski | Tax: 1
[2023-04-09T06:20:19+02:00] Variables: 1|58|74|14|0|0|1|1|1|1|6|||1|||||0
[2023-04-09T06:20:19+02:00] Product: 58-74 | Price calculated: 19.9 | Currency: Złoty polski | Tax: 1
[2023-04-09T06:20:19+02:00] Variables: 1|58|74|14|0|0|1|1|1|1|6||1|1|||||0
[2023-04-09T06:20:19+02:00] Product: 58-75 | Price calculated: 32.9 | Currency: Złoty polski | Tax: 1
[2023-04-09T06:20:19+02:00] Variables: 1|58|75|14|0|0|1|1|1|1|6|||1|||||0
[2023-04-09T06:20:19+02:00] Product: 58-75 | Price calculated: 32.9 | Currency: Złoty polski | Tax: 1
[2023-04-09T06:20:19+02:00] Variables: 1|58|75|14|0|0|1|1|1|1|6||1|1|||||0
[2023-04-09T06:20:19+02:00] Product: 58-76 | Price calculated: 42.5 | Currency: Złoty polski | Tax: 1
[2023-04-09T06:20:19+02:00] Variables: 1|58|76|14|0|0|1|1|1|1|6|||1|||||0
[2023-04-09T06:20:19+02:00] Product: 58-76 | Price calculated: 42.5 | Currency: Złoty polski | Tax: 1
[2023-04-09T06:20:19+02:00] Variables: 1|58|76|14|0|0|1|1|1|1|6||1|1|||||0
[2023-04-09T06:24:45+02:00] Product: 54-64 | Price calculated: 11.5 | Currency: Złoty polski | Tax: 1
[2023-04-09T06:24:45+02:00] Variables: 1|54|64|14|0|0|1|1|1|1|6|||1|||||0
[2023-04-09T06:24:45+02:00] Product: 54-64 | Price calculated: 11.5 | Currency: Złoty polski | Tax: 1
[2023-04-09T06:24:45+02:00] Variables: 1|54|64|14|0|0|1|1|1|1|6||1|1|||||0
[2023-04-09T06:24:45+02:00] Product: 54-65 | Price calculated: 17.5 | Currency: Złoty polski | Tax: 1
[2023-04-09T06:24:45+02:00] Variables: 1|54|65|14|0|0|1|1|1|1|6|||1|||||0
[2023-04-09T06:24:45+02:00] Product: 54-65 | Price calculated: 17.5 | Currency: Złoty polski | Tax: 1
[2023-04-09T06:24:45+02:00] Variables: 1|54|65|14|0|0|1|1|1|1|6||1|1|||||0
[2023-04-09T06:24:45+02:00] Product: 54-66 | Price calculated: 27.9 | Currency: Złoty polski | Tax: 1
[2023-04-09T06:24:45+02:00] Variables: 1|54|66|14|0|0|1|1|1|1|6|||1|||||0
[2023-04-09T06:24:45+02:00] Product: 54-66 | Price calculated: 27.9 | Currency: Złoty polski | Tax: 1
[2023-04-09T06:24:45+02:00] Variables: 1|54|66|14|0|0|1|1|1|1|6||1|1|||||0
[2023-04-09T06:24:45+02:00] Product: 54-155 | Price calculated: 249 | Currency: Złoty polski | Tax: 1
[2023-04-09T06:24:45+02:00] Variables: 1|54|155|14|0|0|1|1|1|1|6|||1|||||0
[2023-04-09T06:24:45+02:00] Product: 54-155 | Price calculated: 249 | Currency: Złoty polski | Tax: 1
[2023-04-09T06:24:45+02:00] Variables: 1|54|155|14|0|0|1|1|1|1|6||1|1|||||0
[2023-04-09T06:32:17+02:00] Product: 86-126 | Price calculated: 21.9 | Currency: Złoty polski | Tax: 1
[2023-04-09T06:32:17+02:00] Variables: 1|86|126|14|0|0|1|1|1|1|6|||1|||||0
[2023-04-09T06:32:17+02:00] Product: 86-126 | Price calculated: 21.9 | Currency: Złoty polski | Tax: 1
[2023-04-09T06:32:17+02:00] Variables: 1|86|126|14|0|0|1|1|1|1|6||1|1|||||0
[2023-04-09T06:32:17+02:00] Product: 86-127 | Price calculated: 34.9 | Currency: Złoty polski | Tax: 1
[2023-04-09T06:32:17+02:00] Variables: 1|86|127|14|0|0|1|1|1|1|6|||1|||||0
[2023-04-09T06:32:17+02:00] Product: 86-127 | Price calculated: 34.9 | Currency: Złoty polski | Tax: 1
[2023-04-09T06:32:17+02:00] Variables: 1|86|127|14|0|0|1|1|1|1|6||1|1|||||0
[2023-04-09T06:32:17+02:00] Product: 86-128 | Price calculated: 44.9 | Currency: Złoty polski | Tax: 1
[2023-04-09T06:32:17+02:00] Variables: 1|86|128|14|0|0|1|1|1|1|6|||1|||||0
[2023-04-09T06:32:17+02:00] Product: 86-128 | Price calculated: 44.9 | Currency: Złoty polski | Tax: 1
[2023-04-09T06:32:17+02:00] Variables: 1|86|128|14|0|0|1|1|1|1|6||1|1|||||0
[2023-04-09T06:38:21+02:00] Product: 26 | Price calculated: 22.9 | Currency: Złoty polski | Tax: 1
[2023-04-09T06:38:21+02:00] Variables: 1|26||14|0|0|1|1|1|1|6|||1|||||0
[2023-04-09T06:38:21+02:00] Product: 26 | Price calculated: 22.9 | Currency: Złoty polski | Tax: 1
[2023-04-09T06:38:21+02:00] Variables: 1|26||14|0|0|1|1|1|1|6||1|1|||||0
[2023-04-09T06:43:07+02:00] Product: 33 | Price calculated: 24.9 | Currency: Złoty polski | Tax: 1
[2023-04-09T06:43:07+02:00] Variables: 1|33||14|0|0|1|1|1|1|6|||1|||||0
[2023-04-09T06:43:07+02:00] Product: 33 | Price calculated: 21.9 | Currency: Złoty polski | Tax: 1
[2023-04-09T06:43:07+02:00] Variables: 1|33||14|0|0|1|1|1|1|6||1|1|||||0
[2023-04-09T06:44:08+02:00] Product: 31 | Price calculated: 25.899999 | Currency: Złoty polski | Tax: 1
[2023-04-09T06:44:08+02:00] Variables: 1|31||14|0|0|1|1|1|1|6|||1|||||0
[2023-04-09T06:44:08+02:00] Product: 31 | Price calculated: 25.899999 | Currency: Złoty polski | Tax: 1
[2023-04-09T06:44:08+02:00] Variables: 1|31||14|0|0|1|1|1|1|6||1|1|||||0
[2023-04-09T06:56:32+02:00] Product: 34 | Price calculated: 20.9 | Currency: Złoty polski | Tax: 1
[2023-04-09T06:56:32+02:00] Variables: 1|34||14|0|0|1|1|1|1|6|||1|||||0
[2023-04-09T06:56:32+02:00] Product: 34 | Price calculated: 20.9 | Currency: Złoty polski | Tax: 1
[2023-04-09T06:56:32+02:00] Variables: 1|34||14|0|0|1|1|1|1|6||1|1|||||0
[2023-04-09T07:04:32+02:00] Product: 36 | Price calculated: 42.9 | Currency: Złoty polski | Tax: 1
[2023-04-09T07:04:32+02:00] Variables: 1|36||14|0|0|1|1|1|1|6|||1|||||0
[2023-04-09T07:04:32+02:00] Product: 36 | Price calculated: 42.9 | Currency: Złoty polski | Tax: 1
[2023-04-09T07:04:32+02:00] Variables: 1|36||14|0|0|1|1|1|1|6||1|1|||||0
[2023-04-09T07:13:42+02:00] Product: 45-46 | Price calculated: 16.9 | Currency: Złoty polski | Tax: 1
[2023-04-09T07:13:42+02:00] Variables: 1|45|46|14|0|0|1|1|1|1|6|||1|||||0
[2023-04-09T07:13:42+02:00] Product: 45-46 | Price calculated: 16.9 | Currency: Złoty polski | Tax: 1
[2023-04-09T07:13:42+02:00] Variables: 1|45|46|14|0|0|1|1|1|1|6||1|1|||||0
[2023-04-09T07:13:42+02:00] Product: 45-47 | Price calculated: 26.9 | Currency: Złoty polski | Tax: 1
[2023-04-09T07:13:42+02:00] Variables: 1|45|47|14|0|0|1|1|1|1|6|||1|||||0
[2023-04-09T07:13:42+02:00] Product: 45-47 | Price calculated: 26.9 | Currency: Złoty polski | Tax: 1
[2023-04-09T07:13:42+02:00] Variables: 1|45|47|14|0|0|1|1|1|1|6||1|1|||||0
[2023-04-09T07:13:42+02:00] Product: 45-48 | Price calculated: 44.5 | Currency: Złoty polski | Tax: 1
[2023-04-09T07:13:42+02:00] Variables: 1|45|48|14|0|0|1|1|1|1|6|||1|||||0
[2023-04-09T07:13:42+02:00] Product: 45-48 | Price calculated: 44.5 | Currency: Złoty polski | Tax: 1
[2023-04-09T07:13:42+02:00] Variables: 1|45|48|14|0|0|1|1|1|1|6||1|1|||||0
[2023-04-09T07:13:42+02:00] Product: 45-154 | Price calculated: 399 | Currency: Złoty polski | Tax: 1
[2023-04-09T07:13:42+02:00] Variables: 1|45|154|14|0|0|1|1|1|1|6|||1|||||0
[2023-04-09T07:13:42+02:00] Product: 45-154 | Price calculated: 399 | Currency: Złoty polski | Tax: 1
[2023-04-09T07:13:42+02:00] Variables: 1|45|154|14|0|0|1|1|1|1|6||1|1|||||0
[2023-04-09T08:43:03+02:00] Product: 111-164 | Price calculated: 16.9 | Currency: Złoty polski | Tax: 1
[2023-04-09T08:43:03+02:00] Variables: 1|111|164|14|0|0|1|1|1|1|6|||1|||||0
[2023-04-09T08:43:03+02:00] Product: 111-164 | Price calculated: 16.9 | Currency: Złoty polski | Tax: 1
[2023-04-09T08:43:03+02:00] Variables: 1|111|164|14|0|0|1|1|1|1|6||1|1|||||0
[2023-04-09T08:43:03+02:00] Product: 111-165 | Price calculated: 28.9 | Currency: Złoty polski | Tax: 1
[2023-04-09T08:43:03+02:00] Variables: 1|111|165|14|0|0|1|1|1|1|6|||1|||||0
[2023-04-09T08:43:03+02:00] Product: 111-165 | Price calculated: 28.9 | Currency: Złoty polski | Tax: 1
[2023-04-09T08:43:03+02:00] Variables: 1|111|165|14|0|0|1|1|1|1|6||1|1|||||0
[2023-04-09T08:43:03+02:00] Product: 111-166 | Price calculated: 38.5 | Currency: Złoty polski | Tax: 1
[2023-04-09T08:43:03+02:00] Variables: 1|111|166|14|0|0|1|1|1|1|6|||1|||||0
[2023-04-09T08:43:03+02:00] Product: 111-166 | Price calculated: 38.5 | Currency: Złoty polski | Tax: 1
[2023-04-09T08:43:03+02:00] Variables: 1|111|166|14|0|0|1|1|1|1|6||1|1|||||0
[2023-04-09T09:45:13+02:00] Product: 86-126 | Price calculated: 21.9 | Currency: Złoty polski | Tax: 1
[2023-04-09T09:45:13+02:00] Variables: 1|86|126|14|0|0|1|1|1|1|6|||1|||||0
[2023-04-09T09:45:13+02:00] Product: 86-126 | Price calculated: 21.9 | Currency: Złoty polski | Tax: 1
[2023-04-09T09:45:13+02:00] Variables: 1|86|126|14|0|0|1|1|1|1|6||1|1|||||0
[2023-04-09T09:45:13+02:00] Product: 86-127 | Price calculated: 34.9 | Currency: Złoty polski | Tax: 1
[2023-04-09T09:45:13+02:00] Variables: 1|86|127|14|0|0|1|1|1|1|6|||1|||||0
[2023-04-09T09:45:13+02:00] Product: 86-127 | Price calculated: 34.9 | Currency: Złoty polski | Tax: 1
[2023-04-09T09:45:13+02:00] Variables: 1|86|127|14|0|0|1|1|1|1|6||1|1|||||0
[2023-04-09T09:45:13+02:00] Product: 86-128 | Price calculated: 44.9 | Currency: Złoty polski | Tax: 1
[2023-04-09T09:45:13+02:00] Variables: 1|86|128|14|0|0|1|1|1|1|6|||1|||||0
[2023-04-09T09:45:13+02:00] Product: 86-128 | Price calculated: 44.9 | Currency: Złoty polski | Tax: 1
[2023-04-09T09:45:13+02:00] Variables: 1|86|128|14|0|0|1|1|1|1|6||1|1|||||0
[2023-04-09T09:50:29+02:00] Product: 111-164 | Price calculated: 16.9 | Currency: Złoty polski | Tax: 1
[2023-04-09T09:50:29+02:00] Variables: 1|111|164|14|0|0|1|1|1|1|6|||1|||||0
[2023-04-09T09:50:29+02:00] Product: 111-164 | Price calculated: 16.9 | Currency: Złoty polski | Tax: 1
[2023-04-09T09:50:29+02:00] Variables: 1|111|164|14|0|0|1|1|1|1|6||1|1|||||0
[2023-04-09T09:50:29+02:00] Product: 111-165 | Price calculated: 28.9 | Currency: Złoty polski | Tax: 1
[2023-04-09T09:50:29+02:00] Variables: 1|111|165|14|0|0|1|1|1|1|6|||1|||||0
[2023-04-09T09:50:29+02:00] Product: 111-165 | Price calculated: 28.9 | Currency: Złoty polski | Tax: 1
[2023-04-09T09:50:29+02:00] Variables: 1|111|165|14|0|0|1|1|1|1|6||1|1|||||0
[2023-04-09T09:50:29+02:00] Product: 111-166 | Price calculated: 38.5 | Currency: Złoty polski | Tax: 1
[2023-04-09T09:50:29+02:00] Variables: 1|111|166|14|0|0|1|1|1|1|6|||1|||||0
[2023-04-09T09:50:29+02:00] Product: 111-166 | Price calculated: 38.5 | Currency: Złoty polski | Tax: 1
[2023-04-09T09:50:29+02:00] Variables: 1|111|166|14|0|0|1|1|1|1|6||1|1|||||0
[2023-04-09T10:32:36+02:00] Product: 66-91 | Price calculated: 12.9 | Currency: Złoty polski | Tax: 1
[2023-04-09T10:32:36+02:00] Variables: 1|66|91|14|0|0|1|1|1|1|6|||1|||||0
[2023-04-09T10:32:36+02:00] Product: 66-91 | Price calculated: 12.9 | Currency: Złoty polski | Tax: 1
[2023-04-09T10:32:36+02:00] Variables: 1|66|91|14|0|0|1|1|1|1|6||1|1|||||0
[2023-04-09T10:32:36+02:00] Product: 66-92 | Price calculated: 19 | Currency: Złoty polski | Tax: 1
[2023-04-09T10:32:36+02:00] Variables: 1|66|92|14|0|0|1|1|1|1|6|||1|||||0
[2023-04-09T10:32:36+02:00] Product: 66-92 | Price calculated: 19 | Currency: Złoty polski | Tax: 1
[2023-04-09T10:32:36+02:00] Variables: 1|66|92|14|0|0|1|1|1|1|6||1|1|||||0
[2023-04-09T10:32:36+02:00] Product: 66-93 | Price calculated: 29 | Currency: Złoty polski | Tax: 1
[2023-04-09T10:32:36+02:00] Variables: 1|66|93|14|0|0|1|1|1|1|6|||1|||||0
[2023-04-09T10:32:36+02:00] Product: 66-93 | Price calculated: 29 | Currency: Złoty polski | Tax: 1
[2023-04-09T10:32:36+02:00] Variables: 1|66|93|14|0|0|1|1|1|1|6||1|1|||||0
[2023-04-09T10:38:45+02:00] Product: 60-80 | Price calculated: 35 | Currency: Złoty polski | Tax: 1
[2023-04-09T10:38:45+02:00] Variables: 1|60|80|14|0|0|1|1|1|1|6|||1|||||0
[2023-04-09T10:38:45+02:00] Product: 60-80 | Price calculated: 35 | Currency: Złoty polski | Tax: 1
[2023-04-09T10:38:45+02:00] Variables: 1|60|80|14|0|0|1|1|1|1|6||1|1|||||0
[2023-04-09T10:38:45+02:00] Product: 60-81 | Price calculated: 55.9 | Currency: Złoty polski | Tax: 1
[2023-04-09T10:38:45+02:00] Variables: 1|60|81|14|0|0|1|1|1|1|6|||1|||||0
[2023-04-09T10:38:45+02:00] Product: 60-81 | Price calculated: 55.9 | Currency: Złoty polski | Tax: 1
[2023-04-09T10:38:45+02:00] Variables: 1|60|81|14|0|0|1|1|1|1|6||1|1|||||0
[2023-04-09T10:38:45+02:00] Product: 60-82 | Price calculated: 75.9 | Currency: Złoty polski | Tax: 1
[2023-04-09T10:38:45+02:00] Variables: 1|60|82|14|0|0|1|1|1|1|6|||1|||||0
[2023-04-09T10:38:45+02:00] Product: 60-82 | Price calculated: 75.9 | Currency: Złoty polski | Tax: 1
[2023-04-09T10:38:45+02:00] Variables: 1|60|82|14|0|0|1|1|1|1|6||1|1|||||0
[2023-04-09T10:53:32+02:00] Product: 54-64 | Price calculated: 11.5 | Currency: Złoty polski | Tax: 1
[2023-04-09T10:53:32+02:00] Variables: 1|54|64|14|0|0|1|1|1|1|6|||1|||||0
[2023-04-09T10:53:32+02:00] Product: 54-64 | Price calculated: 11.5 | Currency: Złoty polski | Tax: 1
[2023-04-09T10:53:32+02:00] Variables: 1|54|64|14|0|0|1|1|1|1|6||1|1|||||0
[2023-04-09T10:53:32+02:00] Product: 54-65 | Price calculated: 17.5 | Currency: Złoty polski | Tax: 1
[2023-04-09T10:53:32+02:00] Variables: 1|54|65|14|0|0|1|1|1|1|6|||1|||||0
[2023-04-09T10:53:32+02:00] Product: 54-65 | Price calculated: 17.5 | Currency: Złoty polski | Tax: 1
[2023-04-09T10:53:32+02:00] Variables: 1|54|65|14|0|0|1|1|1|1|6||1|1|||||0
[2023-04-09T10:53:32+02:00] Product: 54-66 | Price calculated: 27.9 | Currency: Złoty polski | Tax: 1
[2023-04-09T10:53:32+02:00] Variables: 1|54|66|14|0|0|1|1|1|1|6|||1|||||0
[2023-04-09T10:53:32+02:00] Product: 54-66 | Price calculated: 27.9 | Currency: Złoty polski | Tax: 1
[2023-04-09T10:53:32+02:00] Variables: 1|54|66|14|0|0|1|1|1|1|6||1|1|||||0
[2023-04-09T10:53:32+02:00] Product: 54-155 | Price calculated: 249 | Currency: Złoty polski | Tax: 1
[2023-04-09T10:53:32+02:00] Variables: 1|54|155|14|0|0|1|1|1|1|6|||1|||||0
[2023-04-09T10:53:32+02:00] Product: 54-155 | Price calculated: 249 | Currency: Złoty polski | Tax: 1
[2023-04-09T10:53:32+02:00] Variables: 1|54|155|14|0|0|1|1|1|1|6||1|1|||||0
[2023-04-09T10:57:34+02:00] Product: 104-142 | Price calculated: 6.9 | Currency: Złoty polski | Tax: 1
[2023-04-09T10:57:34+02:00] Variables: 1|104|142|14|0|0|1|1|1|1|6|||1|||||0
[2023-04-09T10:57:34+02:00] Product: 104-142 | Price calculated: 6.9 | Currency: Złoty polski | Tax: 1
[2023-04-09T10:57:34+02:00] Variables: 1|104|142|14|0|0|1|1|1|1|6||1|1|||||0
[2023-04-09T10:57:34+02:00] Product: 104-143 | Price calculated: 9.9 | Currency: Złoty polski | Tax: 1
[2023-04-09T10:57:34+02:00] Variables: 1|104|143|14|0|0|1|1|1|1|6|||1|||||0
[2023-04-09T10:57:34+02:00] Product: 104-143 | Price calculated: 9.9 | Currency: Złoty polski | Tax: 1
[2023-04-09T10:57:34+02:00] Variables: 1|104|143|14|0|0|1|1|1|1|6||1|1|||||0
[2023-04-09T10:57:34+02:00] Product: 104-144 | Price calculated: 14.9 | Currency: Złoty polski | Tax: 1
[2023-04-09T10:57:34+02:00] Variables: 1|104|144|14|0|0|1|1|1|1|6|||1|||||0
[2023-04-09T10:57:34+02:00] Product: 104-144 | Price calculated: 14.9 | Currency: Złoty polski | Tax: 1
[2023-04-09T10:57:34+02:00] Variables: 1|104|144|14|0|0|1|1|1|1|6||1|1|||||0
[2023-04-09T10:57:34+02:00] Product: 104-145 | Price calculated: 16.9 | Currency: Złoty polski | Tax: 1
[2023-04-09T10:57:34+02:00] Variables: 1|104|145|14|0|0|1|1|1|1|6|||1|||||0
[2023-04-09T10:57:34+02:00] Product: 104-145 | Price calculated: 16.9 | Currency: Złoty polski | Tax: 1
[2023-04-09T10:57:34+02:00] Variables: 1|104|145|14|0|0|1|1|1|1|6||1|1|||||0
[2023-04-09T10:57:34+02:00] Product: 104-146 | Price calculated: 19.9 | Currency: Złoty polski | Tax: 1
[2023-04-09T10:57:34+02:00] Variables: 1|104|146|14|0|0|1|1|1|1|6|||1|||||0
[2023-04-09T10:57:34+02:00] Product: 104-146 | Price calculated: 19.9 | Currency: Złoty polski | Tax: 1
[2023-04-09T10:57:34+02:00] Variables: 1|104|146|14|0|0|1|1|1|1|6||1|1|||||0
[2023-04-09T11:09:13+02:00] Product: 110-158 | Price calculated: 16.9 | Currency: Złoty polski | Tax: 1
[2023-04-09T11:09:13+02:00] Variables: 1|110|158|14|0|0|1|1|1|1|6|||1|||||0
[2023-04-09T11:09:13+02:00] Product: 110-158 | Price calculated: 16.9 | Currency: Złoty polski | Tax: 1
[2023-04-09T11:09:13+02:00] Variables: 1|110|158|14|0|0|1|1|1|1|6||1|1|||||0
[2023-04-09T11:09:13+02:00] Product: 110-159 | Price calculated: 28.9 | Currency: Złoty polski | Tax: 1
[2023-04-09T11:09:13+02:00] Variables: 1|110|159|14|0|0|1|1|1|1|6|||1|||||0
[2023-04-09T11:09:13+02:00] Product: 110-159 | Price calculated: 28.9 | Currency: Złoty polski | Tax: 1
[2023-04-09T11:09:13+02:00] Variables: 1|110|159|14|0|0|1|1|1|1|6||1|1|||||0
[2023-04-09T11:09:13+02:00] Product: 110-160 | Price calculated: 52.9 | Currency: Złoty polski | Tax: 1
[2023-04-09T11:09:13+02:00] Variables: 1|110|160|14|0|0|1|1|1|1|6|||1|||||0
[2023-04-09T11:09:13+02:00] Product: 110-160 | Price calculated: 52.9 | Currency: Złoty polski | Tax: 1
[2023-04-09T11:09:13+02:00] Variables: 1|110|160|14|0|0|1|1|1|1|6||1|1|||||0
[2023-04-09T11:12:06+02:00] Product: 88-132 | Price calculated: 10.9 | Currency: Złoty polski | Tax: 1
[2023-04-09T11:12:06+02:00] Variables: 1|88|132|14|0|0|1|1|1|1|6|||1|||||0
[2023-04-09T11:12:06+02:00] Product: 88-132 | Price calculated: 10.9 | Currency: Złoty polski | Tax: 1
[2023-04-09T11:12:06+02:00] Variables: 1|88|132|14|0|0|1|1|1|1|6||1|1|||||0
[2023-04-09T11:12:06+02:00] Product: 88-133 | Price calculated: 14.9 | Currency: Złoty polski | Tax: 1
[2023-04-09T11:12:06+02:00] Variables: 1|88|133|14|0|0|1|1|1|1|6|||1|||||0
[2023-04-09T11:12:06+02:00] Product: 88-133 | Price calculated: 14.9 | Currency: Złoty polski | Tax: 1
[2023-04-09T11:12:06+02:00] Variables: 1|88|133|14|0|0|1|1|1|1|6||1|1|||||0
[2023-04-09T11:12:06+02:00] Product: 88-134 | Price calculated: 22.9 | Currency: Złoty polski | Tax: 1
[2023-04-09T11:12:06+02:00] Variables: 1|88|134|14|0|0|1|1|1|1|6|||1|||||0
[2023-04-09T11:12:06+02:00] Product: 88-134 | Price calculated: 22.9 | Currency: Złoty polski | Tax: 1
[2023-04-09T11:12:06+02:00] Variables: 1|88|134|14|0|0|1|1|1|1|6||1|1|||||0
[2023-04-09T11:44:04+02:00] Product: 68-97 | Price calculated: 12.9 | Currency: Złoty polski | Tax: 1
[2023-04-09T11:44:04+02:00] Variables: 1|68|97|14|0|0|1|1|1|1|6|||1|||||0
[2023-04-09T11:44:04+02:00] Product: 68-97 | Price calculated: 12.9 | Currency: Złoty polski | Tax: 1
[2023-04-09T11:44:04+02:00] Variables: 1|68|97|14|0|0|1|1|1|1|6||1|1|||||0
[2023-04-09T11:44:04+02:00] Product: 68-98 | Price calculated: 18.9 | Currency: Złoty polski | Tax: 1
[2023-04-09T11:44:04+02:00] Variables: 1|68|98|14|0|0|1|1|1|1|6|||1|||||0
[2023-04-09T11:44:04+02:00] Product: 68-98 | Price calculated: 18.9 | Currency: Złoty polski | Tax: 1
[2023-04-09T11:44:04+02:00] Variables: 1|68|98|14|0|0|1|1|1|1|6||1|1|||||0
[2023-04-09T11:44:04+02:00] Product: 68-99 | Price calculated: 29 | Currency: Złoty polski | Tax: 1
[2023-04-09T11:44:04+02:00] Variables: 1|68|99|14|0|0|1|1|1|1|6|||1|||||0
[2023-04-09T11:44:04+02:00] Product: 68-99 | Price calculated: 29 | Currency: Złoty polski | Tax: 1
[2023-04-09T11:44:04+02:00] Variables: 1|68|99|14|0|0|1|1|1|1|6||1|1|||||0
[2023-04-09T11:47:34+02:00] Product: 111-164 | Price calculated: 16.9 | Currency: Złoty polski | Tax: 1
[2023-04-09T11:47:34+02:00] Variables: 1|111|164|14|0|0|1|1|1|1|6|||1|||||0
[2023-04-09T11:47:34+02:00] Product: 111-164 | Price calculated: 16.9 | Currency: Złoty polski | Tax: 1
[2023-04-09T11:47:34+02:00] Variables: 1|111|164|14|0|0|1|1|1|1|6||1|1|||||0
[2023-04-09T11:47:34+02:00] Product: 111-165 | Price calculated: 28.9 | Currency: Złoty polski | Tax: 1
[2023-04-09T11:47:34+02:00] Variables: 1|111|165|14|0|0|1|1|1|1|6|||1|||||0
[2023-04-09T11:47:34+02:00] Product: 111-165 | Price calculated: 28.9 | Currency: Złoty polski | Tax: 1
[2023-04-09T11:47:34+02:00] Variables: 1|111|165|14|0|0|1|1|1|1|6||1|1|||||0
[2023-04-09T11:47:34+02:00] Product: 111-166 | Price calculated: 38.5 | Currency: Złoty polski | Tax: 1
[2023-04-09T11:47:34+02:00] Variables: 1|111|166|14|0|0|1|1|1|1|6|||1|||||0
[2023-04-09T11:47:34+02:00] Product: 111-166 | Price calculated: 38.5 | Currency: Złoty polski | Tax: 1
[2023-04-09T11:47:34+02:00] Variables: 1|111|166|14|0|0|1|1|1|1|6||1|1|||||0
[2023-04-09T12:24:07+02:00] Product: 103-138 | Price calculated: 16.9 | Currency: Złoty polski | Tax: 1
[2023-04-09T12:24:07+02:00] Variables: 1|103|138|14|0|0|1|1|1|1|6|||1|||||0
[2023-04-09T12:24:07+02:00] Product: 103-138 | Price calculated: 16.9 | Currency: Złoty polski | Tax: 1
[2023-04-09T12:24:07+02:00] Variables: 1|103|138|14|0|0|1|1|1|1|6||1|1|||||0
[2023-04-09T12:24:07+02:00] Product: 103-139 | Price calculated: 25.9 | Currency: Złoty polski | Tax: 1
[2023-04-09T12:24:07+02:00] Variables: 1|103|139|14|0|0|1|1|1|1|6|||1|||||0
[2023-04-09T12:24:07+02:00] Product: 103-139 | Price calculated: 25.9 | Currency: Złoty polski | Tax: 1
[2023-04-09T12:24:07+02:00] Variables: 1|103|139|14|0|0|1|1|1|1|6||1|1|||||0
[2023-04-09T12:24:07+02:00] Product: 103-140 | Price calculated: 31.9 | Currency: Złoty polski | Tax: 1
[2023-04-09T12:24:07+02:00] Variables: 1|103|140|14|0|0|1|1|1|1|6|||1|||||0
[2023-04-09T12:24:07+02:00] Product: 103-140 | Price calculated: 31.9 | Currency: Złoty polski | Tax: 1
[2023-04-09T12:24:07+02:00] Variables: 1|103|140|14|0|0|1|1|1|1|6||1|1|||||0
[2023-04-09T12:24:07+02:00] Product: 103-141 | Price calculated: 46.9 | Currency: Złoty polski | Tax: 1
[2023-04-09T12:24:07+02:00] Variables: 1|103|141|14|0|0|1|1|1|1|6|||1|||||0
[2023-04-09T12:24:07+02:00] Product: 103-141 | Price calculated: 46.9 | Currency: Złoty polski | Tax: 1
[2023-04-09T12:24:07+02:00] Variables: 1|103|141|14|0|0|1|1|1|1|6||1|1|||||0
[2023-04-09T12:45:09+02:00] Product: 68-97 | Price calculated: 12.9 | Currency: Złoty polski | Tax: 1
[2023-04-09T12:45:09+02:00] Variables: 1|68|97|14|0|0|1|1|1|1|6|||1|||||0
[2023-04-09T12:45:09+02:00] Product: 68-97 | Price calculated: 12.9 | Currency: Złoty polski | Tax: 1
[2023-04-09T12:45:09+02:00] Variables: 1|68|97|14|0|0|1|1|1|1|6||1|1|||||0
[2023-04-09T12:45:09+02:00] Product: 68-98 | Price calculated: 18.9 | Currency: Złoty polski | Tax: 1
[2023-04-09T12:45:09+02:00] Variables: 1|68|98|14|0|0|1|1|1|1|6|||1|||||0
[2023-04-09T12:45:09+02:00] Product: 68-98 | Price calculated: 18.9 | Currency: Złoty polski | Tax: 1
[2023-04-09T12:45:09+02:00] Variables: 1|68|98|14|0|0|1|1|1|1|6||1|1|||||0
[2023-04-09T12:45:09+02:00] Product: 68-99 | Price calculated: 29 | Currency: Złoty polski | Tax: 1
[2023-04-09T12:45:09+02:00] Variables: 1|68|99|14|0|0|1|1|1|1|6|||1|||||0
[2023-04-09T12:45:09+02:00] Product: 68-99 | Price calculated: 29 | Currency: Złoty polski | Tax: 1
[2023-04-09T12:45:09+02:00] Variables: 1|68|99|14|0|0|1|1|1|1|6||1|1|||||0
[2023-04-09T13:48:15+02:00] Product: 58-74 | Price calculated: 19.9 | Currency: Złoty polski | Tax: 1
[2023-04-09T13:48:15+02:00] Variables: 1|58|74|14|0|0|1|1|1|1|6|||1|||||0
[2023-04-09T13:48:15+02:00] Product: 58-74 | Price calculated: 19.9 | Currency: Złoty polski | Tax: 1
[2023-04-09T13:48:15+02:00] Variables: 1|58|74|14|0|0|1|1|1|1|6||1|1|||||0
[2023-04-09T13:48:15+02:00] Product: 58-75 | Price calculated: 32.9 | Currency: Złoty polski | Tax: 1
[2023-04-09T13:48:15+02:00] Variables: 1|58|75|14|0|0|1|1|1|1|6|||1|||||0
[2023-04-09T13:48:15+02:00] Product: 58-75 | Price calculated: 32.9 | Currency: Złoty polski | Tax: 1
[2023-04-09T13:48:15+02:00] Variables: 1|58|75|14|0|0|1|1|1|1|6||1|1|||||0
[2023-04-09T13:48:15+02:00] Product: 58-76 | Price calculated: 42.5 | Currency: Złoty polski | Tax: 1
[2023-04-09T13:48:15+02:00] Variables: 1|58|76|14|0|0|1|1|1|1|6|||1|||||0
[2023-04-09T13:48:15+02:00] Product: 58-76 | Price calculated: 42.5 | Currency: Złoty polski | Tax: 1
[2023-04-09T13:48:15+02:00] Variables: 1|58|76|14|0|0|1|1|1|1|6||1|1|||||0
[2023-04-09T15:37:14+02:00] Product: 51-58 | Price calculated: 11.9 | Currency: Złoty polski | Tax: 1
[2023-04-09T15:37:14+02:00] Variables: 1|51|58|14|0|0|1|1|1|1|6|||1|||||0
[2023-04-09T15:37:14+02:00] Product: 51-58 | Price calculated: 11.9 | Currency: Złoty polski | Tax: 1
[2023-04-09T15:37:14+02:00] Variables: 1|51|58|14|0|0|1|1|1|1|6||1|1|||||0
[2023-04-09T15:37:14+02:00] Product: 51-59 | Price calculated: 19.9 | Currency: Złoty polski | Tax: 1
[2023-04-09T15:37:14+02:00] Variables: 1|51|59|14|0|0|1|1|1|1|6|||1|||||0
[2023-04-09T15:37:14+02:00] Product: 51-59 | Price calculated: 19.9 | Currency: Złoty polski | Tax: 1
[2023-04-09T15:37:14+02:00] Variables: 1|51|59|14|0|0|1|1|1|1|6||1|1|||||0
[2023-04-09T15:37:14+02:00] Product: 51-60 | Price calculated: 34.5 | Currency: Złoty polski | Tax: 1
[2023-04-09T15:37:14+02:00] Variables: 1|51|60|14|0|0|1|1|1|1|6|||1|||||0
[2023-04-09T15:37:14+02:00] Product: 51-60 | Price calculated: 34.5 | Currency: Złoty polski | Tax: 1
[2023-04-09T15:37:14+02:00] Variables: 1|51|60|14|0|0|1|1|1|1|6||1|1|||||0
[2023-04-09T15:37:14+02:00] Product: 51-153 | Price calculated: 289 | Currency: Złoty polski | Tax: 1
[2023-04-09T15:37:14+02:00] Variables: 1|51|153|14|0|0|1|1|1|1|6|||1|||||0
[2023-04-09T15:37:14+02:00] Product: 51-153 | Price calculated: 289 | Currency: Złoty polski | Tax: 1
[2023-04-09T15:37:14+02:00] Variables: 1|51|153|14|0|0|1|1|1|1|6||1|1|||||0
[2023-04-09T16:11:34+02:00] Product: 34 | Price calculated: 20.9 | Currency: Złoty polski | Tax: 1
[2023-04-09T16:11:34+02:00] Variables: 1|34||14|0|0|1|1|1|1|6|||1|||||0
[2023-04-09T16:11:34+02:00] Product: 34 | Price calculated: 20.9 | Currency: Złoty polski | Tax: 1
[2023-04-09T16:11:34+02:00] Variables: 1|34||14|0|0|1|1|1|1|6||1|1|||||0
[2023-04-09T16:35:21+02:00] Product: 81 | Price calculated: 49.9 | Currency: Złoty polski | Tax: 1
[2023-04-09T16:35:21+02:00] Variables: 1|81||14|0|0|1|1|1|1|6|||1|||||0
[2023-04-09T16:35:21+02:00] Product: 81 | Price calculated: 49.9 | Currency: Złoty polski | Tax: 1
[2023-04-09T16:35:21+02:00] Variables: 1|81||14|0|0|1|1|1|1|6||1|1|||||0
[2023-04-09T17:06:14+02:00] Product: 37 | Price calculated: 14.9 | Currency: Złoty polski | Tax: 1
[2023-04-09T17:06:14+02:00] Variables: 1|37||14|0|0|1|1|1|1|6|||1|||||0
[2023-04-09T17:06:14+02:00] Product: 37 | Price calculated: 14.9 | Currency: Złoty polski | Tax: 1
[2023-04-09T17:06:14+02:00] Variables: 1|37||14|0|0|1|1|1|1|6||1|1|||||0
[2023-04-09T17:13:23+02:00] Product: 68-97 | Price calculated: 12.9 | Currency: Złoty polski | Tax: 1
[2023-04-09T17:13:23+02:00] Variables: 1|68|97|14|0|0|1|1|1|1|6|||1|||||0
[2023-04-09T17:13:23+02:00] Product: 68-97 | Price calculated: 12.9 | Currency: Złoty polski | Tax: 1
[2023-04-09T17:13:23+02:00] Variables: 1|68|97|14|0|0|1|1|1|1|6||1|1|||||0
[2023-04-09T17:13:23+02:00] Product: 68-98 | Price calculated: 18.9 | Currency: Złoty polski | Tax: 1
[2023-04-09T17:13:23+02:00] Variables: 1|68|98|14|0|0|1|1|1|1|6|||1|||||0
[2023-04-09T17:13:23+02:00] Product: 68-98 | Price calculated: 18.9 | Currency: Złoty polski | Tax: 1
[2023-04-09T17:13:23+02:00] Variables: 1|68|98|14|0|0|1|1|1|1|6||1|1|||||0
[2023-04-09T17:13:23+02:00] Product: 68-99 | Price calculated: 29 | Currency: Złoty polski | Tax: 1
[2023-04-09T17:13:23+02:00] Variables: 1|68|99|14|0|0|1|1|1|1|6|||1|||||0
[2023-04-09T17:13:23+02:00] Product: 68-99 | Price calculated: 29 | Currency: Złoty polski | Tax: 1
[2023-04-09T17:13:23+02:00] Variables: 1|68|99|14|0|0|1|1|1|1|6||1|1|||||0
[2023-04-09T17:14:40+02:00] Product: 35 | Price calculated: 41.9 | Currency: Złoty polski | Tax: 1
[2023-04-09T17:14:40+02:00] Variables: 1|35||14|0|0|1|1|1|1|6|||1|||||0
[2023-04-09T17:14:40+02:00] Product: 35 | Price calculated: 41.9 | Currency: Złoty polski | Tax: 1
[2023-04-09T17:14:40+02:00] Variables: 1|35||14|0|0|1|1|1|1|6||1|1|||||0
[2023-04-09T17:41:08+02:00] Product: 45-46 | Price calculated: 16.9 | Currency: Złoty polski | Tax: 1
[2023-04-09T17:41:08+02:00] Variables: 1|45|46|14|0|0|1|1|1|1|6|||1|||||0
[2023-04-09T17:41:08+02:00] Product: 45-46 | Price calculated: 16.9 | Currency: Złoty polski | Tax: 1
[2023-04-09T17:41:08+02:00] Variables: 1|45|46|14|0|0|1|1|1|1|6||1|1|||||0
[2023-04-09T17:41:08+02:00] Product: 45-47 | Price calculated: 26.9 | Currency: Złoty polski | Tax: 1
[2023-04-09T17:41:08+02:00] Variables: 1|45|47|14|0|0|1|1|1|1|6|||1|||||0
[2023-04-09T17:41:08+02:00] Product: 45-47 | Price calculated: 26.9 | Currency: Złoty polski | Tax: 1
[2023-04-09T17:41:08+02:00] Variables: 1|45|47|14|0|0|1|1|1|1|6||1|1|||||0
[2023-04-09T17:41:08+02:00] Product: 45-48 | Price calculated: 44.5 | Currency: Złoty polski | Tax: 1
[2023-04-09T17:41:08+02:00] Variables: 1|45|48|14|0|0|1|1|1|1|6|||1|||||0
[2023-04-09T17:41:08+02:00] Product: 45-48 | Price calculated: 44.5 | Currency: Złoty polski | Tax: 1
[2023-04-09T17:41:08+02:00] Variables: 1|45|48|14|0|0|1|1|1|1|6||1|1|||||0
[2023-04-09T17:41:08+02:00] Product: 45-154 | Price calculated: 399 | Currency: Złoty polski | Tax: 1
[2023-04-09T17:41:08+02:00] Variables: 1|45|154|14|0|0|1|1|1|1|6|||1|||||0
[2023-04-09T17:41:08+02:00] Product: 45-154 | Price calculated: 399 | Currency: Złoty polski | Tax: 1
[2023-04-09T17:41:08+02:00] Variables: 1|45|154|14|0|0|1|1|1|1|6||1|1|||||0
[2023-04-09T17:42:10+02:00] Product: 51-58 | Price calculated: 11.9 | Currency: Złoty polski | Tax: 1
[2023-04-09T17:42:10+02:00] Variables: 1|51|58|14|0|0|1|1|1|1|6|||1|||||0
[2023-04-09T17:42:10+02:00] Product: 51-58 | Price calculated: 11.9 | Currency: Złoty polski | Tax: 1
[2023-04-09T17:42:10+02:00] Variables: 1|51|58|14|0|0|1|1|1|1|6||1|1|||||0
[2023-04-09T17:42:10+02:00] Product: 51-59 | Price calculated: 19.9 | Currency: Złoty polski | Tax: 1
[2023-04-09T17:42:10+02:00] Variables: 1|51|59|14|0|0|1|1|1|1|6|||1|||||0
[2023-04-09T17:42:10+02:00] Product: 51-59 | Price calculated: 19.9 | Currency: Złoty polski | Tax: 1
[2023-04-09T17:42:10+02:00] Variables: 1|51|59|14|0|0|1|1|1|1|6||1|1|||||0
[2023-04-09T17:42:10+02:00] Product: 51-60 | Price calculated: 34.5 | Currency: Złoty polski | Tax: 1
[2023-04-09T17:42:10+02:00] Variables: 1|51|60|14|0|0|1|1|1|1|6|||1|||||0
[2023-04-09T17:42:10+02:00] Product: 51-60 | Price calculated: 34.5 | Currency: Złoty polski | Tax: 1
[2023-04-09T17:42:10+02:00] Variables: 1|51|60|14|0|0|1|1|1|1|6||1|1|||||0
[2023-04-09T17:42:10+02:00] Product: 51-153 | Price calculated: 289 | Currency: Złoty polski | Tax: 1
[2023-04-09T17:42:10+02:00] Variables: 1|51|153|14|0|0|1|1|1|1|6|||1|||||0
[2023-04-09T17:42:10+02:00] Product: 51-153 | Price calculated: 289 | Currency: Złoty polski | Tax: 1
[2023-04-09T17:42:10+02:00] Variables: 1|51|153|14|0|0|1|1|1|1|6||1|1|||||0
[2023-04-09T17:54:08+02:00] Product: 35 | Price calculated: 41.9 | Currency: Złoty polski | Tax: 1
[2023-04-09T17:54:08+02:00] Variables: 1|35||14|0|0|1|1|1|1|6|||1|||||0
[2023-04-09T17:54:08+02:00] Product: 35 | Price calculated: 41.9 | Currency: Złoty polski | Tax: 1
[2023-04-09T17:54:08+02:00] Variables: 1|35||14|0|0|1|1|1|1|6||1|1|||||0
[2023-04-09T18:07:51+02:00] Product: 47-49 | Price calculated: 14.8953 | Currency: Złoty polski | Tax: 1
[2023-04-09T18:07:51+02:00] Variables: 1|47|49|14|0|0|1|1|1|1|6|||1|||||0
[2023-04-09T18:07:51+02:00] Product: 47-49 | Price calculated: 14.8953 | Currency: Złoty polski | Tax: 1
[2023-04-09T18:07:51+02:00] Variables: 1|47|49|14|0|0|1|1|1|1|6||1|1|||||0
[2023-04-09T18:07:51+02:00] Product: 47-50 | Price calculated: 22.9026 | Currency: Złoty polski | Tax: 1
[2023-04-09T18:07:51+02:00] Variables: 1|47|50|14|0|0|1|1|1|1|6|||1|||||0
[2023-04-09T18:07:51+02:00] Product: 47-50 | Price calculated: 22.9026 | Currency: Złoty polski | Tax: 1
[2023-04-09T18:07:51+02:00] Variables: 1|47|50|14|0|0|1|1|1|1|6||1|1|||||0
[2023-04-09T18:07:51+02:00] Product: 47-51 | Price calculated: 39.9012 | Currency: Złoty polski | Tax: 1
[2023-04-09T18:07:51+02:00] Variables: 1|47|51|14|0|0|1|1|1|1|6|||1|||||0
[2023-04-09T18:07:51+02:00] Product: 47-51 | Price calculated: 39.9012 | Currency: Złoty polski | Tax: 1
[2023-04-09T18:07:51+02:00] Variables: 1|47|51|14|0|0|1|1|1|1|6||1|1|||||0
[2023-04-09T18:27:45+02:00] Product: 80-123 | Price calculated: 26.9 | Currency: Złoty polski | Tax: 1
[2023-04-09T18:27:45+02:00] Variables: 1|80|123|14|0|0|1|1|1|1|6|||1|||||0
[2023-04-09T18:27:45+02:00] Product: 80-123 | Price calculated: 26.9 | Currency: Złoty polski | Tax: 1
[2023-04-09T18:27:45+02:00] Variables: 1|80|123|14|0|0|1|1|1|1|6||1|1|||||0
[2023-04-09T18:27:45+02:00] Product: 80-124 | Price calculated: 49 | Currency: Złoty polski | Tax: 1
[2023-04-09T18:27:45+02:00] Variables: 1|80|124|14|0|0|1|1|1|1|6|||1|||||0
[2023-04-09T18:27:45+02:00] Product: 80-124 | Price calculated: 49 | Currency: Złoty polski | Tax: 1
[2023-04-09T18:27:45+02:00] Variables: 1|80|124|14|0|0|1|1|1|1|6||1|1|||||0
[2023-04-09T18:27:45+02:00] Product: 80-125 | Price calculated: 15.9 | Currency: Złoty polski | Tax: 1
[2023-04-09T18:27:45+02:00] Variables: 1|80|125|14|0|0|1|1|1|1|6|||1|||||0
[2023-04-09T18:27:45+02:00] Product: 80-125 | Price calculated: 15.9 | Currency: Złoty polski | Tax: 1
[2023-04-09T18:27:45+02:00] Variables: 1|80|125|14|0|0|1|1|1|1|6||1|1|||||0
[2023-04-09T18:35:22+02:00] Product: 37 | Price calculated: 14.9 | Currency: Złoty polski | Tax: 1
[2023-04-09T18:35:22+02:00] Variables: 1|37||14|0|0|1|1|1|1|6|||1|||||0
[2023-04-09T18:35:22+02:00] Product: 37 | Price calculated: 14.9 | Currency: Złoty polski | Tax: 1
[2023-04-09T18:35:22+02:00] Variables: 1|37||14|0|0|1|1|1|1|6||1|1|||||0
[2023-04-09T19:19:37+02:00] Product: 45-46 | Price calculated: 16.9 | Currency: Złoty polski | Tax: 1
[2023-04-09T19:19:37+02:00] Variables: 1|45|46|14|0|0|1|1|1|1|6|||1|||||0
[2023-04-09T19:19:37+02:00] Product: 45-46 | Price calculated: 16.9 | Currency: Złoty polski | Tax: 1
[2023-04-09T19:19:37+02:00] Variables: 1|45|46|14|0|0|1|1|1|1|6||1|1|||||0
[2023-04-09T19:19:37+02:00] Product: 45-47 | Price calculated: 26.9 | Currency: Złoty polski | Tax: 1
[2023-04-09T19:19:37+02:00] Variables: 1|45|47|14|0|0|1|1|1|1|6|||1|||||0
[2023-04-09T19:19:37+02:00] Product: 45-47 | Price calculated: 26.9 | Currency: Złoty polski | Tax: 1
[2023-04-09T19:19:37+02:00] Variables: 1|45|47|14|0|0|1|1|1|1|6||1|1|||||0
[2023-04-09T19:19:37+02:00] Product: 45-48 | Price calculated: 44.5 | Currency: Złoty polski | Tax: 1
[2023-04-09T19:19:37+02:00] Variables: 1|45|48|14|0|0|1|1|1|1|6|||1|||||0
[2023-04-09T19:19:37+02:00] Product: 45-48 | Price calculated: 44.5 | Currency: Złoty polski | Tax: 1
[2023-04-09T19:19:37+02:00] Variables: 1|45|48|14|0|0|1|1|1|1|6||1|1|||||0
[2023-04-09T19:19:37+02:00] Product: 45-154 | Price calculated: 399 | Currency: Złoty polski | Tax: 1
[2023-04-09T19:19:37+02:00] Variables: 1|45|154|14|0|0|1|1|1|1|6|||1|||||0
[2023-04-09T19:19:37+02:00] Product: 45-154 | Price calculated: 399 | Currency: Złoty polski | Tax: 1
[2023-04-09T19:19:37+02:00] Variables: 1|45|154|14|0|0|1|1|1|1|6||1|1|||||0
[2023-04-09T19:24:37+02:00] Product: 36 | Price calculated: 42.9 | Currency: Złoty polski | Tax: 1
[2023-04-09T19:24:37+02:00] Variables: 1|36||14|0|0|1|1|1|1|6|||1|||||0
[2023-04-09T19:24:37+02:00] Product: 36 | Price calculated: 42.9 | Currency: Złoty polski | Tax: 1
[2023-04-09T19:24:37+02:00] Variables: 1|36||14|0|0|1|1|1|1|6||1|1|||||0
[2023-04-09T19:32:45+02:00] Product: 86-126 | Price calculated: 21.9 | Currency: Złoty polski | Tax: 1
[2023-04-09T19:32:45+02:00] Variables: 1|86|126|14|0|0|1|1|1|1|6|||1|||||0
[2023-04-09T19:32:45+02:00] Product: 86-126 | Price calculated: 21.9 | Currency: Złoty polski | Tax: 1
[2023-04-09T19:32:45+02:00] Variables: 1|86|126|14|0|0|1|1|1|1|6||1|1|||||0
[2023-04-09T19:32:45+02:00] Product: 86-127 | Price calculated: 34.9 | Currency: Złoty polski | Tax: 1
[2023-04-09T19:32:45+02:00] Variables: 1|86|127|14|0|0|1|1|1|1|6|||1|||||0
[2023-04-09T19:32:45+02:00] Product: 86-127 | Price calculated: 34.9 | Currency: Złoty polski | Tax: 1
[2023-04-09T19:32:45+02:00] Variables: 1|86|127|14|0|0|1|1|1|1|6||1|1|||||0
[2023-04-09T19:32:45+02:00] Product: 86-128 | Price calculated: 44.9 | Currency: Złoty polski | Tax: 1
[2023-04-09T19:32:45+02:00] Variables: 1|86|128|14|0|0|1|1|1|1|6|||1|||||0
[2023-04-09T19:32:45+02:00] Product: 86-128 | Price calculated: 44.9 | Currency: Złoty polski | Tax: 1
[2023-04-09T19:32:45+02:00] Variables: 1|86|128|14|0|0|1|1|1|1|6||1|1|||||0
[2023-04-09T19:34:07+02:00] Product: 70 | Price calculated: 19.9 | Currency: Złoty polski | Tax: 1
[2023-04-09T19:34:07+02:00] Variables: 1|70||14|0|0|1|1|1|1|6|||1|||||0
[2023-04-09T19:34:07+02:00] Product: 70 | Price calculated: 19.9 | Currency: Złoty polski | Tax: 1
[2023-04-09T19:34:07+02:00] Variables: 1|70||14|0|0|1|1|1|1|6||1|1|||||0
[2023-04-09T19:35:53+02:00] Product: 71 | Price calculated: 19.9 | Currency: Złoty polski | Tax: 1
[2023-04-09T19:35:53+02:00] Variables: 1|71||14|0|0|1|1|1|1|6|||1|||||0
[2023-04-09T19:35:53+02:00] Product: 71 | Price calculated: 19.9 | Currency: Złoty polski | Tax: 1
[2023-04-09T19:35:53+02:00] Variables: 1|71||14|0|0|1|1|1|1|6||1|1|||||0
[2023-04-09T20:36:34+02:00] Product: 83 | Price calculated: 29.9 | Currency: Złoty polski | Tax: 1
[2023-04-09T20:36:34+02:00] Variables: 1|83||14|0|0|1|1|1|1|6|||1|||||0
[2023-04-09T20:36:34+02:00] Product: 83 | Price calculated: 29.9 | Currency: Złoty polski | Tax: 1
[2023-04-09T20:36:34+02:00] Variables: 1|83||14|0|0|1|1|1|1|6||1|1|||||0
[2023-04-09T20:44:25+02:00] Product: 80-123 | Price calculated: 26.9 | Currency: Złoty polski | Tax: 1
[2023-04-09T20:44:25+02:00] Variables: 1|80|123|14|0|0|1|1|1|1|6|||1|||||0
[2023-04-09T20:44:25+02:00] Product: 80-123 | Price calculated: 26.9 | Currency: Złoty polski | Tax: 1
[2023-04-09T20:44:25+02:00] Variables: 1|80|123|14|0|0|1|1|1|1|6||1|1|||||0
[2023-04-09T20:44:25+02:00] Product: 80-124 | Price calculated: 49 | Currency: Złoty polski | Tax: 1
[2023-04-09T20:44:25+02:00] Variables: 1|80|124|14|0|0|1|1|1|1|6|||1|||||0
[2023-04-09T20:44:25+02:00] Product: 80-124 | Price calculated: 49 | Currency: Złoty polski | Tax: 1
[2023-04-09T20:44:25+02:00] Variables: 1|80|124|14|0|0|1|1|1|1|6||1|1|||||0
[2023-04-09T20:44:25+02:00] Product: 80-125 | Price calculated: 15.9 | Currency: Złoty polski | Tax: 1
[2023-04-09T20:44:25+02:00] Variables: 1|80|125|14|0|0|1|1|1|1|6|||1|||||0
[2023-04-09T20:44:25+02:00] Product: 80-125 | Price calculated: 15.9 | Currency: Złoty polski | Tax: 1
[2023-04-09T20:44:25+02:00] Variables: 1|80|125|14|0|0|1|1|1|1|6||1|1|||||0
[2023-04-09T20:55:09+02:00] Product: 111-164 | Price calculated: 16.9 | Currency: Złoty polski | Tax: 1
[2023-04-09T20:55:09+02:00] Variables: 1|111|164|14|0|0|1|1|1|1|6|||1|||||0
[2023-04-09T20:55:09+02:00] Product: 111-164 | Price calculated: 16.9 | Currency: Złoty polski | Tax: 1
[2023-04-09T20:55:09+02:00] Variables: 1|111|164|14|0|0|1|1|1|1|6||1|1|||||0
[2023-04-09T20:55:09+02:00] Product: 111-165 | Price calculated: 28.9 | Currency: Złoty polski | Tax: 1
[2023-04-09T20:55:09+02:00] Variables: 1|111|165|14|0|0|1|1|1|1|6|||1|||||0
[2023-04-09T20:55:09+02:00] Product: 111-165 | Price calculated: 28.9 | Currency: Złoty polski | Tax: 1
[2023-04-09T20:55:09+02:00] Variables: 1|111|165|14|0|0|1|1|1|1|6||1|1|||||0
[2023-04-09T20:55:09+02:00] Product: 111-166 | Price calculated: 38.5 | Currency: Złoty polski | Tax: 1
[2023-04-09T20:55:09+02:00] Variables: 1|111|166|14|0|0|1|1|1|1|6|||1|||||0
[2023-04-09T20:55:09+02:00] Product: 111-166 | Price calculated: 38.5 | Currency: Złoty polski | Tax: 1
[2023-04-09T20:55:09+02:00] Variables: 1|111|166|14|0|0|1|1|1|1|6||1|1|||||0
[2023-04-09T21:06:53+02:00] Product: 114-168 | Price calculated: 12.9 | Currency: Złoty polski | Tax: 1
[2023-04-09T21:06:53+02:00] Variables: 1|114|168|14|0|0|1|1|1|1|6|||1|||||0
[2023-04-09T21:06:53+02:00] Product: 114-168 | Price calculated: 12.9 | Currency: Złoty polski | Tax: 1
[2023-04-09T21:06:53+02:00] Variables: 1|114|168|14|0|0|1|1|1|1|6||1|1|||||0
[2023-04-09T21:06:53+02:00] Product: 114-169 | Price calculated: 20.9 | Currency: Złoty polski | Tax: 1
[2023-04-09T21:06:53+02:00] Variables: 1|114|169|14|0|0|1|1|1|1|6|||1|||||0
[2023-04-09T21:06:53+02:00] Product: 114-169 | Price calculated: 20.9 | Currency: Złoty polski | Tax: 1
[2023-04-09T21:06:53+02:00] Variables: 1|114|169|14|0|0|1|1|1|1|6||1|1|||||0
[2023-04-09T21:06:53+02:00] Product: 114-170 | Price calculated: 39 | Currency: Złoty polski | Tax: 1
[2023-04-09T21:06:53+02:00] Variables: 1|114|170|14|0|0|1|1|1|1|6|||1|||||0
[2023-04-09T21:06:53+02:00] Product: 114-170 | Price calculated: 39 | Currency: Złoty polski | Tax: 1
[2023-04-09T21:06:53+02:00] Variables: 1|114|170|14|0|0|1|1|1|1|6||1|1|||||0
[2023-04-09T21:30:19+02:00] Product: 45-46 | Price calculated: 16.9 | Currency: Złoty polski | Tax: 1
[2023-04-09T21:30:19+02:00] Variables: 1|45|46|14|0|0|1|1|1|1|6|||1|||||0
[2023-04-09T21:30:19+02:00] Product: 45-46 | Price calculated: 16.9 | Currency: Złoty polski | Tax: 1
[2023-04-09T21:30:19+02:00] Variables: 1|45|46|14|0|0|1|1|1|1|6||1|1|||||0
[2023-04-09T21:30:19+02:00] Product: 45-47 | Price calculated: 26.9 | Currency: Złoty polski | Tax: 1
[2023-04-09T21:30:19+02:00] Variables: 1|45|47|14|0|0|1|1|1|1|6|||1|||||0
[2023-04-09T21:30:19+02:00] Product: 45-47 | Price calculated: 26.9 | Currency: Złoty polski | Tax: 1
[2023-04-09T21:30:19+02:00] Variables: 1|45|47|14|0|0|1|1|1|1|6||1|1|||||0
[2023-04-09T21:30:19+02:00] Product: 45-48 | Price calculated: 44.5 | Currency: Złoty polski | Tax: 1
[2023-04-09T21:30:19+02:00] Variables: 1|45|48|14|0|0|1|1|1|1|6|||1|||||0
[2023-04-09T21:30:19+02:00] Product: 45-48 | Price calculated: 44.5 | Currency: Złoty polski | Tax: 1
[2023-04-09T21:30:19+02:00] Variables: 1|45|48|14|0|0|1|1|1|1|6||1|1|||||0
[2023-04-09T21:30:19+02:00] Product: 45-154 | Price calculated: 399 | Currency: Złoty polski | Tax: 1
[2023-04-09T21:30:19+02:00] Variables: 1|45|154|14|0|0|1|1|1|1|6|||1|||||0
[2023-04-09T21:30:19+02:00] Product: 45-154 | Price calculated: 399 | Currency: Złoty polski | Tax: 1
[2023-04-09T21:30:19+02:00] Variables: 1|45|154|14|0|0|1|1|1|1|6||1|1|||||0
[2023-04-09T21:39:26+02:00] Product: 111-164 | Price calculated: 16.9 | Currency: Złoty polski | Tax: 1
[2023-04-09T21:39:26+02:00] Variables: 1|111|164|14|0|0|1|1|1|1|6|||1|||||0
[2023-04-09T21:39:26+02:00] Product: 111-164 | Price calculated: 16.9 | Currency: Złoty polski | Tax: 1
[2023-04-09T21:39:26+02:00] Variables: 1|111|164|14|0|0|1|1|1|1|6||1|1|||||0
[2023-04-09T21:39:26+02:00] Product: 111-165 | Price calculated: 28.9 | Currency: Złoty polski | Tax: 1
[2023-04-09T21:39:26+02:00] Variables: 1|111|165|14|0|0|1|1|1|1|6|||1|||||0
[2023-04-09T21:39:26+02:00] Product: 111-165 | Price calculated: 28.9 | Currency: Złoty polski | Tax: 1
[2023-04-09T21:39:26+02:00] Variables: 1|111|165|14|0|0|1|1|1|1|6||1|1|||||0
[2023-04-09T21:39:26+02:00] Product: 111-166 | Price calculated: 38.5 | Currency: Złoty polski | Tax: 1
[2023-04-09T21:39:26+02:00] Variables: 1|111|166|14|0|0|1|1|1|1|6|||1|||||0
[2023-04-09T21:39:26+02:00] Product: 111-166 | Price calculated: 38.5 | Currency: Złoty polski | Tax: 1
[2023-04-09T21:39:26+02:00] Variables: 1|111|166|14|0|0|1|1|1|1|6||1|1|||||0
[2023-04-09T21:48:23+02:00] Product: 53-61 | Price calculated: 10.9 | Currency: Złoty polski | Tax: 1
[2023-04-09T21:48:23+02:00] Variables: 1|53|61|14|0|0|1|1|1|1|6|||1|||||0
[2023-04-09T21:48:23+02:00] Product: 53-61 | Price calculated: 10.9 | Currency: Złoty polski | Tax: 1
[2023-04-09T21:48:23+02:00] Variables: 1|53|61|14|0|0|1|1|1|1|6||1|1|||||0
[2023-04-09T21:48:23+02:00] Product: 53-62 | Price calculated: 16.9 | Currency: Złoty polski | Tax: 1
[2023-04-09T21:48:23+02:00] Variables: 1|53|62|14|0|0|1|1|1|1|6|||1|||||0
[2023-04-09T21:48:23+02:00] Product: 53-62 | Price calculated: 16.9 | Currency: Złoty polski | Tax: 1
[2023-04-09T21:48:23+02:00] Variables: 1|53|62|14|0|0|1|1|1|1|6||1|1|||||0
[2023-04-09T21:48:23+02:00] Product: 53-63 | Price calculated: 26.5 | Currency: Złoty polski | Tax: 1
[2023-04-09T21:48:23+02:00] Variables: 1|53|63|14|0|0|1|1|1|1|6|||1|||||0
[2023-04-09T21:48:23+02:00] Product: 53-63 | Price calculated: 26.5 | Currency: Złoty polski | Tax: 1
[2023-04-09T21:48:23+02:00] Variables: 1|53|63|14|0|0|1|1|1|1|6||1|1|||||0
[2023-04-09T21:48:23+02:00] Product: 53-157 | Price calculated: 229 | Currency: Złoty polski | Tax: 1
[2023-04-09T21:48:23+02:00] Variables: 1|53|157|14|0|0|1|1|1|1|6|||1|||||0
[2023-04-09T21:48:23+02:00] Product: 53-157 | Price calculated: 229 | Currency: Złoty polski | Tax: 1
[2023-04-09T21:48:23+02:00] Variables: 1|53|157|14|0|0|1|1|1|1|6||1|1|||||0
[2023-04-09T21:53:07+02:00] Product: 80-123 | Price calculated: 26.9 | Currency: Złoty polski | Tax: 1
[2023-04-09T21:53:07+02:00] Variables: 1|80|123|14|0|0|1|1|1|1|6|||1|||||0
[2023-04-09T21:53:07+02:00] Product: 80-123 | Price calculated: 26.9 | Currency: Złoty polski | Tax: 1
[2023-04-09T21:53:07+02:00] Variables: 1|80|123|14|0|0|1|1|1|1|6||1|1|||||0
[2023-04-09T21:53:07+02:00] Product: 80-124 | Price calculated: 49 | Currency: Złoty polski | Tax: 1
[2023-04-09T21:53:07+02:00] Variables: 1|80|124|14|0|0|1|1|1|1|6|||1|||||0
[2023-04-09T21:53:07+02:00] Product: 80-124 | Price calculated: 49 | Currency: Złoty polski | Tax: 1
[2023-04-09T21:53:07+02:00] Variables: 1|80|124|14|0|0|1|1|1|1|6||1|1|||||0
[2023-04-09T21:53:07+02:00] Product: 80-125 | Price calculated: 15.9 | Currency: Złoty polski | Tax: 1
[2023-04-09T21:53:07+02:00] Variables: 1|80|125|14|0|0|1|1|1|1|6|||1|||||0
[2023-04-09T21:53:07+02:00] Product: 80-125 | Price calculated: 15.9 | Currency: Złoty polski | Tax: 1
[2023-04-09T21:53:07+02:00] Variables: 1|80|125|14|0|0|1|1|1|1|6||1|1|||||0
[2023-04-09T22:19:22+02:00] Product: 22 | Price calculated: 24.9 | Currency: Złoty polski | Tax: 1
[2023-04-09T22:19:22+02:00] Variables: 1|22||14|0|0|1|1|1|1|6|||1|||||0
[2023-04-09T22:19:22+02:00] Product: 22 | Price calculated: 24.9 | Currency: Złoty polski | Tax: 1
[2023-04-09T22:19:22+02:00] Variables: 1|22||14|0|0|1|1|1|1|6||1|1|||||0
[2023-04-09T22:25:40+02:00] Product: 45-46 | Price calculated: 16.9 | Currency: Złoty polski | Tax: 1
[2023-04-09T22:25:40+02:00] Variables: 1|45|46|14|0|0|1|1|1|1|6|||1|||||0
[2023-04-09T22:25:40+02:00] Product: 45-46 | Price calculated: 16.9 | Currency: Złoty polski | Tax: 1
[2023-04-09T22:25:40+02:00] Variables: 1|45|46|14|0|0|1|1|1|1|6||1|1|||||0
[2023-04-09T22:25:40+02:00] Product: 45-47 | Price calculated: 26.9 | Currency: Złoty polski | Tax: 1
[2023-04-09T22:25:40+02:00] Variables: 1|45|47|14|0|0|1|1|1|1|6|||1|||||0
[2023-04-09T22:25:40+02:00] Product: 45-47 | Price calculated: 26.9 | Currency: Złoty polski | Tax: 1
[2023-04-09T22:25:40+02:00] Variables: 1|45|47|14|0|0|1|1|1|1|6||1|1|||||0
[2023-04-09T22:25:40+02:00] Product: 45-48 | Price calculated: 44.5 | Currency: Złoty polski | Tax: 1
[2023-04-09T22:25:40+02:00] Variables: 1|45|48|14|0|0|1|1|1|1|6|||1|||||0
[2023-04-09T22:25:40+02:00] Product: 45-48 | Price calculated: 44.5 | Currency: Złoty polski | Tax: 1
[2023-04-09T22:25:40+02:00] Variables: 1|45|48|14|0|0|1|1|1|1|6||1|1|||||0
[2023-04-09T22:25:40+02:00] Product: 45-154 | Price calculated: 399 | Currency: Złoty polski | Tax: 1
[2023-04-09T22:25:40+02:00] Variables: 1|45|154|14|0|0|1|1|1|1|6|||1|||||0
[2023-04-09T22:25:40+02:00] Product: 45-154 | Price calculated: 399 | Currency: Złoty polski | Tax: 1
[2023-04-09T22:25:40+02:00] Variables: 1|45|154|14|0|0|1|1|1|1|6||1|1|||||0
[2023-04-09T22:26:46+02:00] Product: 67-95 | Price calculated: 49.9 | Currency: Złoty polski | Tax: 1
[2023-04-09T22:26:46+02:00] Variables: 1|67|95|14|0|0|1|1|1|1|6|||1|||||0
[2023-04-09T22:26:46+02:00] Product: 67-95 | Price calculated: 49.9 | Currency: Złoty polski | Tax: 1
[2023-04-09T22:26:46+02:00] Variables: 1|67|95|14|0|0|1|1|1|1|6||1|1|||||0
[2023-04-09T22:26:46+02:00] Product: 67-96 | Price calculated: 65.9 | Currency: Złoty polski | Tax: 1
[2023-04-09T22:26:46+02:00] Variables: 1|67|96|14|0|0|1|1|1|1|6|||1|||||0
[2023-04-09T22:26:46+02:00] Product: 67-96 | Price calculated: 65.9 | Currency: Złoty polski | Tax: 1
[2023-04-09T22:26:46+02:00] Variables: 1|67|96|14|0|0|1|1|1|1|6||1|1|||||0
[2023-04-09T22:26:46+02:00] Product: 67-103 | Price calculated: 22.9 | Currency: Złoty polski | Tax: 1
[2023-04-09T22:26:46+02:00] Variables: 1|67|103|14|0|0|1|1|1|1|6|||1|||||0
[2023-04-09T22:26:46+02:00] Product: 67-103 | Price calculated: 22.9 | Currency: Złoty polski | Tax: 1
[2023-04-09T22:26:46+02:00] Variables: 1|67|103|14|0|0|1|1|1|1|6||1|1|||||0
[2023-04-09T22:34:23+02:00] Product: 114-168 | Price calculated: 12.9 | Currency: Złoty polski | Tax: 1
[2023-04-09T22:34:23+02:00] Variables: 1|114|168|14|0|0|1|1|1|1|6|||1|||||0
[2023-04-09T22:34:23+02:00] Product: 114-168 | Price calculated: 12.9 | Currency: Złoty polski | Tax: 1
[2023-04-09T22:34:23+02:00] Variables: 1|114|168|14|0|0|1|1|1|1|6||1|1|||||0
[2023-04-09T22:34:23+02:00] Product: 114-169 | Price calculated: 20.9 | Currency: Złoty polski | Tax: 1
[2023-04-09T22:34:23+02:00] Variables: 1|114|169|14|0|0|1|1|1|1|6|||1|||||0
[2023-04-09T22:34:23+02:00] Product: 114-169 | Price calculated: 20.9 | Currency: Złoty polski | Tax: 1
[2023-04-09T22:34:23+02:00] Variables: 1|114|169|14|0|0|1|1|1|1|6||1|1|||||0
[2023-04-09T22:34:23+02:00] Product: 114-170 | Price calculated: 39 | Currency: Złoty polski | Tax: 1
[2023-04-09T22:34:23+02:00] Variables: 1|114|170|14|0|0|1|1|1|1|6|||1|||||0
[2023-04-09T22:34:23+02:00] Product: 114-170 | Price calculated: 39 | Currency: Złoty polski | Tax: 1
[2023-04-09T22:34:23+02:00] Variables: 1|114|170|14|0|0|1|1|1|1|6||1|1|||||0
[2023-04-09T22:41:22+02:00] Product: 26 | Price calculated: 22.9 | Currency: Złoty polski | Tax: 1
[2023-04-09T22:41:22+02:00] Variables: 1|26||14|0|0|1|1|1|1|6|||1|||||0
[2023-04-09T22:41:22+02:00] Product: 26 | Price calculated: 22.9 | Currency: Złoty polski | Tax: 1
[2023-04-09T22:41:22+02:00] Variables: 1|26||14|0|0|1|1|1|1|6||1|1|||||0
[2023-04-09T23:00:04+02:00] Product: 59-77 | Price calculated: 18.9 | Currency: Złoty polski | Tax: 1
[2023-04-09T23:00:04+02:00] Variables: 1|59|77|14|0|0|1|1|1|1|6|||1|||||0
[2023-04-09T23:00:04+02:00] Product: 59-77 | Price calculated: 18.9 | Currency: Złoty polski | Tax: 1
[2023-04-09T23:00:04+02:00] Variables: 1|59|77|14|0|0|1|1|1|1|6||1|1|||||0
[2023-04-09T23:00:04+02:00] Product: 59-78 | Price calculated: 29.9 | Currency: Złoty polski | Tax: 1
[2023-04-09T23:00:04+02:00] Variables: 1|59|78|14|0|0|1|1|1|1|6|||1|||||0
[2023-04-09T23:00:04+02:00] Product: 59-78 | Price calculated: 29.9 | Currency: Złoty polski | Tax: 1
[2023-04-09T23:00:04+02:00] Variables: 1|59|78|14|0|0|1|1|1|1|6||1|1|||||0
[2023-04-09T23:00:04+02:00] Product: 59-79 | Price calculated: 39 | Currency: Złoty polski | Tax: 1
[2023-04-09T23:00:04+02:00] Variables: 1|59|79|14|0|0|1|1|1|1|6|||1|||||0
[2023-04-09T23:00:04+02:00] Product: 59-79 | Price calculated: 39 | Currency: Złoty polski | Tax: 1
[2023-04-09T23:00:04+02:00] Variables: 1|59|79|14|0|0|1|1|1|1|6||1|1|||||0
[2023-04-09T23:08:05+02:00] Product: 58-74 | Price calculated: 19.9 | Currency: Złoty polski | Tax: 1
[2023-04-09T23:08:05+02:00] Variables: 1|58|74|14|0|0|1|1|1|1|6|||1|||||0
[2023-04-09T23:08:05+02:00] Product: 58-74 | Price calculated: 19.9 | Currency: Złoty polski | Tax: 1
[2023-04-09T23:08:05+02:00] Variables: 1|58|74|14|0|0|1|1|1|1|6||1|1|||||0
[2023-04-09T23:08:05+02:00] Product: 58-75 | Price calculated: 32.9 | Currency: Złoty polski | Tax: 1
[2023-04-09T23:08:05+02:00] Variables: 1|58|75|14|0|0|1|1|1|1|6|||1|||||0
[2023-04-09T23:08:05+02:00] Product: 58-75 | Price calculated: 32.9 | Currency: Złoty polski | Tax: 1
[2023-04-09T23:08:05+02:00] Variables: 1|58|75|14|0|0|1|1|1|1|6||1|1|||||0
[2023-04-09T23:08:05+02:00] Product: 58-76 | Price calculated: 42.5 | Currency: Złoty polski | Tax: 1
[2023-04-09T23:08:05+02:00] Variables: 1|58|76|14|0|0|1|1|1|1|6|||1|||||0
[2023-04-09T23:08:05+02:00] Product: 58-76 | Price calculated: 42.5 | Currency: Złoty polski | Tax: 1
[2023-04-09T23:08:05+02:00] Variables: 1|58|76|14|0|0|1|1|1|1|6||1|1|||||0
[2023-04-09T23:14:36+02:00] Product: 36 | Price calculated: 42.9 | Currency: Złoty polski | Tax: 1
[2023-04-09T23:14:36+02:00] Variables: 1|36||14|0|0|1|1|1|1|6|||1|||||0
[2023-04-09T23:14:36+02:00] Product: 36 | Price calculated: 42.9 | Currency: Złoty polski | Tax: 1
[2023-04-09T23:14:36+02:00] Variables: 1|36||14|0|0|1|1|1|1|6||1|1|||||0
[2023-04-09T23:34:11+02:00] Product: 62-86 | Price calculated: 17.9 | Currency: Złoty polski | Tax: 1
[2023-04-09T23:34:11+02:00] Variables: 1|62|86|14|0|0|1|1|1|1|6|||1|||||0
[2023-04-09T23:34:11+02:00] Product: 62-86 | Price calculated: 17.9 | Currency: Złoty polski | Tax: 1
[2023-04-09T23:34:11+02:00] Variables: 1|62|86|14|0|0|1|1|1|1|6||1|1|||||0
[2023-04-09T23:34:11+02:00] Product: 62-87 | Price calculated: 28.9 | Currency: Złoty polski | Tax: 1
[2023-04-09T23:34:11+02:00] Variables: 1|62|87|14|0|0|1|1|1|1|6|||1|||||0
[2023-04-09T23:34:11+02:00] Product: 62-87 | Price calculated: 28.9 | Currency: Złoty polski | Tax: 1
[2023-04-09T23:34:11+02:00] Variables: 1|62|87|14|0|0|1|1|1|1|6||1|1|||||0
[2023-04-09T23:34:11+02:00] Product: 62-88 | Price calculated: 38.5 | Currency: Złoty polski | Tax: 1
[2023-04-09T23:34:11+02:00] Variables: 1|62|88|14|0|0|1|1|1|1|6|||1|||||0
[2023-04-09T23:34:11+02:00] Product: 62-88 | Price calculated: 38.5 | Currency: Złoty polski | Tax: 1
[2023-04-09T23:34:11+02:00] Variables: 1|62|88|14|0|0|1|1|1|1|6||1|1|||||0
[2023-04-09T23:34:11+02:00] Product: 62-89 | Price calculated: 15.9 | Currency: Złoty polski | Tax: 1
[2023-04-09T23:34:11+02:00] Variables: 1|62|89|14|0|0|1|1|1|1|6|||1|||||0
[2023-04-09T23:34:11+02:00] Product: 62-89 | Price calculated: 15.9 | Currency: Złoty polski | Tax: 1
[2023-04-09T23:34:11+02:00] Variables: 1|62|89|14|0|0|1|1|1|1|6||1|1|||||0
[2023-04-09T23:59:38+02:00] Product: 104-142 | Price calculated: 6.9 | Currency: Złoty polski | Tax: 1
[2023-04-09T23:59:38+02:00] Variables: 1|104|142|14|0|0|1|1|1|1|6|||1|||||0
[2023-04-09T23:59:38+02:00] Product: 104-142 | Price calculated: 6.9 | Currency: Złoty polski | Tax: 1
[2023-04-09T23:59:38+02:00] Variables: 1|104|142|14|0|0|1|1|1|1|6||1|1|||||0
[2023-04-09T23:59:38+02:00] Product: 104-143 | Price calculated: 9.9 | Currency: Złoty polski | Tax: 1
[2023-04-09T23:59:38+02:00] Variables: 1|104|143|14|0|0|1|1|1|1|6|||1|||||0
[2023-04-09T23:59:38+02:00] Product: 104-143 | Price calculated: 9.9 | Currency: Złoty polski | Tax: 1
[2023-04-09T23:59:38+02:00] Variables: 1|104|143|14|0|0|1|1|1|1|6||1|1|||||0
[2023-04-09T23:59:38+02:00] Product: 104-144 | Price calculated: 14.9 | Currency: Złoty polski | Tax: 1
[2023-04-09T23:59:38+02:00] Variables: 1|104|144|14|0|0|1|1|1|1|6|||1|||||0
[2023-04-09T23:59:38+02:00] Product: 104-144 | Price calculated: 14.9 | Currency: Złoty polski | Tax: 1
[2023-04-09T23:59:38+02:00] Variables: 1|104|144|14|0|0|1|1|1|1|6||1|1|||||0
[2023-04-09T23:59:38+02:00] Product: 104-145 | Price calculated: 16.9 | Currency: Złoty polski | Tax: 1
[2023-04-09T23:59:38+02:00] Variables: 1|104|145|14|0|0|1|1|1|1|6|||1|||||0
[2023-04-09T23:59:38+02:00] Product: 104-145 | Price calculated: 16.9 | Currency: Złoty polski | Tax: 1
[2023-04-09T23:59:38+02:00] Variables: 1|104|145|14|0|0|1|1|1|1|6||1|1|||||0
[2023-04-09T23:59:38+02:00] Product: 104-146 | Price calculated: 19.9 | Currency: Złoty polski | Tax: 1
[2023-04-09T23:59:38+02:00] Variables: 1|104|146|14|0|0|1|1|1|1|6|||1|||||0
[2023-04-09T23:59:38+02:00] Product: 104-146 | Price calculated: 19.9 | Currency: Złoty polski | Tax: 1
[2023-04-09T23:59:38+02:00] Variables: 1|104|146|14|0|0|1|1|1|1|6||1|1|||||0
