2022-11-14 8:50:32.991702 2afe5a39680abf4453af7c3a7a8ffb54 INFO Processing payment for cart {cartId=796, externalId=796_6371f348f21ca}
2022-11-14 8:50:33.064873 2afe5a39680abf4453af7c3a7a8ffb54 INFO Processing payment for cart {cartId=796, externalId=796_6371f3490fd5e}
2022-11-14 8:50:33.261089 2afe5a39680abf4453af7c3a7a8ffb54 INFO Processing payment for cart {cartId=796, externalId=796_6371f3493fbd4}
2022-11-14 8:50:34.460836 2afe5a39680abf4453af7c3a7a8ffb54 ERROR An error occurred during payment request process {code=400, errorType=AUTHORIZATION_CODE_USED, externalId=796_6371f3493fbd4, message=Cannot process payment}
2022-11-14 8:50:34.666081 2afe5a39680abf4453af7c3a7a8ffb54 ERROR An error occurred during payment request process {code=400, errorType=AUTHORIZATION_CODE_USED, externalId=796_6371f348f21ca, message=Cannot process payment}
2022-11-14 8:50:34.906219 685d153b262b5fdb3d140f718b90c7ae INFO Incoming notification {externalId=796_6371f3490fd5e, paymentId=BL10-A35-THG-6FZ, status=NEW}
2022-11-14 8:50:34.909362 685d153b262b5fdb3d140f718b90c7ae WARNING Payment for order or cart not exists {externalId=796_6371f3490fd5e, paymentId=BL10-A35-THG-6FZ, status=NEW}
2022-11-14 8:50:34.946640 2afe5a39680abf4453af7c3a7a8ffb54 DEBUG Created paynow data entry {cartId=796, externalId=796_6371f3490fd5e}
2022-11-14 8:50:34.947391 2afe5a39680abf4453af7c3a7a8ffb54 INFO Payment has been successfully created {cartId=796, externalId=796_6371f3490fd5e, paymentId=BL10-A35-THG-6FZ, status=PENDING}
2022-11-14 8:50:34.948472 2afe5a39680abf4453af7c3a7a8ffb54 DEBUG Setting optimistic lock on paynow data {cartId=796, externalId=796_6371f3490fd5e}
2022-11-14 8:50:34.950440 2afe5a39680abf4453af7c3a7a8ffb54 DEBUG Successfully set up optimistic lock on paynow data {externalId=796_6371f3490fd5e}
2022-11-14 8:50:34.951159 2afe5a39680abf4453af7c3a7a8ffb54 INFO Creating an order from cart {cartId=796, externalId=796_6371f3490fd5e}
2022-11-14 8:50:35.439431 685d153b262b5fdb3d140f718b90c7ae INFO Incoming notification {externalId=796_6371f3490fd5e, paymentId=BL10-A35-THG-6FZ, status=PENDING}
2022-11-14 8:50:35.442838 685d153b262b5fdb3d140f718b90c7ae INFO Processing order's state update {cartId=796, externalId=796_6371f3490fd5e, orderId=0, orderReference=, paymentId=BL10-A35-THG-6FZ, fromStatus=NEW, toStatus=PENDING}
2022-11-14 8:50:35.443869 685d153b262b5fdb3d140f718b90c7ae WARNING An order does not exists {cartId=796, externalId=796_6371f3490fd5e, orderId=0, orderReference=, paymentId=BL10-A35-THG-6FZ}
2022-11-14 8:50:37.029354 2afe5a39680abf4453af7c3a7a8ffb54 INFO An order has been successfully created {cartId=796, externalId=796_6371f3490fd5e, orderId=191, orderReference=MVSGURWEQ, paymentId=BL10-A35-THG-6FZ}
2022-11-14 8:50:37.030221 2afe5a39680abf4453af7c3a7a8ffb54 DEBUG Unsetting optimistic lock on paynow data {cartId=796, externalId=796_6371f3490fd5e}
2022-11-14 8:50:37.033056 2afe5a39680abf4453af7c3a7a8ffb54 DEBUG Successfully unset optimistic lock on paynow data {externalId=796_6371f3490fd5e}
2022-11-14 8:50:37.035490 2afe5a39680abf4453af7c3a7a8ffb54 DEBUG Successfully updated payment data {orderId=191, orderReference=MVSGURWEQ, paymentId=BL10-A35-THG-6FZ}
2022-11-14 8:50:37.757158 2afe5a39680abf4453af7c3a7a8ffb54 INFO Retrieving payment status {paymentId=BL10-A35-THG-6FZ}
2022-11-14 8:50:37.858716 2afe5a39680abf4453af7c3a7a8ffb54 INFO Retrieved payment status {paymentId=BL10-A35-THG-6FZ, status=PENDING}
2022-11-14 8:50:37.859379 2afe5a39680abf4453af7c3a7a8ffb54 INFO Processing order's state update {cartId=796, externalId=796_6371f3490fd5e, orderId=191, orderReference=MVSGURWEQ, paymentId=BL10-A35-THG-6FZ, fromStatus=NEW, toStatus=PENDING}
2022-11-14 8:50:37.862327 2afe5a39680abf4453af7c3a7a8ffb54 DEBUG Successfully updated payment data {paymentId=BL10-A35-THG-6FZ, status=PENDING}
2022-11-14 8:50:37.863073 2afe5a39680abf4453af7c3a7a8ffb54 INFO Changed order's state {cartId=796, externalId=796_6371f3490fd5e, orderReference=MVSGURWEQ, paymentId=BL10-A35-THG-6FZ, status=PENDING}
2022-11-14 8:50:42.154335 2afe5a39680abf4453af7c3a7a8ffb54 INFO Checking order's payment status {externalId=796_6371f3490fd5e}
2022-11-14 8:50:42.155776 2afe5a39680abf4453af7c3a7a8ffb54 INFO Retrieving payment status {paymentId=BL10-A35-THG-6FZ}
2022-11-14 8:50:42.263219 2afe5a39680abf4453af7c3a7a8ffb54 INFO Retrieved payment status {paymentId=BL10-A35-THG-6FZ, status=PENDING}
2022-11-14 8:50:42.264700 2afe5a39680abf4453af7c3a7a8ffb54 INFO Processing order's state update {cartId=796, externalId=796_6371f3490fd5e, orderId=191, orderReference=MVSGURWEQ, paymentId=BL10-A35-THG-6FZ, fromStatus=PENDING, toStatus=PENDING}
2022-11-14 8:50:42.266010 2afe5a39680abf4453af7c3a7a8ffb54 ERROR An error occurred during updating state {code=0, externalId=796_6371f3490fd5e, paymentId=BL10-A35-THG-6FZ, status=PENDING, message=Status transition is incorrect PENDING - PENDING}
2022-11-14 8:50:45.091805 2afe5a39680abf4453af7c3a7a8ffb54 INFO Checking order's payment status {externalId=796_6371f3490fd5e}
2022-11-14 8:50:45.093538 2afe5a39680abf4453af7c3a7a8ffb54 INFO Retrieving payment status {paymentId=BL10-A35-THG-6FZ}
2022-11-14 8:50:45.199475 2afe5a39680abf4453af7c3a7a8ffb54 INFO Retrieved payment status {paymentId=BL10-A35-THG-6FZ, status=CONFIRMED}
2022-11-14 8:50:45.201061 2afe5a39680abf4453af7c3a7a8ffb54 INFO Processing order's state update {cartId=796, externalId=796_6371f3490fd5e, orderId=191, orderReference=MVSGURWEQ, paymentId=BL10-A35-THG-6FZ, fromStatus=PENDING, toStatus=CONFIRMED}
2022-11-14 8:50:45.203525 2afe5a39680abf4453af7c3a7a8ffb54 INFO Adding new state to order's history {externalId=796_6371f3490fd5e, orderId=191, orderReference=MVSGURWEQ, paymentId=BL10-A35-THG-6FZ, paymentStatus=CONFIRMED, state=2}
2022-11-14 8:50:45.830352 5894f5bae910a7be2366f9518f0baedb INFO Incoming notification {externalId=796_6371f3490fd5e, paymentId=BL10-A35-THG-6FZ, status=CONFIRMED}
2022-11-14 8:50:45.835215 5894f5bae910a7be2366f9518f0baedb INFO Processing order's state update {cartId=796, externalId=796_6371f3490fd5e, orderId=191, orderReference=MVSGURWEQ, paymentId=BL10-A35-THG-6FZ, fromStatus=PENDING, toStatus=CONFIRMED}
2022-11-14 8:50:45.839761 5894f5bae910a7be2366f9518f0baedb DEBUG Successfully updated payment data {paymentId=BL10-A35-THG-6FZ, status=CONFIRMED}
2022-11-14 8:50:45.840619 5894f5bae910a7be2366f9518f0baedb INFO Changed order's state {cartId=796, externalId=796_6371f3490fd5e, orderReference=MVSGURWEQ, paymentId=BL10-A35-THG-6FZ, status=CONFIRMED}
2022-11-14 8:50:46.314235 2afe5a39680abf4453af7c3a7a8ffb54 INFO Added new state to order's history {externalId=796_6371f3490fd5e, orderId=191, orderReference=MVSGURWEQ,  paymentId=BL10-A35-THG-6FZ, paymentStatus=CONFIRMED, state=2, historyId=736}
2022-11-14 8:50:46.317322 2afe5a39680abf4453af7c3a7a8ffb54 DEBUG Successfully updated payment data {paymentId=BL10-A35-THG-6FZ, status=CONFIRMED}
2022-11-14 8:50:46.318032 2afe5a39680abf4453af7c3a7a8ffb54 INFO Changed order's state {cartId=796, externalId=796_6371f3490fd5e, orderReference=MVSGURWEQ, paymentId=BL10-A35-THG-6FZ, status=CONFIRMED}
2022-11-14 8:51:35.503959 685d153b262b5fdb3d140f718b90c7ae INFO Incoming notification {externalId=796_6371f3490fd5e, paymentId=BL10-A35-THG-6FZ, status=NEW}
2022-11-14 8:51:35.506804 685d153b262b5fdb3d140f718b90c7ae INFO An order already has a paid status. Skipped notification processing {externalId=796_6371f3490fd5e, paymentId=BL10-A35-THG-6FZ, status=NEW}
2022-11-14 11:00:16.829147 36fd44f1b089717219614697dc10392c ERROR Error occurred during retrieving github latest release information {message=I}
2022-11-14 11:00:40.165380 36fd44f1b089717219614697dc10392c ERROR Error occurred during retrieving github latest release information {message=I}
2022-11-14 11:00:44.688514 36fd44f1b089717219614697dc10392c ERROR Error occurred during retrieving github latest release information {message=I}
2022-11-14 11:00:55.136782 36fd44f1b089717219614697dc10392c ERROR Error occurred during retrieving github latest release information {message=I}
