2022-11-02 10:59:27.480616 7dfaf76294abe34f8dbe761fcaf47733 INFO Processing payment for cart {cartId=767, externalId=767_63623f7f7555d}
2022-11-02 10:59:29.374778 7dfaf76294abe34f8dbe761fcaf47733 DEBUG Created paynow data entry {cartId=767, externalId=767_63623f7f7555d}
2022-11-02 10:59:29.376492 7dfaf76294abe34f8dbe761fcaf47733 INFO Payment has been successfully created {cartId=767, externalId=767_63623f7f7555d, paymentId=BLYD-6AF-56F-F5T, status=PENDING}
2022-11-02 10:59:29.377775 7dfaf76294abe34f8dbe761fcaf47733 DEBUG Setting optimistic lock on paynow data {cartId=767, externalId=767_63623f7f7555d}
2022-11-02 10:59:29.379647 7dfaf76294abe34f8dbe761fcaf47733 DEBUG Successfully set up optimistic lock on paynow data {externalId=767_63623f7f7555d}
2022-11-02 10:59:29.380445 7dfaf76294abe34f8dbe761fcaf47733 INFO Creating an order from cart {cartId=767, externalId=767_63623f7f7555d}
2022-11-02 10:59:29.488358 5894f5bae910a7be2366f9518f0baedb INFO Incoming notification {externalId=767_63623f7f7555d, paymentId=BLYD-6AF-56F-F5T, status=NEW}
2022-11-02 10:59:29.491910 5894f5bae910a7be2366f9518f0baedb INFO Processing order's state update {cartId=767, externalId=767_63623f7f7555d, orderId=0, orderReference=, paymentId=BLYD-6AF-56F-F5T, fromStatus=NEW, toStatus=NEW}
2022-11-02 10:59:29.492638 5894f5bae910a7be2366f9518f0baedb WARNING An order does not exists {cartId=767, externalId=767_63623f7f7555d, orderId=0, orderReference=, paymentId=BLYD-6AF-56F-F5T}
2022-11-02 10:59:29.672161 5894f5bae910a7be2366f9518f0baedb INFO Incoming notification {externalId=767_63623f7f7555d, paymentId=BLYD-6AF-56F-F5T, status=PENDING}
2022-11-02 10:59:29.674823 5894f5bae910a7be2366f9518f0baedb INFO Processing order's state update {cartId=767, externalId=767_63623f7f7555d, orderId=0, orderReference=, paymentId=BLYD-6AF-56F-F5T, fromStatus=NEW, toStatus=PENDING}
2022-11-02 10:59:29.675777 5894f5bae910a7be2366f9518f0baedb WARNING An order does not exists {cartId=767, externalId=767_63623f7f7555d, orderId=0, orderReference=, paymentId=BLYD-6AF-56F-F5T}
2022-11-02 10:59:30.987601 7dfaf76294abe34f8dbe761fcaf47733 INFO An order has been successfully created {cartId=767, externalId=767_63623f7f7555d, orderId=176, orderReference=EVLMTEAZS, paymentId=BLYD-6AF-56F-F5T}
2022-11-02 10:59:30.988432 7dfaf76294abe34f8dbe761fcaf47733 DEBUG Unsetting optimistic lock on paynow data {cartId=767, externalId=767_63623f7f7555d}
2022-11-02 10:59:30.990452 7dfaf76294abe34f8dbe761fcaf47733 DEBUG Successfully unset optimistic lock on paynow data {externalId=767_63623f7f7555d}
2022-11-02 10:59:30.992486 7dfaf76294abe34f8dbe761fcaf47733 DEBUG Successfully updated payment data {orderId=176, orderReference=EVLMTEAZS, paymentId=BLYD-6AF-56F-F5T}
2022-11-02 10:59:31.557555 7dfaf76294abe34f8dbe761fcaf47733 INFO Retrieving payment status {paymentId=BLYD-6AF-56F-F5T}
2022-11-02 10:59:31.676623 7dfaf76294abe34f8dbe761fcaf47733 INFO Retrieved payment status {paymentId=BLYD-6AF-56F-F5T, status=PENDING}
2022-11-02 10:59:31.677459 7dfaf76294abe34f8dbe761fcaf47733 INFO Processing order's state update {cartId=767, externalId=767_63623f7f7555d, orderId=176, orderReference=EVLMTEAZS, paymentId=BLYD-6AF-56F-F5T, fromStatus=NEW, toStatus=PENDING}
2022-11-02 10:59:31.679938 7dfaf76294abe34f8dbe761fcaf47733 DEBUG Successfully updated payment data {paymentId=BLYD-6AF-56F-F5T, status=PENDING}
2022-11-02 10:59:31.680654 7dfaf76294abe34f8dbe761fcaf47733 INFO Changed order's state {cartId=767, externalId=767_63623f7f7555d, orderReference=EVLMTEAZS, paymentId=BLYD-6AF-56F-F5T, status=PENDING}
2022-11-02 10:59:35.508344 7dfaf76294abe34f8dbe761fcaf47733 INFO Checking order's payment status {externalId=767_63623f7f7555d}
2022-11-02 10:59:35.510107 7dfaf76294abe34f8dbe761fcaf47733 INFO Retrieving payment status {paymentId=BLYD-6AF-56F-F5T}
2022-11-02 10:59:35.638999 7dfaf76294abe34f8dbe761fcaf47733 INFO Retrieved payment status {paymentId=BLYD-6AF-56F-F5T, status=PENDING}
2022-11-02 10:59:35.640654 7dfaf76294abe34f8dbe761fcaf47733 INFO Processing order's state update {cartId=767, externalId=767_63623f7f7555d, orderId=176, orderReference=EVLMTEAZS, paymentId=BLYD-6AF-56F-F5T, fromStatus=PENDING, toStatus=PENDING}
2022-11-02 10:59:35.641810 7dfaf76294abe34f8dbe761fcaf47733 ERROR An error occurred during updating state {code=0, externalId=767_63623f7f7555d, paymentId=BLYD-6AF-56F-F5T, status=PENDING, message=Status transition is incorrect PENDING - PENDING}
2022-11-02 10:59:37.507174 5894f5bae910a7be2366f9518f0baedb INFO Incoming notification {externalId=767_63623f7f7555d, paymentId=BLYD-6AF-56F-F5T, status=CONFIRMED}
2022-11-02 10:59:37.510752 5894f5bae910a7be2366f9518f0baedb INFO Processing order's state update {cartId=767, externalId=767_63623f7f7555d, orderId=176, orderReference=EVLMTEAZS, paymentId=BLYD-6AF-56F-F5T, fromStatus=PENDING, toStatus=CONFIRMED}
2022-11-02 10:59:37.513336 5894f5bae910a7be2366f9518f0baedb INFO Adding new state to order's history {externalId=767_63623f7f7555d, orderId=176, orderReference=EVLMTEAZS, paymentId=BLYD-6AF-56F-F5T, paymentStatus=CONFIRMED, state=2}
2022-11-02 10:59:38.327693 5894f5bae910a7be2366f9518f0baedb INFO Added new state to order's history {externalId=767_63623f7f7555d, orderId=176, orderReference=EVLMTEAZS,  paymentId=BLYD-6AF-56F-F5T, paymentStatus=CONFIRMED, state=2, historyId=675}
2022-11-02 10:59:38.330979 5894f5bae910a7be2366f9518f0baedb DEBUG Successfully updated payment data {paymentId=BLYD-6AF-56F-F5T, status=CONFIRMED}
2022-11-02 10:59:38.331630 5894f5bae910a7be2366f9518f0baedb INFO Changed order's state {cartId=767, externalId=767_63623f7f7555d, orderReference=EVLMTEAZS, paymentId=BLYD-6AF-56F-F5T, status=CONFIRMED}
2022-11-02 10:59:38.481606 7dfaf76294abe34f8dbe761fcaf47733 INFO Checking order's payment status {externalId=767_63623f7f7555d}
