2022-11-23 16:48:34.872605 0e2cae299e10a3af6fd090aec938b124 INFO Processing payment for cart {cartId=821, externalId=821_637e40d2d5093}
2022-11-23 16:48:34.872781 0e2cae299e10a3af6fd090aec938b124 INFO Processing payment for cart {cartId=821, externalId=821_637e40d2d5143}
2022-11-23 16:48:37.369458 0e2cae299e10a3af6fd090aec938b124 DEBUG Created paynow data entry {cartId=821, externalId=821_637e40d2d5143}
2022-11-23 16:48:37.370327 0e2cae299e10a3af6fd090aec938b124 INFO Payment has been successfully created {cartId=821, externalId=821_637e40d2d5143, paymentId=BLI7-6W0-NTP-P4G, status=PENDING}
2022-11-23 16:48:37.371628 0e2cae299e10a3af6fd090aec938b124 DEBUG Setting optimistic lock on paynow data {cartId=821, externalId=821_637e40d2d5143}
2022-11-23 16:48:37.373862 0e2cae299e10a3af6fd090aec938b124 DEBUG Successfully set up optimistic lock on paynow data {externalId=821_637e40d2d5143}
2022-11-23 16:48:37.374526 0e2cae299e10a3af6fd090aec938b124 INFO Creating an order from cart {cartId=821, externalId=821_637e40d2d5143}
2022-11-23 16:48:37.710211 0e2cae299e10a3af6fd090aec938b124 ERROR An error occurred during payment request process {code=400, errorType=AUTHORIZATION_CODE_USED, externalId=821_637e40d2d5093, message=Cannot process payment}
2022-11-23 16:48:37.745790 685d153b262b5fdb3d140f718b90c7ae INFO Incoming notification {externalId=821_637e40d2d5143, paymentId=BLI7-6W0-NTP-P4G, status=NEW}
2022-11-23 16:48:37.749020 685d153b262b5fdb3d140f718b90c7ae INFO Processing order's state update {cartId=821, externalId=821_637e40d2d5143, orderId=0, orderReference=, paymentId=BLI7-6W0-NTP-P4G, fromStatus=NEW, toStatus=NEW}
2022-11-23 16:48:37.750129 685d153b262b5fdb3d140f718b90c7ae WARNING An order does not exists {cartId=821, externalId=821_637e40d2d5143, orderId=0, orderReference=, paymentId=BLI7-6W0-NTP-P4G}
2022-11-23 16:48:37.817668 685d153b262b5fdb3d140f718b90c7ae INFO Incoming notification {externalId=821_637e40d2d5143, paymentId=BLI7-6W0-NTP-P4G, status=PENDING}
2022-11-23 16:48:37.820739 685d153b262b5fdb3d140f718b90c7ae INFO Processing order's state update {cartId=821, externalId=821_637e40d2d5143, orderId=0, orderReference=, paymentId=BLI7-6W0-NTP-P4G, fromStatus=NEW, toStatus=PENDING}
2022-11-23 16:48:37.821815 685d153b262b5fdb3d140f718b90c7ae WARNING An order does not exists {cartId=821, externalId=821_637e40d2d5143, orderId=0, orderReference=, paymentId=BLI7-6W0-NTP-P4G}
2022-11-23 16:48:39.867811 0e2cae299e10a3af6fd090aec938b124 INFO An order has been successfully created {cartId=821, externalId=821_637e40d2d5143, orderId=197, orderReference=AYFOLHESO, paymentId=BLI7-6W0-NTP-P4G}
2022-11-23 16:48:39.869208 0e2cae299e10a3af6fd090aec938b124 DEBUG Unsetting optimistic lock on paynow data {cartId=821, externalId=821_637e40d2d5143}
2022-11-23 16:48:39.871701 0e2cae299e10a3af6fd090aec938b124 DEBUG Successfully unset optimistic lock on paynow data {externalId=821_637e40d2d5143}
2022-11-23 16:48:39.873922 0e2cae299e10a3af6fd090aec938b124 DEBUG Successfully updated payment data {orderId=197, orderReference=AYFOLHESO, paymentId=BLI7-6W0-NTP-P4G}
2022-11-23 16:48:40.540931 0e2cae299e10a3af6fd090aec938b124 INFO Retrieving payment status {paymentId=BLI7-6W0-NTP-P4G}
2022-11-23 16:48:40.667968 0e2cae299e10a3af6fd090aec938b124 INFO Retrieved payment status {paymentId=BLI7-6W0-NTP-P4G, status=PENDING}
2022-11-23 16:48:40.668746 0e2cae299e10a3af6fd090aec938b124 INFO Processing order's state update {cartId=821, externalId=821_637e40d2d5143, orderId=197, orderReference=AYFOLHESO, paymentId=BLI7-6W0-NTP-P4G, fromStatus=NEW, toStatus=PENDING}
2022-11-23 16:48:40.671621 0e2cae299e10a3af6fd090aec938b124 DEBUG Successfully updated payment data {paymentId=BLI7-6W0-NTP-P4G, status=PENDING}
2022-11-23 16:48:40.672564 0e2cae299e10a3af6fd090aec938b124 INFO Changed order's state {cartId=821, externalId=821_637e40d2d5143, orderReference=AYFOLHESO, paymentId=BLI7-6W0-NTP-P4G, status=PENDING}
2022-11-23 16:48:44.871016 0e2cae299e10a3af6fd090aec938b124 INFO Checking order's payment status {externalId=821_637e40d2d5143}
2022-11-23 16:48:44.872872 0e2cae299e10a3af6fd090aec938b124 INFO Retrieving payment status {paymentId=BLI7-6W0-NTP-P4G}
2022-11-23 16:48:44.977361 0e2cae299e10a3af6fd090aec938b124 INFO Retrieved payment status {paymentId=BLI7-6W0-NTP-P4G, status=PENDING}
2022-11-23 16:48:44.979026 0e2cae299e10a3af6fd090aec938b124 INFO Processing order's state update {cartId=821, externalId=821_637e40d2d5143, orderId=197, orderReference=AYFOLHESO, paymentId=BLI7-6W0-NTP-P4G, fromStatus=PENDING, toStatus=PENDING}
2022-11-23 16:48:44.980509 0e2cae299e10a3af6fd090aec938b124 ERROR An error occurred during updating state {code=0, externalId=821_637e40d2d5143, paymentId=BLI7-6W0-NTP-P4G, status=PENDING, message=Status transition is incorrect PENDING - PENDING}
2022-11-23 16:48:47.832364 0e2cae299e10a3af6fd090aec938b124 INFO Checking order's payment status {externalId=821_637e40d2d5143}
2022-11-23 16:48:47.833924 0e2cae299e10a3af6fd090aec938b124 INFO Retrieving payment status {paymentId=BLI7-6W0-NTP-P4G}
2022-11-23 16:48:47.972359 0e2cae299e10a3af6fd090aec938b124 INFO Retrieved payment status {paymentId=BLI7-6W0-NTP-P4G, status=CONFIRMED}
2022-11-23 16:48:47.973752 0e2cae299e10a3af6fd090aec938b124 INFO Processing order's state update {cartId=821, externalId=821_637e40d2d5143, orderId=197, orderReference=AYFOLHESO, paymentId=BLI7-6W0-NTP-P4G, fromStatus=PENDING, toStatus=CONFIRMED}
2022-11-23 16:48:47.975820 0e2cae299e10a3af6fd090aec938b124 INFO Adding new state to order's history {externalId=821_637e40d2d5143, orderId=197, orderReference=AYFOLHESO, paymentId=BLI7-6W0-NTP-P4G, paymentStatus=CONFIRMED, state=2}
2022-11-23 16:48:48.678322 5894f5bae910a7be2366f9518f0baedb INFO Incoming notification {externalId=821_637e40d2d5143, paymentId=BLI7-6W0-NTP-P4G, status=CONFIRMED}
2022-11-23 16:48:48.681267 5894f5bae910a7be2366f9518f0baedb INFO Processing order's state update {cartId=821, externalId=821_637e40d2d5143, orderId=197, orderReference=AYFOLHESO, paymentId=BLI7-6W0-NTP-P4G, fromStatus=PENDING, toStatus=CONFIRMED}
2022-11-23 16:48:48.686049 5894f5bae910a7be2366f9518f0baedb DEBUG Successfully updated payment data {paymentId=BLI7-6W0-NTP-P4G, status=CONFIRMED}
2022-11-23 16:48:48.686784 5894f5bae910a7be2366f9518f0baedb INFO Changed order's state {cartId=821, externalId=821_637e40d2d5143, orderReference=AYFOLHESO, paymentId=BLI7-6W0-NTP-P4G, status=CONFIRMED}
2022-11-23 16:48:48.800255 0e2cae299e10a3af6fd090aec938b124 INFO Added new state to order's history {externalId=821_637e40d2d5143, orderId=197, orderReference=AYFOLHESO,  paymentId=BLI7-6W0-NTP-P4G, paymentStatus=CONFIRMED, state=2, historyId=762}
2022-11-23 16:48:48.803853 0e2cae299e10a3af6fd090aec938b124 DEBUG Successfully updated payment data {paymentId=BLI7-6W0-NTP-P4G, status=CONFIRMED}
2022-11-23 16:48:48.804547 0e2cae299e10a3af6fd090aec938b124 INFO Changed order's state {cartId=821, externalId=821_637e40d2d5143, orderReference=AYFOLHESO, paymentId=BLI7-6W0-NTP-P4G, status=CONFIRMED}
