2022-05-06 9:55:39.315896 685d153b262b5fdb3d140f718b90c7ae INFO Incoming notification {externalId=GFTMMTEOZ, paymentId=NO76-LU0-S29-F03, status=EXPIRED}
2022-05-06 9:55:39.323129 685d153b262b5fdb3d140f718b90c7ae DEBUG Successfully updated payment data {paymentId=NO76-LU0-S29-F03, status=EXPIRED}
2022-05-06 9:55:39.323985 685d153b262b5fdb3d140f718b90c7ae INFO Processing order's state update {cartId=252, externalId=GFTMMTEOZ, orderId=46, orderReference=GFTMMTEOZ, paymentId=NO76-LU0-S29-F03, fromStatus=EXPIRED, toStatus=EXPIRED}
2022-05-06 9:55:39.325201 685d153b262b5fdb3d140f718b90c7ae ERROR An error occurred during processing notification {externalId=GFTMMTEOZ, paymentId=NO76-LU0-S29-F03, status=EXPIRED, message=Another payment method is selected for order}
2022-05-06 14:10:25.263484 25e78aa353138f98121dd23057d4ec8d INFO Processing payment for cart {cartId=87, externalId=87_6275103140530}
2022-05-06 14:10:28.287704 25e78aa353138f98121dd23057d4ec8d ERROR An error occurred during sending payment request {code=0, externalId=87_6275103140530, message=Idle timeout reached for "https://api.paynow.pl/v1/payments".,}
2022-05-06 14:10:28.950920 5894f5bae910a7be2366f9518f0baedb INFO Incoming notification {externalId=87_6275103140530, paymentId=BLM4-DNS-SIC-C0U, status=NEW}
2022-05-06 14:10:28.953800 5894f5bae910a7be2366f9518f0baedb WARNING Payment for order or cart not exists {externalId=87_6275103140530, paymentId=BLM4-DNS-SIC-C0U, status=NEW}
2022-05-06 14:10:29.128917 685d153b262b5fdb3d140f718b90c7ae INFO Incoming notification {externalId=87_6275103140530, paymentId=BLM4-DNS-SIC-C0U, status=PENDING}
2022-05-06 14:10:29.130712 685d153b262b5fdb3d140f718b90c7ae WARNING Payment for order or cart not exists {externalId=87_6275103140530, paymentId=BLM4-DNS-SIC-C0U, status=PENDING}
2022-05-06 14:11:09.513691 5894f5bae910a7be2366f9518f0baedb INFO Incoming notification {externalId=87_6275103140530, paymentId=BLM4-DNS-SIC-C0U, status=REJECTED}
2022-05-06 14:11:09.515824 5894f5bae910a7be2366f9518f0baedb WARNING Payment for order or cart not exists {externalId=87_6275103140530, paymentId=BLM4-DNS-SIC-C0U, status=REJECTED}
2022-05-06 14:11:18.526323 25e78aa353138f98121dd23057d4ec8d INFO Processing payment for cart {cartId=87, externalId=87_62751066807e4}
2022-05-06 14:11:21.542413 25e78aa353138f98121dd23057d4ec8d ERROR An error occurred during sending payment request {code=0, externalId=87_62751066807e4, message=Idle timeout reached for "https://api.paynow.pl/v1/payments".,}
2022-05-06 14:11:21.970604 5894f5bae910a7be2366f9518f0baedb INFO Incoming notification {externalId=87_62751066807e4, paymentId=BLJ9-XH0-TWT-O3M, status=PENDING}
2022-05-06 14:11:21.972505 5894f5bae910a7be2366f9518f0baedb WARNING Payment for order or cart not exists {externalId=87_62751066807e4, paymentId=BLJ9-XH0-TWT-O3M, status=PENDING}
2022-05-06 14:11:21.996216 685d153b262b5fdb3d140f718b90c7ae INFO Incoming notification {externalId=87_62751066807e4, paymentId=BLJ9-XH0-TWT-O3M, status=NEW}
2022-05-06 14:11:21.998270 685d153b262b5fdb3d140f718b90c7ae WARNING Payment for order or cart not exists {externalId=87_62751066807e4, paymentId=BLJ9-XH0-TWT-O3M, status=NEW}
2022-05-06 14:11:29.355801 5894f5bae910a7be2366f9518f0baedb INFO Incoming notification {externalId=87_6275103140530, paymentId=BLM4-DNS-SIC-C0U, status=NEW}
2022-05-06 14:11:29.357182 5894f5bae910a7be2366f9518f0baedb WARNING Payment for order or cart not exists {externalId=87_6275103140530, paymentId=BLM4-DNS-SIC-C0U, status=NEW}
2022-05-06 14:11:29.587085 685d153b262b5fdb3d140f718b90c7ae INFO Incoming notification {externalId=87_6275103140530, paymentId=BLM4-DNS-SIC-C0U, status=PENDING}
2022-05-06 14:11:29.588531 685d153b262b5fdb3d140f718b90c7ae WARNING Payment for order or cart not exists {externalId=87_6275103140530, paymentId=BLM4-DNS-SIC-C0U, status=PENDING}
2022-05-06 14:11:30.515707 5894f5bae910a7be2366f9518f0baedb INFO Incoming notification {externalId=87_62751066807e4, paymentId=BLJ9-XH0-TWT-O3M, status=CONFIRMED}
2022-05-06 14:11:30.517168 5894f5bae910a7be2366f9518f0baedb WARNING Payment for order or cart not exists {externalId=87_62751066807e4, paymentId=BLJ9-XH0-TWT-O3M, status=CONFIRMED}
2022-05-06 14:12:10.030426 685d153b262b5fdb3d140f718b90c7ae INFO Incoming notification {externalId=87_6275103140530, paymentId=BLM4-DNS-SIC-C0U, status=REJECTED}
2022-05-06 14:12:10.033520 685d153b262b5fdb3d140f718b90c7ae WARNING Payment for order or cart not exists {externalId=87_6275103140530, paymentId=BLM4-DNS-SIC-C0U, status=REJECTED}
2022-05-06 14:12:22.436691 685d153b262b5fdb3d140f718b90c7ae INFO Incoming notification {externalId=87_62751066807e4, paymentId=BLJ9-XH0-TWT-O3M, status=NEW}
2022-05-06 14:12:22.438538 685d153b262b5fdb3d140f718b90c7ae WARNING Payment for order or cart not exists {externalId=87_62751066807e4, paymentId=BLJ9-XH0-TWT-O3M, status=NEW}
2022-05-06 14:12:22.438916 5894f5bae910a7be2366f9518f0baedb INFO Incoming notification {externalId=87_62751066807e4, paymentId=BLJ9-XH0-TWT-O3M, status=PENDING}
2022-05-06 14:12:22.441011 5894f5bae910a7be2366f9518f0baedb WARNING Payment for order or cart not exists {externalId=87_62751066807e4, paymentId=BLJ9-XH0-TWT-O3M, status=PENDING}
2022-05-06 14:12:29.708677 5894f5bae910a7be2366f9518f0baedb INFO Incoming notification {externalId=87_6275103140530, paymentId=BLM4-DNS-SIC-C0U, status=NEW}
2022-05-06 14:12:29.710318 5894f5bae910a7be2366f9518f0baedb WARNING Payment for order or cart not exists {externalId=87_6275103140530, paymentId=BLM4-DNS-SIC-C0U, status=NEW}
2022-05-06 14:12:29.982827 5894f5bae910a7be2366f9518f0baedb INFO Incoming notification {externalId=87_6275103140530, paymentId=BLM4-DNS-SIC-C0U, status=PENDING}
2022-05-06 14:12:29.984512 5894f5bae910a7be2366f9518f0baedb WARNING Payment for order or cart not exists {externalId=87_6275103140530, paymentId=BLM4-DNS-SIC-C0U, status=PENDING}
2022-05-06 14:12:30.912983 5894f5bae910a7be2366f9518f0baedb INFO Incoming notification {externalId=87_62751066807e4, paymentId=BLJ9-XH0-TWT-O3M, status=CONFIRMED}
2022-05-06 14:12:30.914647 5894f5bae910a7be2366f9518f0baedb WARNING Payment for order or cart not exists {externalId=87_62751066807e4, paymentId=BLJ9-XH0-TWT-O3M, status=CONFIRMED}
2022-05-06 14:13:10.454426 5894f5bae910a7be2366f9518f0baedb INFO Incoming notification {externalId=87_6275103140530, paymentId=BLM4-DNS-SIC-C0U, status=REJECTED}
2022-05-06 14:13:10.456388 5894f5bae910a7be2366f9518f0baedb WARNING Payment for order or cart not exists {externalId=87_6275103140530, paymentId=BLM4-DNS-SIC-C0U, status=REJECTED}
2022-05-06 14:13:22.918190 5894f5bae910a7be2366f9518f0baedb INFO Incoming notification {externalId=87_62751066807e4, paymentId=BLJ9-XH0-TWT-O3M, status=NEW}
2022-05-06 14:13:22.918194 685d153b262b5fdb3d140f718b90c7ae INFO Incoming notification {externalId=87_62751066807e4, paymentId=BLJ9-XH0-TWT-O3M, status=PENDING}
2022-05-06 14:13:22.919924 5894f5bae910a7be2366f9518f0baedb WARNING Payment for order or cart not exists {externalId=87_62751066807e4, paymentId=BLJ9-XH0-TWT-O3M, status=NEW}
2022-05-06 14:13:22.920613 685d153b262b5fdb3d140f718b90c7ae WARNING Payment for order or cart not exists {externalId=87_62751066807e4, paymentId=BLJ9-XH0-TWT-O3M, status=PENDING}
2022-05-06 14:13:30.239806 5894f5bae910a7be2366f9518f0baedb INFO Incoming notification {externalId=87_6275103140530, paymentId=BLM4-DNS-SIC-C0U, status=NEW}
2022-05-06 14:13:30.241291 5894f5bae910a7be2366f9518f0baedb WARNING Payment for order or cart not exists {externalId=87_6275103140530, paymentId=BLM4-DNS-SIC-C0U, status=NEW}
2022-05-06 14:13:30.450690 5894f5bae910a7be2366f9518f0baedb INFO Incoming notification {externalId=87_6275103140530, paymentId=BLM4-DNS-SIC-C0U, status=PENDING}
2022-05-06 14:13:30.452878 5894f5bae910a7be2366f9518f0baedb WARNING Payment for order or cart not exists {externalId=87_6275103140530, paymentId=BLM4-DNS-SIC-C0U, status=PENDING}
2022-05-06 14:13:31.255774 685d153b262b5fdb3d140f718b90c7ae INFO Incoming notification {externalId=87_62751066807e4, paymentId=BLJ9-XH0-TWT-O3M, status=CONFIRMED}
2022-05-06 14:13:31.257626 685d153b262b5fdb3d140f718b90c7ae WARNING Payment for order or cart not exists {externalId=87_62751066807e4, paymentId=BLJ9-XH0-TWT-O3M, status=CONFIRMED}
2022-05-06 14:14:10.962441 685d153b262b5fdb3d140f718b90c7ae INFO Incoming notification {externalId=87_6275103140530, paymentId=BLM4-DNS-SIC-C0U, status=REJECTED}
2022-05-06 14:14:10.964317 685d153b262b5fdb3d140f718b90c7ae WARNING Payment for order or cart not exists {externalId=87_6275103140530, paymentId=BLM4-DNS-SIC-C0U, status=REJECTED}
2022-05-06 14:14:23.317749 5894f5bae910a7be2366f9518f0baedb INFO Incoming notification {externalId=87_62751066807e4, paymentId=BLJ9-XH0-TWT-O3M, status=NEW}
2022-05-06 14:14:23.319432 5894f5bae910a7be2366f9518f0baedb WARNING Payment for order or cart not exists {externalId=87_62751066807e4, paymentId=BLJ9-XH0-TWT-O3M, status=NEW}
2022-05-06 14:14:23.361062 5894f5bae910a7be2366f9518f0baedb INFO Incoming notification {externalId=87_62751066807e4, paymentId=BLJ9-XH0-TWT-O3M, status=PENDING}
2022-05-06 14:14:23.362768 5894f5bae910a7be2366f9518f0baedb WARNING Payment for order or cart not exists {externalId=87_62751066807e4, paymentId=BLJ9-XH0-TWT-O3M, status=PENDING}
2022-05-06 14:14:31.733534 685d153b262b5fdb3d140f718b90c7ae INFO Incoming notification {externalId=87_62751066807e4, paymentId=BLJ9-XH0-TWT-O3M, status=CONFIRMED}
2022-05-06 14:14:31.735404 685d153b262b5fdb3d140f718b90c7ae WARNING Payment for order or cart not exists {externalId=87_62751066807e4, paymentId=BLJ9-XH0-TWT-O3M, status=CONFIRMED}
2022-05-06 14:15:30.790997 685d153b262b5fdb3d140f718b90c7ae INFO Incoming notification {externalId=87_6275103140530, paymentId=BLM4-DNS-SIC-C0U, status=NEW}
2022-05-06 14:15:30.792998 685d153b262b5fdb3d140f718b90c7ae WARNING Payment for order or cart not exists {externalId=87_6275103140530, paymentId=BLM4-DNS-SIC-C0U, status=NEW}
2022-05-06 14:15:30.928491 5894f5bae910a7be2366f9518f0baedb INFO Incoming notification {externalId=87_6275103140530, paymentId=BLM4-DNS-SIC-C0U, status=PENDING}
2022-05-06 14:15:30.930146 5894f5bae910a7be2366f9518f0baedb WARNING Payment for order or cart not exists {externalId=87_6275103140530, paymentId=BLM4-DNS-SIC-C0U, status=PENDING}
2022-05-06 14:16:11.446181 5894f5bae910a7be2366f9518f0baedb INFO Incoming notification {externalId=87_6275103140530, paymentId=BLM4-DNS-SIC-C0U, status=REJECTED}
2022-05-06 14:16:11.447706 5894f5bae910a7be2366f9518f0baedb WARNING Payment for order or cart not exists {externalId=87_6275103140530, paymentId=BLM4-DNS-SIC-C0U, status=REJECTED}
2022-05-06 14:16:23.669357 5894f5bae910a7be2366f9518f0baedb INFO Incoming notification {externalId=87_62751066807e4, paymentId=BLJ9-XH0-TWT-O3M, status=NEW}
2022-05-06 14:16:23.671005 5894f5bae910a7be2366f9518f0baedb WARNING Payment for order or cart not exists {externalId=87_62751066807e4, paymentId=BLJ9-XH0-TWT-O3M, status=NEW}
2022-05-06 14:16:23.785681 5894f5bae910a7be2366f9518f0baedb INFO Incoming notification {externalId=87_62751066807e4, paymentId=BLJ9-XH0-TWT-O3M, status=PENDING}
2022-05-06 14:16:23.787368 5894f5bae910a7be2366f9518f0baedb WARNING Payment for order or cart not exists {externalId=87_62751066807e4, paymentId=BLJ9-XH0-TWT-O3M, status=PENDING}
2022-05-06 14:16:32.259471 685d153b262b5fdb3d140f718b90c7ae INFO Incoming notification {externalId=87_62751066807e4, paymentId=BLJ9-XH0-TWT-O3M, status=CONFIRMED}
2022-05-06 14:16:32.261501 685d153b262b5fdb3d140f718b90c7ae WARNING Payment for order or cart not exists {externalId=87_62751066807e4, paymentId=BLJ9-XH0-TWT-O3M, status=CONFIRMED}
2022-05-06 14:20:31.262111 685d153b262b5fdb3d140f718b90c7ae INFO Incoming notification {externalId=87_6275103140530, paymentId=BLM4-DNS-SIC-C0U, status=NEW}
2022-05-06 14:20:31.264317 685d153b262b5fdb3d140f718b90c7ae WARNING Payment for order or cart not exists {externalId=87_6275103140530, paymentId=BLM4-DNS-SIC-C0U, status=NEW}
2022-05-06 14:20:31.459683 5894f5bae910a7be2366f9518f0baedb INFO Incoming notification {externalId=87_6275103140530, paymentId=BLM4-DNS-SIC-C0U, status=PENDING}
2022-05-06 14:20:31.462436 5894f5bae910a7be2366f9518f0baedb WARNING Payment for order or cart not exists {externalId=87_6275103140530, paymentId=BLM4-DNS-SIC-C0U, status=PENDING}
2022-05-06 14:21:11.925657 5894f5bae910a7be2366f9518f0baedb INFO Incoming notification {externalId=87_6275103140530, paymentId=BLM4-DNS-SIC-C0U, status=REJECTED}
2022-05-06 14:21:11.927391 5894f5bae910a7be2366f9518f0baedb WARNING Payment for order or cart not exists {externalId=87_6275103140530, paymentId=BLM4-DNS-SIC-C0U, status=REJECTED}
2022-05-06 14:21:24.275590 5894f5bae910a7be2366f9518f0baedb INFO Incoming notification {externalId=87_62751066807e4, paymentId=BLJ9-XH0-TWT-O3M, status=PENDING}
2022-05-06 14:21:24.277354 5894f5bae910a7be2366f9518f0baedb WARNING Payment for order or cart not exists {externalId=87_62751066807e4, paymentId=BLJ9-XH0-TWT-O3M, status=PENDING}
2022-05-06 14:21:24.351226 685d153b262b5fdb3d140f718b90c7ae INFO Incoming notification {externalId=87_62751066807e4, paymentId=BLJ9-XH0-TWT-O3M, status=NEW}
2022-05-06 14:21:24.352730 685d153b262b5fdb3d140f718b90c7ae WARNING Payment for order or cart not exists {externalId=87_62751066807e4, paymentId=BLJ9-XH0-TWT-O3M, status=NEW}
2022-05-06 14:21:32.644380 685d153b262b5fdb3d140f718b90c7ae INFO Incoming notification {externalId=87_62751066807e4, paymentId=BLJ9-XH0-TWT-O3M, status=CONFIRMED}
2022-05-06 14:21:32.646280 685d153b262b5fdb3d140f718b90c7ae WARNING Payment for order or cart not exists {externalId=87_62751066807e4, paymentId=BLJ9-XH0-TWT-O3M, status=CONFIRMED}
2022-05-06 14:35:31.705601 685d153b262b5fdb3d140f718b90c7ae INFO Incoming notification {externalId=87_6275103140530, paymentId=BLM4-DNS-SIC-C0U, status=NEW}
2022-05-06 14:35:31.707576 685d153b262b5fdb3d140f718b90c7ae WARNING Payment for order or cart not exists {externalId=87_6275103140530, paymentId=BLM4-DNS-SIC-C0U, status=NEW}
2022-05-06 14:35:31.914376 685d153b262b5fdb3d140f718b90c7ae INFO Incoming notification {externalId=87_6275103140530, paymentId=BLM4-DNS-SIC-C0U, status=PENDING}
2022-05-06 14:35:31.916929 685d153b262b5fdb3d140f718b90c7ae WARNING Payment for order or cart not exists {externalId=87_6275103140530, paymentId=BLM4-DNS-SIC-C0U, status=PENDING}
2022-05-06 14:36:12.437316 5894f5bae910a7be2366f9518f0baedb INFO Incoming notification {externalId=87_6275103140530, paymentId=BLM4-DNS-SIC-C0U, status=REJECTED}
2022-05-06 14:36:12.438872 5894f5bae910a7be2366f9518f0baedb WARNING Payment for order or cart not exists {externalId=87_6275103140530, paymentId=BLM4-DNS-SIC-C0U, status=REJECTED}
2022-05-06 14:36:24.748034 5894f5bae910a7be2366f9518f0baedb INFO Incoming notification {externalId=87_62751066807e4, paymentId=BLJ9-XH0-TWT-O3M, status=PENDING}
2022-05-06 14:36:24.749963 5894f5bae910a7be2366f9518f0baedb WARNING Payment for order or cart not exists {externalId=87_62751066807e4, paymentId=BLJ9-XH0-TWT-O3M, status=PENDING}
2022-05-06 14:36:24.800045 5894f5bae910a7be2366f9518f0baedb INFO Incoming notification {externalId=87_62751066807e4, paymentId=BLJ9-XH0-TWT-O3M, status=NEW}
2022-05-06 14:36:24.801791 5894f5bae910a7be2366f9518f0baedb WARNING Payment for order or cart not exists {externalId=87_62751066807e4, paymentId=BLJ9-XH0-TWT-O3M, status=NEW}
2022-05-06 14:36:33.126737 685d153b262b5fdb3d140f718b90c7ae INFO Incoming notification {externalId=87_62751066807e4, paymentId=BLJ9-XH0-TWT-O3M, status=CONFIRMED}
2022-05-06 14:36:33.128746 685d153b262b5fdb3d140f718b90c7ae WARNING Payment for order or cart not exists {externalId=87_62751066807e4, paymentId=BLJ9-XH0-TWT-O3M, status=CONFIRMED}
2022-05-06 15:05:32.399204 685d153b262b5fdb3d140f718b90c7ae INFO Incoming notification {externalId=87_6275103140530, paymentId=BLM4-DNS-SIC-C0U, status=NEW}
2022-05-06 15:05:32.401122 685d153b262b5fdb3d140f718b90c7ae WARNING Payment for order or cart not exists {externalId=87_6275103140530, paymentId=BLM4-DNS-SIC-C0U, status=NEW}
2022-05-06 15:05:32.416239 685d153b262b5fdb3d140f718b90c7ae INFO Incoming notification {externalId=87_6275103140530, paymentId=BLM4-DNS-SIC-C0U, status=PENDING}
2022-05-06 15:05:32.417612 685d153b262b5fdb3d140f718b90c7ae WARNING Payment for order or cart not exists {externalId=87_6275103140530, paymentId=BLM4-DNS-SIC-C0U, status=PENDING}
2022-05-06 15:06:12.891865 5894f5bae910a7be2366f9518f0baedb INFO Incoming notification {externalId=87_6275103140530, paymentId=BLM4-DNS-SIC-C0U, status=REJECTED}
2022-05-06 15:06:12.893620 5894f5bae910a7be2366f9518f0baedb WARNING Payment for order or cart not exists {externalId=87_6275103140530, paymentId=BLM4-DNS-SIC-C0U, status=REJECTED}
2022-05-06 15:06:25.316445 5894f5bae910a7be2366f9518f0baedb INFO Incoming notification {externalId=87_62751066807e4, paymentId=BLJ9-XH0-TWT-O3M, status=PENDING}
2022-05-06 15:06:25.318118 5894f5bae910a7be2366f9518f0baedb WARNING Payment for order or cart not exists {externalId=87_62751066807e4, paymentId=BLJ9-XH0-TWT-O3M, status=PENDING}
2022-05-06 15:06:25.356848 685d153b262b5fdb3d140f718b90c7ae INFO Incoming notification {externalId=87_62751066807e4, paymentId=BLJ9-XH0-TWT-O3M, status=NEW}
2022-05-06 15:06:25.358741 685d153b262b5fdb3d140f718b90c7ae WARNING Payment for order or cart not exists {externalId=87_62751066807e4, paymentId=BLJ9-XH0-TWT-O3M, status=NEW}
2022-05-06 15:06:33.719707 5894f5bae910a7be2366f9518f0baedb INFO Incoming notification {externalId=87_62751066807e4, paymentId=BLJ9-XH0-TWT-O3M, status=CONFIRMED}
2022-05-06 15:06:33.721625 5894f5bae910a7be2366f9518f0baedb WARNING Payment for order or cart not exists {externalId=87_62751066807e4, paymentId=BLJ9-XH0-TWT-O3M, status=CONFIRMED}
2022-05-06 16:05:33.052910 685d153b262b5fdb3d140f718b90c7ae INFO Incoming notification {externalId=87_6275103140530, paymentId=BLM4-DNS-SIC-C0U, status=NEW}
2022-05-06 16:05:33.052952 5894f5bae910a7be2366f9518f0baedb INFO Incoming notification {externalId=87_6275103140530, paymentId=BLM4-DNS-SIC-C0U, status=PENDING}
2022-05-06 16:05:33.054936 685d153b262b5fdb3d140f718b90c7ae WARNING Payment for order or cart not exists {externalId=87_6275103140530, paymentId=BLM4-DNS-SIC-C0U, status=NEW}
2022-05-06 16:05:33.055900 5894f5bae910a7be2366f9518f0baedb WARNING Payment for order or cart not exists {externalId=87_6275103140530, paymentId=BLM4-DNS-SIC-C0U, status=PENDING}
2022-05-06 16:06:13.293941 5894f5bae910a7be2366f9518f0baedb INFO Incoming notification {externalId=87_6275103140530, paymentId=BLM4-DNS-SIC-C0U, status=REJECTED}
2022-05-06 16:06:13.295701 5894f5bae910a7be2366f9518f0baedb WARNING Payment for order or cart not exists {externalId=87_6275103140530, paymentId=BLM4-DNS-SIC-C0U, status=REJECTED}
2022-05-06 16:06:25.699947 685d153b262b5fdb3d140f718b90c7ae INFO Incoming notification {externalId=87_62751066807e4, paymentId=BLJ9-XH0-TWT-O3M, status=PENDING}
2022-05-06 16:06:25.701625 685d153b262b5fdb3d140f718b90c7ae WARNING Payment for order or cart not exists {externalId=87_62751066807e4, paymentId=BLJ9-XH0-TWT-O3M, status=PENDING}
2022-05-06 16:06:25.846968 685d153b262b5fdb3d140f718b90c7ae INFO Incoming notification {externalId=87_62751066807e4, paymentId=BLJ9-XH0-TWT-O3M, status=NEW}
2022-05-06 16:06:25.848896 685d153b262b5fdb3d140f718b90c7ae WARNING Payment for order or cart not exists {externalId=87_62751066807e4, paymentId=BLJ9-XH0-TWT-O3M, status=NEW}
2022-05-06 16:06:34.760752 685d153b262b5fdb3d140f718b90c7ae INFO Incoming notification {externalId=87_62751066807e4, paymentId=BLJ9-XH0-TWT-O3M, status=CONFIRMED}
2022-05-06 16:06:34.762809 685d153b262b5fdb3d140f718b90c7ae WARNING Payment for order or cart not exists {externalId=87_62751066807e4, paymentId=BLJ9-XH0-TWT-O3M, status=CONFIRMED}
2022-05-06 17:45:57.067439 5894f5bae910a7be2366f9518f0baedb INFO Incoming notification {externalId=290_6272305590e33, paymentId=BLT9-XRG-AXS-ZEV, status=NEW}
2022-05-06 17:45:57.067455 685d153b262b5fdb3d140f718b90c7ae INFO Incoming notification {externalId=290_6272305590e33, paymentId=BLT9-XRG-AXS-ZEV, status=PENDING}
2022-05-06 17:45:57.069600 5894f5bae910a7be2366f9518f0baedb WARNING Payment for order or cart not exists {externalId=290_6272305590e33, paymentId=BLT9-XRG-AXS-ZEV, status=NEW}
2022-05-06 17:45:57.070034 685d153b262b5fdb3d140f718b90c7ae WARNING Payment for order or cart not exists {externalId=290_6272305590e33, paymentId=BLT9-XRG-AXS-ZEV, status=PENDING}
2022-05-06 17:46:13.280337 5894f5bae910a7be2366f9518f0baedb INFO Incoming notification {externalId=290_6272305590e33, paymentId=BLT9-XRG-AXS-ZEV, status=CONFIRMED}
2022-05-06 17:46:13.282177 5894f5bae910a7be2366f9518f0baedb WARNING Payment for order or cart not exists {externalId=290_6272305590e33, paymentId=BLT9-XRG-AXS-ZEV, status=CONFIRMED}
2022-05-06 18:05:33.644855 5894f5bae910a7be2366f9518f0baedb INFO Incoming notification {externalId=87_6275103140530, paymentId=BLM4-DNS-SIC-C0U, status=PENDING}
2022-05-06 18:05:33.644876 685d153b262b5fdb3d140f718b90c7ae INFO Incoming notification {externalId=87_6275103140530, paymentId=BLM4-DNS-SIC-C0U, status=NEW}
2022-05-06 18:05:33.646886 5894f5bae910a7be2366f9518f0baedb WARNING Payment for order or cart not exists {externalId=87_6275103140530, paymentId=BLM4-DNS-SIC-C0U, status=PENDING}
2022-05-06 18:05:33.647516 685d153b262b5fdb3d140f718b90c7ae WARNING Payment for order or cart not exists {externalId=87_6275103140530, paymentId=BLM4-DNS-SIC-C0U, status=NEW}
2022-05-06 18:06:13.691091 685d153b262b5fdb3d140f718b90c7ae INFO Incoming notification {externalId=87_6275103140530, paymentId=BLM4-DNS-SIC-C0U, status=REJECTED}
2022-05-06 18:06:13.693136 685d153b262b5fdb3d140f718b90c7ae WARNING Payment for order or cart not exists {externalId=87_6275103140530, paymentId=BLM4-DNS-SIC-C0U, status=REJECTED}
2022-05-06 18:06:26.124743 685d153b262b5fdb3d140f718b90c7ae INFO Incoming notification {externalId=87_62751066807e4, paymentId=BLJ9-XH0-TWT-O3M, status=PENDING}
2022-05-06 18:06:26.126502 685d153b262b5fdb3d140f718b90c7ae WARNING Payment for order or cart not exists {externalId=87_62751066807e4, paymentId=BLJ9-XH0-TWT-O3M, status=PENDING}
2022-05-06 18:06:26.232889 685d153b262b5fdb3d140f718b90c7ae INFO Incoming notification {externalId=87_62751066807e4, paymentId=BLJ9-XH0-TWT-O3M, status=NEW}
2022-05-06 18:06:26.234498 685d153b262b5fdb3d140f718b90c7ae WARNING Payment for order or cart not exists {externalId=87_62751066807e4, paymentId=BLJ9-XH0-TWT-O3M, status=NEW}
2022-05-06 18:06:35.182559 685d153b262b5fdb3d140f718b90c7ae INFO Incoming notification {externalId=87_62751066807e4, paymentId=BLJ9-XH0-TWT-O3M, status=CONFIRMED}
2022-05-06 18:06:35.184386 685d153b262b5fdb3d140f718b90c7ae WARNING Payment for order or cart not exists {externalId=87_62751066807e4, paymentId=BLJ9-XH0-TWT-O3M, status=CONFIRMED}
2022-05-06 18:24:56.374917 5894f5bae910a7be2366f9518f0baedb INFO Incoming notification {externalId=288_626f96780644f, paymentId=BLVO-7TB-ANN-UFP, status=NEW}
2022-05-06 18:24:56.374885 5894f5bae910a7be2366f9518f0baedb INFO Incoming notification {externalId=288_626f96780644f, paymentId=BLVO-7TB-ANN-UFP, status=PENDING}
2022-05-06 18:24:56.377482 5894f5bae910a7be2366f9518f0baedb WARNING Payment for order or cart not exists {externalId=288_626f96780644f, paymentId=BLVO-7TB-ANN-UFP, status=NEW}
2022-05-06 18:24:56.377729 5894f5bae910a7be2366f9518f0baedb WARNING Payment for order or cart not exists {externalId=288_626f96780644f, paymentId=BLVO-7TB-ANN-UFP, status=PENDING}
2022-05-06 18:25:08.526503 685d153b262b5fdb3d140f718b90c7ae INFO Incoming notification {externalId=288_626f96780644f, paymentId=BLVO-7TB-ANN-UFP, status=CONFIRMED}
2022-05-06 18:25:08.528439 685d153b262b5fdb3d140f718b90c7ae WARNING Payment for order or cart not exists {externalId=288_626f96780644f, paymentId=BLVO-7TB-ANN-UFP, status=CONFIRMED}
2022-05-06 22:05:34.269551 5894f5bae910a7be2366f9518f0baedb INFO Incoming notification {externalId=87_6275103140530, paymentId=BLM4-DNS-SIC-C0U, status=PENDING}
2022-05-06 22:05:34.269675 685d153b262b5fdb3d140f718b90c7ae INFO Incoming notification {externalId=87_6275103140530, paymentId=BLM4-DNS-SIC-C0U, status=NEW}
2022-05-06 22:05:34.273983 5894f5bae910a7be2366f9518f0baedb WARNING Payment for order or cart not exists {externalId=87_6275103140530, paymentId=BLM4-DNS-SIC-C0U, status=PENDING}
2022-05-06 22:05:34.274127 685d153b262b5fdb3d140f718b90c7ae WARNING Payment for order or cart not exists {externalId=87_6275103140530, paymentId=BLM4-DNS-SIC-C0U, status=NEW}
2022-05-06 22:06:14.041532 5894f5bae910a7be2366f9518f0baedb INFO Incoming notification {externalId=87_6275103140530, paymentId=BLM4-DNS-SIC-C0U, status=REJECTED}
2022-05-06 22:06:14.044258 5894f5bae910a7be2366f9518f0baedb WARNING Payment for order or cart not exists {externalId=87_6275103140530, paymentId=BLM4-DNS-SIC-C0U, status=REJECTED}
2022-05-06 22:06:26.553932 685d153b262b5fdb3d140f718b90c7ae INFO Incoming notification {externalId=87_62751066807e4, paymentId=BLJ9-XH0-TWT-O3M, status=PENDING}
2022-05-06 22:06:26.555429 685d153b262b5fdb3d140f718b90c7ae WARNING Payment for order or cart not exists {externalId=87_62751066807e4, paymentId=BLJ9-XH0-TWT-O3M, status=PENDING}
2022-05-06 22:06:26.574146 685d153b262b5fdb3d140f718b90c7ae INFO Incoming notification {externalId=87_62751066807e4, paymentId=BLJ9-XH0-TWT-O3M, status=NEW}
2022-05-06 22:06:26.575896 685d153b262b5fdb3d140f718b90c7ae WARNING Payment for order or cart not exists {externalId=87_62751066807e4, paymentId=BLJ9-XH0-TWT-O3M, status=NEW}
2022-05-06 22:06:35.698246 5894f5bae910a7be2366f9518f0baedb INFO Incoming notification {externalId=87_62751066807e4, paymentId=BLJ9-XH0-TWT-O3M, status=CONFIRMED}
2022-05-06 22:06:35.700625 5894f5bae910a7be2366f9518f0baedb WARNING Payment for order or cart not exists {externalId=87_62751066807e4, paymentId=BLJ9-XH0-TWT-O3M, status=CONFIRMED}
