2022-07-11 11:46:51.162555 8612ae6cf553afede3de9c47c1d03047 INFO Processing payment for cart {cartId=470, externalId=470_62cbf18b27aef}
2022-07-11 11:46:53.783338 8612ae6cf553afede3de9c47c1d03047 DEBUG Created paynow data entry {cartId=470, externalId=470_62cbf18b27aef}
2022-07-11 11:46:53.784092 8612ae6cf553afede3de9c47c1d03047 INFO Payment has been successfully created {cartId=470, externalId=470_62cbf18b27aef, paymentId=BL5M-0BX-7KL-9MK, status=PENDING}
2022-07-11 11:46:53.785727 8612ae6cf553afede3de9c47c1d03047 DEBUG Setting optimistic lock on paynow data {cartId=470, externalId=470_62cbf18b27aef}
2022-07-11 11:46:53.788108 8612ae6cf553afede3de9c47c1d03047 DEBUG Successfully set up optimistic lock on paynow data {externalId=470_62cbf18b27aef}
2022-07-11 11:46:53.788846 8612ae6cf553afede3de9c47c1d03047 INFO Creating an order from cart {cartId=470, externalId=470_62cbf18b27aef}
2022-07-11 11:46:54.258332 5894f5bae910a7be2366f9518f0baedb INFO Incoming notification {externalId=470_62cbf18b27aef, paymentId=BL5M-0BX-7KL-9MK, status=NEW}
2022-07-11 11:46:54.261850 5894f5bae910a7be2366f9518f0baedb INFO Processing order's state update {cartId=470, externalId=470_62cbf18b27aef, orderId=0, orderReference=, paymentId=BL5M-0BX-7KL-9MK, fromStatus=NEW, toStatus=NEW}
2022-07-11 11:46:54.262785 5894f5bae910a7be2366f9518f0baedb WARNING An order does not exists {cartId=470, externalId=470_62cbf18b27aef, orderId=0, orderReference=, paymentId=BL5M-0BX-7KL-9MK}
2022-07-11 11:46:54.436410 5894f5bae910a7be2366f9518f0baedb INFO Incoming notification {externalId=470_62cbf18b27aef, paymentId=BL5M-0BX-7KL-9MK, status=PENDING}
2022-07-11 11:46:54.438951 5894f5bae910a7be2366f9518f0baedb INFO Processing order's state update {cartId=470, externalId=470_62cbf18b27aef, orderId=0, orderReference=, paymentId=BL5M-0BX-7KL-9MK, fromStatus=NEW, toStatus=PENDING}
2022-07-11 11:46:54.439939 5894f5bae910a7be2366f9518f0baedb WARNING An order does not exists {cartId=470, externalId=470_62cbf18b27aef, orderId=0, orderReference=, paymentId=BL5M-0BX-7KL-9MK}
2022-07-11 11:46:55.652827 8612ae6cf553afede3de9c47c1d03047 INFO An order has been successfully created {cartId=470, externalId=470_62cbf18b27aef, orderId=95, orderReference=CBPVQCRRH, paymentId=BL5M-0BX-7KL-9MK}
2022-07-11 11:46:55.653745 8612ae6cf553afede3de9c47c1d03047 DEBUG Unsetting optimistic lock on paynow data {cartId=470, externalId=470_62cbf18b27aef}
2022-07-11 11:46:55.656167 8612ae6cf553afede3de9c47c1d03047 DEBUG Successfully unset optimistic lock on paynow data {externalId=470_62cbf18b27aef}
2022-07-11 11:46:55.658826 8612ae6cf553afede3de9c47c1d03047 DEBUG Successfully updated payment data {orderId=95, orderReference=CBPVQCRRH, paymentId=BL5M-0BX-7KL-9MK}
2022-07-11 11:46:56.224117 8612ae6cf553afede3de9c47c1d03047 INFO Retrieving payment status {paymentId=BL5M-0BX-7KL-9MK}
2022-07-11 11:46:56.342478 8612ae6cf553afede3de9c47c1d03047 INFO Retrieved payment status {paymentId=BL5M-0BX-7KL-9MK, status=PENDING}
2022-07-11 11:46:56.343287 8612ae6cf553afede3de9c47c1d03047 INFO Processing order's state update {cartId=470, externalId=470_62cbf18b27aef, orderId=95, orderReference=CBPVQCRRH, paymentId=BL5M-0BX-7KL-9MK, fromStatus=NEW, toStatus=PENDING}
2022-07-11 11:46:56.346905 8612ae6cf553afede3de9c47c1d03047 DEBUG Successfully updated payment data {paymentId=BL5M-0BX-7KL-9MK, status=PENDING}
2022-07-11 11:46:56.347656 8612ae6cf553afede3de9c47c1d03047 INFO Changed order's state {cartId=470, externalId=470_62cbf18b27aef, orderReference=CBPVQCRRH, paymentId=BL5M-0BX-7KL-9MK, status=PENDING}
2022-07-11 11:47:00.111994 8612ae6cf553afede3de9c47c1d03047 INFO Checking order's payment status {externalId=470_62cbf18b27aef}
2022-07-11 11:47:00.113404 8612ae6cf553afede3de9c47c1d03047 INFO Retrieving payment status {paymentId=BL5M-0BX-7KL-9MK}
2022-07-11 11:47:00.205643 8612ae6cf553afede3de9c47c1d03047 INFO Retrieved payment status {paymentId=BL5M-0BX-7KL-9MK, status=PENDING}
2022-07-11 11:47:00.207030 8612ae6cf553afede3de9c47c1d03047 INFO Processing order's state update {cartId=470, externalId=470_62cbf18b27aef, orderId=95, orderReference=CBPVQCRRH, paymentId=BL5M-0BX-7KL-9MK, fromStatus=PENDING, toStatus=PENDING}
2022-07-11 11:47:00.208143 8612ae6cf553afede3de9c47c1d03047 ERROR An error occurred during updating state {code=0, externalId=470_62cbf18b27aef, paymentId=BL5M-0BX-7KL-9MK, status=PENDING, message=Status transition is incorrect PENDING - PENDING}
2022-07-11 11:47:01.247224 5894f5bae910a7be2366f9518f0baedb INFO Incoming notification {externalId=470_62cbf18b27aef, paymentId=BL5M-0BX-7KL-9MK, status=CONFIRMED}
2022-07-11 11:47:01.249825 5894f5bae910a7be2366f9518f0baedb INFO Processing order's state update {cartId=470, externalId=470_62cbf18b27aef, orderId=95, orderReference=CBPVQCRRH, paymentId=BL5M-0BX-7KL-9MK, fromStatus=PENDING, toStatus=CONFIRMED}
2022-07-11 11:47:01.251908 5894f5bae910a7be2366f9518f0baedb INFO Adding new state to order's history {externalId=470_62cbf18b27aef, orderId=95, orderReference=CBPVQCRRH, paymentId=BL5M-0BX-7KL-9MK, paymentStatus=CONFIRMED, state=2}
2022-07-11 11:47:02.028798 5894f5bae910a7be2366f9518f0baedb INFO Added new state to order's history {externalId=470_62cbf18b27aef, orderId=95, orderReference=CBPVQCRRH,  paymentId=BL5M-0BX-7KL-9MK, paymentStatus=CONFIRMED, state=2, historyId=340}
2022-07-11 11:47:02.033068 5894f5bae910a7be2366f9518f0baedb DEBUG Successfully updated payment data {paymentId=BL5M-0BX-7KL-9MK, status=CONFIRMED}
2022-07-11 11:47:02.033843 5894f5bae910a7be2366f9518f0baedb INFO Changed order's state {cartId=470, externalId=470_62cbf18b27aef, orderReference=CBPVQCRRH, paymentId=BL5M-0BX-7KL-9MK, status=CONFIRMED}
2022-07-11 11:47:03.291451 8612ae6cf553afede3de9c47c1d03047 INFO Checking order's payment status {externalId=470_62cbf18b27aef}
