2022-12-13 18:57:28.735846 03a2ccc52cda0070a5440b833ec2e095 INFO Processing payment for cart {cartId=877, externalId=877_6398bd08b3a5b}
2022-12-13 18:57:28.743436 03a2ccc52cda0070a5440b833ec2e095 INFO Processing payment for cart {cartId=877, externalId=877_6398bd08b57ff}
2022-12-13 18:57:31.337579 03a2ccc52cda0070a5440b833ec2e095 DEBUG Created paynow data entry {cartId=877, externalId=877_6398bd08b57ff}
2022-12-13 18:57:31.338340 03a2ccc52cda0070a5440b833ec2e095 INFO Payment has been successfully created {cartId=877, externalId=877_6398bd08b57ff, paymentId=BLCL-0YP-F2J-KUQ, status=PENDING}
2022-12-13 18:57:31.339651 03a2ccc52cda0070a5440b833ec2e095 DEBUG Setting optimistic lock on paynow data {cartId=877, externalId=877_6398bd08b57ff}
2022-12-13 18:57:31.342174 03a2ccc52cda0070a5440b833ec2e095 DEBUG Successfully set up optimistic lock on paynow data {externalId=877_6398bd08b57ff}
2022-12-13 18:57:31.342850 03a2ccc52cda0070a5440b833ec2e095 INFO Creating an order from cart {cartId=877, externalId=877_6398bd08b57ff}
2022-12-13 18:57:31.483974 03a2ccc52cda0070a5440b833ec2e095 ERROR An error occurred during payment request process {code=400, errorType=AUTHORIZATION_CODE_USED, externalId=877_6398bd08b3a5b, message=Cannot process payment}
2022-12-13 18:57:32.005053 5894f5bae910a7be2366f9518f0baedb INFO Incoming notification {externalId=877_6398bd08b57ff, paymentId=BLCL-0YP-F2J-KUQ, status=PENDING}
2022-12-13 18:57:32.008712 5894f5bae910a7be2366f9518f0baedb INFO Processing order's state update {cartId=877, externalId=877_6398bd08b57ff, orderId=0, orderReference=, paymentId=BLCL-0YP-F2J-KUQ, fromStatus=NEW, toStatus=PENDING}
2022-12-13 18:57:32.009567 5894f5bae910a7be2366f9518f0baedb WARNING An order does not exists {cartId=877, externalId=877_6398bd08b57ff, orderId=0, orderReference=, paymentId=BLCL-0YP-F2J-KUQ}
2022-12-13 18:57:32.030945 685d153b262b5fdb3d140f718b90c7ae INFO Incoming notification {externalId=877_6398bd08b57ff, paymentId=BLCL-0YP-F2J-KUQ, status=NEW}
2022-12-13 18:57:32.033911 685d153b262b5fdb3d140f718b90c7ae INFO Processing order's state update {cartId=877, externalId=877_6398bd08b57ff, orderId=0, orderReference=, paymentId=BLCL-0YP-F2J-KUQ, fromStatus=NEW, toStatus=NEW}
2022-12-13 18:57:32.034822 685d153b262b5fdb3d140f718b90c7ae WARNING An order does not exists {cartId=877, externalId=877_6398bd08b57ff, orderId=0, orderReference=, paymentId=BLCL-0YP-F2J-KUQ}
2022-12-13 18:57:33.201183 03a2ccc52cda0070a5440b833ec2e095 INFO An order has been successfully created {cartId=877, externalId=877_6398bd08b57ff, orderId=220, orderReference=UQFRXZCDF, paymentId=BLCL-0YP-F2J-KUQ}
2022-12-13 18:57:33.201999 03a2ccc52cda0070a5440b833ec2e095 DEBUG Unsetting optimistic lock on paynow data {cartId=877, externalId=877_6398bd08b57ff}
2022-12-13 18:57:33.203890 03a2ccc52cda0070a5440b833ec2e095 DEBUG Successfully unset optimistic lock on paynow data {externalId=877_6398bd08b57ff}
2022-12-13 18:57:33.205775 03a2ccc52cda0070a5440b833ec2e095 DEBUG Successfully updated payment data {orderId=220, orderReference=UQFRXZCDF, paymentId=BLCL-0YP-F2J-KUQ}
2022-12-13 18:57:33.884107 03a2ccc52cda0070a5440b833ec2e095 INFO Retrieving payment status {paymentId=BLCL-0YP-F2J-KUQ}
2022-12-13 18:57:34.025816 03a2ccc52cda0070a5440b833ec2e095 INFO Retrieved payment status {paymentId=BLCL-0YP-F2J-KUQ, status=PENDING}
2022-12-13 18:57:34.026674 03a2ccc52cda0070a5440b833ec2e095 INFO Processing order's state update {cartId=877, externalId=877_6398bd08b57ff, orderId=220, orderReference=UQFRXZCDF, paymentId=BLCL-0YP-F2J-KUQ, fromStatus=NEW, toStatus=PENDING}
2022-12-13 18:57:34.029889 03a2ccc52cda0070a5440b833ec2e095 DEBUG Successfully updated payment data {paymentId=BLCL-0YP-F2J-KUQ, status=PENDING}
2022-12-13 18:57:34.030739 03a2ccc52cda0070a5440b833ec2e095 INFO Changed order's state {cartId=877, externalId=877_6398bd08b57ff, orderReference=UQFRXZCDF, paymentId=BLCL-0YP-F2J-KUQ, status=PENDING}
2022-12-13 18:57:38.398314 03a2ccc52cda0070a5440b833ec2e095 INFO Checking order's payment status {externalId=877_6398bd08b57ff}
2022-12-13 18:57:38.400080 03a2ccc52cda0070a5440b833ec2e095 INFO Retrieving payment status {paymentId=BLCL-0YP-F2J-KUQ}
2022-12-13 18:57:38.501585 03a2ccc52cda0070a5440b833ec2e095 INFO Retrieved payment status {paymentId=BLCL-0YP-F2J-KUQ, status=PENDING}
2022-12-13 18:57:38.503083 03a2ccc52cda0070a5440b833ec2e095 INFO Processing order's state update {cartId=877, externalId=877_6398bd08b57ff, orderId=220, orderReference=UQFRXZCDF, paymentId=BLCL-0YP-F2J-KUQ, fromStatus=PENDING, toStatus=PENDING}
2022-12-13 18:57:38.504596 03a2ccc52cda0070a5440b833ec2e095 ERROR An error occurred during updating state {code=0, externalId=877_6398bd08b57ff, paymentId=BLCL-0YP-F2J-KUQ, status=PENDING, message=Status transition is incorrect PENDING - PENDING}
2022-12-13 18:58:09.280625 5894f5bae910a7be2366f9518f0baedb INFO Incoming notification {externalId=877_6398bd08b57ff, paymentId=BLCL-0YP-F2J-KUQ, status=CONFIRMED}
2022-12-13 18:58:09.284820 5894f5bae910a7be2366f9518f0baedb INFO Processing order's state update {cartId=877, externalId=877_6398bd08b57ff, orderId=220, orderReference=UQFRXZCDF, paymentId=BLCL-0YP-F2J-KUQ, fromStatus=PENDING, toStatus=CONFIRMED}
2022-12-13 18:58:09.287646 5894f5bae910a7be2366f9518f0baedb INFO Adding new state to order's history {externalId=877_6398bd08b57ff, orderId=220, orderReference=UQFRXZCDF, paymentId=BLCL-0YP-F2J-KUQ, paymentStatus=CONFIRMED, state=2}
2022-12-13 18:58:10.064099 5894f5bae910a7be2366f9518f0baedb INFO Added new state to order's history {externalId=877_6398bd08b57ff, orderId=220, orderReference=UQFRXZCDF,  paymentId=BLCL-0YP-F2J-KUQ, paymentStatus=CONFIRMED, state=2, historyId=859}
2022-12-13 18:58:10.068511 5894f5bae910a7be2366f9518f0baedb DEBUG Successfully updated payment data {paymentId=BLCL-0YP-F2J-KUQ, status=CONFIRMED}
2022-12-13 18:58:10.069437 5894f5bae910a7be2366f9518f0baedb INFO Changed order's state {cartId=877, externalId=877_6398bd08b57ff, orderReference=UQFRXZCDF, paymentId=BLCL-0YP-F2J-KUQ, status=CONFIRMED}
