2022-12-18 19:06:46.270662 bf996c34119f37e557052854fce344c3 INFO Processing payment for cart {cartId=886, externalId=886_639f56b64213b}
2022-12-18 19:06:49.314507 bf996c34119f37e557052854fce344c3 ERROR An error occurred during sending payment request {code=0, externalId=886_639f56b64213b, message=Idle timeout reached for "https://api.paynow.pl/v1/payments".,}
2022-12-18 19:06:49.884429 5894f5bae910a7be2366f9518f0baedb INFO Incoming notification {externalId=886_639f56b64213b, paymentId=BLUB-Q2O-0RB-RZA, status=NEW}
2022-12-18 19:06:49.887917 5894f5bae910a7be2366f9518f0baedb WARNING Payment for order or cart not exists {externalId=886_639f56b64213b, paymentId=BLUB-Q2O-0RB-RZA, status=NEW}
2022-12-18 19:06:50.176789 685d153b262b5fdb3d140f718b90c7ae INFO Incoming notification {externalId=886_639f56b64213b, paymentId=BLUB-Q2O-0RB-RZA, status=PENDING}
2022-12-18 19:06:50.178510 685d153b262b5fdb3d140f718b90c7ae WARNING Payment for order or cart not exists {externalId=886_639f56b64213b, paymentId=BLUB-Q2O-0RB-RZA, status=PENDING}
2022-12-18 19:06:52.981312 bf996c34119f37e557052854fce344c3 INFO Processing payment for cart {cartId=886, externalId=886_639f56bcef937}
2022-12-18 19:06:54.927875 bf996c34119f37e557052854fce344c3 ERROR An error occurred during payment request process {code=400, errorType=AUTHORIZATION_CODE_USED, externalId=886_639f56bcef937, message=Cannot process payment}
2022-12-18 19:06:57.496997 5894f5bae910a7be2366f9518f0baedb INFO Incoming notification {externalId=886_639f56b64213b, paymentId=BLUB-Q2O-0RB-RZA, status=CONFIRMED}
2022-12-18 19:06:57.498914 5894f5bae910a7be2366f9518f0baedb WARNING Payment for order or cart not exists {externalId=886_639f56b64213b, paymentId=BLUB-Q2O-0RB-RZA, status=CONFIRMED}
2022-12-18 19:07:43.328032 bf996c34119f37e557052854fce344c3 INFO Processing payment for cart {cartId=886, externalId=886_639f56ef50155}
2022-12-18 19:07:44.595752 bf996c34119f37e557052854fce344c3 ERROR An error occurred during payment request process {code=400, errorType=AUTHORIZATION_CODE_USED, externalId=886_639f56ef50155, message=Cannot process payment}
2022-12-18 19:07:50.496301 5894f5bae910a7be2366f9518f0baedb INFO Incoming notification {externalId=886_639f56b64213b, paymentId=BLUB-Q2O-0RB-RZA, status=NEW}
2022-12-18 19:07:50.498157 5894f5bae910a7be2366f9518f0baedb WARNING Payment for order or cart not exists {externalId=886_639f56b64213b, paymentId=BLUB-Q2O-0RB-RZA, status=NEW}
2022-12-18 19:07:50.666863 5894f5bae910a7be2366f9518f0baedb INFO Incoming notification {externalId=886_639f56b64213b, paymentId=BLUB-Q2O-0RB-RZA, status=PENDING}
2022-12-18 19:07:50.668792 5894f5bae910a7be2366f9518f0baedb WARNING Payment for order or cart not exists {externalId=886_639f56b64213b, paymentId=BLUB-Q2O-0RB-RZA, status=PENDING}
2022-12-18 19:07:58.326822 685d153b262b5fdb3d140f718b90c7ae INFO Incoming notification {externalId=886_639f56b64213b, paymentId=BLUB-Q2O-0RB-RZA, status=CONFIRMED}
2022-12-18 19:07:58.328633 685d153b262b5fdb3d140f718b90c7ae WARNING Payment for order or cart not exists {externalId=886_639f56b64213b, paymentId=BLUB-Q2O-0RB-RZA, status=CONFIRMED}
2022-12-18 19:08:51.157771 5894f5bae910a7be2366f9518f0baedb INFO Incoming notification {externalId=886_639f56b64213b, paymentId=BLUB-Q2O-0RB-RZA, status=NEW}
2022-12-18 19:08:51.160021 5894f5bae910a7be2366f9518f0baedb WARNING Payment for order or cart not exists {externalId=886_639f56b64213b, paymentId=BLUB-Q2O-0RB-RZA, status=NEW}
2022-12-18 19:08:51.230592 685d153b262b5fdb3d140f718b90c7ae INFO Incoming notification {externalId=886_639f56b64213b, paymentId=BLUB-Q2O-0RB-RZA, status=PENDING}
2022-12-18 19:08:51.233150 685d153b262b5fdb3d140f718b90c7ae WARNING Payment for order or cart not exists {externalId=886_639f56b64213b, paymentId=BLUB-Q2O-0RB-RZA, status=PENDING}
2022-12-18 19:08:58.918545 685d153b262b5fdb3d140f718b90c7ae INFO Incoming notification {externalId=886_639f56b64213b, paymentId=BLUB-Q2O-0RB-RZA, status=CONFIRMED}
2022-12-18 19:08:58.920523 685d153b262b5fdb3d140f718b90c7ae WARNING Payment for order or cart not exists {externalId=886_639f56b64213b, paymentId=BLUB-Q2O-0RB-RZA, status=CONFIRMED}
2022-12-18 19:09:51.848165 685d153b262b5fdb3d140f718b90c7ae INFO Incoming notification {externalId=886_639f56b64213b, paymentId=BLUB-Q2O-0RB-RZA, status=PENDING}
2022-12-18 19:09:51.850723 685d153b262b5fdb3d140f718b90c7ae WARNING Payment for order or cart not exists {externalId=886_639f56b64213b, paymentId=BLUB-Q2O-0RB-RZA, status=PENDING}
2022-12-18 19:09:52.629043 5894f5bae910a7be2366f9518f0baedb INFO Incoming notification {externalId=886_639f56b64213b, paymentId=BLUB-Q2O-0RB-RZA, status=NEW}
2022-12-18 19:09:52.630743 5894f5bae910a7be2366f9518f0baedb WARNING Payment for order or cart not exists {externalId=886_639f56b64213b, paymentId=BLUB-Q2O-0RB-RZA, status=NEW}
2022-12-18 19:09:59.458950 5894f5bae910a7be2366f9518f0baedb INFO Incoming notification {externalId=886_639f56b64213b, paymentId=BLUB-Q2O-0RB-RZA, status=CONFIRMED}
2022-12-18 19:09:59.461406 5894f5bae910a7be2366f9518f0baedb WARNING Payment for order or cart not exists {externalId=886_639f56b64213b, paymentId=BLUB-Q2O-0RB-RZA, status=CONFIRMED}
2022-12-18 19:11:52.559777 5894f5bae910a7be2366f9518f0baedb INFO Incoming notification {externalId=886_639f56b64213b, paymentId=BLUB-Q2O-0RB-RZA, status=PENDING}
2022-12-18 19:11:52.562154 5894f5bae910a7be2366f9518f0baedb WARNING Payment for order or cart not exists {externalId=886_639f56b64213b, paymentId=BLUB-Q2O-0RB-RZA, status=PENDING}
2022-12-18 19:11:53.177483 685d153b262b5fdb3d140f718b90c7ae INFO Incoming notification {externalId=886_639f56b64213b, paymentId=BLUB-Q2O-0RB-RZA, status=NEW}
2022-12-18 19:11:53.179516 685d153b262b5fdb3d140f718b90c7ae WARNING Payment for order or cart not exists {externalId=886_639f56b64213b, paymentId=BLUB-Q2O-0RB-RZA, status=NEW}
2022-12-18 19:11:59.972294 685d153b262b5fdb3d140f718b90c7ae INFO Incoming notification {externalId=886_639f56b64213b, paymentId=BLUB-Q2O-0RB-RZA, status=CONFIRMED}
2022-12-18 19:11:59.974507 685d153b262b5fdb3d140f718b90c7ae WARNING Payment for order or cart not exists {externalId=886_639f56b64213b, paymentId=BLUB-Q2O-0RB-RZA, status=CONFIRMED}
2022-12-18 19:12:55.235351 bf996c34119f37e557052854fce344c3 INFO Processing payment for cart {cartId=886, externalId=886_639f58273974b}
2022-12-18 19:12:57.474461 bf996c34119f37e557052854fce344c3 DEBUG Created paynow data entry {cartId=886, externalId=886_639f58273974b}
2022-12-18 19:12:57.475320 bf996c34119f37e557052854fce344c3 INFO Payment has been successfully created {cartId=886, externalId=886_639f58273974b, paymentId=BLQK-VS9-KRJ-L6X, status=PENDING}
2022-12-18 19:12:57.476888 bf996c34119f37e557052854fce344c3 DEBUG Setting optimistic lock on paynow data {cartId=886, externalId=886_639f58273974b}
2022-12-18 19:12:57.478923 bf996c34119f37e557052854fce344c3 DEBUG Successfully set up optimistic lock on paynow data {externalId=886_639f58273974b}
2022-12-18 19:12:57.479684 bf996c34119f37e557052854fce344c3 INFO Creating an order from cart {cartId=886, externalId=886_639f58273974b}
2022-12-18 19:12:57.770176 685d153b262b5fdb3d140f718b90c7ae INFO Incoming notification {externalId=886_639f58273974b, paymentId=BLQK-VS9-KRJ-L6X, status=NEW}
2022-12-18 19:12:57.772859 685d153b262b5fdb3d140f718b90c7ae INFO Processing order's state update {cartId=886, externalId=886_639f58273974b, orderId=0, orderReference=, paymentId=BLQK-VS9-KRJ-L6X, fromStatus=NEW, toStatus=NEW}
2022-12-18 19:12:57.773845 685d153b262b5fdb3d140f718b90c7ae WARNING An order does not exists {cartId=886, externalId=886_639f58273974b, orderId=0, orderReference=, paymentId=BLQK-VS9-KRJ-L6X}
2022-12-18 19:12:57.858613 5894f5bae910a7be2366f9518f0baedb INFO Incoming notification {externalId=886_639f58273974b, paymentId=BLQK-VS9-KRJ-L6X, status=PENDING}
2022-12-18 19:12:57.861532 5894f5bae910a7be2366f9518f0baedb INFO Processing order's state update {cartId=886, externalId=886_639f58273974b, orderId=0, orderReference=, paymentId=BLQK-VS9-KRJ-L6X, fromStatus=NEW, toStatus=PENDING}
2022-12-18 19:12:57.862799 5894f5bae910a7be2366f9518f0baedb WARNING An order does not exists {cartId=886, externalId=886_639f58273974b, orderId=0, orderReference=, paymentId=BLQK-VS9-KRJ-L6X}
2022-12-18 19:12:59.524233 bf996c34119f37e557052854fce344c3 INFO An order has been successfully created {cartId=886, externalId=886_639f58273974b, orderId=227, orderReference=GYWUXDWHK, paymentId=BLQK-VS9-KRJ-L6X}
2022-12-18 19:12:59.525361 bf996c34119f37e557052854fce344c3 DEBUG Unsetting optimistic lock on paynow data {cartId=886, externalId=886_639f58273974b}
2022-12-18 19:12:59.527827 bf996c34119f37e557052854fce344c3 DEBUG Successfully unset optimistic lock on paynow data {externalId=886_639f58273974b}
2022-12-18 19:12:59.530220 bf996c34119f37e557052854fce344c3 DEBUG Successfully updated payment data {orderId=227, orderReference=GYWUXDWHK, paymentId=BLQK-VS9-KRJ-L6X}
2022-12-18 19:13:00.140708 bf996c34119f37e557052854fce344c3 INFO Retrieving payment status {paymentId=BLQK-VS9-KRJ-L6X}
2022-12-18 19:13:00.244707 bf996c34119f37e557052854fce344c3 INFO Retrieved payment status {paymentId=BLQK-VS9-KRJ-L6X, status=PENDING}
2022-12-18 19:13:00.245724 bf996c34119f37e557052854fce344c3 INFO Processing order's state update {cartId=886, externalId=886_639f58273974b, orderId=227, orderReference=GYWUXDWHK, paymentId=BLQK-VS9-KRJ-L6X, fromStatus=NEW, toStatus=PENDING}
2022-12-18 19:13:00.249401 bf996c34119f37e557052854fce344c3 DEBUG Successfully updated payment data {paymentId=BLQK-VS9-KRJ-L6X, status=PENDING}
2022-12-18 19:13:00.250299 bf996c34119f37e557052854fce344c3 INFO Changed order's state {cartId=886, externalId=886_639f58273974b, orderReference=GYWUXDWHK, paymentId=BLQK-VS9-KRJ-L6X, status=PENDING}
2022-12-18 19:13:04.261539 bf996c34119f37e557052854fce344c3 INFO Checking order's payment status {externalId=886_639f58273974b}
2022-12-18 19:13:04.263252 bf996c34119f37e557052854fce344c3 INFO Retrieving payment status {paymentId=BLQK-VS9-KRJ-L6X}
2022-12-18 19:13:04.398192 bf996c34119f37e557052854fce344c3 INFO Retrieved payment status {paymentId=BLQK-VS9-KRJ-L6X, status=PENDING}
2022-12-18 19:13:04.399735 bf996c34119f37e557052854fce344c3 INFO Processing order's state update {cartId=886, externalId=886_639f58273974b, orderId=227, orderReference=GYWUXDWHK, paymentId=BLQK-VS9-KRJ-L6X, fromStatus=PENDING, toStatus=PENDING}
2022-12-18 19:13:04.400902 bf996c34119f37e557052854fce344c3 ERROR An error occurred during updating state {code=0, externalId=886_639f58273974b, paymentId=BLQK-VS9-KRJ-L6X, status=PENDING, message=Status transition is incorrect PENDING - PENDING}
2022-12-18 19:13:07.252350 bf996c34119f37e557052854fce344c3 INFO Checking order's payment status {externalId=886_639f58273974b}
2022-12-18 19:13:07.253971 bf996c34119f37e557052854fce344c3 INFO Retrieving payment status {paymentId=BLQK-VS9-KRJ-L6X}
2022-12-18 19:13:07.353468 bf996c34119f37e557052854fce344c3 INFO Retrieved payment status {paymentId=BLQK-VS9-KRJ-L6X, status=PENDING}
2022-12-18 19:13:07.354978 bf996c34119f37e557052854fce344c3 INFO Processing order's state update {cartId=886, externalId=886_639f58273974b, orderId=227, orderReference=GYWUXDWHK, paymentId=BLQK-VS9-KRJ-L6X, fromStatus=PENDING, toStatus=PENDING}
2022-12-18 19:13:07.356318 bf996c34119f37e557052854fce344c3 ERROR An error occurred during updating state {code=0, externalId=886_639f58273974b, paymentId=BLQK-VS9-KRJ-L6X, status=PENDING, message=Status transition is incorrect PENDING - PENDING}
2022-12-18 19:13:10.256031 bf996c34119f37e557052854fce344c3 INFO Checking order's payment status {externalId=886_639f58273974b}
2022-12-18 19:13:10.257651 bf996c34119f37e557052854fce344c3 INFO Retrieving payment status {paymentId=BLQK-VS9-KRJ-L6X}
2022-12-18 19:13:10.363421 bf996c34119f37e557052854fce344c3 INFO Retrieved payment status {paymentId=BLQK-VS9-KRJ-L6X, status=PENDING}
2022-12-18 19:13:10.364623 bf996c34119f37e557052854fce344c3 INFO Processing order's state update {cartId=886, externalId=886_639f58273974b, orderId=227, orderReference=GYWUXDWHK, paymentId=BLQK-VS9-KRJ-L6X, fromStatus=PENDING, toStatus=PENDING}
2022-12-18 19:13:10.365662 bf996c34119f37e557052854fce344c3 ERROR An error occurred during updating state {code=0, externalId=886_639f58273974b, paymentId=BLQK-VS9-KRJ-L6X, status=PENDING, message=Status transition is incorrect PENDING - PENDING}
2022-12-18 19:13:13.219059 bf996c34119f37e557052854fce344c3 INFO Checking order's payment status {externalId=886_639f58273974b}
2022-12-18 19:13:13.220726 bf996c34119f37e557052854fce344c3 INFO Retrieving payment status {paymentId=BLQK-VS9-KRJ-L6X}
2022-12-18 19:13:13.324224 bf996c34119f37e557052854fce344c3 INFO Retrieved payment status {paymentId=BLQK-VS9-KRJ-L6X, status=PENDING}
2022-12-18 19:13:13.325684 bf996c34119f37e557052854fce344c3 INFO Processing order's state update {cartId=886, externalId=886_639f58273974b, orderId=227, orderReference=GYWUXDWHK, paymentId=BLQK-VS9-KRJ-L6X, fromStatus=PENDING, toStatus=PENDING}
2022-12-18 19:13:13.326859 bf996c34119f37e557052854fce344c3 ERROR An error occurred during updating state {code=0, externalId=886_639f58273974b, paymentId=BLQK-VS9-KRJ-L6X, status=PENDING, message=Status transition is incorrect PENDING - PENDING}
2022-12-18 19:13:16.274960 bf996c34119f37e557052854fce344c3 INFO Checking order's payment status {externalId=886_639f58273974b}
2022-12-18 19:13:16.276312 bf996c34119f37e557052854fce344c3 INFO Retrieving payment status {paymentId=BLQK-VS9-KRJ-L6X}
2022-12-18 19:13:16.377229 bf996c34119f37e557052854fce344c3 INFO Retrieved payment status {paymentId=BLQK-VS9-KRJ-L6X, status=PENDING}
2022-12-18 19:13:16.378757 bf996c34119f37e557052854fce344c3 INFO Processing order's state update {cartId=886, externalId=886_639f58273974b, orderId=227, orderReference=GYWUXDWHK, paymentId=BLQK-VS9-KRJ-L6X, fromStatus=PENDING, toStatus=PENDING}
2022-12-18 19:13:16.380043 bf996c34119f37e557052854fce344c3 ERROR An error occurred during updating state {code=0, externalId=886_639f58273974b, paymentId=BLQK-VS9-KRJ-L6X, status=PENDING, message=Status transition is incorrect PENDING - PENDING}
2022-12-18 19:13:19.234498 bf996c34119f37e557052854fce344c3 INFO Checking order's payment status {externalId=886_639f58273974b}
2022-12-18 19:13:19.236282 bf996c34119f37e557052854fce344c3 INFO Retrieving payment status {paymentId=BLQK-VS9-KRJ-L6X}
2022-12-18 19:13:19.336380 bf996c34119f37e557052854fce344c3 INFO Retrieved payment status {paymentId=BLQK-VS9-KRJ-L6X, status=PENDING}
2022-12-18 19:13:19.337905 bf996c34119f37e557052854fce344c3 INFO Processing order's state update {cartId=886, externalId=886_639f58273974b, orderId=227, orderReference=GYWUXDWHK, paymentId=BLQK-VS9-KRJ-L6X, fromStatus=PENDING, toStatus=PENDING}
2022-12-18 19:13:19.339227 bf996c34119f37e557052854fce344c3 ERROR An error occurred during updating state {code=0, externalId=886_639f58273974b, paymentId=BLQK-VS9-KRJ-L6X, status=PENDING, message=Status transition is incorrect PENDING - PENDING}
2022-12-18 19:13:22.251168 bf996c34119f37e557052854fce344c3 INFO Checking order's payment status {externalId=886_639f58273974b}
2022-12-18 19:13:22.253171 bf996c34119f37e557052854fce344c3 INFO Retrieving payment status {paymentId=BLQK-VS9-KRJ-L6X}
2022-12-18 19:13:22.358489 bf996c34119f37e557052854fce344c3 INFO Retrieved payment status {paymentId=BLQK-VS9-KRJ-L6X, status=PENDING}
2022-12-18 19:13:22.360411 bf996c34119f37e557052854fce344c3 INFO Processing order's state update {cartId=886, externalId=886_639f58273974b, orderId=227, orderReference=GYWUXDWHK, paymentId=BLQK-VS9-KRJ-L6X, fromStatus=PENDING, toStatus=PENDING}
2022-12-18 19:13:22.361804 bf996c34119f37e557052854fce344c3 ERROR An error occurred during updating state {code=0, externalId=886_639f58273974b, paymentId=BLQK-VS9-KRJ-L6X, status=PENDING, message=Status transition is incorrect PENDING - PENDING}
2022-12-18 19:13:23.596824 5894f5bae910a7be2366f9518f0baedb INFO Incoming notification {externalId=886_639f58273974b, paymentId=BLQK-VS9-KRJ-L6X, status=CONFIRMED}
2022-12-18 19:13:23.600320 5894f5bae910a7be2366f9518f0baedb INFO Processing order's state update {cartId=886, externalId=886_639f58273974b, orderId=227, orderReference=GYWUXDWHK, paymentId=BLQK-VS9-KRJ-L6X, fromStatus=PENDING, toStatus=CONFIRMED}
2022-12-18 19:13:23.602922 5894f5bae910a7be2366f9518f0baedb INFO Adding new state to order's history {externalId=886_639f58273974b, orderId=227, orderReference=GYWUXDWHK, paymentId=BLQK-VS9-KRJ-L6X, paymentStatus=CONFIRMED, state=2}
2022-12-18 19:13:24.431104 5894f5bae910a7be2366f9518f0baedb INFO Added new state to order's history {externalId=886_639f58273974b, orderId=227, orderReference=GYWUXDWHK,  paymentId=BLQK-VS9-KRJ-L6X, paymentStatus=CONFIRMED, state=2, historyId=889}
2022-12-18 19:13:24.437062 5894f5bae910a7be2366f9518f0baedb DEBUG Successfully updated payment data {paymentId=BLQK-VS9-KRJ-L6X, status=CONFIRMED}
2022-12-18 19:13:24.437980 5894f5bae910a7be2366f9518f0baedb INFO Changed order's state {cartId=886, externalId=886_639f58273974b, orderReference=GYWUXDWHK, paymentId=BLQK-VS9-KRJ-L6X, status=CONFIRMED}
2022-12-18 19:13:25.335514 bf996c34119f37e557052854fce344c3 INFO Checking order's payment status {externalId=886_639f58273974b}
2022-12-18 19:16:53.273466 5894f5bae910a7be2366f9518f0baedb INFO Incoming notification {externalId=886_639f56b64213b, paymentId=BLUB-Q2O-0RB-RZA, status=PENDING}
2022-12-18 19:16:53.275648 5894f5bae910a7be2366f9518f0baedb WARNING Payment for order or cart not exists {externalId=886_639f56b64213b, paymentId=BLUB-Q2O-0RB-RZA, status=PENDING}
2022-12-18 19:16:53.710645 5894f5bae910a7be2366f9518f0baedb INFO Incoming notification {externalId=886_639f56b64213b, paymentId=BLUB-Q2O-0RB-RZA, status=NEW}
2022-12-18 19:16:53.712632 5894f5bae910a7be2366f9518f0baedb WARNING Payment for order or cart not exists {externalId=886_639f56b64213b, paymentId=BLUB-Q2O-0RB-RZA, status=NEW}
2022-12-18 19:17:00.467281 5894f5bae910a7be2366f9518f0baedb INFO Incoming notification {externalId=886_639f56b64213b, paymentId=BLUB-Q2O-0RB-RZA, status=CONFIRMED}
2022-12-18 19:17:00.469278 5894f5bae910a7be2366f9518f0baedb WARNING Payment for order or cart not exists {externalId=886_639f56b64213b, paymentId=BLUB-Q2O-0RB-RZA, status=CONFIRMED}
2022-12-18 19:31:53.967375 5894f5bae910a7be2366f9518f0baedb INFO Incoming notification {externalId=886_639f56b64213b, paymentId=BLUB-Q2O-0RB-RZA, status=PENDING}
2022-12-18 19:31:53.969907 5894f5bae910a7be2366f9518f0baedb WARNING Payment for order or cart not exists {externalId=886_639f56b64213b, paymentId=BLUB-Q2O-0RB-RZA, status=PENDING}
2022-12-18 19:31:54.257934 5894f5bae910a7be2366f9518f0baedb INFO Incoming notification {externalId=886_639f56b64213b, paymentId=BLUB-Q2O-0RB-RZA, status=NEW}
2022-12-18 19:31:54.260822 5894f5bae910a7be2366f9518f0baedb WARNING Payment for order or cart not exists {externalId=886_639f56b64213b, paymentId=BLUB-Q2O-0RB-RZA, status=NEW}
2022-12-18 19:32:00.973764 5894f5bae910a7be2366f9518f0baedb INFO Incoming notification {externalId=886_639f56b64213b, paymentId=BLUB-Q2O-0RB-RZA, status=CONFIRMED}
2022-12-18 19:32:00.975903 5894f5bae910a7be2366f9518f0baedb WARNING Payment for order or cart not exists {externalId=886_639f56b64213b, paymentId=BLUB-Q2O-0RB-RZA, status=CONFIRMED}
2022-12-18 20:01:54.884926 685d153b262b5fdb3d140f718b90c7ae INFO Incoming notification {externalId=886_639f56b64213b, paymentId=BLUB-Q2O-0RB-RZA, status=PENDING}
2022-12-18 20:01:54.887264 685d153b262b5fdb3d140f718b90c7ae WARNING Payment for order or cart not exists {externalId=886_639f56b64213b, paymentId=BLUB-Q2O-0RB-RZA, status=PENDING}
2022-12-18 20:01:54.915463 5894f5bae910a7be2366f9518f0baedb INFO Incoming notification {externalId=886_639f56b64213b, paymentId=BLUB-Q2O-0RB-RZA, status=NEW}
2022-12-18 20:01:54.917321 5894f5bae910a7be2366f9518f0baedb WARNING Payment for order or cart not exists {externalId=886_639f56b64213b, paymentId=BLUB-Q2O-0RB-RZA, status=NEW}
2022-12-18 20:02:01.623033 685d153b262b5fdb3d140f718b90c7ae INFO Incoming notification {externalId=886_639f56b64213b, paymentId=BLUB-Q2O-0RB-RZA, status=CONFIRMED}
2022-12-18 20:02:01.638632 685d153b262b5fdb3d140f718b90c7ae WARNING Payment for order or cart not exists {externalId=886_639f56b64213b, paymentId=BLUB-Q2O-0RB-RZA, status=CONFIRMED}
2022-12-18 21:01:55.769040 5894f5bae910a7be2366f9518f0baedb INFO Incoming notification {externalId=886_639f56b64213b, paymentId=BLUB-Q2O-0RB-RZA, status=PENDING}
2022-12-18 21:01:55.769068 5894f5bae910a7be2366f9518f0baedb INFO Incoming notification {externalId=886_639f56b64213b, paymentId=BLUB-Q2O-0RB-RZA, status=NEW}
2022-12-18 21:01:55.771846 5894f5bae910a7be2366f9518f0baedb WARNING Payment for order or cart not exists {externalId=886_639f56b64213b, paymentId=BLUB-Q2O-0RB-RZA, status=PENDING}
2022-12-18 21:01:55.772332 5894f5bae910a7be2366f9518f0baedb WARNING Payment for order or cart not exists {externalId=886_639f56b64213b, paymentId=BLUB-Q2O-0RB-RZA, status=NEW}
2022-12-18 21:02:02.289561 685d153b262b5fdb3d140f718b90c7ae INFO Incoming notification {externalId=886_639f56b64213b, paymentId=BLUB-Q2O-0RB-RZA, status=CONFIRMED}
2022-12-18 21:02:02.291575 685d153b262b5fdb3d140f718b90c7ae WARNING Payment for order or cart not exists {externalId=886_639f56b64213b, paymentId=BLUB-Q2O-0RB-RZA, status=CONFIRMED}
2022-12-18 23:01:56.354794 685d153b262b5fdb3d140f718b90c7ae INFO Incoming notification {externalId=886_639f56b64213b, paymentId=BLUB-Q2O-0RB-RZA, status=PENDING}
2022-12-18 23:01:56.358241 685d153b262b5fdb3d140f718b90c7ae WARNING Payment for order or cart not exists {externalId=886_639f56b64213b, paymentId=BLUB-Q2O-0RB-RZA, status=PENDING}
2022-12-18 23:01:56.362220 5894f5bae910a7be2366f9518f0baedb INFO Incoming notification {externalId=886_639f56b64213b, paymentId=BLUB-Q2O-0RB-RZA, status=NEW}
2022-12-18 23:01:56.364113 5894f5bae910a7be2366f9518f0baedb WARNING Payment for order or cart not exists {externalId=886_639f56b64213b, paymentId=BLUB-Q2O-0RB-RZA, status=NEW}
2022-12-18 23:02:02.935786 685d153b262b5fdb3d140f718b90c7ae INFO Incoming notification {externalId=886_639f56b64213b, paymentId=BLUB-Q2O-0RB-RZA, status=CONFIRMED}
2022-12-18 23:02:02.937748 685d153b262b5fdb3d140f718b90c7ae WARNING Payment for order or cart not exists {externalId=886_639f56b64213b, paymentId=BLUB-Q2O-0RB-RZA, status=CONFIRMED}
