2022-11-21 19:25:04.498954 f6d5dd29fc8932b752b1ea743925e8f6 INFO Processing payment for cart {cartId=808, externalId=808_637bc28079cfe}
2022-11-21 19:25:06.650686 f6d5dd29fc8932b752b1ea743925e8f6 DEBUG Created paynow data entry {cartId=808, externalId=808_637bc28079cfe}
2022-11-21 19:25:06.651683 f6d5dd29fc8932b752b1ea743925e8f6 INFO Payment has been successfully created {cartId=808, externalId=808_637bc28079cfe, paymentId=BLNS-A7S-1SB-KRW, status=PENDING}
2022-11-21 19:25:06.652936 f6d5dd29fc8932b752b1ea743925e8f6 DEBUG Setting optimistic lock on paynow data {cartId=808, externalId=808_637bc28079cfe}
2022-11-21 19:25:06.654789 f6d5dd29fc8932b752b1ea743925e8f6 DEBUG Successfully set up optimistic lock on paynow data {externalId=808_637bc28079cfe}
2022-11-21 19:25:06.655724 f6d5dd29fc8932b752b1ea743925e8f6 INFO Creating an order from cart {cartId=808, externalId=808_637bc28079cfe}
2022-11-21 19:25:07.257746 5894f5bae910a7be2366f9518f0baedb INFO Incoming notification {externalId=808_637bc28079cfe, paymentId=BLNS-A7S-1SB-KRW, status=PENDING}
2022-11-21 19:25:07.261540 5894f5bae910a7be2366f9518f0baedb INFO Processing order's state update {cartId=808, externalId=808_637bc28079cfe, orderId=0, orderReference=, paymentId=BLNS-A7S-1SB-KRW, fromStatus=NEW, toStatus=PENDING}
2022-11-21 19:25:07.262425 5894f5bae910a7be2366f9518f0baedb WARNING An order does not exists {cartId=808, externalId=808_637bc28079cfe, orderId=0, orderReference=, paymentId=BLNS-A7S-1SB-KRW}
2022-11-21 19:25:07.412766 685d153b262b5fdb3d140f718b90c7ae INFO Incoming notification {externalId=808_637bc28079cfe, paymentId=BLNS-A7S-1SB-KRW, status=NEW}
2022-11-21 19:25:07.415626 685d153b262b5fdb3d140f718b90c7ae INFO Processing order's state update {cartId=808, externalId=808_637bc28079cfe, orderId=0, orderReference=, paymentId=BLNS-A7S-1SB-KRW, fromStatus=NEW, toStatus=NEW}
2022-11-21 19:25:07.416687 685d153b262b5fdb3d140f718b90c7ae WARNING An order does not exists {cartId=808, externalId=808_637bc28079cfe, orderId=0, orderReference=, paymentId=BLNS-A7S-1SB-KRW}
2022-11-21 19:25:08.785428 f6d5dd29fc8932b752b1ea743925e8f6 INFO An order has been successfully created {cartId=808, externalId=808_637bc28079cfe, orderId=195, orderReference=CCNZKWGID, paymentId=BLNS-A7S-1SB-KRW}
2022-11-21 19:25:08.786256 f6d5dd29fc8932b752b1ea743925e8f6 DEBUG Unsetting optimistic lock on paynow data {cartId=808, externalId=808_637bc28079cfe}
2022-11-21 19:25:08.788249 f6d5dd29fc8932b752b1ea743925e8f6 DEBUG Successfully unset optimistic lock on paynow data {externalId=808_637bc28079cfe}
2022-11-21 19:25:08.790430 f6d5dd29fc8932b752b1ea743925e8f6 DEBUG Successfully updated payment data {orderId=195, orderReference=CCNZKWGID, paymentId=BLNS-A7S-1SB-KRW}
2022-11-21 19:25:09.461440 f6d5dd29fc8932b752b1ea743925e8f6 INFO Retrieving payment status {paymentId=BLNS-A7S-1SB-KRW}
2022-11-21 19:25:09.566553 f6d5dd29fc8932b752b1ea743925e8f6 INFO Retrieved payment status {paymentId=BLNS-A7S-1SB-KRW, status=PENDING}
2022-11-21 19:25:09.567395 f6d5dd29fc8932b752b1ea743925e8f6 INFO Processing order's state update {cartId=808, externalId=808_637bc28079cfe, orderId=195, orderReference=CCNZKWGID, paymentId=BLNS-A7S-1SB-KRW, fromStatus=NEW, toStatus=PENDING}
2022-11-21 19:25:09.570341 f6d5dd29fc8932b752b1ea743925e8f6 DEBUG Successfully updated payment data {paymentId=BLNS-A7S-1SB-KRW, status=PENDING}
2022-11-21 19:25:09.571151 f6d5dd29fc8932b752b1ea743925e8f6 INFO Changed order's state {cartId=808, externalId=808_637bc28079cfe, orderReference=CCNZKWGID, paymentId=BLNS-A7S-1SB-KRW, status=PENDING}
2022-11-21 19:25:13.787086 f6d5dd29fc8932b752b1ea743925e8f6 INFO Checking order's payment status {externalId=808_637bc28079cfe}
2022-11-21 19:25:13.788650 f6d5dd29fc8932b752b1ea743925e8f6 INFO Retrieving payment status {paymentId=BLNS-A7S-1SB-KRW}
2022-11-21 19:25:13.889326 f6d5dd29fc8932b752b1ea743925e8f6 INFO Retrieved payment status {paymentId=BLNS-A7S-1SB-KRW, status=PENDING}
2022-11-21 19:25:13.890728 f6d5dd29fc8932b752b1ea743925e8f6 INFO Processing order's state update {cartId=808, externalId=808_637bc28079cfe, orderId=195, orderReference=CCNZKWGID, paymentId=BLNS-A7S-1SB-KRW, fromStatus=PENDING, toStatus=PENDING}
2022-11-21 19:25:13.892003 f6d5dd29fc8932b752b1ea743925e8f6 ERROR An error occurred during updating state {code=0, externalId=808_637bc28079cfe, paymentId=BLNS-A7S-1SB-KRW, status=PENDING, message=Status transition is incorrect PENDING - PENDING}
2022-11-21 19:25:15.677602 685d153b262b5fdb3d140f718b90c7ae INFO Incoming notification {externalId=808_637bc28079cfe, paymentId=BLNS-A7S-1SB-KRW, status=CONFIRMED}
2022-11-21 19:25:15.680967 685d153b262b5fdb3d140f718b90c7ae INFO Processing order's state update {cartId=808, externalId=808_637bc28079cfe, orderId=195, orderReference=CCNZKWGID, paymentId=BLNS-A7S-1SB-KRW, fromStatus=PENDING, toStatus=CONFIRMED}
2022-11-21 19:25:15.683187 685d153b262b5fdb3d140f718b90c7ae INFO Adding new state to order's history {externalId=808_637bc28079cfe, orderId=195, orderReference=CCNZKWGID, paymentId=BLNS-A7S-1SB-KRW, paymentStatus=CONFIRMED, state=2}
2022-11-21 19:25:16.477519 685d153b262b5fdb3d140f718b90c7ae INFO Added new state to order's history {externalId=808_637bc28079cfe, orderId=195, orderReference=CCNZKWGID,  paymentId=BLNS-A7S-1SB-KRW, paymentStatus=CONFIRMED, state=2, historyId=754}
2022-11-21 19:25:16.481884 685d153b262b5fdb3d140f718b90c7ae DEBUG Successfully updated payment data {paymentId=BLNS-A7S-1SB-KRW, status=CONFIRMED}
2022-11-21 19:25:16.482805 685d153b262b5fdb3d140f718b90c7ae INFO Changed order's state {cartId=808, externalId=808_637bc28079cfe, orderReference=CCNZKWGID, paymentId=BLNS-A7S-1SB-KRW, status=CONFIRMED}
2022-11-21 19:25:16.767568 f6d5dd29fc8932b752b1ea743925e8f6 INFO Checking order's payment status {externalId=808_637bc28079cfe}
