2022-06-01 14:00:08.289859 4197b50116e5c8d18dfa44802477d930 INFO Processing payment for cart {cartId=361, externalId=361_629754c846c35}
2022-06-01 14:00:11.335774 4197b50116e5c8d18dfa44802477d930 ERROR An error occurred during sending payment request {code=0, externalId=361_629754c846c35, message=Idle timeout reached for "https://api.paynow.pl/v1/payments".,}
2022-06-01 14:00:12.338768 5894f5bae910a7be2366f9518f0baedb INFO Incoming notification {externalId=361_629754c846c35, paymentId=BLBF-2Y4-YFI-7D9, status=NEW}
2022-06-01 14:00:12.341006 5894f5bae910a7be2366f9518f0baedb WARNING Payment for order or cart not exists {externalId=361_629754c846c35, paymentId=BLBF-2Y4-YFI-7D9, status=NEW}
2022-06-01 14:00:12.800981 685d153b262b5fdb3d140f718b90c7ae INFO Incoming notification {externalId=361_629754c846c35, paymentId=BLBF-2Y4-YFI-7D9, status=PENDING}
2022-06-01 14:00:12.802696 685d153b262b5fdb3d140f718b90c7ae WARNING Payment for order or cart not exists {externalId=361_629754c846c35, paymentId=BLBF-2Y4-YFI-7D9, status=PENDING}
2022-06-01 14:00:22.328121 685d153b262b5fdb3d140f718b90c7ae INFO Incoming notification {externalId=361_629754c846c35, paymentId=BLBF-2Y4-YFI-7D9, status=CONFIRMED}
2022-06-01 14:00:22.329958 685d153b262b5fdb3d140f718b90c7ae WARNING Payment for order or cart not exists {externalId=361_629754c846c35, paymentId=BLBF-2Y4-YFI-7D9, status=CONFIRMED}
2022-06-01 14:01:13.077476 685d153b262b5fdb3d140f718b90c7ae INFO Incoming notification {externalId=361_629754c846c35, paymentId=BLBF-2Y4-YFI-7D9, status=NEW}
2022-06-01 14:01:13.079931 685d153b262b5fdb3d140f718b90c7ae WARNING Payment for order or cart not exists {externalId=361_629754c846c35, paymentId=BLBF-2Y4-YFI-7D9, status=NEW}
2022-06-01 14:01:13.328140 685d153b262b5fdb3d140f718b90c7ae INFO Incoming notification {externalId=361_629754c846c35, paymentId=BLBF-2Y4-YFI-7D9, status=PENDING}
2022-06-01 14:01:13.330025 685d153b262b5fdb3d140f718b90c7ae WARNING Payment for order or cart not exists {externalId=361_629754c846c35, paymentId=BLBF-2Y4-YFI-7D9, status=PENDING}
2022-06-01 14:01:22.744359 685d153b262b5fdb3d140f718b90c7ae INFO Incoming notification {externalId=361_629754c846c35, paymentId=BLBF-2Y4-YFI-7D9, status=CONFIRMED}
2022-06-01 14:01:22.746458 685d153b262b5fdb3d140f718b90c7ae WARNING Payment for order or cart not exists {externalId=361_629754c846c35, paymentId=BLBF-2Y4-YFI-7D9, status=CONFIRMED}
2022-06-01 14:02:13.640424 5894f5bae910a7be2366f9518f0baedb INFO Incoming notification {externalId=361_629754c846c35, paymentId=BLBF-2Y4-YFI-7D9, status=NEW}
2022-06-01 14:02:13.642380 5894f5bae910a7be2366f9518f0baedb WARNING Payment for order or cart not exists {externalId=361_629754c846c35, paymentId=BLBF-2Y4-YFI-7D9, status=NEW}
2022-06-01 14:02:13.789695 5894f5bae910a7be2366f9518f0baedb INFO Incoming notification {externalId=361_629754c846c35, paymentId=BLBF-2Y4-YFI-7D9, status=PENDING}
2022-06-01 14:02:13.791450 5894f5bae910a7be2366f9518f0baedb WARNING Payment for order or cart not exists {externalId=361_629754c846c35, paymentId=BLBF-2Y4-YFI-7D9, status=PENDING}
2022-06-01 14:02:23.331593 5894f5bae910a7be2366f9518f0baedb INFO Incoming notification {externalId=361_629754c846c35, paymentId=BLBF-2Y4-YFI-7D9, status=CONFIRMED}
2022-06-01 14:02:23.333122 5894f5bae910a7be2366f9518f0baedb WARNING Payment for order or cart not exists {externalId=361_629754c846c35, paymentId=BLBF-2Y4-YFI-7D9, status=CONFIRMED}
2022-06-01 14:03:14.530955 5894f5bae910a7be2366f9518f0baedb INFO Incoming notification {externalId=361_629754c846c35, paymentId=BLBF-2Y4-YFI-7D9, status=NEW}
2022-06-01 14:03:14.531054 5894f5bae910a7be2366f9518f0baedb INFO Incoming notification {externalId=361_629754c846c35, paymentId=BLBF-2Y4-YFI-7D9, status=PENDING}
2022-06-01 14:03:14.533009 5894f5bae910a7be2366f9518f0baedb WARNING Payment for order or cart not exists {externalId=361_629754c846c35, paymentId=BLBF-2Y4-YFI-7D9, status=NEW}
2022-06-01 14:03:14.533704 5894f5bae910a7be2366f9518f0baedb WARNING Payment for order or cart not exists {externalId=361_629754c846c35, paymentId=BLBF-2Y4-YFI-7D9, status=PENDING}
2022-06-01 14:03:23.755156 685d153b262b5fdb3d140f718b90c7ae INFO Incoming notification {externalId=361_629754c846c35, paymentId=BLBF-2Y4-YFI-7D9, status=CONFIRMED}
2022-06-01 14:03:23.757664 685d153b262b5fdb3d140f718b90c7ae WARNING Payment for order or cart not exists {externalId=361_629754c846c35, paymentId=BLBF-2Y4-YFI-7D9, status=CONFIRMED}
2022-06-01 14:05:14.991476 5894f5bae910a7be2366f9518f0baedb INFO Incoming notification {externalId=361_629754c846c35, paymentId=BLBF-2Y4-YFI-7D9, status=PENDING}
2022-06-01 14:05:14.993803 5894f5bae910a7be2366f9518f0baedb WARNING Payment for order or cart not exists {externalId=361_629754c846c35, paymentId=BLBF-2Y4-YFI-7D9, status=PENDING}
2022-06-01 14:05:15.058119 5894f5bae910a7be2366f9518f0baedb INFO Incoming notification {externalId=361_629754c846c35, paymentId=BLBF-2Y4-YFI-7D9, status=NEW}
2022-06-01 14:05:15.060832 5894f5bae910a7be2366f9518f0baedb WARNING Payment for order or cart not exists {externalId=361_629754c846c35, paymentId=BLBF-2Y4-YFI-7D9, status=NEW}
2022-06-01 14:05:24.124639 5894f5bae910a7be2366f9518f0baedb INFO Incoming notification {externalId=361_629754c846c35, paymentId=BLBF-2Y4-YFI-7D9, status=CONFIRMED}
2022-06-01 14:05:24.126269 5894f5bae910a7be2366f9518f0baedb WARNING Payment for order or cart not exists {externalId=361_629754c846c35, paymentId=BLBF-2Y4-YFI-7D9, status=CONFIRMED}
2022-06-01 14:10:15.703540 5894f5bae910a7be2366f9518f0baedb INFO Incoming notification {externalId=361_629754c846c35, paymentId=BLBF-2Y4-YFI-7D9, status=NEW}
2022-06-01 14:10:15.703613 5894f5bae910a7be2366f9518f0baedb INFO Incoming notification {externalId=361_629754c846c35, paymentId=BLBF-2Y4-YFI-7D9, status=PENDING}
2022-06-01 14:10:15.705614 5894f5bae910a7be2366f9518f0baedb WARNING Payment for order or cart not exists {externalId=361_629754c846c35, paymentId=BLBF-2Y4-YFI-7D9, status=NEW}
2022-06-01 14:10:15.706001 5894f5bae910a7be2366f9518f0baedb WARNING Payment for order or cart not exists {externalId=361_629754c846c35, paymentId=BLBF-2Y4-YFI-7D9, status=PENDING}
2022-06-01 14:10:24.491755 5894f5bae910a7be2366f9518f0baedb INFO Incoming notification {externalId=361_629754c846c35, paymentId=BLBF-2Y4-YFI-7D9, status=CONFIRMED}
2022-06-01 14:10:24.493078 5894f5bae910a7be2366f9518f0baedb WARNING Payment for order or cart not exists {externalId=361_629754c846c35, paymentId=BLBF-2Y4-YFI-7D9, status=CONFIRMED}
2022-06-01 14:25:16.362071 685d153b262b5fdb3d140f718b90c7ae INFO Incoming notification {externalId=361_629754c846c35, paymentId=BLBF-2Y4-YFI-7D9, status=NEW}
2022-06-01 14:25:16.362119 685d153b262b5fdb3d140f718b90c7ae INFO Incoming notification {externalId=361_629754c846c35, paymentId=BLBF-2Y4-YFI-7D9, status=PENDING}
2022-06-01 14:25:16.364358 685d153b262b5fdb3d140f718b90c7ae WARNING Payment for order or cart not exists {externalId=361_629754c846c35, paymentId=BLBF-2Y4-YFI-7D9, status=NEW}
2022-06-01 14:25:16.364932 685d153b262b5fdb3d140f718b90c7ae WARNING Payment for order or cart not exists {externalId=361_629754c846c35, paymentId=BLBF-2Y4-YFI-7D9, status=PENDING}
2022-06-01 14:25:24.987356 5894f5bae910a7be2366f9518f0baedb INFO Incoming notification {externalId=361_629754c846c35, paymentId=BLBF-2Y4-YFI-7D9, status=CONFIRMED}
2022-06-01 14:25:24.988991 5894f5bae910a7be2366f9518f0baedb WARNING Payment for order or cart not exists {externalId=361_629754c846c35, paymentId=BLBF-2Y4-YFI-7D9, status=CONFIRMED}
2022-06-01 14:55:17.061009 5894f5bae910a7be2366f9518f0baedb INFO Incoming notification {externalId=361_629754c846c35, paymentId=BLBF-2Y4-YFI-7D9, status=PENDING}
2022-06-01 14:55:17.061011 5894f5bae910a7be2366f9518f0baedb INFO Incoming notification {externalId=361_629754c846c35, paymentId=BLBF-2Y4-YFI-7D9, status=NEW}
2022-06-01 14:55:17.063394 5894f5bae910a7be2366f9518f0baedb WARNING Payment for order or cart not exists {externalId=361_629754c846c35, paymentId=BLBF-2Y4-YFI-7D9, status=PENDING}
2022-06-01 14:55:17.063991 5894f5bae910a7be2366f9518f0baedb WARNING Payment for order or cart not exists {externalId=361_629754c846c35, paymentId=BLBF-2Y4-YFI-7D9, status=NEW}
2022-06-01 14:55:25.419244 5894f5bae910a7be2366f9518f0baedb INFO Incoming notification {externalId=361_629754c846c35, paymentId=BLBF-2Y4-YFI-7D9, status=CONFIRMED}
2022-06-01 14:55:25.420923 5894f5bae910a7be2366f9518f0baedb WARNING Payment for order or cart not exists {externalId=361_629754c846c35, paymentId=BLBF-2Y4-YFI-7D9, status=CONFIRMED}
2022-06-01 15:55:17.705115 685d153b262b5fdb3d140f718b90c7ae INFO Incoming notification {externalId=361_629754c846c35, paymentId=BLBF-2Y4-YFI-7D9, status=PENDING}
2022-06-01 15:55:17.705163 5894f5bae910a7be2366f9518f0baedb INFO Incoming notification {externalId=361_629754c846c35, paymentId=BLBF-2Y4-YFI-7D9, status=NEW}
2022-06-01 15:55:17.706902 685d153b262b5fdb3d140f718b90c7ae WARNING Payment for order or cart not exists {externalId=361_629754c846c35, paymentId=BLBF-2Y4-YFI-7D9, status=PENDING}
2022-06-01 15:55:17.707155 5894f5bae910a7be2366f9518f0baedb WARNING Payment for order or cart not exists {externalId=361_629754c846c35, paymentId=BLBF-2Y4-YFI-7D9, status=NEW}
2022-06-01 15:55:25.869541 5894f5bae910a7be2366f9518f0baedb INFO Incoming notification {externalId=361_629754c846c35, paymentId=BLBF-2Y4-YFI-7D9, status=CONFIRMED}
2022-06-01 15:55:25.871390 5894f5bae910a7be2366f9518f0baedb WARNING Payment for order or cart not exists {externalId=361_629754c846c35, paymentId=BLBF-2Y4-YFI-7D9, status=CONFIRMED}
2022-06-01 17:55:18.474822 5894f5bae910a7be2366f9518f0baedb INFO Incoming notification {externalId=361_629754c846c35, paymentId=BLBF-2Y4-YFI-7D9, status=NEW}
2022-06-01 17:55:18.474822 685d153b262b5fdb3d140f718b90c7ae INFO Incoming notification {externalId=361_629754c846c35, paymentId=BLBF-2Y4-YFI-7D9, status=PENDING}
2022-06-01 17:55:18.478411 685d153b262b5fdb3d140f718b90c7ae WARNING Payment for order or cart not exists {externalId=361_629754c846c35, paymentId=BLBF-2Y4-YFI-7D9, status=PENDING}
2022-06-01 17:55:18.478535 5894f5bae910a7be2366f9518f0baedb WARNING Payment for order or cart not exists {externalId=361_629754c846c35, paymentId=BLBF-2Y4-YFI-7D9, status=NEW}
2022-06-01 17:55:26.422071 685d153b262b5fdb3d140f718b90c7ae INFO Incoming notification {externalId=361_629754c846c35, paymentId=BLBF-2Y4-YFI-7D9, status=CONFIRMED}
2022-06-01 17:55:26.424065 685d153b262b5fdb3d140f718b90c7ae WARNING Payment for order or cart not exists {externalId=361_629754c846c35, paymentId=BLBF-2Y4-YFI-7D9, status=CONFIRMED}
2022-06-01 21:55:19.243500 5894f5bae910a7be2366f9518f0baedb INFO Incoming notification {externalId=361_629754c846c35, paymentId=BLBF-2Y4-YFI-7D9, status=NEW}
2022-06-01 21:55:19.243664 685d153b262b5fdb3d140f718b90c7ae INFO Incoming notification {externalId=361_629754c846c35, paymentId=BLBF-2Y4-YFI-7D9, status=PENDING}
2022-06-01 21:55:19.247216 5894f5bae910a7be2366f9518f0baedb WARNING Payment for order or cart not exists {externalId=361_629754c846c35, paymentId=BLBF-2Y4-YFI-7D9, status=NEW}
2022-06-01 21:55:19.247291 685d153b262b5fdb3d140f718b90c7ae WARNING Payment for order or cart not exists {externalId=361_629754c846c35, paymentId=BLBF-2Y4-YFI-7D9, status=PENDING}
2022-06-01 21:55:27.170557 5894f5bae910a7be2366f9518f0baedb INFO Incoming notification {externalId=361_629754c846c35, paymentId=BLBF-2Y4-YFI-7D9, status=CONFIRMED}
2022-06-01 21:55:27.172673 5894f5bae910a7be2366f9518f0baedb WARNING Payment for order or cart not exists {externalId=361_629754c846c35, paymentId=BLBF-2Y4-YFI-7D9, status=CONFIRMED}
