2022-11-13 14:02:39.935594 73b74a5276ceccdfbeeb4bca3195a5e1 INFO Processing payment for cart {cartId=794, externalId=794_6370eaefe469e}
2022-11-13 14:02:41.663649 73b74a5276ceccdfbeeb4bca3195a5e1 DEBUG Created paynow data entry {cartId=794, externalId=794_6370eaefe469e}
2022-11-13 14:02:41.664619 73b74a5276ceccdfbeeb4bca3195a5e1 INFO Payment has been successfully created {cartId=794, externalId=794_6370eaefe469e, paymentId=BLHE-4QJ-WUB-GJJ, status=PENDING}
2022-11-13 14:02:41.665991 73b74a5276ceccdfbeeb4bca3195a5e1 DEBUG Setting optimistic lock on paynow data {cartId=794, externalId=794_6370eaefe469e}
2022-11-13 14:02:41.668324 73b74a5276ceccdfbeeb4bca3195a5e1 DEBUG Successfully set up optimistic lock on paynow data {externalId=794_6370eaefe469e}
2022-11-13 14:02:41.669181 73b74a5276ceccdfbeeb4bca3195a5e1 INFO Creating an order from cart {cartId=794, externalId=794_6370eaefe469e}
2022-11-13 14:02:42.065017 5894f5bae910a7be2366f9518f0baedb INFO Incoming notification {externalId=794_6370eaefe469e, paymentId=BLHE-4QJ-WUB-GJJ, status=NEW}
2022-11-13 14:02:42.066210 685d153b262b5fdb3d140f718b90c7ae INFO Incoming notification {externalId=794_6370eaefe469e, paymentId=BLHE-4QJ-WUB-GJJ, status=PENDING}
2022-11-13 14:02:42.069029 5894f5bae910a7be2366f9518f0baedb INFO Processing order's state update {cartId=794, externalId=794_6370eaefe469e, orderId=0, orderReference=, paymentId=BLHE-4QJ-WUB-GJJ, fromStatus=NEW, toStatus=NEW}
2022-11-13 14:02:42.069158 685d153b262b5fdb3d140f718b90c7ae INFO Processing order's state update {cartId=794, externalId=794_6370eaefe469e, orderId=0, orderReference=, paymentId=BLHE-4QJ-WUB-GJJ, fromStatus=NEW, toStatus=PENDING}
2022-11-13 14:02:42.070116 5894f5bae910a7be2366f9518f0baedb WARNING An order does not exists {cartId=794, externalId=794_6370eaefe469e, orderId=0, orderReference=, paymentId=BLHE-4QJ-WUB-GJJ}
2022-11-13 14:02:42.070795 685d153b262b5fdb3d140f718b90c7ae WARNING An order does not exists {cartId=794, externalId=794_6370eaefe469e, orderId=0, orderReference=, paymentId=BLHE-4QJ-WUB-GJJ}
2022-11-13 14:02:43.811602 73b74a5276ceccdfbeeb4bca3195a5e1 INFO An order has been successfully created {cartId=794, externalId=794_6370eaefe469e, orderId=190, orderReference=SXBMCEJYD, paymentId=BLHE-4QJ-WUB-GJJ}
2022-11-13 14:02:43.812537 73b74a5276ceccdfbeeb4bca3195a5e1 DEBUG Unsetting optimistic lock on paynow data {cartId=794, externalId=794_6370eaefe469e}
2022-11-13 14:02:43.815046 73b74a5276ceccdfbeeb4bca3195a5e1 DEBUG Successfully unset optimistic lock on paynow data {externalId=794_6370eaefe469e}
2022-11-13 14:02:43.817306 73b74a5276ceccdfbeeb4bca3195a5e1 DEBUG Successfully updated payment data {orderId=190, orderReference=SXBMCEJYD, paymentId=BLHE-4QJ-WUB-GJJ}
2022-11-13 14:02:44.530468 73b74a5276ceccdfbeeb4bca3195a5e1 INFO Retrieving payment status {paymentId=BLHE-4QJ-WUB-GJJ}
2022-11-13 14:02:44.654917 73b74a5276ceccdfbeeb4bca3195a5e1 INFO Retrieved payment status {paymentId=BLHE-4QJ-WUB-GJJ, status=PENDING}
2022-11-13 14:02:44.655626 73b74a5276ceccdfbeeb4bca3195a5e1 INFO Processing order's state update {cartId=794, externalId=794_6370eaefe469e, orderId=190, orderReference=SXBMCEJYD, paymentId=BLHE-4QJ-WUB-GJJ, fromStatus=NEW, toStatus=PENDING}
2022-11-13 14:02:44.658221 73b74a5276ceccdfbeeb4bca3195a5e1 DEBUG Successfully updated payment data {paymentId=BLHE-4QJ-WUB-GJJ, status=PENDING}
2022-11-13 14:02:44.658847 73b74a5276ceccdfbeeb4bca3195a5e1 INFO Changed order's state {cartId=794, externalId=794_6370eaefe469e, orderReference=SXBMCEJYD, paymentId=BLHE-4QJ-WUB-GJJ, status=PENDING}
2022-11-13 14:02:48.913297 73b74a5276ceccdfbeeb4bca3195a5e1 INFO Checking order's payment status {externalId=794_6370eaefe469e}
2022-11-13 14:02:48.915028 73b74a5276ceccdfbeeb4bca3195a5e1 INFO Retrieving payment status {paymentId=BLHE-4QJ-WUB-GJJ}
2022-11-13 14:02:49.020976 73b74a5276ceccdfbeeb4bca3195a5e1 INFO Retrieved payment status {paymentId=BLHE-4QJ-WUB-GJJ, status=PENDING}
2022-11-13 14:02:49.022881 73b74a5276ceccdfbeeb4bca3195a5e1 INFO Processing order's state update {cartId=794, externalId=794_6370eaefe469e, orderId=190, orderReference=SXBMCEJYD, paymentId=BLHE-4QJ-WUB-GJJ, fromStatus=PENDING, toStatus=PENDING}
2022-11-13 14:02:49.025032 73b74a5276ceccdfbeeb4bca3195a5e1 ERROR An error occurred during updating state {code=0, externalId=794_6370eaefe469e, paymentId=BLHE-4QJ-WUB-GJJ, status=PENDING, message=Status transition is incorrect PENDING - PENDING}
2022-11-13 14:02:52.137684 73b74a5276ceccdfbeeb4bca3195a5e1 INFO Checking order's payment status {externalId=794_6370eaefe469e}
2022-11-13 14:02:52.139398 73b74a5276ceccdfbeeb4bca3195a5e1 INFO Retrieving payment status {paymentId=BLHE-4QJ-WUB-GJJ}
2022-11-13 14:02:52.244621 73b74a5276ceccdfbeeb4bca3195a5e1 INFO Retrieved payment status {paymentId=BLHE-4QJ-WUB-GJJ, status=PENDING}
2022-11-13 14:02:52.246130 73b74a5276ceccdfbeeb4bca3195a5e1 INFO Processing order's state update {cartId=794, externalId=794_6370eaefe469e, orderId=190, orderReference=SXBMCEJYD, paymentId=BLHE-4QJ-WUB-GJJ, fromStatus=PENDING, toStatus=PENDING}
2022-11-13 14:02:52.247270 73b74a5276ceccdfbeeb4bca3195a5e1 ERROR An error occurred during updating state {code=0, externalId=794_6370eaefe469e, paymentId=BLHE-4QJ-WUB-GJJ, status=PENDING, message=Status transition is incorrect PENDING - PENDING}
2022-11-13 14:02:55.192262 73b74a5276ceccdfbeeb4bca3195a5e1 INFO Checking order's payment status {externalId=794_6370eaefe469e}
2022-11-13 14:02:55.194120 73b74a5276ceccdfbeeb4bca3195a5e1 INFO Retrieving payment status {paymentId=BLHE-4QJ-WUB-GJJ}
2022-11-13 14:02:55.296441 73b74a5276ceccdfbeeb4bca3195a5e1 INFO Retrieved payment status {paymentId=BLHE-4QJ-WUB-GJJ, status=PENDING}
2022-11-13 14:02:55.297835 73b74a5276ceccdfbeeb4bca3195a5e1 INFO Processing order's state update {cartId=794, externalId=794_6370eaefe469e, orderId=190, orderReference=SXBMCEJYD, paymentId=BLHE-4QJ-WUB-GJJ, fromStatus=PENDING, toStatus=PENDING}
2022-11-13 14:02:55.299097 73b74a5276ceccdfbeeb4bca3195a5e1 ERROR An error occurred during updating state {code=0, externalId=794_6370eaefe469e, paymentId=BLHE-4QJ-WUB-GJJ, status=PENDING, message=Status transition is incorrect PENDING - PENDING}
2022-11-13 14:02:58.095105 73b74a5276ceccdfbeeb4bca3195a5e1 INFO Checking order's payment status {externalId=794_6370eaefe469e}
2022-11-13 14:02:58.096981 73b74a5276ceccdfbeeb4bca3195a5e1 INFO Retrieving payment status {paymentId=BLHE-4QJ-WUB-GJJ}
2022-11-13 14:02:58.198647 73b74a5276ceccdfbeeb4bca3195a5e1 INFO Retrieved payment status {paymentId=BLHE-4QJ-WUB-GJJ, status=PENDING}
2022-11-13 14:02:58.200159 73b74a5276ceccdfbeeb4bca3195a5e1 INFO Processing order's state update {cartId=794, externalId=794_6370eaefe469e, orderId=190, orderReference=SXBMCEJYD, paymentId=BLHE-4QJ-WUB-GJJ, fromStatus=PENDING, toStatus=PENDING}
2022-11-13 14:02:58.201489 73b74a5276ceccdfbeeb4bca3195a5e1 ERROR An error occurred during updating state {code=0, externalId=794_6370eaefe469e, paymentId=BLHE-4QJ-WUB-GJJ, status=PENDING, message=Status transition is incorrect PENDING - PENDING}
2022-11-13 14:03:01.028839 73b74a5276ceccdfbeeb4bca3195a5e1 INFO Checking order's payment status {externalId=794_6370eaefe469e}
2022-11-13 14:03:01.030590 73b74a5276ceccdfbeeb4bca3195a5e1 INFO Retrieving payment status {paymentId=BLHE-4QJ-WUB-GJJ}
2022-11-13 14:03:01.132767 73b74a5276ceccdfbeeb4bca3195a5e1 INFO Retrieved payment status {paymentId=BLHE-4QJ-WUB-GJJ, status=CONFIRMED}
2022-11-13 14:03:01.134090 73b74a5276ceccdfbeeb4bca3195a5e1 INFO Processing order's state update {cartId=794, externalId=794_6370eaefe469e, orderId=190, orderReference=SXBMCEJYD, paymentId=BLHE-4QJ-WUB-GJJ, fromStatus=PENDING, toStatus=CONFIRMED}
2022-11-13 14:03:01.136651 73b74a5276ceccdfbeeb4bca3195a5e1 INFO Adding new state to order's history {externalId=794_6370eaefe469e, orderId=190, orderReference=SXBMCEJYD, paymentId=BLHE-4QJ-WUB-GJJ, paymentStatus=CONFIRMED, state=2}
2022-11-13 14:03:01.628714 685d153b262b5fdb3d140f718b90c7ae INFO Incoming notification {externalId=794_6370eaefe469e, paymentId=BLHE-4QJ-WUB-GJJ, status=CONFIRMED}
2022-11-13 14:03:01.631902 685d153b262b5fdb3d140f718b90c7ae INFO Processing order's state update {cartId=794, externalId=794_6370eaefe469e, orderId=190, orderReference=SXBMCEJYD, paymentId=BLHE-4QJ-WUB-GJJ, fromStatus=PENDING, toStatus=CONFIRMED}
2022-11-13 14:03:01.637521 685d153b262b5fdb3d140f718b90c7ae DEBUG Successfully updated payment data {paymentId=BLHE-4QJ-WUB-GJJ, status=CONFIRMED}
2022-11-13 14:03:01.638411 685d153b262b5fdb3d140f718b90c7ae INFO Changed order's state {cartId=794, externalId=794_6370eaefe469e, orderReference=SXBMCEJYD, paymentId=BLHE-4QJ-WUB-GJJ, status=CONFIRMED}
2022-11-13 14:03:02.101984 73b74a5276ceccdfbeeb4bca3195a5e1 INFO Added new state to order's history {externalId=794_6370eaefe469e, orderId=190, orderReference=SXBMCEJYD,  paymentId=BLHE-4QJ-WUB-GJJ, paymentStatus=CONFIRMED, state=2, historyId=730}
2022-11-13 14:03:02.105400 73b74a5276ceccdfbeeb4bca3195a5e1 DEBUG Successfully updated payment data {paymentId=BLHE-4QJ-WUB-GJJ, status=CONFIRMED}
2022-11-13 14:03:02.106153 73b74a5276ceccdfbeeb4bca3195a5e1 INFO Changed order's state {cartId=794, externalId=794_6370eaefe469e, orderReference=SXBMCEJYD, paymentId=BLHE-4QJ-WUB-GJJ, status=CONFIRMED}
