2022-06-23 9:25:14.512770 7d8d27986b7e35a9cb25b476cb99c3f1 INFO Processing payment for cart {cartId=421, externalId=421_62b4155a7d2f7}
2022-06-23 9:25:16.694921 7d8d27986b7e35a9cb25b476cb99c3f1 DEBUG Created paynow data entry {cartId=421, externalId=421_62b4155a7d2f7}
2022-06-23 9:25:16.695808 7d8d27986b7e35a9cb25b476cb99c3f1 INFO Payment has been successfully created {cartId=421, externalId=421_62b4155a7d2f7, paymentId=BLZI-PYK-M7F-JBD, status=PENDING}
2022-06-23 9:25:16.698076 7d8d27986b7e35a9cb25b476cb99c3f1 DEBUG Setting optimistic lock on paynow data {cartId=421, externalId=421_62b4155a7d2f7}
2022-06-23 9:25:16.700311 7d8d27986b7e35a9cb25b476cb99c3f1 DEBUG Successfully set up optimistic lock on paynow data {externalId=421_62b4155a7d2f7}
2022-06-23 9:25:16.701080 7d8d27986b7e35a9cb25b476cb99c3f1 INFO Creating an order from cart {cartId=421, externalId=421_62b4155a7d2f7}
2022-06-23 9:25:16.870111 5894f5bae910a7be2366f9518f0baedb INFO Incoming notification {externalId=421_62b4155a7d2f7, paymentId=BLZI-PYK-M7F-JBD, status=NEW}
2022-06-23 9:25:16.875137 5894f5bae910a7be2366f9518f0baedb DEBUG Successfully updated payment data {paymentId=BLZI-PYK-M7F-JBD, status=NEW}
2022-06-23 9:25:16.876032 5894f5bae910a7be2366f9518f0baedb INFO Processing order's state update {cartId=421, externalId=421_62b4155a7d2f7, orderId=0, orderReference=, paymentId=BLZI-PYK-M7F-JBD, fromStatus=NEW, toStatus=NEW}
2022-06-23 9:25:16.876952 5894f5bae910a7be2366f9518f0baedb WARNING An order does not exists {orderId=0}
2022-06-23 9:25:17.099539 5894f5bae910a7be2366f9518f0baedb INFO Incoming notification {externalId=421_62b4155a7d2f7, paymentId=BLZI-PYK-M7F-JBD, status=PENDING}
2022-06-23 9:25:17.105396 5894f5bae910a7be2366f9518f0baedb DEBUG Successfully updated payment data {paymentId=BLZI-PYK-M7F-JBD, status=PENDING}
2022-06-23 9:25:17.109123 5894f5bae910a7be2366f9518f0baedb INFO Processing order's state update {cartId=421, externalId=421_62b4155a7d2f7, orderId=0, orderReference=, paymentId=BLZI-PYK-M7F-JBD, fromStatus=NEW, toStatus=PENDING}
2022-06-23 9:25:17.111419 5894f5bae910a7be2366f9518f0baedb WARNING An order does not exists {orderId=0}
2022-06-23 9:25:21.063644 7d8d27986b7e35a9cb25b476cb99c3f1 INFO An order has been successfully created {cartId=421, externalId=421_62b4155a7d2f7, orderId=77, orderReference=CTNHMICUB, paymentId=BLZI-PYK-M7F-JBD}
2022-06-23 9:25:21.064439 7d8d27986b7e35a9cb25b476cb99c3f1 DEBUG Unsetting optimistic lock on paynow data {cartId=421, externalId=421_62b4155a7d2f7}
2022-06-23 9:25:21.066334 7d8d27986b7e35a9cb25b476cb99c3f1 DEBUG Successfully unset optimistic lock on paynow data {externalId=421_62b4155a7d2f7}
2022-06-23 9:25:21.068715 7d8d27986b7e35a9cb25b476cb99c3f1 DEBUG Successfully updated payment data {orderId=77, orderReference=CTNHMICUB, paymentId=BLZI-PYK-M7F-JBD}
2022-06-23 9:25:21.735141 7d8d27986b7e35a9cb25b476cb99c3f1 INFO Retrieving payment status {paymentId=BLZI-PYK-M7F-JBD}
2022-06-23 9:25:21.835299 7d8d27986b7e35a9cb25b476cb99c3f1 INFO Retrieved payment status {paymentId=BLZI-PYK-M7F-JBD, status=PENDING}
2022-06-23 9:25:21.836113 7d8d27986b7e35a9cb25b476cb99c3f1 INFO Processing order's state update {cartId=421, externalId=421_62b4155a7d2f7, orderId=77, orderReference=CTNHMICUB, paymentId=BLZI-PYK-M7F-JBD, fromStatus=PENDING, toStatus=PENDING}
2022-06-23 9:25:21.837233 7d8d27986b7e35a9cb25b476cb99c3f1 ERROR An error occurred during updating state {code=0, externalId=421_62b4155a7d2f7, paymentId=BLZI-PYK-M7F-JBD, status=PENDING, message=Status transition is incorrect PENDING - PENDING}
2022-06-23 9:25:28.822005 7d8d27986b7e35a9cb25b476cb99c3f1 INFO Checking order's payment status {externalId=421_62b4155a7d2f7}
2022-06-23 9:25:28.823360 7d8d27986b7e35a9cb25b476cb99c3f1 INFO Retrieving payment status {paymentId=BLZI-PYK-M7F-JBD}
2022-06-23 9:25:28.919234 7d8d27986b7e35a9cb25b476cb99c3f1 INFO Retrieved payment status {paymentId=BLZI-PYK-M7F-JBD, status=PENDING}
2022-06-23 9:25:28.920789 7d8d27986b7e35a9cb25b476cb99c3f1 INFO Processing order's state update {cartId=421, externalId=421_62b4155a7d2f7, orderId=77, orderReference=CTNHMICUB, paymentId=BLZI-PYK-M7F-JBD, fromStatus=PENDING, toStatus=PENDING}
2022-06-23 9:25:28.921978 7d8d27986b7e35a9cb25b476cb99c3f1 ERROR An error occurred during updating state {code=0, externalId=421_62b4155a7d2f7, paymentId=BLZI-PYK-M7F-JBD, status=PENDING, message=Status transition is incorrect PENDING - PENDING}
2022-06-23 10:15:46.766340 5894f5bae910a7be2366f9518f0baedb INFO Incoming notification {externalId=421_62b4155a7d2f7, paymentId=BLZI-PYK-M7F-JBD, status=CONFIRMED}
2022-06-23 10:15:46.771508 5894f5bae910a7be2366f9518f0baedb DEBUG Successfully updated payment data {paymentId=BLZI-PYK-M7F-JBD, status=CONFIRMED}
2022-06-23 10:15:46.772336 5894f5bae910a7be2366f9518f0baedb INFO Processing order's state update {cartId=421, externalId=421_62b4155a7d2f7, orderId=77, orderReference=CTNHMICUB, paymentId=BLZI-PYK-M7F-JBD, fromStatus=PENDING, toStatus=CONFIRMED}
2022-06-23 10:15:46.774676 5894f5bae910a7be2366f9518f0baedb INFO Adding new state to order's history {externalId=421_62b4155a7d2f7, orderId=77, orderReference=CTNHMICUB, paymentId=BLZI-PYK-M7F-JBD, paymentStatus=CONFIRMED, state=2}
2022-06-23 10:15:47.448996 5894f5bae910a7be2366f9518f0baedb INFO Added new state to order's history {externalId=421_62b4155a7d2f7, orderId=77, orderReference=CTNHMICUB,  paymentId=BLZI-PYK-M7F-JBD, paymentStatus=CONFIRMED, state=2, historyId=286}
2022-06-23 10:15:47.452312 5894f5bae910a7be2366f9518f0baedb DEBUG Successfully updated payment data {paymentId=BLZI-PYK-M7F-JBD, status=CONFIRMED}
2022-06-23 10:15:47.453198 5894f5bae910a7be2366f9518f0baedb INFO Changed order's state {cartId=421, externalId=421_62b4155a7d2f7, orderReference=CTNHMICUB, paymentId=BLZI-PYK-M7F-JBD, status=CONFIRMED}
2022-06-23 11:25:07.390422 7d8d27986b7e35a9cb25b476cb99c3f1 INFO Retrieving payment status {paymentId=BLZI-PYK-M7F-JBD}
2022-06-23 11:25:07.516503 7d8d27986b7e35a9cb25b476cb99c3f1 INFO Retrieved payment status {paymentId=BLZI-PYK-M7F-JBD, status=CONFIRMED}
2022-06-23 11:25:07.517340 7d8d27986b7e35a9cb25b476cb99c3f1 INFO Processing order's state update {cartId=421, externalId=421_62b4155a7d2f7, orderId=77, orderReference=CTNHMICUB, paymentId=BLZI-PYK-M7F-JBD, fromStatus=CONFIRMED, toStatus=CONFIRMED}
2022-06-23 11:25:07.519229 7d8d27986b7e35a9cb25b476cb99c3f1 ERROR An error occurred during updating state {code=0, externalId=421_62b4155a7d2f7, paymentId=BLZI-PYK-M7F-JBD, status=CONFIRMED, message=Status transition is incorrect CONFIRMED - CONFIRMED}
