2022-09-26 2:25:35.901741 4aa6fca8c53af81f5eda644fd68d314c INFO Processing payment for order {cartId=681, externalId=QNSTBWLHI, orderId=152, orderReference=QNSTBWLHI}
2022-09-26 2:25:36.486115 4aa6fca8c53af81f5eda644fd68d314c DEBUG Created paynow data entry {cartId=681, externalId=QNSTBWLHI}
2022-09-26 2:25:36.487206 4aa6fca8c53af81f5eda644fd68d314c INFO Payment has been successfully created {cartId=, externalId=QNSTBWLHI, paymentId=NOTB-H2K-OV1-OIG, status=NEW}
2022-09-26 2:25:36.962815 5894f5bae910a7be2366f9518f0baedb INFO Incoming notification {externalId=QNSTBWLHI, paymentId=NOTB-H2K-OV1-OIG, status=NEW}
2022-09-26 2:25:36.966574 5894f5bae910a7be2366f9518f0baedb INFO Processing order's state update {cartId=681, externalId=QNSTBWLHI, orderId=152, orderReference=QNSTBWLHI, paymentId=NOTB-H2K-OV1-OIG, fromStatus=NEW, toStatus=NEW}
2022-09-26 2:25:36.967819 5894f5bae910a7be2366f9518f0baedb ERROR An error occurred during processing notification {externalId=QNSTBWLHI, paymentId=NOTB-H2K-OV1-OIG, status=NEW, message=Another payment method is selected for order}
2022-09-26 2:26:06.296406 5894f5bae910a7be2366f9518f0baedb INFO Incoming notification {externalId=QNSTBWLHI, paymentId=NOTB-H2K-OV1-OIG, status=PENDING}
2022-09-26 2:26:06.300451 5894f5bae910a7be2366f9518f0baedb INFO Processing order's state update {cartId=681, externalId=QNSTBWLHI, orderId=152, orderReference=QNSTBWLHI, paymentId=NOTB-H2K-OV1-OIG, fromStatus=NEW, toStatus=PENDING}
2022-09-26 2:26:06.301719 5894f5bae910a7be2366f9518f0baedb ERROR An error occurred during processing notification {externalId=QNSTBWLHI, paymentId=NOTB-H2K-OV1-OIG, status=PENDING, message=Another payment method is selected for order}
2022-09-26 2:26:37.568181 5894f5bae910a7be2366f9518f0baedb INFO Incoming notification {externalId=QNSTBWLHI, paymentId=NOTB-H2K-OV1-OIG, status=NEW}
2022-09-26 2:26:37.571736 5894f5bae910a7be2366f9518f0baedb INFO Processing order's state update {cartId=681, externalId=QNSTBWLHI, orderId=152, orderReference=QNSTBWLHI, paymentId=NOTB-H2K-OV1-OIG, fromStatus=NEW, toStatus=NEW}
2022-09-26 2:26:37.573117 5894f5bae910a7be2366f9518f0baedb ERROR An error occurred during processing notification {externalId=QNSTBWLHI, paymentId=NOTB-H2K-OV1-OIG, status=NEW, message=Another payment method is selected for order}
2022-09-26 2:27:06.735688 5894f5bae910a7be2366f9518f0baedb INFO Incoming notification {externalId=QNSTBWLHI, paymentId=NOTB-H2K-OV1-OIG, status=PENDING}
2022-09-26 2:27:06.738379 5894f5bae910a7be2366f9518f0baedb INFO Processing order's state update {cartId=681, externalId=QNSTBWLHI, orderId=152, orderReference=QNSTBWLHI, paymentId=NOTB-H2K-OV1-OIG, fromStatus=NEW, toStatus=PENDING}
2022-09-26 2:27:06.739554 5894f5bae910a7be2366f9518f0baedb ERROR An error occurred during processing notification {externalId=QNSTBWLHI, paymentId=NOTB-H2K-OV1-OIG, status=PENDING, message=Another payment method is selected for order}
2022-09-26 2:27:22.053985 5894f5bae910a7be2366f9518f0baedb INFO Incoming notification {externalId=QNSTBWLHI, paymentId=NOTB-H2K-OV1-OIG, status=CONFIRMED}
2022-09-26 2:27:22.056732 5894f5bae910a7be2366f9518f0baedb INFO Processing order's state update {cartId=681, externalId=QNSTBWLHI, orderId=152, orderReference=QNSTBWLHI, paymentId=NOTB-H2K-OV1-OIG, fromStatus=NEW, toStatus=CONFIRMED}
2022-09-26 2:27:22.058100 5894f5bae910a7be2366f9518f0baedb ERROR An error occurred during processing notification {externalId=QNSTBWLHI, paymentId=NOTB-H2K-OV1-OIG, status=CONFIRMED, message=Another payment method is selected for order}
2022-09-26 2:27:38.044749 5894f5bae910a7be2366f9518f0baedb INFO Incoming notification {externalId=QNSTBWLHI, paymentId=NOTB-H2K-OV1-OIG, status=NEW}
2022-09-26 2:27:38.048491 5894f5bae910a7be2366f9518f0baedb INFO Processing order's state update {cartId=681, externalId=QNSTBWLHI, orderId=152, orderReference=QNSTBWLHI, paymentId=NOTB-H2K-OV1-OIG, fromStatus=NEW, toStatus=NEW}
2022-09-26 2:27:38.050105 5894f5bae910a7be2366f9518f0baedb ERROR An error occurred during processing notification {externalId=QNSTBWLHI, paymentId=NOTB-H2K-OV1-OIG, status=NEW, message=Another payment method is selected for order}
2022-09-26 2:28:07.270092 5894f5bae910a7be2366f9518f0baedb INFO Incoming notification {externalId=QNSTBWLHI, paymentId=NOTB-H2K-OV1-OIG, status=PENDING}
2022-09-26 2:28:07.272706 5894f5bae910a7be2366f9518f0baedb INFO Processing order's state update {cartId=681, externalId=QNSTBWLHI, orderId=152, orderReference=QNSTBWLHI, paymentId=NOTB-H2K-OV1-OIG, fromStatus=NEW, toStatus=PENDING}
2022-09-26 2:28:07.273781 5894f5bae910a7be2366f9518f0baedb ERROR An error occurred during processing notification {externalId=QNSTBWLHI, paymentId=NOTB-H2K-OV1-OIG, status=PENDING, message=Another payment method is selected for order}
2022-09-26 2:28:22.463342 5894f5bae910a7be2366f9518f0baedb INFO Incoming notification {externalId=QNSTBWLHI, paymentId=NOTB-H2K-OV1-OIG, status=CONFIRMED}
2022-09-26 2:28:22.466548 5894f5bae910a7be2366f9518f0baedb INFO Processing order's state update {cartId=681, externalId=QNSTBWLHI, orderId=152, orderReference=QNSTBWLHI, paymentId=NOTB-H2K-OV1-OIG, fromStatus=NEW, toStatus=CONFIRMED}
2022-09-26 2:28:22.468008 5894f5bae910a7be2366f9518f0baedb ERROR An error occurred during processing notification {externalId=QNSTBWLHI, paymentId=NOTB-H2K-OV1-OIG, status=CONFIRMED, message=Another payment method is selected for order}
2022-09-26 2:28:38.478684 5894f5bae910a7be2366f9518f0baedb INFO Incoming notification {externalId=QNSTBWLHI, paymentId=NOTB-H2K-OV1-OIG, status=NEW}
2022-09-26 2:28:38.484518 5894f5bae910a7be2366f9518f0baedb INFO Processing order's state update {cartId=681, externalId=QNSTBWLHI, orderId=152, orderReference=QNSTBWLHI, paymentId=NOTB-H2K-OV1-OIG, fromStatus=NEW, toStatus=NEW}
2022-09-26 2:28:38.485764 5894f5bae910a7be2366f9518f0baedb ERROR An error occurred during processing notification {externalId=QNSTBWLHI, paymentId=NOTB-H2K-OV1-OIG, status=NEW, message=Another payment method is selected for order}
2022-09-26 2:29:07.768393 5894f5bae910a7be2366f9518f0baedb INFO Incoming notification {externalId=QNSTBWLHI, paymentId=NOTB-H2K-OV1-OIG, status=PENDING}
2022-09-26 2:29:07.771075 5894f5bae910a7be2366f9518f0baedb INFO Processing order's state update {cartId=681, externalId=QNSTBWLHI, orderId=152, orderReference=QNSTBWLHI, paymentId=NOTB-H2K-OV1-OIG, fromStatus=NEW, toStatus=PENDING}
2022-09-26 2:29:07.772294 5894f5bae910a7be2366f9518f0baedb ERROR An error occurred during processing notification {externalId=QNSTBWLHI, paymentId=NOTB-H2K-OV1-OIG, status=PENDING, message=Another payment method is selected for order}
2022-09-26 2:29:23.500686 5894f5bae910a7be2366f9518f0baedb INFO Incoming notification {externalId=QNSTBWLHI, paymentId=NOTB-H2K-OV1-OIG, status=CONFIRMED}
2022-09-26 2:29:23.503717 5894f5bae910a7be2366f9518f0baedb INFO Processing order's state update {cartId=681, externalId=QNSTBWLHI, orderId=152, orderReference=QNSTBWLHI, paymentId=NOTB-H2K-OV1-OIG, fromStatus=NEW, toStatus=CONFIRMED}
2022-09-26 2:29:23.505217 5894f5bae910a7be2366f9518f0baedb ERROR An error occurred during processing notification {externalId=QNSTBWLHI, paymentId=NOTB-H2K-OV1-OIG, status=CONFIRMED, message=Another payment method is selected for order}
2022-09-26 2:30:27.038278 5894f5bae910a7be2366f9518f0baedb INFO Incoming notification {externalId=QNSTBWLHI, paymentId=NOTB-H2K-OV1-OIG, status=CONFIRMED}
2022-09-26 2:30:27.041642 5894f5bae910a7be2366f9518f0baedb INFO Processing order's state update {cartId=681, externalId=QNSTBWLHI, orderId=152, orderReference=QNSTBWLHI, paymentId=NOTB-H2K-OV1-OIG, fromStatus=NEW, toStatus=CONFIRMED}
2022-09-26 2:30:27.042804 5894f5bae910a7be2366f9518f0baedb ERROR An error occurred during processing notification {externalId=QNSTBWLHI, paymentId=NOTB-H2K-OV1-OIG, status=CONFIRMED, message=Another payment method is selected for order}
2022-09-26 2:30:38.967917 5894f5bae910a7be2366f9518f0baedb INFO Incoming notification {externalId=QNSTBWLHI, paymentId=NOTB-H2K-OV1-OIG, status=NEW}
2022-09-26 2:30:38.970506 5894f5bae910a7be2366f9518f0baedb INFO Processing order's state update {cartId=681, externalId=QNSTBWLHI, orderId=152, orderReference=QNSTBWLHI, paymentId=NOTB-H2K-OV1-OIG, fromStatus=NEW, toStatus=NEW}
2022-09-26 2:30:38.971673 5894f5bae910a7be2366f9518f0baedb ERROR An error occurred during processing notification {externalId=QNSTBWLHI, paymentId=NOTB-H2K-OV1-OIG, status=NEW, message=Another payment method is selected for order}
2022-09-26 2:31:08.462830 5894f5bae910a7be2366f9518f0baedb INFO Incoming notification {externalId=QNSTBWLHI, paymentId=NOTB-H2K-OV1-OIG, status=PENDING}
2022-09-26 2:31:08.465528 5894f5bae910a7be2366f9518f0baedb INFO Processing order's state update {cartId=681, externalId=QNSTBWLHI, orderId=152, orderReference=QNSTBWLHI, paymentId=NOTB-H2K-OV1-OIG, fromStatus=NEW, toStatus=PENDING}
2022-09-26 2:31:08.466912 5894f5bae910a7be2366f9518f0baedb ERROR An error occurred during processing notification {externalId=QNSTBWLHI, paymentId=NOTB-H2K-OV1-OIG, status=PENDING, message=Another payment method is selected for order}
2022-09-26 2:32:27.736671 5894f5bae910a7be2366f9518f0baedb INFO Incoming notification {externalId=QNSTBWLHI, paymentId=NOTB-H2K-OV1-OIG, status=CONFIRMED}
2022-09-26 2:32:27.746170 5894f5bae910a7be2366f9518f0baedb INFO Processing order's state update {cartId=681, externalId=QNSTBWLHI, orderId=152, orderReference=QNSTBWLHI, paymentId=NOTB-H2K-OV1-OIG, fromStatus=NEW, toStatus=CONFIRMED}
2022-09-26 2:32:27.747860 5894f5bae910a7be2366f9518f0baedb ERROR An error occurred during processing notification {externalId=QNSTBWLHI, paymentId=NOTB-H2K-OV1-OIG, status=CONFIRMED, message=Another payment method is selected for order}
2022-09-26 2:35:39.657445 5894f5bae910a7be2366f9518f0baedb INFO Incoming notification {externalId=QNSTBWLHI, paymentId=NOTB-H2K-OV1-OIG, status=NEW}
2022-09-26 2:35:39.661637 5894f5bae910a7be2366f9518f0baedb INFO Processing order's state update {cartId=681, externalId=QNSTBWLHI, orderId=152, orderReference=QNSTBWLHI, paymentId=NOTB-H2K-OV1-OIG, fromStatus=NEW, toStatus=NEW}
2022-09-26 2:35:39.663104 5894f5bae910a7be2366f9518f0baedb ERROR An error occurred during processing notification {externalId=QNSTBWLHI, paymentId=NOTB-H2K-OV1-OIG, status=NEW, message=Another payment method is selected for order}
2022-09-26 2:36:09.022905 5894f5bae910a7be2366f9518f0baedb INFO Incoming notification {externalId=QNSTBWLHI, paymentId=NOTB-H2K-OV1-OIG, status=PENDING}
2022-09-26 2:36:09.026316 5894f5bae910a7be2366f9518f0baedb INFO Processing order's state update {cartId=681, externalId=QNSTBWLHI, orderId=152, orderReference=QNSTBWLHI, paymentId=NOTB-H2K-OV1-OIG, fromStatus=NEW, toStatus=PENDING}
2022-09-26 2:36:09.027641 5894f5bae910a7be2366f9518f0baedb ERROR An error occurred during processing notification {externalId=QNSTBWLHI, paymentId=NOTB-H2K-OV1-OIG, status=PENDING, message=Another payment method is selected for order}
2022-09-26 2:37:28.424649 5894f5bae910a7be2366f9518f0baedb INFO Incoming notification {externalId=QNSTBWLHI, paymentId=NOTB-H2K-OV1-OIG, status=CONFIRMED}
2022-09-26 2:37:28.428647 5894f5bae910a7be2366f9518f0baedb INFO Processing order's state update {cartId=681, externalId=QNSTBWLHI, orderId=152, orderReference=QNSTBWLHI, paymentId=NOTB-H2K-OV1-OIG, fromStatus=NEW, toStatus=CONFIRMED}
2022-09-26 2:37:28.429980 5894f5bae910a7be2366f9518f0baedb ERROR An error occurred during processing notification {externalId=QNSTBWLHI, paymentId=NOTB-H2K-OV1-OIG, status=CONFIRMED, message=Another payment method is selected for order}
2022-09-26 2:50:40.167347 5894f5bae910a7be2366f9518f0baedb INFO Incoming notification {externalId=QNSTBWLHI, paymentId=NOTB-H2K-OV1-OIG, status=NEW}
2022-09-26 2:50:40.171674 5894f5bae910a7be2366f9518f0baedb INFO Processing order's state update {cartId=681, externalId=QNSTBWLHI, orderId=152, orderReference=QNSTBWLHI, paymentId=NOTB-H2K-OV1-OIG, fromStatus=NEW, toStatus=NEW}
2022-09-26 2:50:40.173352 5894f5bae910a7be2366f9518f0baedb ERROR An error occurred during processing notification {externalId=QNSTBWLHI, paymentId=NOTB-H2K-OV1-OIG, status=NEW, message=Another payment method is selected for order}
2022-09-26 2:51:09.520718 5894f5bae910a7be2366f9518f0baedb INFO Incoming notification {externalId=QNSTBWLHI, paymentId=NOTB-H2K-OV1-OIG, status=PENDING}
2022-09-26 2:51:09.523554 5894f5bae910a7be2366f9518f0baedb INFO Processing order's state update {cartId=681, externalId=QNSTBWLHI, orderId=152, orderReference=QNSTBWLHI, paymentId=NOTB-H2K-OV1-OIG, fromStatus=NEW, toStatus=PENDING}
2022-09-26 2:51:09.524903 5894f5bae910a7be2366f9518f0baedb ERROR An error occurred during processing notification {externalId=QNSTBWLHI, paymentId=NOTB-H2K-OV1-OIG, status=PENDING, message=Another payment method is selected for order}
2022-09-26 2:52:29.109240 5894f5bae910a7be2366f9518f0baedb INFO Incoming notification {externalId=QNSTBWLHI, paymentId=NOTB-H2K-OV1-OIG, status=CONFIRMED}
2022-09-26 2:52:29.113143 5894f5bae910a7be2366f9518f0baedb INFO Processing order's state update {cartId=681, externalId=QNSTBWLHI, orderId=152, orderReference=QNSTBWLHI, paymentId=NOTB-H2K-OV1-OIG, fromStatus=NEW, toStatus=CONFIRMED}
2022-09-26 2:52:29.114726 5894f5bae910a7be2366f9518f0baedb ERROR An error occurred during processing notification {externalId=QNSTBWLHI, paymentId=NOTB-H2K-OV1-OIG, status=CONFIRMED, message=Another payment method is selected for order}
2022-09-26 3:20:40.614922 5894f5bae910a7be2366f9518f0baedb INFO Incoming notification {externalId=QNSTBWLHI, paymentId=NOTB-H2K-OV1-OIG, status=NEW}
2022-09-26 3:20:40.618742 5894f5bae910a7be2366f9518f0baedb INFO Processing order's state update {cartId=681, externalId=QNSTBWLHI, orderId=152, orderReference=QNSTBWLHI, paymentId=NOTB-H2K-OV1-OIG, fromStatus=NEW, toStatus=NEW}
2022-09-26 3:20:40.620079 5894f5bae910a7be2366f9518f0baedb ERROR An error occurred during processing notification {externalId=QNSTBWLHI, paymentId=NOTB-H2K-OV1-OIG, status=NEW, message=Another payment method is selected for order}
2022-09-26 3:21:09.984443 5894f5bae910a7be2366f9518f0baedb INFO Incoming notification {externalId=QNSTBWLHI, paymentId=NOTB-H2K-OV1-OIG, status=PENDING}
2022-09-26 3:21:09.987349 5894f5bae910a7be2366f9518f0baedb INFO Processing order's state update {cartId=681, externalId=QNSTBWLHI, orderId=152, orderReference=QNSTBWLHI, paymentId=NOTB-H2K-OV1-OIG, fromStatus=NEW, toStatus=PENDING}
2022-09-26 3:21:09.988683 5894f5bae910a7be2366f9518f0baedb ERROR An error occurred during processing notification {externalId=QNSTBWLHI, paymentId=NOTB-H2K-OV1-OIG, status=PENDING, message=Another payment method is selected for order}
2022-09-26 3:22:29.719902 5894f5bae910a7be2366f9518f0baedb INFO Incoming notification {externalId=QNSTBWLHI, paymentId=NOTB-H2K-OV1-OIG, status=CONFIRMED}
2022-09-26 3:22:29.724231 5894f5bae910a7be2366f9518f0baedb INFO Processing order's state update {cartId=681, externalId=QNSTBWLHI, orderId=152, orderReference=QNSTBWLHI, paymentId=NOTB-H2K-OV1-OIG, fromStatus=NEW, toStatus=CONFIRMED}
2022-09-26 3:22:29.725697 5894f5bae910a7be2366f9518f0baedb ERROR An error occurred during processing notification {externalId=QNSTBWLHI, paymentId=NOTB-H2K-OV1-OIG, status=CONFIRMED, message=Another payment method is selected for order}
2022-09-26 4:20:41.160593 5894f5bae910a7be2366f9518f0baedb INFO Incoming notification {externalId=QNSTBWLHI, paymentId=NOTB-H2K-OV1-OIG, status=NEW}
2022-09-26 4:20:41.165267 5894f5bae910a7be2366f9518f0baedb INFO Processing order's state update {cartId=681, externalId=QNSTBWLHI, orderId=152, orderReference=QNSTBWLHI, paymentId=NOTB-H2K-OV1-OIG, fromStatus=NEW, toStatus=NEW}
2022-09-26 4:20:41.166894 5894f5bae910a7be2366f9518f0baedb ERROR An error occurred during processing notification {externalId=QNSTBWLHI, paymentId=NOTB-H2K-OV1-OIG, status=NEW, message=Another payment method is selected for order}
2022-09-26 4:21:10.511771 5894f5bae910a7be2366f9518f0baedb INFO Incoming notification {externalId=QNSTBWLHI, paymentId=NOTB-H2K-OV1-OIG, status=PENDING}
2022-09-26 4:21:10.514539 5894f5bae910a7be2366f9518f0baedb INFO Processing order's state update {cartId=681, externalId=QNSTBWLHI, orderId=152, orderReference=QNSTBWLHI, paymentId=NOTB-H2K-OV1-OIG, fromStatus=NEW, toStatus=PENDING}
2022-09-26 4:21:10.515999 5894f5bae910a7be2366f9518f0baedb ERROR An error occurred during processing notification {externalId=QNSTBWLHI, paymentId=NOTB-H2K-OV1-OIG, status=PENDING, message=Another payment method is selected for order}
2022-09-26 4:22:30.332432 5894f5bae910a7be2366f9518f0baedb INFO Incoming notification {externalId=QNSTBWLHI, paymentId=NOTB-H2K-OV1-OIG, status=CONFIRMED}
2022-09-26 4:22:30.335944 5894f5bae910a7be2366f9518f0baedb INFO Processing order's state update {cartId=681, externalId=QNSTBWLHI, orderId=152, orderReference=QNSTBWLHI, paymentId=NOTB-H2K-OV1-OIG, fromStatus=NEW, toStatus=CONFIRMED}
2022-09-26 4:22:30.337181 5894f5bae910a7be2366f9518f0baedb ERROR An error occurred during processing notification {externalId=QNSTBWLHI, paymentId=NOTB-H2K-OV1-OIG, status=CONFIRMED, message=Another payment method is selected for order}
2022-09-26 6:20:41.814471 5894f5bae910a7be2366f9518f0baedb INFO Incoming notification {externalId=QNSTBWLHI, paymentId=NOTB-H2K-OV1-OIG, status=NEW}
2022-09-26 6:20:41.824289 5894f5bae910a7be2366f9518f0baedb INFO Processing order's state update {cartId=681, externalId=QNSTBWLHI, orderId=152, orderReference=QNSTBWLHI, paymentId=NOTB-H2K-OV1-OIG, fromStatus=NEW, toStatus=NEW}
2022-09-26 6:20:41.826798 5894f5bae910a7be2366f9518f0baedb ERROR An error occurred during processing notification {externalId=QNSTBWLHI, paymentId=NOTB-H2K-OV1-OIG, status=NEW, message=Another payment method is selected for order}
2022-09-26 6:21:11.205022 5894f5bae910a7be2366f9518f0baedb INFO Incoming notification {externalId=QNSTBWLHI, paymentId=NOTB-H2K-OV1-OIG, status=PENDING}
2022-09-26 6:21:11.208230 5894f5bae910a7be2366f9518f0baedb INFO Processing order's state update {cartId=681, externalId=QNSTBWLHI, orderId=152, orderReference=QNSTBWLHI, paymentId=NOTB-H2K-OV1-OIG, fromStatus=NEW, toStatus=PENDING}
2022-09-26 6:21:11.209616 5894f5bae910a7be2366f9518f0baedb ERROR An error occurred during processing notification {externalId=QNSTBWLHI, paymentId=NOTB-H2K-OV1-OIG, status=PENDING, message=Another payment method is selected for order}
2022-09-26 6:22:30.959347 5894f5bae910a7be2366f9518f0baedb INFO Incoming notification {externalId=QNSTBWLHI, paymentId=NOTB-H2K-OV1-OIG, status=CONFIRMED}
2022-09-26 6:22:30.963736 5894f5bae910a7be2366f9518f0baedb INFO Processing order's state update {cartId=681, externalId=QNSTBWLHI, orderId=152, orderReference=QNSTBWLHI, paymentId=NOTB-H2K-OV1-OIG, fromStatus=NEW, toStatus=CONFIRMED}
2022-09-26 6:22:30.965559 5894f5bae910a7be2366f9518f0baedb ERROR An error occurred during processing notification {externalId=QNSTBWLHI, paymentId=NOTB-H2K-OV1-OIG, status=CONFIRMED, message=Another payment method is selected for order}
2022-09-26 10:20:42.283714 5894f5bae910a7be2366f9518f0baedb INFO Incoming notification {externalId=QNSTBWLHI, paymentId=NOTB-H2K-OV1-OIG, status=NEW}
2022-09-26 10:20:42.289664 5894f5bae910a7be2366f9518f0baedb INFO Processing order's state update {cartId=681, externalId=QNSTBWLHI, orderId=152, orderReference=QNSTBWLHI, paymentId=NOTB-H2K-OV1-OIG, fromStatus=NEW, toStatus=NEW}
2022-09-26 10:20:42.291035 5894f5bae910a7be2366f9518f0baedb ERROR An error occurred during processing notification {externalId=QNSTBWLHI, paymentId=NOTB-H2K-OV1-OIG, status=NEW, message=Another payment method is selected for order}
2022-09-26 10:21:11.635715 5894f5bae910a7be2366f9518f0baedb INFO Incoming notification {externalId=QNSTBWLHI, paymentId=NOTB-H2K-OV1-OIG, status=PENDING}
2022-09-26 10:21:11.638470 5894f5bae910a7be2366f9518f0baedb INFO Processing order's state update {cartId=681, externalId=QNSTBWLHI, orderId=152, orderReference=QNSTBWLHI, paymentId=NOTB-H2K-OV1-OIG, fromStatus=NEW, toStatus=PENDING}
2022-09-26 10:21:11.639817 5894f5bae910a7be2366f9518f0baedb ERROR An error occurred during processing notification {externalId=QNSTBWLHI, paymentId=NOTB-H2K-OV1-OIG, status=PENDING, message=Another payment method is selected for order}
2022-09-26 10:22:31.738986 5894f5bae910a7be2366f9518f0baedb INFO Incoming notification {externalId=QNSTBWLHI, paymentId=NOTB-H2K-OV1-OIG, status=CONFIRMED}
2022-09-26 10:22:31.743438 5894f5bae910a7be2366f9518f0baedb INFO Processing order's state update {cartId=681, externalId=QNSTBWLHI, orderId=152, orderReference=QNSTBWLHI, paymentId=NOTB-H2K-OV1-OIG, fromStatus=NEW, toStatus=CONFIRMED}
2022-09-26 10:22:31.744940 5894f5bae910a7be2366f9518f0baedb ERROR An error occurred during processing notification {externalId=QNSTBWLHI, paymentId=NOTB-H2K-OV1-OIG, status=CONFIRMED, message=Another payment method is selected for order}
2022-09-26 18:20:42.919697 5894f5bae910a7be2366f9518f0baedb INFO Incoming notification {externalId=QNSTBWLHI, paymentId=NOTB-H2K-OV1-OIG, status=NEW}
2022-09-26 18:20:42.926162 5894f5bae910a7be2366f9518f0baedb INFO Processing order's state update {cartId=681, externalId=QNSTBWLHI, orderId=152, orderReference=QNSTBWLHI, paymentId=NOTB-H2K-OV1-OIG, fromStatus=NEW, toStatus=NEW}
2022-09-26 18:20:42.927520 5894f5bae910a7be2366f9518f0baedb ERROR An error occurred during processing notification {externalId=QNSTBWLHI, paymentId=NOTB-H2K-OV1-OIG, status=NEW, message=Another payment method is selected for order}
2022-09-26 18:21:12.472423 5894f5bae910a7be2366f9518f0baedb INFO Incoming notification {externalId=QNSTBWLHI, paymentId=NOTB-H2K-OV1-OIG, status=PENDING}
2022-09-26 18:21:12.475404 5894f5bae910a7be2366f9518f0baedb INFO Processing order's state update {cartId=681, externalId=QNSTBWLHI, orderId=152, orderReference=QNSTBWLHI, paymentId=NOTB-H2K-OV1-OIG, fromStatus=NEW, toStatus=PENDING}
2022-09-26 18:21:12.476699 5894f5bae910a7be2366f9518f0baedb ERROR An error occurred during processing notification {externalId=QNSTBWLHI, paymentId=NOTB-H2K-OV1-OIG, status=PENDING, message=Another payment method is selected for order}
2022-09-26 18:22:32.753680 5894f5bae910a7be2366f9518f0baedb INFO Incoming notification {externalId=QNSTBWLHI, paymentId=NOTB-H2K-OV1-OIG, status=CONFIRMED}
2022-09-26 18:22:32.757352 5894f5bae910a7be2366f9518f0baedb INFO Processing order's state update {cartId=681, externalId=QNSTBWLHI, orderId=152, orderReference=QNSTBWLHI, paymentId=NOTB-H2K-OV1-OIG, fromStatus=NEW, toStatus=CONFIRMED}
2022-09-26 18:22:32.758728 5894f5bae910a7be2366f9518f0baedb ERROR An error occurred during processing notification {externalId=QNSTBWLHI, paymentId=NOTB-H2K-OV1-OIG, status=CONFIRMED, message=Another payment method is selected for order}
