2022-06-06 1:42:29.026338 088f8cad5a09fa80b030c8b722c7eb7c INFO Processing payment for cart {cartId=374, externalId=374_629d3f65066d6}
2022-06-06 1:42:32.063481 088f8cad5a09fa80b030c8b722c7eb7c ERROR An error occurred during sending payment request {code=0, externalId=374_629d3f65066d6, message=Idle timeout reached for "https://api.paynow.pl/v1/payments".,}
2022-06-06 1:42:35.862504 685d153b262b5fdb3d140f718b90c7ae INFO Incoming notification {externalId=374_629d3f65066d6, paymentId=BL6E-W8O-GRH-298, status=NEW}
2022-06-06 1:42:35.865283 685d153b262b5fdb3d140f718b90c7ae WARNING Payment for order or cart not exists {externalId=374_629d3f65066d6, paymentId=BL6E-W8O-GRH-298, status=NEW}
2022-06-06 1:42:36.253113 685d153b262b5fdb3d140f718b90c7ae INFO Incoming notification {externalId=374_629d3f65066d6, paymentId=BL6E-W8O-GRH-298, status=PENDING}
2022-06-06 1:42:36.254875 685d153b262b5fdb3d140f718b90c7ae WARNING Payment for order or cart not exists {externalId=374_629d3f65066d6, paymentId=BL6E-W8O-GRH-298, status=PENDING}
2022-06-06 1:42:40.939799 5894f5bae910a7be2366f9518f0baedb INFO Incoming notification {externalId=374_629d3f65066d6, paymentId=BL6E-W8O-GRH-298, status=CONFIRMED}
2022-06-06 1:42:40.941689 5894f5bae910a7be2366f9518f0baedb WARNING Payment for order or cart not exists {externalId=374_629d3f65066d6, paymentId=BL6E-W8O-GRH-298, status=CONFIRMED}
2022-06-06 1:42:58.314306 088f8cad5a09fa80b030c8b722c7eb7c INFO Processing payment for cart {cartId=374, externalId=374_629d3f824cbb7}
2022-06-06 1:42:59.728744 088f8cad5a09fa80b030c8b722c7eb7c ERROR An error occurred during payment request process {code=400, errorType=AUTHORIZATION_CODE_USED, externalId=374_629d3f824cbb7, message=Cannot process payment}
2022-06-06 1:43:14.953361 088f8cad5a09fa80b030c8b722c7eb7c INFO Processing payment for cart {cartId=374, externalId=374_629d3f92e8c05}
2022-06-06 1:43:16.357831 088f8cad5a09fa80b030c8b722c7eb7c ERROR An error occurred during payment request process {code=400, errorType=AUTHORIZATION_CODE_USED, externalId=374_629d3f92e8c05, message=Cannot process payment}
2022-06-06 1:43:36.531065 5894f5bae910a7be2366f9518f0baedb INFO Incoming notification {externalId=374_629d3f65066d6, paymentId=BL6E-W8O-GRH-298, status=NEW}
2022-06-06 1:43:36.533189 5894f5bae910a7be2366f9518f0baedb WARNING Payment for order or cart not exists {externalId=374_629d3f65066d6, paymentId=BL6E-W8O-GRH-298, status=NEW}
2022-06-06 1:43:36.673845 685d153b262b5fdb3d140f718b90c7ae INFO Incoming notification {externalId=374_629d3f65066d6, paymentId=BL6E-W8O-GRH-298, status=PENDING}
2022-06-06 1:43:36.676675 685d153b262b5fdb3d140f718b90c7ae WARNING Payment for order or cart not exists {externalId=374_629d3f65066d6, paymentId=BL6E-W8O-GRH-298, status=PENDING}
2022-06-06 1:43:41.588833 5894f5bae910a7be2366f9518f0baedb INFO Incoming notification {externalId=374_629d3f65066d6, paymentId=BL6E-W8O-GRH-298, status=CONFIRMED}
2022-06-06 1:43:41.590743 5894f5bae910a7be2366f9518f0baedb WARNING Payment for order or cart not exists {externalId=374_629d3f65066d6, paymentId=BL6E-W8O-GRH-298, status=CONFIRMED}
2022-06-06 1:44:36.976671 5894f5bae910a7be2366f9518f0baedb INFO Incoming notification {externalId=374_629d3f65066d6, paymentId=BL6E-W8O-GRH-298, status=NEW}
2022-06-06 1:44:36.978713 5894f5bae910a7be2366f9518f0baedb WARNING Payment for order or cart not exists {externalId=374_629d3f65066d6, paymentId=BL6E-W8O-GRH-298, status=NEW}
2022-06-06 1:44:37.117331 685d153b262b5fdb3d140f718b90c7ae INFO Incoming notification {externalId=374_629d3f65066d6, paymentId=BL6E-W8O-GRH-298, status=PENDING}
2022-06-06 1:44:37.119335 685d153b262b5fdb3d140f718b90c7ae WARNING Payment for order or cart not exists {externalId=374_629d3f65066d6, paymentId=BL6E-W8O-GRH-298, status=PENDING}
2022-06-06 1:44:42.003746 5894f5bae910a7be2366f9518f0baedb INFO Incoming notification {externalId=374_629d3f65066d6, paymentId=BL6E-W8O-GRH-298, status=CONFIRMED}
2022-06-06 1:44:42.005598 5894f5bae910a7be2366f9518f0baedb WARNING Payment for order or cart not exists {externalId=374_629d3f65066d6, paymentId=BL6E-W8O-GRH-298, status=CONFIRMED}
2022-06-06 1:45:37.666733 5894f5bae910a7be2366f9518f0baedb INFO Incoming notification {externalId=374_629d3f65066d6, paymentId=BL6E-W8O-GRH-298, status=PENDING}
2022-06-06 1:45:37.668339 5894f5bae910a7be2366f9518f0baedb WARNING Payment for order or cart not exists {externalId=374_629d3f65066d6, paymentId=BL6E-W8O-GRH-298, status=PENDING}
2022-06-06 1:45:37.825100 5894f5bae910a7be2366f9518f0baedb INFO Incoming notification {externalId=374_629d3f65066d6, paymentId=BL6E-W8O-GRH-298, status=NEW}
2022-06-06 1:45:37.826683 5894f5bae910a7be2366f9518f0baedb WARNING Payment for order or cart not exists {externalId=374_629d3f65066d6, paymentId=BL6E-W8O-GRH-298, status=NEW}
2022-06-06 1:45:42.486490 685d153b262b5fdb3d140f718b90c7ae INFO Incoming notification {externalId=374_629d3f65066d6, paymentId=BL6E-W8O-GRH-298, status=CONFIRMED}
2022-06-06 1:45:42.493463 685d153b262b5fdb3d140f718b90c7ae WARNING Payment for order or cart not exists {externalId=374_629d3f65066d6, paymentId=BL6E-W8O-GRH-298, status=CONFIRMED}
2022-06-06 1:47:38.260265 5894f5bae910a7be2366f9518f0baedb INFO Incoming notification {externalId=374_629d3f65066d6, paymentId=BL6E-W8O-GRH-298, status=PENDING}
2022-06-06 1:47:38.260294 5894f5bae910a7be2366f9518f0baedb INFO Incoming notification {externalId=374_629d3f65066d6, paymentId=BL6E-W8O-GRH-298, status=NEW}
2022-06-06 1:47:38.262329 5894f5bae910a7be2366f9518f0baedb WARNING Payment for order or cart not exists {externalId=374_629d3f65066d6, paymentId=BL6E-W8O-GRH-298, status=PENDING}
2022-06-06 1:47:38.262955 5894f5bae910a7be2366f9518f0baedb WARNING Payment for order or cart not exists {externalId=374_629d3f65066d6, paymentId=BL6E-W8O-GRH-298, status=NEW}
2022-06-06 1:47:42.969728 5894f5bae910a7be2366f9518f0baedb INFO Incoming notification {externalId=374_629d3f65066d6, paymentId=BL6E-W8O-GRH-298, status=CONFIRMED}
2022-06-06 1:47:42.971401 5894f5bae910a7be2366f9518f0baedb WARNING Payment for order or cart not exists {externalId=374_629d3f65066d6, paymentId=BL6E-W8O-GRH-298, status=CONFIRMED}
2022-06-06 1:52:38.904742 685d153b262b5fdb3d140f718b90c7ae INFO Incoming notification {externalId=374_629d3f65066d6, paymentId=BL6E-W8O-GRH-298, status=PENDING}
2022-06-06 1:52:38.904721 5894f5bae910a7be2366f9518f0baedb INFO Incoming notification {externalId=374_629d3f65066d6, paymentId=BL6E-W8O-GRH-298, status=NEW}
2022-06-06 1:52:38.906733 685d153b262b5fdb3d140f718b90c7ae WARNING Payment for order or cart not exists {externalId=374_629d3f65066d6, paymentId=BL6E-W8O-GRH-298, status=PENDING}
2022-06-06 1:52:38.907330 5894f5bae910a7be2366f9518f0baedb WARNING Payment for order or cart not exists {externalId=374_629d3f65066d6, paymentId=BL6E-W8O-GRH-298, status=NEW}
2022-06-06 1:52:43.540031 685d153b262b5fdb3d140f718b90c7ae INFO Incoming notification {externalId=374_629d3f65066d6, paymentId=BL6E-W8O-GRH-298, status=CONFIRMED}
2022-06-06 1:52:43.541842 685d153b262b5fdb3d140f718b90c7ae WARNING Payment for order or cart not exists {externalId=374_629d3f65066d6, paymentId=BL6E-W8O-GRH-298, status=CONFIRMED}
2022-06-06 2:07:39.430915 5894f5bae910a7be2366f9518f0baedb INFO Incoming notification {externalId=374_629d3f65066d6, paymentId=BL6E-W8O-GRH-298, status=NEW}
2022-06-06 2:07:39.431055 685d153b262b5fdb3d140f718b90c7ae INFO Incoming notification {externalId=374_629d3f65066d6, paymentId=BL6E-W8O-GRH-298, status=PENDING}
2022-06-06 2:07:39.432826 5894f5bae910a7be2366f9518f0baedb WARNING Payment for order or cart not exists {externalId=374_629d3f65066d6, paymentId=BL6E-W8O-GRH-298, status=NEW}
2022-06-06 2:07:39.433223 685d153b262b5fdb3d140f718b90c7ae WARNING Payment for order or cart not exists {externalId=374_629d3f65066d6, paymentId=BL6E-W8O-GRH-298, status=PENDING}
2022-06-06 2:07:43.949882 685d153b262b5fdb3d140f718b90c7ae INFO Incoming notification {externalId=374_629d3f65066d6, paymentId=BL6E-W8O-GRH-298, status=CONFIRMED}
2022-06-06 2:07:43.952344 685d153b262b5fdb3d140f718b90c7ae WARNING Payment for order or cart not exists {externalId=374_629d3f65066d6, paymentId=BL6E-W8O-GRH-298, status=CONFIRMED}
2022-06-06 2:37:39.995142 5894f5bae910a7be2366f9518f0baedb INFO Incoming notification {externalId=374_629d3f65066d6, paymentId=BL6E-W8O-GRH-298, status=NEW}
2022-06-06 2:37:39.995196 685d153b262b5fdb3d140f718b90c7ae INFO Incoming notification {externalId=374_629d3f65066d6, paymentId=BL6E-W8O-GRH-298, status=PENDING}
2022-06-06 2:37:39.997611 5894f5bae910a7be2366f9518f0baedb WARNING Payment for order or cart not exists {externalId=374_629d3f65066d6, paymentId=BL6E-W8O-GRH-298, status=NEW}
2022-06-06 2:37:39.997611 685d153b262b5fdb3d140f718b90c7ae WARNING Payment for order or cart not exists {externalId=374_629d3f65066d6, paymentId=BL6E-W8O-GRH-298, status=PENDING}
2022-06-06 2:37:44.357774 5894f5bae910a7be2366f9518f0baedb INFO Incoming notification {externalId=374_629d3f65066d6, paymentId=BL6E-W8O-GRH-298, status=CONFIRMED}
2022-06-06 2:37:44.359477 5894f5bae910a7be2366f9518f0baedb WARNING Payment for order or cart not exists {externalId=374_629d3f65066d6, paymentId=BL6E-W8O-GRH-298, status=CONFIRMED}
2022-06-06 3:37:40.537803 685d153b262b5fdb3d140f718b90c7ae INFO Incoming notification {externalId=374_629d3f65066d6, paymentId=BL6E-W8O-GRH-298, status=PENDING}
2022-06-06 3:37:40.537940 685d153b262b5fdb3d140f718b90c7ae INFO Incoming notification {externalId=374_629d3f65066d6, paymentId=BL6E-W8O-GRH-298, status=NEW}
2022-06-06 3:37:40.540796 685d153b262b5fdb3d140f718b90c7ae WARNING Payment for order or cart not exists {externalId=374_629d3f65066d6, paymentId=BL6E-W8O-GRH-298, status=PENDING}
2022-06-06 3:37:40.540813 685d153b262b5fdb3d140f718b90c7ae WARNING Payment for order or cart not exists {externalId=374_629d3f65066d6, paymentId=BL6E-W8O-GRH-298, status=NEW}
2022-06-06 3:37:44.906650 5894f5bae910a7be2366f9518f0baedb INFO Incoming notification {externalId=374_629d3f65066d6, paymentId=BL6E-W8O-GRH-298, status=CONFIRMED}
2022-06-06 3:37:44.908483 5894f5bae910a7be2366f9518f0baedb WARNING Payment for order or cart not exists {externalId=374_629d3f65066d6, paymentId=BL6E-W8O-GRH-298, status=CONFIRMED}
2022-06-06 5:37:41.080704 685d153b262b5fdb3d140f718b90c7ae INFO Incoming notification {externalId=374_629d3f65066d6, paymentId=BL6E-W8O-GRH-298, status=NEW}
2022-06-06 5:37:41.080718 5894f5bae910a7be2366f9518f0baedb INFO Incoming notification {externalId=374_629d3f65066d6, paymentId=BL6E-W8O-GRH-298, status=PENDING}
2022-06-06 5:37:41.083652 5894f5bae910a7be2366f9518f0baedb WARNING Payment for order or cart not exists {externalId=374_629d3f65066d6, paymentId=BL6E-W8O-GRH-298, status=PENDING}
2022-06-06 5:37:41.083673 685d153b262b5fdb3d140f718b90c7ae WARNING Payment for order or cart not exists {externalId=374_629d3f65066d6, paymentId=BL6E-W8O-GRH-298, status=NEW}
2022-06-06 5:37:45.285895 5894f5bae910a7be2366f9518f0baedb INFO Incoming notification {externalId=374_629d3f65066d6, paymentId=BL6E-W8O-GRH-298, status=CONFIRMED}
2022-06-06 5:37:45.288197 5894f5bae910a7be2366f9518f0baedb WARNING Payment for order or cart not exists {externalId=374_629d3f65066d6, paymentId=BL6E-W8O-GRH-298, status=CONFIRMED}
2022-06-06 9:37:41.617302 685d153b262b5fdb3d140f718b90c7ae INFO Incoming notification {externalId=374_629d3f65066d6, paymentId=BL6E-W8O-GRH-298, status=NEW}
2022-06-06 9:37:41.621119 685d153b262b5fdb3d140f718b90c7ae WARNING Payment for order or cart not exists {externalId=374_629d3f65066d6, paymentId=BL6E-W8O-GRH-298, status=NEW}
2022-06-06 9:37:41.735704 5894f5bae910a7be2366f9518f0baedb INFO Incoming notification {externalId=374_629d3f65066d6, paymentId=BL6E-W8O-GRH-298, status=PENDING}
2022-06-06 9:37:41.737226 5894f5bae910a7be2366f9518f0baedb WARNING Payment for order or cart not exists {externalId=374_629d3f65066d6, paymentId=BL6E-W8O-GRH-298, status=PENDING}
2022-06-06 9:37:45.689224 5894f5bae910a7be2366f9518f0baedb INFO Incoming notification {externalId=374_629d3f65066d6, paymentId=BL6E-W8O-GRH-298, status=CONFIRMED}
2022-06-06 9:37:45.691068 5894f5bae910a7be2366f9518f0baedb WARNING Payment for order or cart not exists {externalId=374_629d3f65066d6, paymentId=BL6E-W8O-GRH-298, status=CONFIRMED}
2022-06-06 17:37:42.239640 685d153b262b5fdb3d140f718b90c7ae INFO Incoming notification {externalId=374_629d3f65066d6, paymentId=BL6E-W8O-GRH-298, status=PENDING}
2022-06-06 17:37:42.239738 5894f5bae910a7be2366f9518f0baedb INFO Incoming notification {externalId=374_629d3f65066d6, paymentId=BL6E-W8O-GRH-298, status=NEW}
2022-06-06 17:37:42.244616 5894f5bae910a7be2366f9518f0baedb WARNING Payment for order or cart not exists {externalId=374_629d3f65066d6, paymentId=BL6E-W8O-GRH-298, status=NEW}
2022-06-06 17:37:42.244652 685d153b262b5fdb3d140f718b90c7ae WARNING Payment for order or cart not exists {externalId=374_629d3f65066d6, paymentId=BL6E-W8O-GRH-298, status=PENDING}
2022-06-06 17:37:46.072557 5894f5bae910a7be2366f9518f0baedb INFO Incoming notification {externalId=374_629d3f65066d6, paymentId=BL6E-W8O-GRH-298, status=CONFIRMED}
2022-06-06 17:37:46.074193 5894f5bae910a7be2366f9518f0baedb WARNING Payment for order or cart not exists {externalId=374_629d3f65066d6, paymentId=BL6E-W8O-GRH-298, status=CONFIRMED}
