2022-05-08 17:45:57.740374 5894f5bae910a7be2366f9518f0baedb INFO Incoming notification {externalId=290_6272305590e33, paymentId=BLT9-XRG-AXS-ZEV, status=PENDING}
2022-05-08 17:45:57.745583 5894f5bae910a7be2366f9518f0baedb WARNING Payment for order or cart not exists {externalId=290_6272305590e33, paymentId=BLT9-XRG-AXS-ZEV, status=PENDING}
2022-05-08 17:45:57.922574 685d153b262b5fdb3d140f718b90c7ae INFO Incoming notification {externalId=290_6272305590e33, paymentId=BLT9-XRG-AXS-ZEV, status=NEW}
2022-05-08 17:45:57.924407 685d153b262b5fdb3d140f718b90c7ae WARNING Payment for order or cart not exists {externalId=290_6272305590e33, paymentId=BLT9-XRG-AXS-ZEV, status=NEW}
2022-05-08 17:46:13.627772 5894f5bae910a7be2366f9518f0baedb INFO Incoming notification {externalId=290_6272305590e33, paymentId=BLT9-XRG-AXS-ZEV, status=CONFIRMED}
2022-05-08 17:46:13.629664 5894f5bae910a7be2366f9518f0baedb WARNING Payment for order or cart not exists {externalId=290_6272305590e33, paymentId=BLT9-XRG-AXS-ZEV, status=CONFIRMED}
2022-05-08 21:45:18.345082 2774ae82f331392f6f61d6b87ffe4396 INFO Processing payment for cart {cartId=297, externalId=297_62781dce543ee}
2022-05-08 21:45:21.109654 2774ae82f331392f6f61d6b87ffe4396 DEBUG Created paynow data entry {cartId=297, externalId=297_62781dce543ee}
2022-05-08 21:45:21.110646 2774ae82f331392f6f61d6b87ffe4396 INFO Payment has been successfully created {cartId=297, externalId=297_62781dce543ee, paymentId=BL2J-4L1-QFU-AD6, status=PENDING}
2022-05-08 21:45:21.116377 2774ae82f331392f6f61d6b87ffe4396 DEBUG Setting optimistic lock on paynow data {cartId=297, externalId=297_62781dce543ee}
2022-05-08 21:45:21.119692 2774ae82f331392f6f61d6b87ffe4396 DEBUG Successfully set up optimistic lock on paynow data {externalId=297_62781dce543ee}
2022-05-08 21:45:21.120749 2774ae82f331392f6f61d6b87ffe4396 INFO Creating an order from cart {cartId=297, externalId=297_62781dce543ee}
2022-05-08 21:45:21.447628 5894f5bae910a7be2366f9518f0baedb INFO Incoming notification {externalId=297_62781dce543ee, paymentId=BL2J-4L1-QFU-AD6, status=NEW}
2022-05-08 21:45:21.452027 5894f5bae910a7be2366f9518f0baedb DEBUG Successfully updated payment data {paymentId=BL2J-4L1-QFU-AD6, status=NEW}
2022-05-08 21:45:21.452799 5894f5bae910a7be2366f9518f0baedb INFO Processing order's state update {cartId=297, externalId=297_62781dce543ee, orderId=0, orderReference=, paymentId=BL2J-4L1-QFU-AD6, fromStatus=NEW, toStatus=NEW}
2022-05-08 21:45:21.453758 5894f5bae910a7be2366f9518f0baedb WARNING An order does not exists {orderId=0}
2022-05-08 21:45:21.461297 5894f5bae910a7be2366f9518f0baedb INFO Incoming notification {externalId=297_62781dce543ee, paymentId=BL2J-4L1-QFU-AD6, status=PENDING}
2022-05-08 21:45:21.466043 5894f5bae910a7be2366f9518f0baedb DEBUG Successfully updated payment data {paymentId=BL2J-4L1-QFU-AD6, status=PENDING}
2022-05-08 21:45:21.466785 5894f5bae910a7be2366f9518f0baedb INFO Processing order's state update {cartId=297, externalId=297_62781dce543ee, orderId=0, orderReference=, paymentId=BL2J-4L1-QFU-AD6, fromStatus=NEW, toStatus=PENDING}
2022-05-08 21:45:21.467885 5894f5bae910a7be2366f9518f0baedb WARNING An order does not exists {orderId=0}
2022-05-08 21:45:23.024363 2774ae82f331392f6f61d6b87ffe4396 INFO An order has been successfully created {cartId=297, externalId=297_62781dce543ee, orderId=57, orderReference=RLDRGMEMA, paymentId=BL2J-4L1-QFU-AD6}
2022-05-08 21:45:23.025568 2774ae82f331392f6f61d6b87ffe4396 DEBUG Unsetting optimistic lock on paynow data {cartId=297, externalId=297_62781dce543ee}
2022-05-08 21:45:23.028521 2774ae82f331392f6f61d6b87ffe4396 DEBUG Successfully unset optimistic lock on paynow data {externalId=297_62781dce543ee}
2022-05-08 21:45:23.031857 2774ae82f331392f6f61d6b87ffe4396 DEBUG Successfully updated payment data {orderId=57, orderReference=RLDRGMEMA, paymentId=BL2J-4L1-QFU-AD6}
2022-05-08 21:45:23.703011 2774ae82f331392f6f61d6b87ffe4396 INFO Retrieving payment status {paymentId=BL2J-4L1-QFU-AD6}
2022-05-08 21:45:23.865559 2774ae82f331392f6f61d6b87ffe4396 INFO Retrieved payment status {paymentId=BL2J-4L1-QFU-AD6, status=PENDING}
2022-05-08 21:45:23.866470 2774ae82f331392f6f61d6b87ffe4396 INFO Processing order's state update {cartId=297, externalId=297_62781dce543ee, orderId=57, orderReference=RLDRGMEMA, paymentId=BL2J-4L1-QFU-AD6, fromStatus=PENDING, toStatus=PENDING}
2022-05-08 21:45:23.867723 2774ae82f331392f6f61d6b87ffe4396 ERROR An error occurred during updating state {code=0, externalId=297_62781dce543ee, paymentId=BL2J-4L1-QFU-AD6, status=PENDING, message=Status transition is incorrect PENDING - PENDING}
2022-05-08 21:45:25.322740 5894f5bae910a7be2366f9518f0baedb INFO Incoming notification {externalId=297_62781dce543ee, paymentId=BL2J-4L1-QFU-AD6, status=CONFIRMED}
2022-05-08 21:45:25.333096 5894f5bae910a7be2366f9518f0baedb DEBUG Successfully updated payment data {paymentId=BL2J-4L1-QFU-AD6, status=CONFIRMED}
2022-05-08 21:45:25.334081 5894f5bae910a7be2366f9518f0baedb INFO Processing order's state update {cartId=297, externalId=297_62781dce543ee, orderId=57, orderReference=RLDRGMEMA, paymentId=BL2J-4L1-QFU-AD6, fromStatus=PENDING, toStatus=CONFIRMED}
2022-05-08 21:45:25.336174 5894f5bae910a7be2366f9518f0baedb INFO Adding new state to order's history {externalId=297_62781dce543ee, orderId=57, orderReference=RLDRGMEMA, paymentId=BL2J-4L1-QFU-AD6, paymentStatus=CONFIRMED, state=2}
2022-05-08 21:45:26.053814 5894f5bae910a7be2366f9518f0baedb INFO Added new state to order's history {externalId=297_62781dce543ee, orderId=57, orderReference=RLDRGMEMA,  paymentId=BL2J-4L1-QFU-AD6, paymentStatus=CONFIRMED, state=2, historyId=212}
2022-05-08 21:45:26.058486 5894f5bae910a7be2366f9518f0baedb DEBUG Successfully updated payment data {paymentId=BL2J-4L1-QFU-AD6, status=CONFIRMED}
2022-05-08 21:45:26.059403 5894f5bae910a7be2366f9518f0baedb INFO Changed order's state {cartId=297, externalId=297_62781dce543ee, orderReference=RLDRGMEMA, paymentId=BL2J-4L1-QFU-AD6, status=CONFIRMED}
2022-05-08 21:45:28.336992 2774ae82f331392f6f61d6b87ffe4396 INFO Checking order's payment status {externalId=297_62781dce543ee}
2022-05-08 22:05:36.100084 685d153b262b5fdb3d140f718b90c7ae INFO Incoming notification {externalId=87_6275103140530, paymentId=BLM4-DNS-SIC-C0U, status=PENDING}
2022-05-08 22:05:36.100128 685d153b262b5fdb3d140f718b90c7ae INFO Incoming notification {externalId=87_6275103140530, paymentId=BLM4-DNS-SIC-C0U, status=NEW}
2022-05-08 22:05:36.102035 685d153b262b5fdb3d140f718b90c7ae WARNING Payment for order or cart not exists {externalId=87_6275103140530, paymentId=BLM4-DNS-SIC-C0U, status=PENDING}
2022-05-08 22:05:36.102648 685d153b262b5fdb3d140f718b90c7ae WARNING Payment for order or cart not exists {externalId=87_6275103140530, paymentId=BLM4-DNS-SIC-C0U, status=NEW}
2022-05-08 22:06:15.508893 685d153b262b5fdb3d140f718b90c7ae INFO Incoming notification {externalId=87_6275103140530, paymentId=BLM4-DNS-SIC-C0U, status=REJECTED}
2022-05-08 22:06:15.510763 685d153b262b5fdb3d140f718b90c7ae WARNING Payment for order or cart not exists {externalId=87_6275103140530, paymentId=BLM4-DNS-SIC-C0U, status=REJECTED}
2022-05-08 22:06:27.868235 5894f5bae910a7be2366f9518f0baedb INFO Incoming notification {externalId=87_62751066807e4, paymentId=BLJ9-XH0-TWT-O3M, status=PENDING}
2022-05-08 22:06:27.869905 5894f5bae910a7be2366f9518f0baedb WARNING Payment for order or cart not exists {externalId=87_62751066807e4, paymentId=BLJ9-XH0-TWT-O3M, status=PENDING}
2022-05-08 22:06:28.060117 5894f5bae910a7be2366f9518f0baedb INFO Incoming notification {externalId=87_62751066807e4, paymentId=BLJ9-XH0-TWT-O3M, status=NEW}
2022-05-08 22:06:28.061765 5894f5bae910a7be2366f9518f0baedb WARNING Payment for order or cart not exists {externalId=87_62751066807e4, paymentId=BLJ9-XH0-TWT-O3M, status=NEW}
2022-05-08 22:06:37.167826 685d153b262b5fdb3d140f718b90c7ae INFO Incoming notification {externalId=87_62751066807e4, paymentId=BLJ9-XH0-TWT-O3M, status=CONFIRMED}
2022-05-08 22:06:37.169534 685d153b262b5fdb3d140f718b90c7ae WARNING Payment for order or cart not exists {externalId=87_62751066807e4, paymentId=BLJ9-XH0-TWT-O3M, status=CONFIRMED}
