2022-09-12 13:14:33.386918 59215dc32b6a1f049110056dd68f013f INFO Processing payment for order {cartId=641, externalId=IUNPMACLB, orderId=140, orderReference=IUNPMACLB}
2022-09-12 13:14:33.951934 59215dc32b6a1f049110056dd68f013f DEBUG Created paynow data entry {cartId=641, externalId=IUNPMACLB}
2022-09-12 13:14:33.952946 59215dc32b6a1f049110056dd68f013f INFO Payment has been successfully created {cartId=642, externalId=IUNPMACLB, paymentId=NO8M-47V-121-4BY, status=NEW}
2022-09-12 13:14:34.558166 5894f5bae910a7be2366f9518f0baedb INFO Incoming notification {externalId=IUNPMACLB, paymentId=NO8M-47V-121-4BY, status=NEW}
2022-09-12 13:14:34.561388 5894f5bae910a7be2366f9518f0baedb INFO Processing order's state update {cartId=641, externalId=IUNPMACLB, orderId=140, orderReference=IUNPMACLB, paymentId=NO8M-47V-121-4BY, fromStatus=NEW, toStatus=NEW}
2022-09-12 13:14:34.563010 5894f5bae910a7be2366f9518f0baedb ERROR An error occurred during processing notification {externalId=IUNPMACLB, paymentId=NO8M-47V-121-4BY, status=NEW, message=Another payment method is selected for order}
2022-09-12 13:14:57.687285 5894f5bae910a7be2366f9518f0baedb INFO Incoming notification {externalId=IUNPMACLB, paymentId=NO8M-47V-121-4BY, status=PENDING}
2022-09-12 13:14:57.690438 5894f5bae910a7be2366f9518f0baedb INFO Processing order's state update {cartId=641, externalId=IUNPMACLB, orderId=140, orderReference=IUNPMACLB, paymentId=NO8M-47V-121-4BY, fromStatus=NEW, toStatus=PENDING}
2022-09-12 13:14:57.691905 5894f5bae910a7be2366f9518f0baedb ERROR An error occurred during processing notification {externalId=IUNPMACLB, paymentId=NO8M-47V-121-4BY, status=PENDING, message=Another payment method is selected for order}
2022-09-12 13:15:08.610372 5894f5bae910a7be2366f9518f0baedb INFO Incoming notification {externalId=IUNPMACLB, paymentId=NO8M-47V-121-4BY, status=CONFIRMED}
2022-09-12 13:15:08.614794 5894f5bae910a7be2366f9518f0baedb INFO Processing order's state update {cartId=641, externalId=IUNPMACLB, orderId=140, orderReference=IUNPMACLB, paymentId=NO8M-47V-121-4BY, fromStatus=NEW, toStatus=CONFIRMED}
2022-09-12 13:15:08.616359 5894f5bae910a7be2366f9518f0baedb ERROR An error occurred during processing notification {externalId=IUNPMACLB, paymentId=NO8M-47V-121-4BY, status=CONFIRMED, message=Another payment method is selected for order}
2022-09-12 13:15:35.117393 5894f5bae910a7be2366f9518f0baedb INFO Incoming notification {externalId=IUNPMACLB, paymentId=NO8M-47V-121-4BY, status=NEW}
2022-09-12 13:15:35.120349 5894f5bae910a7be2366f9518f0baedb INFO Processing order's state update {cartId=641, externalId=IUNPMACLB, orderId=140, orderReference=IUNPMACLB, paymentId=NO8M-47V-121-4BY, fromStatus=NEW, toStatus=NEW}
2022-09-12 13:15:35.121958 5894f5bae910a7be2366f9518f0baedb ERROR An error occurred during processing notification {externalId=IUNPMACLB, paymentId=NO8M-47V-121-4BY, status=NEW, message=Another payment method is selected for order}
2022-09-12 13:15:58.228499 5894f5bae910a7be2366f9518f0baedb INFO Incoming notification {externalId=IUNPMACLB, paymentId=NO8M-47V-121-4BY, status=PENDING}
2022-09-12 13:15:58.231308 5894f5bae910a7be2366f9518f0baedb INFO Processing order's state update {cartId=641, externalId=IUNPMACLB, orderId=140, orderReference=IUNPMACLB, paymentId=NO8M-47V-121-4BY, fromStatus=NEW, toStatus=PENDING}
2022-09-12 13:15:58.232652 5894f5bae910a7be2366f9518f0baedb ERROR An error occurred during processing notification {externalId=IUNPMACLB, paymentId=NO8M-47V-121-4BY, status=PENDING, message=Another payment method is selected for order}
2022-09-12 13:16:09.302134 5894f5bae910a7be2366f9518f0baedb INFO Incoming notification {externalId=IUNPMACLB, paymentId=NO8M-47V-121-4BY, status=CONFIRMED}
2022-09-12 13:16:09.305063 5894f5bae910a7be2366f9518f0baedb INFO Processing order's state update {cartId=641, externalId=IUNPMACLB, orderId=140, orderReference=IUNPMACLB, paymentId=NO8M-47V-121-4BY, fromStatus=NEW, toStatus=CONFIRMED}
2022-09-12 13:16:09.306413 5894f5bae910a7be2366f9518f0baedb ERROR An error occurred during processing notification {externalId=IUNPMACLB, paymentId=NO8M-47V-121-4BY, status=CONFIRMED, message=Another payment method is selected for order}
2022-09-12 13:16:35.599597 5894f5bae910a7be2366f9518f0baedb INFO Incoming notification {externalId=IUNPMACLB, paymentId=NO8M-47V-121-4BY, status=NEW}
2022-09-12 13:16:35.601883 5894f5bae910a7be2366f9518f0baedb INFO Processing order's state update {cartId=641, externalId=IUNPMACLB, orderId=140, orderReference=IUNPMACLB, paymentId=NO8M-47V-121-4BY, fromStatus=NEW, toStatus=NEW}
2022-09-12 13:16:35.603044 5894f5bae910a7be2366f9518f0baedb ERROR An error occurred during processing notification {externalId=IUNPMACLB, paymentId=NO8M-47V-121-4BY, status=NEW, message=Another payment method is selected for order}
2022-09-12 13:16:58.790544 5894f5bae910a7be2366f9518f0baedb INFO Incoming notification {externalId=IUNPMACLB, paymentId=NO8M-47V-121-4BY, status=PENDING}
2022-09-12 13:16:58.794075 5894f5bae910a7be2366f9518f0baedb INFO Processing order's state update {cartId=641, externalId=IUNPMACLB, orderId=140, orderReference=IUNPMACLB, paymentId=NO8M-47V-121-4BY, fromStatus=NEW, toStatus=PENDING}
2022-09-12 13:16:58.795514 5894f5bae910a7be2366f9518f0baedb ERROR An error occurred during processing notification {externalId=IUNPMACLB, paymentId=NO8M-47V-121-4BY, status=PENDING, message=Another payment method is selected for order}
2022-09-12 13:17:09.676414 5894f5bae910a7be2366f9518f0baedb INFO Incoming notification {externalId=IUNPMACLB, paymentId=NO8M-47V-121-4BY, status=CONFIRMED}
2022-09-12 13:17:09.679373 5894f5bae910a7be2366f9518f0baedb INFO Processing order's state update {cartId=641, externalId=IUNPMACLB, orderId=140, orderReference=IUNPMACLB, paymentId=NO8M-47V-121-4BY, fromStatus=NEW, toStatus=CONFIRMED}
2022-09-12 13:17:09.680728 5894f5bae910a7be2366f9518f0baedb ERROR An error occurred during processing notification {externalId=IUNPMACLB, paymentId=NO8M-47V-121-4BY, status=CONFIRMED, message=Another payment method is selected for order}
2022-09-12 13:17:36.153532 5894f5bae910a7be2366f9518f0baedb INFO Incoming notification {externalId=IUNPMACLB, paymentId=NO8M-47V-121-4BY, status=NEW}
2022-09-12 13:17:36.156625 5894f5bae910a7be2366f9518f0baedb INFO Processing order's state update {cartId=641, externalId=IUNPMACLB, orderId=140, orderReference=IUNPMACLB, paymentId=NO8M-47V-121-4BY, fromStatus=NEW, toStatus=NEW}
2022-09-12 13:17:36.158305 5894f5bae910a7be2366f9518f0baedb ERROR An error occurred during processing notification {externalId=IUNPMACLB, paymentId=NO8M-47V-121-4BY, status=NEW, message=Another payment method is selected for order}
2022-09-12 13:17:59.395863 5894f5bae910a7be2366f9518f0baedb INFO Incoming notification {externalId=IUNPMACLB, paymentId=NO8M-47V-121-4BY, status=PENDING}
2022-09-12 13:17:59.398778 5894f5bae910a7be2366f9518f0baedb INFO Processing order's state update {cartId=641, externalId=IUNPMACLB, orderId=140, orderReference=IUNPMACLB, paymentId=NO8M-47V-121-4BY, fromStatus=NEW, toStatus=PENDING}
2022-09-12 13:17:59.400130 5894f5bae910a7be2366f9518f0baedb ERROR An error occurred during processing notification {externalId=IUNPMACLB, paymentId=NO8M-47V-121-4BY, status=PENDING, message=Another payment method is selected for order}
2022-09-12 13:18:10.075158 5894f5bae910a7be2366f9518f0baedb INFO Incoming notification {externalId=IUNPMACLB, paymentId=NO8M-47V-121-4BY, status=CONFIRMED}
2022-09-12 13:18:10.078417 5894f5bae910a7be2366f9518f0baedb INFO Processing order's state update {cartId=641, externalId=IUNPMACLB, orderId=140, orderReference=IUNPMACLB, paymentId=NO8M-47V-121-4BY, fromStatus=NEW, toStatus=CONFIRMED}
2022-09-12 13:18:10.079911 5894f5bae910a7be2366f9518f0baedb ERROR An error occurred during processing notification {externalId=IUNPMACLB, paymentId=NO8M-47V-121-4BY, status=CONFIRMED, message=Another payment method is selected for order}
2022-09-12 13:19:36.693597 5894f5bae910a7be2366f9518f0baedb INFO Incoming notification {externalId=IUNPMACLB, paymentId=NO8M-47V-121-4BY, status=NEW}
2022-09-12 13:19:36.697700 5894f5bae910a7be2366f9518f0baedb INFO Processing order's state update {cartId=641, externalId=IUNPMACLB, orderId=140, orderReference=IUNPMACLB, paymentId=NO8M-47V-121-4BY, fromStatus=NEW, toStatus=NEW}
2022-09-12 13:19:36.699336 5894f5bae910a7be2366f9518f0baedb ERROR An error occurred during processing notification {externalId=IUNPMACLB, paymentId=NO8M-47V-121-4BY, status=NEW, message=Another payment method is selected for order}
2022-09-12 13:19:59.919619 5894f5bae910a7be2366f9518f0baedb INFO Incoming notification {externalId=IUNPMACLB, paymentId=NO8M-47V-121-4BY, status=PENDING}
2022-09-12 13:19:59.922449 5894f5bae910a7be2366f9518f0baedb INFO Processing order's state update {cartId=641, externalId=IUNPMACLB, orderId=140, orderReference=IUNPMACLB, paymentId=NO8M-47V-121-4BY, fromStatus=NEW, toStatus=PENDING}
2022-09-12 13:19:59.923774 5894f5bae910a7be2366f9518f0baedb ERROR An error occurred during processing notification {externalId=IUNPMACLB, paymentId=NO8M-47V-121-4BY, status=PENDING, message=Another payment method is selected for order}
2022-09-12 13:20:10.558270 5894f5bae910a7be2366f9518f0baedb INFO Incoming notification {externalId=IUNPMACLB, paymentId=NO8M-47V-121-4BY, status=CONFIRMED}
2022-09-12 13:20:10.561197 5894f5bae910a7be2366f9518f0baedb INFO Processing order's state update {cartId=641, externalId=IUNPMACLB, orderId=140, orderReference=IUNPMACLB, paymentId=NO8M-47V-121-4BY, fromStatus=NEW, toStatus=CONFIRMED}
2022-09-12 13:20:10.562510 5894f5bae910a7be2366f9518f0baedb ERROR An error occurred during processing notification {externalId=IUNPMACLB, paymentId=NO8M-47V-121-4BY, status=CONFIRMED, message=Another payment method is selected for order}
2022-09-12 13:24:37.540252 5894f5bae910a7be2366f9518f0baedb INFO Incoming notification {externalId=IUNPMACLB, paymentId=NO8M-47V-121-4BY, status=NEW}
2022-09-12 13:24:37.544408 5894f5bae910a7be2366f9518f0baedb INFO Processing order's state update {cartId=641, externalId=IUNPMACLB, orderId=140, orderReference=IUNPMACLB, paymentId=NO8M-47V-121-4BY, fromStatus=NEW, toStatus=NEW}
2022-09-12 13:24:37.545958 5894f5bae910a7be2366f9518f0baedb ERROR An error occurred during processing notification {externalId=IUNPMACLB, paymentId=NO8M-47V-121-4BY, status=NEW, message=Another payment method is selected for order}
2022-09-12 13:25:00.422650 5894f5bae910a7be2366f9518f0baedb INFO Incoming notification {externalId=IUNPMACLB, paymentId=NO8M-47V-121-4BY, status=PENDING}
2022-09-12 13:25:00.425604 5894f5bae910a7be2366f9518f0baedb INFO Processing order's state update {cartId=641, externalId=IUNPMACLB, orderId=140, orderReference=IUNPMACLB, paymentId=NO8M-47V-121-4BY, fromStatus=NEW, toStatus=PENDING}
2022-09-12 13:25:00.427191 5894f5bae910a7be2366f9518f0baedb ERROR An error occurred during processing notification {externalId=IUNPMACLB, paymentId=NO8M-47V-121-4BY, status=PENDING, message=Another payment method is selected for order}
2022-09-12 13:25:11.034418 5894f5bae910a7be2366f9518f0baedb INFO Incoming notification {externalId=IUNPMACLB, paymentId=NO8M-47V-121-4BY, status=CONFIRMED}
2022-09-12 13:25:11.036926 5894f5bae910a7be2366f9518f0baedb INFO Processing order's state update {cartId=641, externalId=IUNPMACLB, orderId=140, orderReference=IUNPMACLB, paymentId=NO8M-47V-121-4BY, fromStatus=NEW, toStatus=CONFIRMED}
2022-09-12 13:25:11.037944 5894f5bae910a7be2366f9518f0baedb ERROR An error occurred during processing notification {externalId=IUNPMACLB, paymentId=NO8M-47V-121-4BY, status=CONFIRMED, message=Another payment method is selected for order}
2022-09-12 13:39:38.141015 5894f5bae910a7be2366f9518f0baedb INFO Incoming notification {externalId=IUNPMACLB, paymentId=NO8M-47V-121-4BY, status=NEW}
2022-09-12 13:39:38.146338 5894f5bae910a7be2366f9518f0baedb INFO Processing order's state update {cartId=641, externalId=IUNPMACLB, orderId=140, orderReference=IUNPMACLB, paymentId=NO8M-47V-121-4BY, fromStatus=NEW, toStatus=NEW}
2022-09-12 13:39:38.147748 5894f5bae910a7be2366f9518f0baedb ERROR An error occurred during processing notification {externalId=IUNPMACLB, paymentId=NO8M-47V-121-4BY, status=NEW, message=Another payment method is selected for order}
2022-09-12 13:40:00.953566 5894f5bae910a7be2366f9518f0baedb INFO Incoming notification {externalId=IUNPMACLB, paymentId=NO8M-47V-121-4BY, status=PENDING}
2022-09-12 13:40:00.956264 5894f5bae910a7be2366f9518f0baedb INFO Processing order's state update {cartId=641, externalId=IUNPMACLB, orderId=140, orderReference=IUNPMACLB, paymentId=NO8M-47V-121-4BY, fromStatus=NEW, toStatus=PENDING}
2022-09-12 13:40:00.957643 5894f5bae910a7be2366f9518f0baedb ERROR An error occurred during processing notification {externalId=IUNPMACLB, paymentId=NO8M-47V-121-4BY, status=PENDING, message=Another payment method is selected for order}
2022-09-12 13:40:11.479623 5894f5bae910a7be2366f9518f0baedb INFO Incoming notification {externalId=IUNPMACLB, paymentId=NO8M-47V-121-4BY, status=CONFIRMED}
2022-09-12 13:40:11.482006 5894f5bae910a7be2366f9518f0baedb INFO Processing order's state update {cartId=641, externalId=IUNPMACLB, orderId=140, orderReference=IUNPMACLB, paymentId=NO8M-47V-121-4BY, fromStatus=NEW, toStatus=CONFIRMED}
2022-09-12 13:40:11.483216 5894f5bae910a7be2366f9518f0baedb ERROR An error occurred during processing notification {externalId=IUNPMACLB, paymentId=NO8M-47V-121-4BY, status=CONFIRMED, message=Another payment method is selected for order}
2022-09-12 14:09:38.722146 5894f5bae910a7be2366f9518f0baedb INFO Incoming notification {externalId=IUNPMACLB, paymentId=NO8M-47V-121-4BY, status=NEW}
2022-09-12 14:09:38.725773 5894f5bae910a7be2366f9518f0baedb INFO Processing order's state update {cartId=641, externalId=IUNPMACLB, orderId=140, orderReference=IUNPMACLB, paymentId=NO8M-47V-121-4BY, fromStatus=NEW, toStatus=NEW}
2022-09-12 14:09:38.727056 5894f5bae910a7be2366f9518f0baedb ERROR An error occurred during processing notification {externalId=IUNPMACLB, paymentId=NO8M-47V-121-4BY, status=NEW, message=Another payment method is selected for order}
2022-09-12 14:10:01.549926 5894f5bae910a7be2366f9518f0baedb INFO Incoming notification {externalId=IUNPMACLB, paymentId=NO8M-47V-121-4BY, status=PENDING}
2022-09-12 14:10:01.552453 5894f5bae910a7be2366f9518f0baedb INFO Processing order's state update {cartId=641, externalId=IUNPMACLB, orderId=140, orderReference=IUNPMACLB, paymentId=NO8M-47V-121-4BY, fromStatus=NEW, toStatus=PENDING}
2022-09-12 14:10:01.553723 5894f5bae910a7be2366f9518f0baedb ERROR An error occurred during processing notification {externalId=IUNPMACLB, paymentId=NO8M-47V-121-4BY, status=PENDING, message=Another payment method is selected for order}
2022-09-12 14:10:11.866169 5894f5bae910a7be2366f9518f0baedb INFO Incoming notification {externalId=IUNPMACLB, paymentId=NO8M-47V-121-4BY, status=CONFIRMED}
2022-09-12 14:10:11.868973 5894f5bae910a7be2366f9518f0baedb INFO Processing order's state update {cartId=641, externalId=IUNPMACLB, orderId=140, orderReference=IUNPMACLB, paymentId=NO8M-47V-121-4BY, fromStatus=NEW, toStatus=CONFIRMED}
2022-09-12 14:10:11.870291 5894f5bae910a7be2366f9518f0baedb ERROR An error occurred during processing notification {externalId=IUNPMACLB, paymentId=NO8M-47V-121-4BY, status=CONFIRMED, message=Another payment method is selected for order}
2022-09-12 15:09:39.462497 5894f5bae910a7be2366f9518f0baedb INFO Incoming notification {externalId=IUNPMACLB, paymentId=NO8M-47V-121-4BY, status=NEW}
2022-09-12 15:09:39.466630 5894f5bae910a7be2366f9518f0baedb INFO Processing order's state update {cartId=641, externalId=IUNPMACLB, orderId=140, orderReference=IUNPMACLB, paymentId=NO8M-47V-121-4BY, fromStatus=NEW, toStatus=NEW}
2022-09-12 15:09:39.468364 5894f5bae910a7be2366f9518f0baedb ERROR An error occurred during processing notification {externalId=IUNPMACLB, paymentId=NO8M-47V-121-4BY, status=NEW, message=Another payment method is selected for order}
2022-09-12 15:10:02.028723 5894f5bae910a7be2366f9518f0baedb INFO Incoming notification {externalId=IUNPMACLB, paymentId=NO8M-47V-121-4BY, status=PENDING}
2022-09-12 15:10:02.031162 5894f5bae910a7be2366f9518f0baedb INFO Processing order's state update {cartId=641, externalId=IUNPMACLB, orderId=140, orderReference=IUNPMACLB, paymentId=NO8M-47V-121-4BY, fromStatus=NEW, toStatus=PENDING}
2022-09-12 15:10:02.032445 5894f5bae910a7be2366f9518f0baedb ERROR An error occurred during processing notification {externalId=IUNPMACLB, paymentId=NO8M-47V-121-4BY, status=PENDING, message=Another payment method is selected for order}
2022-09-12 15:10:12.409461 5894f5bae910a7be2366f9518f0baedb INFO Incoming notification {externalId=IUNPMACLB, paymentId=NO8M-47V-121-4BY, status=CONFIRMED}
2022-09-12 15:10:12.411998 5894f5bae910a7be2366f9518f0baedb INFO Processing order's state update {cartId=641, externalId=IUNPMACLB, orderId=140, orderReference=IUNPMACLB, paymentId=NO8M-47V-121-4BY, fromStatus=NEW, toStatus=CONFIRMED}
2022-09-12 15:10:12.413307 5894f5bae910a7be2366f9518f0baedb ERROR An error occurred during processing notification {externalId=IUNPMACLB, paymentId=NO8M-47V-121-4BY, status=CONFIRMED, message=Another payment method is selected for order}
2022-09-12 17:09:40.133882 5894f5bae910a7be2366f9518f0baedb INFO Incoming notification {externalId=IUNPMACLB, paymentId=NO8M-47V-121-4BY, status=NEW}
2022-09-12 17:09:40.137556 5894f5bae910a7be2366f9518f0baedb INFO Processing order's state update {cartId=641, externalId=IUNPMACLB, orderId=140, orderReference=IUNPMACLB, paymentId=NO8M-47V-121-4BY, fromStatus=NEW, toStatus=NEW}
2022-09-12 17:09:40.138942 5894f5bae910a7be2366f9518f0baedb ERROR An error occurred during processing notification {externalId=IUNPMACLB, paymentId=NO8M-47V-121-4BY, status=NEW, message=Another payment method is selected for order}
2022-09-12 17:10:02.459459 5894f5bae910a7be2366f9518f0baedb INFO Incoming notification {externalId=IUNPMACLB, paymentId=NO8M-47V-121-4BY, status=PENDING}
2022-09-12 17:10:02.462197 5894f5bae910a7be2366f9518f0baedb INFO Processing order's state update {cartId=641, externalId=IUNPMACLB, orderId=140, orderReference=IUNPMACLB, paymentId=NO8M-47V-121-4BY, fromStatus=NEW, toStatus=PENDING}
2022-09-12 17:10:02.463660 5894f5bae910a7be2366f9518f0baedb ERROR An error occurred during processing notification {externalId=IUNPMACLB, paymentId=NO8M-47V-121-4BY, status=PENDING, message=Another payment method is selected for order}
2022-09-12 17:10:13.041062 5894f5bae910a7be2366f9518f0baedb INFO Incoming notification {externalId=IUNPMACLB, paymentId=NO8M-47V-121-4BY, status=CONFIRMED}
2022-09-12 17:10:13.043740 5894f5bae910a7be2366f9518f0baedb INFO Processing order's state update {cartId=641, externalId=IUNPMACLB, orderId=140, orderReference=IUNPMACLB, paymentId=NO8M-47V-121-4BY, fromStatus=NEW, toStatus=CONFIRMED}
2022-09-12 17:10:13.045279 5894f5bae910a7be2366f9518f0baedb ERROR An error occurred during processing notification {externalId=IUNPMACLB, paymentId=NO8M-47V-121-4BY, status=CONFIRMED, message=Another payment method is selected for order}
2022-09-12 21:09:40.893099 5894f5bae910a7be2366f9518f0baedb INFO Incoming notification {externalId=IUNPMACLB, paymentId=NO8M-47V-121-4BY, status=NEW}
2022-09-12 21:09:40.897691 5894f5bae910a7be2366f9518f0baedb INFO Processing order's state update {cartId=641, externalId=IUNPMACLB, orderId=140, orderReference=IUNPMACLB, paymentId=NO8M-47V-121-4BY, fromStatus=NEW, toStatus=NEW}
2022-09-12 21:09:40.899146 5894f5bae910a7be2366f9518f0baedb ERROR An error occurred during processing notification {externalId=IUNPMACLB, paymentId=NO8M-47V-121-4BY, status=NEW, message=Another payment method is selected for order}
2022-09-12 21:10:03.074908 5894f5bae910a7be2366f9518f0baedb INFO Incoming notification {externalId=IUNPMACLB, paymentId=NO8M-47V-121-4BY, status=PENDING}
2022-09-12 21:10:03.077545 5894f5bae910a7be2366f9518f0baedb INFO Processing order's state update {cartId=641, externalId=IUNPMACLB, orderId=140, orderReference=IUNPMACLB, paymentId=NO8M-47V-121-4BY, fromStatus=NEW, toStatus=PENDING}
2022-09-12 21:10:03.079164 5894f5bae910a7be2366f9518f0baedb ERROR An error occurred during processing notification {externalId=IUNPMACLB, paymentId=NO8M-47V-121-4BY, status=PENDING, message=Another payment method is selected for order}
2022-09-12 21:10:13.493442 5894f5bae910a7be2366f9518f0baedb INFO Incoming notification {externalId=IUNPMACLB, paymentId=NO8M-47V-121-4BY, status=CONFIRMED}
2022-09-12 21:10:13.495918 5894f5bae910a7be2366f9518f0baedb INFO Processing order's state update {cartId=641, externalId=IUNPMACLB, orderId=140, orderReference=IUNPMACLB, paymentId=NO8M-47V-121-4BY, fromStatus=NEW, toStatus=CONFIRMED}
2022-09-12 21:10:13.497132 5894f5bae910a7be2366f9518f0baedb ERROR An error occurred during processing notification {externalId=IUNPMACLB, paymentId=NO8M-47V-121-4BY, status=CONFIRMED, message=Another payment method is selected for order}
