2022-06-26 16:59:17.456480 3fccf75dca59b22bd433c96e3e89cb38 INFO Processing payment for cart {cartId=427, externalId=427_62b874456f712}
2022-06-26 16:59:19.151721 3fccf75dca59b22bd433c96e3e89cb38 DEBUG Created paynow data entry {cartId=427, externalId=427_62b874456f712}
2022-06-26 16:59:19.152529 3fccf75dca59b22bd433c96e3e89cb38 INFO Payment has been successfully created {cartId=427, externalId=427_62b874456f712, paymentId=BL33-BA1-P4Z-XJM, status=PENDING}
2022-06-26 16:59:19.154566 3fccf75dca59b22bd433c96e3e89cb38 DEBUG Setting optimistic lock on paynow data {cartId=427, externalId=427_62b874456f712}
2022-06-26 16:59:19.157058 3fccf75dca59b22bd433c96e3e89cb38 DEBUG Successfully set up optimistic lock on paynow data {externalId=427_62b874456f712}
2022-06-26 16:59:19.157717 3fccf75dca59b22bd433c96e3e89cb38 INFO Creating an order from cart {cartId=427, externalId=427_62b874456f712}
2022-06-26 16:59:19.719098 685d153b262b5fdb3d140f718b90c7ae INFO Incoming notification {externalId=427_62b874456f712, paymentId=BL33-BA1-P4Z-XJM, status=NEW}
2022-06-26 16:59:19.724008 685d153b262b5fdb3d140f718b90c7ae DEBUG Successfully updated payment data {paymentId=BL33-BA1-P4Z-XJM, status=NEW}
2022-06-26 16:59:19.724948 685d153b262b5fdb3d140f718b90c7ae INFO Processing order's state update {cartId=427, externalId=427_62b874456f712, orderId=0, orderReference=, paymentId=BL33-BA1-P4Z-XJM, fromStatus=NEW, toStatus=NEW}
2022-06-26 16:59:19.725887 685d153b262b5fdb3d140f718b90c7ae WARNING An order does not exists {orderId=0}
2022-06-26 16:59:19.779288 5894f5bae910a7be2366f9518f0baedb INFO Incoming notification {externalId=427_62b874456f712, paymentId=BL33-BA1-P4Z-XJM, status=PENDING}
2022-06-26 16:59:19.783674 5894f5bae910a7be2366f9518f0baedb DEBUG Successfully updated payment data {paymentId=BL33-BA1-P4Z-XJM, status=PENDING}
2022-06-26 16:59:19.784404 5894f5bae910a7be2366f9518f0baedb INFO Processing order's state update {cartId=427, externalId=427_62b874456f712, orderId=0, orderReference=, paymentId=BL33-BA1-P4Z-XJM, fromStatus=NEW, toStatus=PENDING}
2022-06-26 16:59:19.785568 5894f5bae910a7be2366f9518f0baedb WARNING An order does not exists {orderId=0}
2022-06-26 16:59:20.211606 3fccf75dca59b22bd433c96e3e89cb38 INFO An order has been successfully created {cartId=427, externalId=427_62b874456f712, orderId=79, orderReference=GGDLDWXYJ, paymentId=BL33-BA1-P4Z-XJM}
2022-06-26 16:59:20.212372 3fccf75dca59b22bd433c96e3e89cb38 DEBUG Unsetting optimistic lock on paynow data {cartId=427, externalId=427_62b874456f712}
2022-06-26 16:59:20.214651 3fccf75dca59b22bd433c96e3e89cb38 DEBUG Successfully unset optimistic lock on paynow data {externalId=427_62b874456f712}
2022-06-26 16:59:20.219854 3fccf75dca59b22bd433c96e3e89cb38 DEBUG Successfully updated payment data {orderId=79, orderReference=GGDLDWXYJ, paymentId=BL33-BA1-P4Z-XJM}
2022-06-26 16:59:20.756480 3fccf75dca59b22bd433c96e3e89cb38 INFO Retrieving payment status {paymentId=BL33-BA1-P4Z-XJM}
2022-06-26 16:59:20.857583 3fccf75dca59b22bd433c96e3e89cb38 INFO Retrieved payment status {paymentId=BL33-BA1-P4Z-XJM, status=PENDING}
2022-06-26 16:59:20.858284 3fccf75dca59b22bd433c96e3e89cb38 INFO Processing order's state update {cartId=427, externalId=427_62b874456f712, orderId=79, orderReference=GGDLDWXYJ, paymentId=BL33-BA1-P4Z-XJM, fromStatus=PENDING, toStatus=PENDING}
2022-06-26 16:59:20.859318 3fccf75dca59b22bd433c96e3e89cb38 ERROR An error occurred during updating state {code=0, externalId=427_62b874456f712, paymentId=BL33-BA1-P4Z-XJM, status=PENDING, message=Status transition is incorrect PENDING - PENDING}
2022-06-26 16:59:24.815499 3fccf75dca59b22bd433c96e3e89cb38 INFO Checking order's payment status {externalId=427_62b874456f712}
2022-06-26 16:59:24.816906 3fccf75dca59b22bd433c96e3e89cb38 INFO Retrieving payment status {paymentId=BL33-BA1-P4Z-XJM}
2022-06-26 16:59:24.914524 3fccf75dca59b22bd433c96e3e89cb38 INFO Retrieved payment status {paymentId=BL33-BA1-P4Z-XJM, status=PENDING}
2022-06-26 16:59:24.916188 3fccf75dca59b22bd433c96e3e89cb38 INFO Processing order's state update {cartId=427, externalId=427_62b874456f712, orderId=79, orderReference=GGDLDWXYJ, paymentId=BL33-BA1-P4Z-XJM, fromStatus=PENDING, toStatus=PENDING}
2022-06-26 16:59:24.917435 3fccf75dca59b22bd433c96e3e89cb38 ERROR An error occurred during updating state {code=0, externalId=427_62b874456f712, paymentId=BL33-BA1-P4Z-XJM, status=PENDING, message=Status transition is incorrect PENDING - PENDING}
2022-06-26 16:59:33.468684 5894f5bae910a7be2366f9518f0baedb INFO Incoming notification {externalId=427_62b874456f712, paymentId=BL33-BA1-P4Z-XJM, status=CONFIRMED}
2022-06-26 16:59:33.474720 5894f5bae910a7be2366f9518f0baedb DEBUG Successfully updated payment data {paymentId=BL33-BA1-P4Z-XJM, status=CONFIRMED}
2022-06-26 16:59:33.475711 5894f5bae910a7be2366f9518f0baedb INFO Processing order's state update {cartId=427, externalId=427_62b874456f712, orderId=79, orderReference=GGDLDWXYJ, paymentId=BL33-BA1-P4Z-XJM, fromStatus=PENDING, toStatus=CONFIRMED}
2022-06-26 16:59:33.478236 5894f5bae910a7be2366f9518f0baedb INFO Adding new state to order's history {externalId=427_62b874456f712, orderId=79, orderReference=GGDLDWXYJ, paymentId=BL33-BA1-P4Z-XJM, paymentStatus=CONFIRMED, state=2}
2022-06-26 16:59:34.010041 5894f5bae910a7be2366f9518f0baedb INFO Added new state to order's history {externalId=427_62b874456f712, orderId=79, orderReference=GGDLDWXYJ,  paymentId=BL33-BA1-P4Z-XJM, paymentStatus=CONFIRMED, state=2, historyId=295}
2022-06-26 16:59:34.014094 5894f5bae910a7be2366f9518f0baedb DEBUG Successfully updated payment data {paymentId=BL33-BA1-P4Z-XJM, status=CONFIRMED}
2022-06-26 16:59:34.015010 5894f5bae910a7be2366f9518f0baedb INFO Changed order's state {cartId=427, externalId=427_62b874456f712, orderReference=GGDLDWXYJ, paymentId=BL33-BA1-P4Z-XJM, status=CONFIRMED}
2022-06-26 16:59:47.651040 3fccf75dca59b22bd433c96e3e89cb38 INFO Checking order's payment status {externalId=427_62b874456f712}
