2022-07-01 15:39:05.614051 fe02d1f31092b2b0683033b7c8ab4366 DEBUG Setting optimistic lock on paynow data {cartId=444, externalId=}
2022-07-01 15:39:05.617377 fe02d1f31092b2b0683033b7c8ab4366 WARNING Can't set optimistic lock due empty payment data {cartId=444}
2022-07-01 15:39:05.618463 fe02d1f31092b2b0683033b7c8ab4366 INFO Creating an order from cart {cartId=444, externalId=}
2022-07-01 15:39:06.509182 fe02d1f31092b2b0683033b7c8ab4366 INFO An order has been successfully created {cartId=444, externalId=, orderId=82, orderReference=KLPMSJQPC, paymentId=}
2022-07-01 15:39:06.510423 fe02d1f31092b2b0683033b7c8ab4366 DEBUG Unsetting optimistic lock on paynow data {cartId=444, externalId=}
2022-07-01 15:39:06.511785 fe02d1f31092b2b0683033b7c8ab4366 WARNING Can't unset optimistic lock due empty payment data {cartId=444}
2022-07-01 15:39:06.514121 fe02d1f31092b2b0683033b7c8ab4366 INFO Processing payment for order {cartId=444, externalId=KLPMSJQPC, orderId=82, orderReference=KLPMSJQPC}
2022-07-01 15:39:07.302431 fe02d1f31092b2b0683033b7c8ab4366 DEBUG Created paynow data entry {cartId=444, externalId=KLPMSJQPC}
2022-07-01 15:39:07.303302 fe02d1f31092b2b0683033b7c8ab4366 INFO Payment has been successfully created {cartId=444, externalId=KLPMSJQPC, paymentId=PBM5-Z5O-IBH-3CO, status=NEW}
2022-07-01 15:39:07.712867 5894f5bae910a7be2366f9518f0baedb INFO Incoming notification {externalId=KLPMSJQPC, paymentId=PBM5-Z5O-IBH-3CO, status=NEW}
2022-07-01 15:39:07.716715 5894f5bae910a7be2366f9518f0baedb INFO Processing order's state update {cartId=444, externalId=KLPMSJQPC, orderId=82, orderReference=KLPMSJQPC, paymentId=PBM5-Z5O-IBH-3CO, fromStatus=NEW, toStatus=NEW}
2022-07-01 15:39:07.720266 5894f5bae910a7be2366f9518f0baedb DEBUG Successfully updated payment data {paymentId=PBM5-Z5O-IBH-3CO, status=NEW}
2022-07-01 15:39:07.721134 5894f5bae910a7be2366f9518f0baedb INFO Changed order's state {cartId=444, externalId=KLPMSJQPC, orderReference=KLPMSJQPC, paymentId=PBM5-Z5O-IBH-3CO, status=NEW}
2022-07-01 15:39:17.979434 5894f5bae910a7be2366f9518f0baedb INFO Incoming notification {externalId=KLPMSJQPC, paymentId=PBM5-Z5O-IBH-3CO, status=PENDING}
2022-07-01 15:39:17.983014 5894f5bae910a7be2366f9518f0baedb INFO Processing order's state update {cartId=444, externalId=KLPMSJQPC, orderId=82, orderReference=KLPMSJQPC, paymentId=PBM5-Z5O-IBH-3CO, fromStatus=NEW, toStatus=PENDING}
2022-07-01 15:39:17.985882 5894f5bae910a7be2366f9518f0baedb DEBUG Successfully updated payment data {paymentId=PBM5-Z5O-IBH-3CO, status=PENDING}
2022-07-01 15:39:17.986747 5894f5bae910a7be2366f9518f0baedb INFO Changed order's state {cartId=444, externalId=KLPMSJQPC, orderReference=KLPMSJQPC, paymentId=PBM5-Z5O-IBH-3CO, status=PENDING}
2022-07-01 15:39:30.490577 5894f5bae910a7be2366f9518f0baedb INFO Incoming notification {externalId=KLPMSJQPC, paymentId=PBM5-Z5O-IBH-3CO, status=REJECTED}
2022-07-01 15:39:30.493666 5894f5bae910a7be2366f9518f0baedb INFO Processing order's state update {cartId=444, externalId=KLPMSJQPC, orderId=82, orderReference=KLPMSJQPC, paymentId=PBM5-Z5O-IBH-3CO, fromStatus=PENDING, toStatus=REJECTED}
2022-07-01 15:39:30.497872 5894f5bae910a7be2366f9518f0baedb DEBUG Successfully updated payment data {paymentId=PBM5-Z5O-IBH-3CO, status=REJECTED}
2022-07-01 15:39:30.498884 5894f5bae910a7be2366f9518f0baedb INFO Changed order's state {cartId=444, externalId=KLPMSJQPC, orderReference=KLPMSJQPC, paymentId=PBM5-Z5O-IBH-3CO, status=REJECTED}
2022-07-01 15:42:08.567693 fe02d1f31092b2b0683033b7c8ab4366 INFO Processing payment for cart {cartId=445, externalId=445_62bef9b08a982}
2022-07-01 15:42:10.220007 fe02d1f31092b2b0683033b7c8ab4366 DEBUG Created paynow data entry {cartId=445, externalId=445_62bef9b08a982}
2022-07-01 15:42:10.220789 fe02d1f31092b2b0683033b7c8ab4366 INFO Payment has been successfully created {cartId=445, externalId=445_62bef9b08a982, paymentId=BLD1-XSC-TI8-26X, status=PENDING}
2022-07-01 15:42:10.222755 fe02d1f31092b2b0683033b7c8ab4366 DEBUG Setting optimistic lock on paynow data {cartId=445, externalId=445_62bef9b08a982}
2022-07-01 15:42:10.225049 fe02d1f31092b2b0683033b7c8ab4366 DEBUG Successfully set up optimistic lock on paynow data {externalId=445_62bef9b08a982}
2022-07-01 15:42:10.225991 fe02d1f31092b2b0683033b7c8ab4366 INFO Creating an order from cart {cartId=445, externalId=445_62bef9b08a982}
2022-07-01 15:42:10.543735 5894f5bae910a7be2366f9518f0baedb INFO Incoming notification {externalId=445_62bef9b08a982, paymentId=BLD1-XSC-TI8-26X, status=PENDING}
2022-07-01 15:42:10.546614 5894f5bae910a7be2366f9518f0baedb INFO Processing order's state update {cartId=445, externalId=445_62bef9b08a982, orderId=0, orderReference=, paymentId=BLD1-XSC-TI8-26X, fromStatus=NEW, toStatus=PENDING}
2022-07-01 15:42:10.547686 5894f5bae910a7be2366f9518f0baedb WARNING An order does not exists {cartId=445, externalId=445_62bef9b08a982, orderId=0, orderReference=, paymentId=BLD1-XSC-TI8-26X}
2022-07-01 15:42:10.788233 5894f5bae910a7be2366f9518f0baedb INFO Incoming notification {externalId=445_62bef9b08a982, paymentId=BLD1-XSC-TI8-26X, status=NEW}
2022-07-01 15:42:10.790968 5894f5bae910a7be2366f9518f0baedb INFO Processing order's state update {cartId=445, externalId=445_62bef9b08a982, orderId=0, orderReference=, paymentId=BLD1-XSC-TI8-26X, fromStatus=NEW, toStatus=NEW}
2022-07-01 15:42:10.792356 5894f5bae910a7be2366f9518f0baedb WARNING An order does not exists {cartId=445, externalId=445_62bef9b08a982, orderId=0, orderReference=, paymentId=BLD1-XSC-TI8-26X}
2022-07-01 15:42:10.966347 fe02d1f31092b2b0683033b7c8ab4366 INFO An order has been successfully created {cartId=445, externalId=445_62bef9b08a982, orderId=83, orderReference=AEKUYGGSB, paymentId=BLD1-XSC-TI8-26X}
2022-07-01 15:42:10.967403 fe02d1f31092b2b0683033b7c8ab4366 DEBUG Unsetting optimistic lock on paynow data {cartId=445, externalId=445_62bef9b08a982}
2022-07-01 15:42:10.969459 fe02d1f31092b2b0683033b7c8ab4366 DEBUG Successfully unset optimistic lock on paynow data {externalId=445_62bef9b08a982}
2022-07-01 15:42:10.971740 fe02d1f31092b2b0683033b7c8ab4366 DEBUG Successfully updated payment data {orderId=83, orderReference=AEKUYGGSB, paymentId=BLD1-XSC-TI8-26X}
2022-07-01 15:42:11.478806 fe02d1f31092b2b0683033b7c8ab4366 INFO Retrieving payment status {paymentId=BLD1-XSC-TI8-26X}
2022-07-01 15:42:11.565593 fe02d1f31092b2b0683033b7c8ab4366 INFO Retrieved payment status {paymentId=BLD1-XSC-TI8-26X, status=PENDING}
2022-07-01 15:42:11.566376 fe02d1f31092b2b0683033b7c8ab4366 INFO Processing order's state update {cartId=445, externalId=445_62bef9b08a982, orderId=83, orderReference=AEKUYGGSB, paymentId=BLD1-XSC-TI8-26X, fromStatus=NEW, toStatus=PENDING}
2022-07-01 15:42:11.568793 fe02d1f31092b2b0683033b7c8ab4366 DEBUG Successfully updated payment data {paymentId=BLD1-XSC-TI8-26X, status=PENDING}
2022-07-01 15:42:11.569504 fe02d1f31092b2b0683033b7c8ab4366 INFO Changed order's state {cartId=445, externalId=445_62bef9b08a982, orderReference=AEKUYGGSB, paymentId=BLD1-XSC-TI8-26X, status=PENDING}
2022-07-01 15:42:15.438539 fe02d1f31092b2b0683033b7c8ab4366 INFO Checking order's payment status {externalId=445_62bef9b08a982}
2022-07-01 15:42:15.440104 fe02d1f31092b2b0683033b7c8ab4366 INFO Retrieving payment status {paymentId=BLD1-XSC-TI8-26X}
2022-07-01 15:42:15.529330 fe02d1f31092b2b0683033b7c8ab4366 INFO Retrieved payment status {paymentId=BLD1-XSC-TI8-26X, status=PENDING}
2022-07-01 15:42:15.531517 fe02d1f31092b2b0683033b7c8ab4366 INFO Processing order's state update {cartId=445, externalId=445_62bef9b08a982, orderId=83, orderReference=AEKUYGGSB, paymentId=BLD1-XSC-TI8-26X, fromStatus=PENDING, toStatus=PENDING}
2022-07-01 15:42:15.533229 fe02d1f31092b2b0683033b7c8ab4366 ERROR An error occurred during updating state {code=0, externalId=445_62bef9b08a982, paymentId=BLD1-XSC-TI8-26X, status=PENDING, message=Status transition is incorrect PENDING - PENDING}
2022-07-01 15:42:18.391563 fe02d1f31092b2b0683033b7c8ab4366 INFO Checking order's payment status {externalId=445_62bef9b08a982}
2022-07-01 15:42:18.393105 fe02d1f31092b2b0683033b7c8ab4366 INFO Retrieving payment status {paymentId=BLD1-XSC-TI8-26X}
2022-07-01 15:42:18.510010 fe02d1f31092b2b0683033b7c8ab4366 INFO Retrieved payment status {paymentId=BLD1-XSC-TI8-26X, status=PENDING}
2022-07-01 15:42:18.511606 fe02d1f31092b2b0683033b7c8ab4366 INFO Processing order's state update {cartId=445, externalId=445_62bef9b08a982, orderId=83, orderReference=AEKUYGGSB, paymentId=BLD1-XSC-TI8-26X, fromStatus=PENDING, toStatus=PENDING}
2022-07-01 15:42:18.513020 fe02d1f31092b2b0683033b7c8ab4366 ERROR An error occurred during updating state {code=0, externalId=445_62bef9b08a982, paymentId=BLD1-XSC-TI8-26X, status=PENDING, message=Status transition is incorrect PENDING - PENDING}
2022-07-01 15:42:19.486915 5894f5bae910a7be2366f9518f0baedb INFO Incoming notification {externalId=445_62bef9b08a982, paymentId=BLD1-XSC-TI8-26X, status=REJECTED}
2022-07-01 15:42:19.489505 5894f5bae910a7be2366f9518f0baedb INFO Processing order's state update {cartId=445, externalId=445_62bef9b08a982, orderId=83, orderReference=AEKUYGGSB, paymentId=BLD1-XSC-TI8-26X, fromStatus=PENDING, toStatus=REJECTED}
2022-07-01 15:42:19.493351 5894f5bae910a7be2366f9518f0baedb DEBUG Successfully updated payment data {paymentId=BLD1-XSC-TI8-26X, status=REJECTED}
2022-07-01 15:42:19.494174 5894f5bae910a7be2366f9518f0baedb INFO Changed order's state {cartId=445, externalId=445_62bef9b08a982, orderReference=AEKUYGGSB, paymentId=BLD1-XSC-TI8-26X, status=REJECTED}
2022-07-01 15:42:21.402839 fe02d1f31092b2b0683033b7c8ab4366 INFO Checking order's payment status {externalId=445_62bef9b08a982}
2022-07-01 15:42:21.404685 fe02d1f31092b2b0683033b7c8ab4366 INFO Retrieving payment status {paymentId=BLD1-XSC-TI8-26X}
2022-07-01 15:42:21.494290 fe02d1f31092b2b0683033b7c8ab4366 INFO Retrieved payment status {paymentId=BLD1-XSC-TI8-26X, status=REJECTED}
2022-07-01 15:42:21.496206 fe02d1f31092b2b0683033b7c8ab4366 INFO Processing order's state update {cartId=445, externalId=445_62bef9b08a982, orderId=83, orderReference=AEKUYGGSB, paymentId=BLD1-XSC-TI8-26X, fromStatus=REJECTED, toStatus=REJECTED}
2022-07-01 15:42:21.497744 fe02d1f31092b2b0683033b7c8ab4366 ERROR An error occurred during updating state {code=0, externalId=445_62bef9b08a982, paymentId=BLD1-XSC-TI8-26X, status=REJECTED, message=Status transition is incorrect REJECTED - REJECTED}
