2022-12-06 0:15:43.601310 a1e7ec4b9baf6577b194491eda1ddfa1 INFO Processing payment for cart {cartId=857, externalId=857_638e7b9f92cd4}
2022-12-06 0:15:46.636167 a1e7ec4b9baf6577b194491eda1ddfa1 ERROR An error occurred during sending payment request {code=0, externalId=857_638e7b9f92cd4, message=Idle timeout reached for "https://api.paynow.pl/v1/payments".,}
2022-12-06 0:15:47.209647 685d153b262b5fdb3d140f718b90c7ae INFO Incoming notification {externalId=857_638e7b9f92cd4, paymentId=BL1Z-5FA-WGG-JHA, status=NEW}
2022-12-06 0:15:47.211898 685d153b262b5fdb3d140f718b90c7ae WARNING Payment for order or cart not exists {externalId=857_638e7b9f92cd4, paymentId=BL1Z-5FA-WGG-JHA, status=NEW}
2022-12-06 0:15:47.431844 5894f5bae910a7be2366f9518f0baedb INFO Incoming notification {externalId=857_638e7b9f92cd4, paymentId=BL1Z-5FA-WGG-JHA, status=PENDING}
2022-12-06 0:15:47.433700 5894f5bae910a7be2366f9518f0baedb WARNING Payment for order or cart not exists {externalId=857_638e7b9f92cd4, paymentId=BL1Z-5FA-WGG-JHA, status=PENDING}
2022-12-06 0:15:55.822891 685d153b262b5fdb3d140f718b90c7ae INFO Incoming notification {externalId=857_638e7b9f92cd4, paymentId=BL1Z-5FA-WGG-JHA, status=CONFIRMED}
2022-12-06 0:15:55.824945 685d153b262b5fdb3d140f718b90c7ae WARNING Payment for order or cart not exists {externalId=857_638e7b9f92cd4, paymentId=BL1Z-5FA-WGG-JHA, status=CONFIRMED}
2022-12-06 0:16:19.464553 a1e7ec4b9baf6577b194491eda1ddfa1 INFO Processing payment for cart {cartId=857, externalId=857_638e7bc37169f}
2022-12-06 0:16:20.649662 a1e7ec4b9baf6577b194491eda1ddfa1 ERROR An error occurred during payment request process {code=400, errorType=AUTHORIZATION_CODE_USED, externalId=857_638e7bc37169f, message=Cannot process payment}
2022-12-06 0:16:47.900144 5894f5bae910a7be2366f9518f0baedb INFO Incoming notification {externalId=857_638e7b9f92cd4, paymentId=BL1Z-5FA-WGG-JHA, status=NEW}
2022-12-06 0:16:47.902276 5894f5bae910a7be2366f9518f0baedb WARNING Payment for order or cart not exists {externalId=857_638e7b9f92cd4, paymentId=BL1Z-5FA-WGG-JHA, status=NEW}
2022-12-06 0:16:47.911334 5894f5bae910a7be2366f9518f0baedb INFO Incoming notification {externalId=857_638e7b9f92cd4, paymentId=BL1Z-5FA-WGG-JHA, status=PENDING}
2022-12-06 0:16:47.913355 5894f5bae910a7be2366f9518f0baedb WARNING Payment for order or cart not exists {externalId=857_638e7b9f92cd4, paymentId=BL1Z-5FA-WGG-JHA, status=PENDING}
2022-12-06 0:16:56.394047 5894f5bae910a7be2366f9518f0baedb INFO Incoming notification {externalId=857_638e7b9f92cd4, paymentId=BL1Z-5FA-WGG-JHA, status=CONFIRMED}
2022-12-06 0:16:56.396167 5894f5bae910a7be2366f9518f0baedb WARNING Payment for order or cart not exists {externalId=857_638e7b9f92cd4, paymentId=BL1Z-5FA-WGG-JHA, status=CONFIRMED}
2022-12-06 0:17:48.619858 5894f5bae910a7be2366f9518f0baedb INFO Incoming notification {externalId=857_638e7b9f92cd4, paymentId=BL1Z-5FA-WGG-JHA, status=NEW}
2022-12-06 0:17:48.620085 685d153b262b5fdb3d140f718b90c7ae INFO Incoming notification {externalId=857_638e7b9f92cd4, paymentId=BL1Z-5FA-WGG-JHA, status=PENDING}
2022-12-06 0:17:48.622100 5894f5bae910a7be2366f9518f0baedb WARNING Payment for order or cart not exists {externalId=857_638e7b9f92cd4, paymentId=BL1Z-5FA-WGG-JHA, status=NEW}
2022-12-06 0:17:48.622596 685d153b262b5fdb3d140f718b90c7ae WARNING Payment for order or cart not exists {externalId=857_638e7b9f92cd4, paymentId=BL1Z-5FA-WGG-JHA, status=PENDING}
2022-12-06 0:17:56.918749 5894f5bae910a7be2366f9518f0baedb INFO Incoming notification {externalId=857_638e7b9f92cd4, paymentId=BL1Z-5FA-WGG-JHA, status=CONFIRMED}
2022-12-06 0:17:56.920788 5894f5bae910a7be2366f9518f0baedb WARNING Payment for order or cart not exists {externalId=857_638e7b9f92cd4, paymentId=BL1Z-5FA-WGG-JHA, status=CONFIRMED}
2022-12-06 0:18:49.275105 5894f5bae910a7be2366f9518f0baedb INFO Incoming notification {externalId=857_638e7b9f92cd4, paymentId=BL1Z-5FA-WGG-JHA, status=PENDING}
2022-12-06 0:18:49.277678 5894f5bae910a7be2366f9518f0baedb WARNING Payment for order or cart not exists {externalId=857_638e7b9f92cd4, paymentId=BL1Z-5FA-WGG-JHA, status=PENDING}
2022-12-06 0:18:49.293976 685d153b262b5fdb3d140f718b90c7ae INFO Incoming notification {externalId=857_638e7b9f92cd4, paymentId=BL1Z-5FA-WGG-JHA, status=NEW}
2022-12-06 0:18:49.295835 685d153b262b5fdb3d140f718b90c7ae WARNING Payment for order or cart not exists {externalId=857_638e7b9f92cd4, paymentId=BL1Z-5FA-WGG-JHA, status=NEW}
2022-12-06 0:18:57.394145 5894f5bae910a7be2366f9518f0baedb INFO Incoming notification {externalId=857_638e7b9f92cd4, paymentId=BL1Z-5FA-WGG-JHA, status=CONFIRMED}
2022-12-06 0:18:57.396281 5894f5bae910a7be2366f9518f0baedb WARNING Payment for order or cart not exists {externalId=857_638e7b9f92cd4, paymentId=BL1Z-5FA-WGG-JHA, status=CONFIRMED}
2022-12-06 0:20:49.816922 5894f5bae910a7be2366f9518f0baedb INFO Incoming notification {externalId=857_638e7b9f92cd4, paymentId=BL1Z-5FA-WGG-JHA, status=PENDING}
2022-12-06 0:20:49.819523 5894f5bae910a7be2366f9518f0baedb WARNING Payment for order or cart not exists {externalId=857_638e7b9f92cd4, paymentId=BL1Z-5FA-WGG-JHA, status=PENDING}
2022-12-06 0:20:49.841455 5894f5bae910a7be2366f9518f0baedb INFO Incoming notification {externalId=857_638e7b9f92cd4, paymentId=BL1Z-5FA-WGG-JHA, status=NEW}
2022-12-06 0:20:49.844039 5894f5bae910a7be2366f9518f0baedb WARNING Payment for order or cart not exists {externalId=857_638e7b9f92cd4, paymentId=BL1Z-5FA-WGG-JHA, status=NEW}
2022-12-06 0:20:57.914172 5894f5bae910a7be2366f9518f0baedb INFO Incoming notification {externalId=857_638e7b9f92cd4, paymentId=BL1Z-5FA-WGG-JHA, status=CONFIRMED}
2022-12-06 0:20:57.916134 5894f5bae910a7be2366f9518f0baedb WARNING Payment for order or cart not exists {externalId=857_638e7b9f92cd4, paymentId=BL1Z-5FA-WGG-JHA, status=CONFIRMED}
2022-12-06 0:25:50.390618 685d153b262b5fdb3d140f718b90c7ae INFO Incoming notification {externalId=857_638e7b9f92cd4, paymentId=BL1Z-5FA-WGG-JHA, status=PENDING}
2022-12-06 0:25:50.392616 685d153b262b5fdb3d140f718b90c7ae WARNING Payment for order or cart not exists {externalId=857_638e7b9f92cd4, paymentId=BL1Z-5FA-WGG-JHA, status=PENDING}
2022-12-06 0:25:50.444643 5894f5bae910a7be2366f9518f0baedb INFO Incoming notification {externalId=857_638e7b9f92cd4, paymentId=BL1Z-5FA-WGG-JHA, status=NEW}
2022-12-06 0:25:50.449533 5894f5bae910a7be2366f9518f0baedb WARNING Payment for order or cart not exists {externalId=857_638e7b9f92cd4, paymentId=BL1Z-5FA-WGG-JHA, status=NEW}
2022-12-06 0:25:58.466098 5894f5bae910a7be2366f9518f0baedb INFO Incoming notification {externalId=857_638e7b9f92cd4, paymentId=BL1Z-5FA-WGG-JHA, status=CONFIRMED}
2022-12-06 0:25:58.468122 5894f5bae910a7be2366f9518f0baedb WARNING Payment for order or cart not exists {externalId=857_638e7b9f92cd4, paymentId=BL1Z-5FA-WGG-JHA, status=CONFIRMED}
2022-12-06 0:40:50.932415 685d153b262b5fdb3d140f718b90c7ae INFO Incoming notification {externalId=857_638e7b9f92cd4, paymentId=BL1Z-5FA-WGG-JHA, status=PENDING}
2022-12-06 0:40:50.934861 685d153b262b5fdb3d140f718b90c7ae WARNING Payment for order or cart not exists {externalId=857_638e7b9f92cd4, paymentId=BL1Z-5FA-WGG-JHA, status=PENDING}
2022-12-06 0:40:51.048194 5894f5bae910a7be2366f9518f0baedb INFO Incoming notification {externalId=857_638e7b9f92cd4, paymentId=BL1Z-5FA-WGG-JHA, status=NEW}
2022-12-06 0:40:51.050246 5894f5bae910a7be2366f9518f0baedb WARNING Payment for order or cart not exists {externalId=857_638e7b9f92cd4, paymentId=BL1Z-5FA-WGG-JHA, status=NEW}
2022-12-06 0:40:58.963092 5894f5bae910a7be2366f9518f0baedb INFO Incoming notification {externalId=857_638e7b9f92cd4, paymentId=BL1Z-5FA-WGG-JHA, status=CONFIRMED}
2022-12-06 0:40:58.965173 5894f5bae910a7be2366f9518f0baedb WARNING Payment for order or cart not exists {externalId=857_638e7b9f92cd4, paymentId=BL1Z-5FA-WGG-JHA, status=CONFIRMED}
2022-12-06 1:11:04.734344 685d153b262b5fdb3d140f718b90c7ae INFO Incoming notification {externalId=857_638e7b9f92cd4, paymentId=BL1Z-5FA-WGG-JHA, status=CONFIRMED}
2022-12-06 1:11:04.736407 685d153b262b5fdb3d140f718b90c7ae WARNING Payment for order or cart not exists {externalId=857_638e7b9f92cd4, paymentId=BL1Z-5FA-WGG-JHA, status=CONFIRMED}
2022-12-06 1:11:06.823909 685d153b262b5fdb3d140f718b90c7ae INFO Incoming notification {externalId=857_638e7b9f92cd4, paymentId=BL1Z-5FA-WGG-JHA, status=NEW}
2022-12-06 1:11:06.825851 685d153b262b5fdb3d140f718b90c7ae WARNING Payment for order or cart not exists {externalId=857_638e7b9f92cd4, paymentId=BL1Z-5FA-WGG-JHA, status=NEW}
2022-12-06 2:11:05.332721 5894f5bae910a7be2366f9518f0baedb INFO Incoming notification {externalId=857_638e7b9f92cd4, paymentId=BL1Z-5FA-WGG-JHA, status=CONFIRMED}
2022-12-06 2:11:05.334954 5894f5bae910a7be2366f9518f0baedb WARNING Payment for order or cart not exists {externalId=857_638e7b9f92cd4, paymentId=BL1Z-5FA-WGG-JHA, status=CONFIRMED}
2022-12-06 2:11:11.646109 5894f5bae910a7be2366f9518f0baedb INFO Incoming notification {externalId=857_638e7b9f92cd4, paymentId=BL1Z-5FA-WGG-JHA, status=PENDING}
2022-12-06 2:11:11.647888 5894f5bae910a7be2366f9518f0baedb WARNING Payment for order or cart not exists {externalId=857_638e7b9f92cd4, paymentId=BL1Z-5FA-WGG-JHA, status=PENDING}
2022-12-06 2:11:11.832087 5894f5bae910a7be2366f9518f0baedb INFO Incoming notification {externalId=857_638e7b9f92cd4, paymentId=BL1Z-5FA-WGG-JHA, status=NEW}
2022-12-06 2:11:11.834620 5894f5bae910a7be2366f9518f0baedb WARNING Payment for order or cart not exists {externalId=857_638e7b9f92cd4, paymentId=BL1Z-5FA-WGG-JHA, status=NEW}
2022-12-06 4:11:05.956393 685d153b262b5fdb3d140f718b90c7ae INFO Incoming notification {externalId=857_638e7b9f92cd4, paymentId=BL1Z-5FA-WGG-JHA, status=CONFIRMED}
2022-12-06 4:11:05.960079 685d153b262b5fdb3d140f718b90c7ae WARNING Payment for order or cart not exists {externalId=857_638e7b9f92cd4, paymentId=BL1Z-5FA-WGG-JHA, status=CONFIRMED}
2022-12-06 4:11:12.317800 5894f5bae910a7be2366f9518f0baedb INFO Incoming notification {externalId=857_638e7b9f92cd4, paymentId=BL1Z-5FA-WGG-JHA, status=PENDING}
2022-12-06 4:11:12.320162 5894f5bae910a7be2366f9518f0baedb WARNING Payment for order or cart not exists {externalId=857_638e7b9f92cd4, paymentId=BL1Z-5FA-WGG-JHA, status=PENDING}
2022-12-06 4:11:12.516561 685d153b262b5fdb3d140f718b90c7ae INFO Incoming notification {externalId=857_638e7b9f92cd4, paymentId=BL1Z-5FA-WGG-JHA, status=NEW}
2022-12-06 4:11:12.518754 685d153b262b5fdb3d140f718b90c7ae WARNING Payment for order or cart not exists {externalId=857_638e7b9f92cd4, paymentId=BL1Z-5FA-WGG-JHA, status=NEW}
2022-12-06 8:11:06.490951 685d153b262b5fdb3d140f718b90c7ae INFO Incoming notification {externalId=857_638e7b9f92cd4, paymentId=BL1Z-5FA-WGG-JHA, status=CONFIRMED}
2022-12-06 8:11:06.493828 685d153b262b5fdb3d140f718b90c7ae WARNING Payment for order or cart not exists {externalId=857_638e7b9f92cd4, paymentId=BL1Z-5FA-WGG-JHA, status=CONFIRMED}
2022-12-06 8:11:12.908998 5894f5bae910a7be2366f9518f0baedb INFO Incoming notification {externalId=857_638e7b9f92cd4, paymentId=BL1Z-5FA-WGG-JHA, status=PENDING}
2022-12-06 8:11:12.910780 5894f5bae910a7be2366f9518f0baedb WARNING Payment for order or cart not exists {externalId=857_638e7b9f92cd4, paymentId=BL1Z-5FA-WGG-JHA, status=PENDING}
2022-12-06 8:11:13.104994 685d153b262b5fdb3d140f718b90c7ae INFO Incoming notification {externalId=857_638e7b9f92cd4, paymentId=BL1Z-5FA-WGG-JHA, status=NEW}
2022-12-06 8:11:13.106844 685d153b262b5fdb3d140f718b90c7ae WARNING Payment for order or cart not exists {externalId=857_638e7b9f92cd4, paymentId=BL1Z-5FA-WGG-JHA, status=NEW}
2022-12-06 16:11:07.060404 685d153b262b5fdb3d140f718b90c7ae INFO Incoming notification {externalId=857_638e7b9f92cd4, paymentId=BL1Z-5FA-WGG-JHA, status=CONFIRMED}
2022-12-06 16:11:07.065155 685d153b262b5fdb3d140f718b90c7ae WARNING Payment for order or cart not exists {externalId=857_638e7b9f92cd4, paymentId=BL1Z-5FA-WGG-JHA, status=CONFIRMED}
2022-12-06 16:11:13.464174 5894f5bae910a7be2366f9518f0baedb INFO Incoming notification {externalId=857_638e7b9f92cd4, paymentId=BL1Z-5FA-WGG-JHA, status=PENDING}
2022-12-06 16:11:13.466221 5894f5bae910a7be2366f9518f0baedb WARNING Payment for order or cart not exists {externalId=857_638e7b9f92cd4, paymentId=BL1Z-5FA-WGG-JHA, status=PENDING}
2022-12-06 16:11:13.630840 5894f5bae910a7be2366f9518f0baedb INFO Incoming notification {externalId=857_638e7b9f92cd4, paymentId=BL1Z-5FA-WGG-JHA, status=NEW}
2022-12-06 16:11:13.632759 5894f5bae910a7be2366f9518f0baedb WARNING Payment for order or cart not exists {externalId=857_638e7b9f92cd4, paymentId=BL1Z-5FA-WGG-JHA, status=NEW}
