2022-11-03 11:57:30.142990 36fd44f1b089717219614697dc10392c ERROR Error occurred during retrieving github latest release information {message=I}
2022-11-03 20:21:15.401429 926194b5f771e6ec53a27d6de5501702 INFO Processing payment for cart {cartId=771, externalId=771_636414ab62005}
2022-11-03 20:21:17.717381 926194b5f771e6ec53a27d6de5501702 DEBUG Created paynow data entry {cartId=771, externalId=771_636414ab62005}
2022-11-03 20:21:17.718132 926194b5f771e6ec53a27d6de5501702 INFO Payment has been successfully created {cartId=771, externalId=771_636414ab62005, paymentId=BL06-HYX-BD6-ERI, status=PENDING}
2022-11-03 20:21:17.719383 926194b5f771e6ec53a27d6de5501702 DEBUG Setting optimistic lock on paynow data {cartId=771, externalId=771_636414ab62005}
2022-11-03 20:21:17.721369 926194b5f771e6ec53a27d6de5501702 DEBUG Successfully set up optimistic lock on paynow data {externalId=771_636414ab62005}
2022-11-03 20:21:17.721992 926194b5f771e6ec53a27d6de5501702 INFO Creating an order from cart {cartId=771, externalId=771_636414ab62005}
2022-11-03 20:21:18.009401 685d153b262b5fdb3d140f718b90c7ae INFO Incoming notification {externalId=771_636414ab62005, paymentId=BL06-HYX-BD6-ERI, status=PENDING}
2022-11-03 20:21:18.013252 685d153b262b5fdb3d140f718b90c7ae INFO Processing order's state update {cartId=771, externalId=771_636414ab62005, orderId=0, orderReference=, paymentId=BL06-HYX-BD6-ERI, fromStatus=NEW, toStatus=PENDING}
2022-11-03 20:21:18.014187 685d153b262b5fdb3d140f718b90c7ae WARNING An order does not exists {cartId=771, externalId=771_636414ab62005, orderId=0, orderReference=, paymentId=BL06-HYX-BD6-ERI}
2022-11-03 20:21:18.071873 5894f5bae910a7be2366f9518f0baedb INFO Incoming notification {externalId=771_636414ab62005, paymentId=BL06-HYX-BD6-ERI, status=NEW}
2022-11-03 20:21:18.075426 5894f5bae910a7be2366f9518f0baedb INFO Processing order's state update {cartId=771, externalId=771_636414ab62005, orderId=0, orderReference=, paymentId=BL06-HYX-BD6-ERI, fromStatus=NEW, toStatus=NEW}
2022-11-03 20:21:18.076493 5894f5bae910a7be2366f9518f0baedb WARNING An order does not exists {cartId=771, externalId=771_636414ab62005, orderId=0, orderReference=, paymentId=BL06-HYX-BD6-ERI}
2022-11-03 20:21:19.571173 926194b5f771e6ec53a27d6de5501702 INFO An order has been successfully created {cartId=771, externalId=771_636414ab62005, orderId=179, orderReference=QSBLKREFX, paymentId=BL06-HYX-BD6-ERI}
2022-11-03 20:21:19.571876 926194b5f771e6ec53a27d6de5501702 DEBUG Unsetting optimistic lock on paynow data {cartId=771, externalId=771_636414ab62005}
2022-11-03 20:21:19.574609 926194b5f771e6ec53a27d6de5501702 DEBUG Successfully unset optimistic lock on paynow data {externalId=771_636414ab62005}
2022-11-03 20:21:19.576963 926194b5f771e6ec53a27d6de5501702 DEBUG Successfully updated payment data {orderId=179, orderReference=QSBLKREFX, paymentId=BL06-HYX-BD6-ERI}
2022-11-03 20:21:20.325057 926194b5f771e6ec53a27d6de5501702 INFO Retrieving payment status {paymentId=BL06-HYX-BD6-ERI}
2022-11-03 20:21:20.423825 926194b5f771e6ec53a27d6de5501702 INFO Retrieved payment status {paymentId=BL06-HYX-BD6-ERI, status=PENDING}
2022-11-03 20:21:20.424635 926194b5f771e6ec53a27d6de5501702 INFO Processing order's state update {cartId=771, externalId=771_636414ab62005, orderId=179, orderReference=QSBLKREFX, paymentId=BL06-HYX-BD6-ERI, fromStatus=NEW, toStatus=PENDING}
2022-11-03 20:21:20.427267 926194b5f771e6ec53a27d6de5501702 DEBUG Successfully updated payment data {paymentId=BL06-HYX-BD6-ERI, status=PENDING}
2022-11-03 20:21:20.427993 926194b5f771e6ec53a27d6de5501702 INFO Changed order's state {cartId=771, externalId=771_636414ab62005, orderReference=QSBLKREFX, paymentId=BL06-HYX-BD6-ERI, status=PENDING}
2022-11-03 20:21:26.634944 926194b5f771e6ec53a27d6de5501702 INFO Checking order's payment status {externalId=771_636414ab62005}
2022-11-03 20:21:26.636562 926194b5f771e6ec53a27d6de5501702 INFO Retrieving payment status {paymentId=BL06-HYX-BD6-ERI}
2022-11-03 20:21:26.741909 926194b5f771e6ec53a27d6de5501702 INFO Retrieved payment status {paymentId=BL06-HYX-BD6-ERI, status=PENDING}
2022-11-03 20:21:26.743357 926194b5f771e6ec53a27d6de5501702 INFO Processing order's state update {cartId=771, externalId=771_636414ab62005, orderId=179, orderReference=QSBLKREFX, paymentId=BL06-HYX-BD6-ERI, fromStatus=PENDING, toStatus=PENDING}
2022-11-03 20:21:26.744604 926194b5f771e6ec53a27d6de5501702 ERROR An error occurred during updating state {code=0, externalId=771_636414ab62005, paymentId=BL06-HYX-BD6-ERI, status=PENDING, message=Status transition is incorrect PENDING - PENDING}
2022-11-03 20:21:29.608444 926194b5f771e6ec53a27d6de5501702 INFO Checking order's payment status {externalId=771_636414ab62005}
2022-11-03 20:21:29.611809 926194b5f771e6ec53a27d6de5501702 INFO Retrieving payment status {paymentId=BL06-HYX-BD6-ERI}
2022-11-03 20:21:29.716273 926194b5f771e6ec53a27d6de5501702 INFO Retrieved payment status {paymentId=BL06-HYX-BD6-ERI, status=PENDING}
2022-11-03 20:21:29.717614 926194b5f771e6ec53a27d6de5501702 INFO Processing order's state update {cartId=771, externalId=771_636414ab62005, orderId=179, orderReference=QSBLKREFX, paymentId=BL06-HYX-BD6-ERI, fromStatus=PENDING, toStatus=PENDING}
2022-11-03 20:21:29.718867 926194b5f771e6ec53a27d6de5501702 ERROR An error occurred during updating state {code=0, externalId=771_636414ab62005, paymentId=BL06-HYX-BD6-ERI, status=PENDING, message=Status transition is incorrect PENDING - PENDING}
2022-11-03 20:21:32.490178 685d153b262b5fdb3d140f718b90c7ae INFO Incoming notification {externalId=771_636414ab62005, paymentId=BL06-HYX-BD6-ERI, status=CONFIRMED}
2022-11-03 20:21:32.493231 685d153b262b5fdb3d140f718b90c7ae INFO Processing order's state update {cartId=771, externalId=771_636414ab62005, orderId=179, orderReference=QSBLKREFX, paymentId=BL06-HYX-BD6-ERI, fromStatus=PENDING, toStatus=CONFIRMED}
2022-11-03 20:21:32.495424 685d153b262b5fdb3d140f718b90c7ae INFO Adding new state to order's history {externalId=771_636414ab62005, orderId=179, orderReference=QSBLKREFX, paymentId=BL06-HYX-BD6-ERI, paymentStatus=CONFIRMED, state=2}
2022-11-03 20:21:32.582412 926194b5f771e6ec53a27d6de5501702 INFO Checking order's payment status {externalId=771_636414ab62005}
2022-11-03 20:21:32.584073 926194b5f771e6ec53a27d6de5501702 INFO Retrieving payment status {paymentId=BL06-HYX-BD6-ERI}
2022-11-03 20:21:32.688560 926194b5f771e6ec53a27d6de5501702 INFO Retrieved payment status {paymentId=BL06-HYX-BD6-ERI, status=CONFIRMED}
2022-11-03 20:21:32.689902 926194b5f771e6ec53a27d6de5501702 INFO Processing order's state update {cartId=771, externalId=771_636414ab62005, orderId=179, orderReference=QSBLKREFX, paymentId=BL06-HYX-BD6-ERI, fromStatus=PENDING, toStatus=CONFIRMED}
2022-11-03 20:21:32.694066 926194b5f771e6ec53a27d6de5501702 DEBUG Successfully updated payment data {paymentId=BL06-HYX-BD6-ERI, status=CONFIRMED}
2022-11-03 20:21:32.694850 926194b5f771e6ec53a27d6de5501702 INFO Changed order's state {cartId=771, externalId=771_636414ab62005, orderReference=QSBLKREFX, paymentId=BL06-HYX-BD6-ERI, status=CONFIRMED}
2022-11-03 20:21:33.286339 685d153b262b5fdb3d140f718b90c7ae INFO Added new state to order's history {externalId=771_636414ab62005, orderId=179, orderReference=QSBLKREFX,  paymentId=BL06-HYX-BD6-ERI, paymentStatus=CONFIRMED, state=2, historyId=687}
2022-11-03 20:21:33.289128 685d153b262b5fdb3d140f718b90c7ae DEBUG Successfully updated payment data {paymentId=BL06-HYX-BD6-ERI, status=CONFIRMED}
2022-11-03 20:21:33.290023 685d153b262b5fdb3d140f718b90c7ae INFO Changed order's state {cartId=771, externalId=771_636414ab62005, orderReference=QSBLKREFX, paymentId=BL06-HYX-BD6-ERI, status=CONFIRMED}
