2022-10-28 8:14:01.785000 e345beb687503183602e0d1125f3e6d8 INFO Processing payment for cart {cartId=759, externalId=759_635b7329bfa5d}
2022-10-28 8:14:03.885457 e345beb687503183602e0d1125f3e6d8 DEBUG Created paynow data entry {cartId=759, externalId=759_635b7329bfa5d}
2022-10-28 8:14:03.886473 e345beb687503183602e0d1125f3e6d8 INFO Payment has been successfully created {cartId=759, externalId=759_635b7329bfa5d, paymentId=BLZP-703-JIB-SOX, status=PENDING}
2022-10-28 8:14:03.887937 e345beb687503183602e0d1125f3e6d8 DEBUG Setting optimistic lock on paynow data {cartId=759, externalId=759_635b7329bfa5d}
2022-10-28 8:14:03.890090 e345beb687503183602e0d1125f3e6d8 DEBUG Successfully set up optimistic lock on paynow data {externalId=759_635b7329bfa5d}
2022-10-28 8:14:03.891283 e345beb687503183602e0d1125f3e6d8 INFO Creating an order from cart {cartId=759, externalId=759_635b7329bfa5d}
2022-10-28 8:14:04.316378 5894f5bae910a7be2366f9518f0baedb INFO Incoming notification {externalId=759_635b7329bfa5d, paymentId=BLZP-703-JIB-SOX, status=NEW}
2022-10-28 8:14:04.350991 5894f5bae910a7be2366f9518f0baedb INFO Processing order's state update {cartId=759, externalId=759_635b7329bfa5d, orderId=0, orderReference=, paymentId=BLZP-703-JIB-SOX, fromStatus=NEW, toStatus=NEW}
2022-10-28 8:14:04.351983 5894f5bae910a7be2366f9518f0baedb WARNING An order does not exists {cartId=759, externalId=759_635b7329bfa5d, orderId=0, orderReference=, paymentId=BLZP-703-JIB-SOX}
2022-10-28 8:14:04.546240 685d153b262b5fdb3d140f718b90c7ae INFO Incoming notification {externalId=759_635b7329bfa5d, paymentId=BLZP-703-JIB-SOX, status=PENDING}
2022-10-28 8:14:04.549577 685d153b262b5fdb3d140f718b90c7ae INFO Processing order's state update {cartId=759, externalId=759_635b7329bfa5d, orderId=0, orderReference=, paymentId=BLZP-703-JIB-SOX, fromStatus=NEW, toStatus=PENDING}
2022-10-28 8:14:04.550654 685d153b262b5fdb3d140f718b90c7ae WARNING An order does not exists {cartId=759, externalId=759_635b7329bfa5d, orderId=0, orderReference=, paymentId=BLZP-703-JIB-SOX}
2022-10-28 8:14:05.643456 e345beb687503183602e0d1125f3e6d8 INFO An order has been successfully created {cartId=759, externalId=759_635b7329bfa5d, orderId=174, orderReference=LKAMJZLNW, paymentId=BLZP-703-JIB-SOX}
2022-10-28 8:14:05.644680 e345beb687503183602e0d1125f3e6d8 DEBUG Unsetting optimistic lock on paynow data {cartId=759, externalId=759_635b7329bfa5d}
2022-10-28 8:14:05.646949 e345beb687503183602e0d1125f3e6d8 DEBUG Successfully unset optimistic lock on paynow data {externalId=759_635b7329bfa5d}
2022-10-28 8:14:05.648735 e345beb687503183602e0d1125f3e6d8 DEBUG Successfully updated payment data {orderId=174, orderReference=LKAMJZLNW, paymentId=BLZP-703-JIB-SOX}
2022-10-28 8:14:06.395124 e345beb687503183602e0d1125f3e6d8 INFO Retrieving payment status {paymentId=BLZP-703-JIB-SOX}
2022-10-28 8:14:06.532669 e345beb687503183602e0d1125f3e6d8 INFO Retrieved payment status {paymentId=BLZP-703-JIB-SOX, status=PENDING}
2022-10-28 8:14:06.535774 e345beb687503183602e0d1125f3e6d8 INFO Processing order's state update {cartId=759, externalId=759_635b7329bfa5d, orderId=174, orderReference=LKAMJZLNW, paymentId=BLZP-703-JIB-SOX, fromStatus=NEW, toStatus=PENDING}
2022-10-28 8:14:06.541639 e345beb687503183602e0d1125f3e6d8 DEBUG Successfully updated payment data {paymentId=BLZP-703-JIB-SOX, status=PENDING}
2022-10-28 8:14:06.545850 e345beb687503183602e0d1125f3e6d8 INFO Changed order's state {cartId=759, externalId=759_635b7329bfa5d, orderReference=LKAMJZLNW, paymentId=BLZP-703-JIB-SOX, status=PENDING}
2022-10-28 8:14:10.933784 e345beb687503183602e0d1125f3e6d8 INFO Checking order's payment status {externalId=759_635b7329bfa5d}
2022-10-28 8:14:10.935396 e345beb687503183602e0d1125f3e6d8 INFO Retrieving payment status {paymentId=BLZP-703-JIB-SOX}
2022-10-28 8:14:10.991733 5894f5bae910a7be2366f9518f0baedb INFO Incoming notification {externalId=759_635b7329bfa5d, paymentId=BLZP-703-JIB-SOX, status=CONFIRMED}
2022-10-28 8:14:10.999660 5894f5bae910a7be2366f9518f0baedb INFO Processing order's state update {cartId=759, externalId=759_635b7329bfa5d, orderId=174, orderReference=LKAMJZLNW, paymentId=BLZP-703-JIB-SOX, fromStatus=PENDING, toStatus=CONFIRMED}
2022-10-28 8:14:11.002032 5894f5bae910a7be2366f9518f0baedb INFO Adding new state to order's history {externalId=759_635b7329bfa5d, orderId=174, orderReference=LKAMJZLNW, paymentId=BLZP-703-JIB-SOX, paymentStatus=CONFIRMED, state=2}
2022-10-28 8:14:11.035805 e345beb687503183602e0d1125f3e6d8 INFO Retrieved payment status {paymentId=BLZP-703-JIB-SOX, status=CONFIRMED}
2022-10-28 8:14:11.038165 e345beb687503183602e0d1125f3e6d8 INFO Processing order's state update {cartId=759, externalId=759_635b7329bfa5d, orderId=174, orderReference=LKAMJZLNW, paymentId=BLZP-703-JIB-SOX, fromStatus=PENDING, toStatus=CONFIRMED}
2022-10-28 8:14:11.040241 e345beb687503183602e0d1125f3e6d8 INFO Adding new state to order's history {externalId=759_635b7329bfa5d, orderId=174, orderReference=LKAMJZLNW, paymentId=BLZP-703-JIB-SOX, paymentStatus=CONFIRMED, state=2}
2022-10-28 8:14:11.758992 5894f5bae910a7be2366f9518f0baedb INFO Added new state to order's history {externalId=759_635b7329bfa5d, orderId=174, orderReference=LKAMJZLNW,  paymentId=BLZP-703-JIB-SOX, paymentStatus=CONFIRMED, state=2, historyId=668}
2022-10-28 8:14:11.763334 5894f5bae910a7be2366f9518f0baedb DEBUG Successfully updated payment data {paymentId=BLZP-703-JIB-SOX, status=CONFIRMED}
2022-10-28 8:14:11.763784 e345beb687503183602e0d1125f3e6d8 INFO Added new state to order's history {externalId=759_635b7329bfa5d, orderId=174, orderReference=LKAMJZLNW,  paymentId=BLZP-703-JIB-SOX, paymentStatus=CONFIRMED, state=2, historyId=667}
2022-10-28 8:14:11.764234 5894f5bae910a7be2366f9518f0baedb INFO Changed order's state {cartId=759, externalId=759_635b7329bfa5d, orderReference=LKAMJZLNW, paymentId=BLZP-703-JIB-SOX, status=CONFIRMED}
2022-10-28 8:14:11.767806 e345beb687503183602e0d1125f3e6d8 DEBUG Successfully updated payment data {paymentId=BLZP-703-JIB-SOX, status=CONFIRMED}
2022-10-28 8:14:11.768660 e345beb687503183602e0d1125f3e6d8 INFO Changed order's state {cartId=759, externalId=759_635b7329bfa5d, orderReference=LKAMJZLNW, paymentId=BLZP-703-JIB-SOX, status=CONFIRMED}
