2022-12-05 14:48:34.053639 438b919ab895f8ed47326c03e7d7bf44 INFO Processing payment for cart {cartId=856, externalId=856_638df6b20d17c}
2022-12-05 14:48:34.500941 438b919ab895f8ed47326c03e7d7bf44 ERROR An error occurred during payment request process {code=400, errorType=BAD_REQUEST, externalId=856_638df6b20d17c, message=Invalid authorization code for BLIK payment}
2022-12-05 14:48:40.450989 438b919ab895f8ed47326c03e7d7bf44 INFO Processing payment for cart {cartId=856, externalId=856_638df6b86e1a0}
2022-12-05 14:48:40.821505 438b919ab895f8ed47326c03e7d7bf44 ERROR An error occurred during payment request process {code=400, errorType=BAD_REQUEST, externalId=856_638df6b86e1a0, message=Invalid authorization code for BLIK payment}
2022-12-05 14:48:53.112021 438b919ab895f8ed47326c03e7d7bf44 INFO Processing payment for cart {cartId=856, externalId=856_638df6c51b58b}
2022-12-05 14:48:53.280997 438b919ab895f8ed47326c03e7d7bf44 ERROR An error occurred during payment request process {code=400, errorType=BAD_REQUEST, externalId=856_638df6c51b58b, message=Invalid authorization code for BLIK payment}
2022-12-05 14:50:25.996323 438b919ab895f8ed47326c03e7d7bf44 INFO Processing payment for cart {cartId=856, externalId=856_638df721f33d8}
2022-12-05 14:50:27.813168 438b919ab895f8ed47326c03e7d7bf44 DEBUG Created paynow data entry {cartId=856, externalId=856_638df721f33d8}
2022-12-05 14:50:27.814122 438b919ab895f8ed47326c03e7d7bf44 INFO Payment has been successfully created {cartId=856, externalId=856_638df721f33d8, paymentId=BLZ4-BNN-L2R-MDO, status=PENDING}
2022-12-05 14:50:27.815565 438b919ab895f8ed47326c03e7d7bf44 DEBUG Setting optimistic lock on paynow data {cartId=856, externalId=856_638df721f33d8}
2022-12-05 14:50:27.818049 438b919ab895f8ed47326c03e7d7bf44 DEBUG Successfully set up optimistic lock on paynow data {externalId=856_638df721f33d8}
2022-12-05 14:50:27.818800 438b919ab895f8ed47326c03e7d7bf44 INFO Creating an order from cart {cartId=856, externalId=856_638df721f33d8}
2022-12-05 14:50:28.588433 5894f5bae910a7be2366f9518f0baedb INFO Incoming notification {externalId=856_638df721f33d8, paymentId=BLZ4-BNN-L2R-MDO, status=NEW}
2022-12-05 14:50:28.591885 5894f5bae910a7be2366f9518f0baedb INFO Processing order's state update {cartId=856, externalId=856_638df721f33d8, orderId=0, orderReference=, paymentId=BLZ4-BNN-L2R-MDO, fromStatus=NEW, toStatus=NEW}
2022-12-05 14:50:28.592987 5894f5bae910a7be2366f9518f0baedb WARNING An order does not exists {cartId=856, externalId=856_638df721f33d8, orderId=0, orderReference=, paymentId=BLZ4-BNN-L2R-MDO}
2022-12-05 14:50:28.940764 5894f5bae910a7be2366f9518f0baedb INFO Incoming notification {externalId=856_638df721f33d8, paymentId=BLZ4-BNN-L2R-MDO, status=PENDING}
2022-12-05 14:50:28.943819 5894f5bae910a7be2366f9518f0baedb INFO Processing order's state update {cartId=856, externalId=856_638df721f33d8, orderId=0, orderReference=, paymentId=BLZ4-BNN-L2R-MDO, fromStatus=NEW, toStatus=PENDING}
2022-12-05 14:50:28.944667 5894f5bae910a7be2366f9518f0baedb WARNING An order does not exists {cartId=856, externalId=856_638df721f33d8, orderId=0, orderReference=, paymentId=BLZ4-BNN-L2R-MDO}
2022-12-05 14:50:29.985019 438b919ab895f8ed47326c03e7d7bf44 INFO An order has been successfully created {cartId=856, externalId=856_638df721f33d8, orderId=211, orderReference=PGZKLGGKE, paymentId=BLZ4-BNN-L2R-MDO}
2022-12-05 14:50:29.985738 438b919ab895f8ed47326c03e7d7bf44 DEBUG Unsetting optimistic lock on paynow data {cartId=856, externalId=856_638df721f33d8}
2022-12-05 14:50:29.987857 438b919ab895f8ed47326c03e7d7bf44 DEBUG Successfully unset optimistic lock on paynow data {externalId=856_638df721f33d8}
2022-12-05 14:50:29.990084 438b919ab895f8ed47326c03e7d7bf44 DEBUG Successfully updated payment data {orderId=211, orderReference=PGZKLGGKE, paymentId=BLZ4-BNN-L2R-MDO}
2022-12-05 14:50:30.756907 438b919ab895f8ed47326c03e7d7bf44 INFO Retrieving payment status {paymentId=BLZ4-BNN-L2R-MDO}
2022-12-05 14:50:30.862782 438b919ab895f8ed47326c03e7d7bf44 INFO Retrieved payment status {paymentId=BLZ4-BNN-L2R-MDO, status=PENDING}
2022-12-05 14:50:30.863626 438b919ab895f8ed47326c03e7d7bf44 INFO Processing order's state update {cartId=856, externalId=856_638df721f33d8, orderId=211, orderReference=PGZKLGGKE, paymentId=BLZ4-BNN-L2R-MDO, fromStatus=NEW, toStatus=PENDING}
2022-12-05 14:50:30.866353 438b919ab895f8ed47326c03e7d7bf44 DEBUG Successfully updated payment data {paymentId=BLZ4-BNN-L2R-MDO, status=PENDING}
2022-12-05 14:50:30.867300 438b919ab895f8ed47326c03e7d7bf44 INFO Changed order's state {cartId=856, externalId=856_638df721f33d8, orderReference=PGZKLGGKE, paymentId=BLZ4-BNN-L2R-MDO, status=PENDING}
2022-12-05 14:50:34.445854 5894f5bae910a7be2366f9518f0baedb INFO Incoming notification {externalId=856_638df721f33d8, paymentId=BLZ4-BNN-L2R-MDO, status=CONFIRMED}
2022-12-05 14:50:34.448410 5894f5bae910a7be2366f9518f0baedb INFO Processing order's state update {cartId=856, externalId=856_638df721f33d8, orderId=211, orderReference=PGZKLGGKE, paymentId=BLZ4-BNN-L2R-MDO, fromStatus=PENDING, toStatus=CONFIRMED}
2022-12-05 14:50:34.450486 5894f5bae910a7be2366f9518f0baedb INFO Adding new state to order's history {externalId=856_638df721f33d8, orderId=211, orderReference=PGZKLGGKE, paymentId=BLZ4-BNN-L2R-MDO, paymentStatus=CONFIRMED, state=2}
2022-12-05 14:50:35.486047 438b919ab895f8ed47326c03e7d7bf44 INFO Checking order's payment status {externalId=856_638df721f33d8}
2022-12-05 14:50:35.487489 438b919ab895f8ed47326c03e7d7bf44 INFO Retrieving payment status {paymentId=BLZ4-BNN-L2R-MDO}
2022-12-05 14:50:35.591259 438b919ab895f8ed47326c03e7d7bf44 INFO Retrieved payment status {paymentId=BLZ4-BNN-L2R-MDO, status=CONFIRMED}
2022-12-05 14:50:35.592648 438b919ab895f8ed47326c03e7d7bf44 INFO Processing order's state update {cartId=856, externalId=856_638df721f33d8, orderId=211, orderReference=PGZKLGGKE, paymentId=BLZ4-BNN-L2R-MDO, fromStatus=PENDING, toStatus=CONFIRMED}
2022-12-05 14:50:35.597206 438b919ab895f8ed47326c03e7d7bf44 DEBUG Successfully updated payment data {paymentId=BLZ4-BNN-L2R-MDO, status=CONFIRMED}
2022-12-05 14:50:35.598026 438b919ab895f8ed47326c03e7d7bf44 INFO Changed order's state {cartId=856, externalId=856_638df721f33d8, orderReference=PGZKLGGKE, paymentId=BLZ4-BNN-L2R-MDO, status=CONFIRMED}
2022-12-05 14:50:37.178605 5894f5bae910a7be2366f9518f0baedb INFO Added new state to order's history {externalId=856_638df721f33d8, orderId=211, orderReference=PGZKLGGKE,  paymentId=BLZ4-BNN-L2R-MDO, paymentStatus=CONFIRMED, state=2, historyId=819}
2022-12-05 14:50:37.181498 5894f5bae910a7be2366f9518f0baedb DEBUG Successfully updated payment data {paymentId=BLZ4-BNN-L2R-MDO, status=CONFIRMED}
2022-12-05 14:50:37.182255 5894f5bae910a7be2366f9518f0baedb INFO Changed order's state {cartId=856, externalId=856_638df721f33d8, orderReference=PGZKLGGKE, paymentId=BLZ4-BNN-L2R-MDO, status=CONFIRMED}
