2022-07-26 17:14:58.966121 5e4553703080aff5f3a20cb2e5f518e6 INFO Processing payment for cart {cartId=495, externalId=495_62e004f2ebdde}
2022-07-26 17:15:01.642162 5e4553703080aff5f3a20cb2e5f518e6 DEBUG Created paynow data entry {cartId=495, externalId=495_62e004f2ebdde}
2022-07-26 17:15:01.643265 5e4553703080aff5f3a20cb2e5f518e6 INFO Payment has been successfully created {cartId=495, externalId=495_62e004f2ebdde, paymentId=BLLP-RBU-H6E-ZG3, status=PENDING}
2022-07-26 17:15:01.647171 5e4553703080aff5f3a20cb2e5f518e6 DEBUG Setting optimistic lock on paynow data {cartId=495, externalId=495_62e004f2ebdde}
2022-07-26 17:15:01.649730 5e4553703080aff5f3a20cb2e5f518e6 DEBUG Successfully set up optimistic lock on paynow data {externalId=495_62e004f2ebdde}
2022-07-26 17:15:01.650476 5e4553703080aff5f3a20cb2e5f518e6 INFO Creating an order from cart {cartId=495, externalId=495_62e004f2ebdde}
2022-07-26 17:15:02.191387 5894f5bae910a7be2366f9518f0baedb INFO Incoming notification {externalId=495_62e004f2ebdde, paymentId=BLLP-RBU-H6E-ZG3, status=NEW}
2022-07-26 17:15:02.195360 5894f5bae910a7be2366f9518f0baedb INFO Processing order's state update {cartId=495, externalId=495_62e004f2ebdde, orderId=0, orderReference=, paymentId=BLLP-RBU-H6E-ZG3, fromStatus=NEW, toStatus=NEW}
2022-07-26 17:15:02.196480 5894f5bae910a7be2366f9518f0baedb WARNING An order does not exists {cartId=495, externalId=495_62e004f2ebdde, orderId=0, orderReference=, paymentId=BLLP-RBU-H6E-ZG3}
2022-07-26 17:15:02.424693 5894f5bae910a7be2366f9518f0baedb INFO Incoming notification {externalId=495_62e004f2ebdde, paymentId=BLLP-RBU-H6E-ZG3, status=PENDING}
2022-07-26 17:15:02.428781 5894f5bae910a7be2366f9518f0baedb INFO Processing order's state update {cartId=495, externalId=495_62e004f2ebdde, orderId=0, orderReference=, paymentId=BLLP-RBU-H6E-ZG3, fromStatus=NEW, toStatus=PENDING}
2022-07-26 17:15:02.429831 5894f5bae910a7be2366f9518f0baedb WARNING An order does not exists {cartId=495, externalId=495_62e004f2ebdde, orderId=0, orderReference=, paymentId=BLLP-RBU-H6E-ZG3}
2022-07-26 17:15:03.529138 5e4553703080aff5f3a20cb2e5f518e6 INFO An order has been successfully created {cartId=495, externalId=495_62e004f2ebdde, orderId=103, orderReference=UYOLHTTQM, paymentId=BLLP-RBU-H6E-ZG3}
2022-07-26 17:15:03.530045 5e4553703080aff5f3a20cb2e5f518e6 DEBUG Unsetting optimistic lock on paynow data {cartId=495, externalId=495_62e004f2ebdde}
2022-07-26 17:15:03.532686 5e4553703080aff5f3a20cb2e5f518e6 DEBUG Successfully unset optimistic lock on paynow data {externalId=495_62e004f2ebdde}
2022-07-26 17:15:03.534571 5e4553703080aff5f3a20cb2e5f518e6 DEBUG Successfully updated payment data {orderId=103, orderReference=UYOLHTTQM, paymentId=BLLP-RBU-H6E-ZG3}
2022-07-26 17:15:03.997381 5e4553703080aff5f3a20cb2e5f518e6 INFO Retrieving payment status {paymentId=BLLP-RBU-H6E-ZG3}
2022-07-26 17:15:04.088110 5e4553703080aff5f3a20cb2e5f518e6 INFO Retrieved payment status {paymentId=BLLP-RBU-H6E-ZG3, status=PENDING}
2022-07-26 17:15:04.093988 5e4553703080aff5f3a20cb2e5f518e6 INFO Processing order's state update {cartId=495, externalId=495_62e004f2ebdde, orderId=103, orderReference=UYOLHTTQM, paymentId=BLLP-RBU-H6E-ZG3, fromStatus=NEW, toStatus=PENDING}
2022-07-26 17:15:04.097804 5e4553703080aff5f3a20cb2e5f518e6 DEBUG Successfully updated payment data {paymentId=BLLP-RBU-H6E-ZG3, status=PENDING}
2022-07-26 17:15:04.098434 5e4553703080aff5f3a20cb2e5f518e6 INFO Changed order's state {cartId=495, externalId=495_62e004f2ebdde, orderReference=UYOLHTTQM, paymentId=BLLP-RBU-H6E-ZG3, status=PENDING}
2022-07-26 17:15:10.328854 5e4553703080aff5f3a20cb2e5f518e6 INFO Checking order's payment status {externalId=495_62e004f2ebdde}
2022-07-26 17:15:10.330400 5e4553703080aff5f3a20cb2e5f518e6 INFO Retrieving payment status {paymentId=BLLP-RBU-H6E-ZG3}
2022-07-26 17:15:10.419653 5e4553703080aff5f3a20cb2e5f518e6 INFO Retrieved payment status {paymentId=BLLP-RBU-H6E-ZG3, status=PENDING}
2022-07-26 17:15:10.421261 5e4553703080aff5f3a20cb2e5f518e6 INFO Processing order's state update {cartId=495, externalId=495_62e004f2ebdde, orderId=103, orderReference=UYOLHTTQM, paymentId=BLLP-RBU-H6E-ZG3, fromStatus=PENDING, toStatus=PENDING}
2022-07-26 17:15:10.422444 5e4553703080aff5f3a20cb2e5f518e6 ERROR An error occurred during updating state {code=0, externalId=495_62e004f2ebdde, paymentId=BLLP-RBU-H6E-ZG3, status=PENDING, message=Status transition is incorrect PENDING - PENDING}
2022-07-26 17:15:11.376754 5894f5bae910a7be2366f9518f0baedb INFO Incoming notification {externalId=495_62e004f2ebdde, paymentId=BLLP-RBU-H6E-ZG3, status=CONFIRMED}
2022-07-26 17:15:11.379684 5894f5bae910a7be2366f9518f0baedb INFO Processing order's state update {cartId=495, externalId=495_62e004f2ebdde, orderId=103, orderReference=UYOLHTTQM, paymentId=BLLP-RBU-H6E-ZG3, fromStatus=PENDING, toStatus=CONFIRMED}
2022-07-26 17:15:11.381536 5894f5bae910a7be2366f9518f0baedb INFO Adding new state to order's history {externalId=495_62e004f2ebdde, orderId=103, orderReference=UYOLHTTQM, paymentId=BLLP-RBU-H6E-ZG3, paymentStatus=CONFIRMED, state=2}
2022-07-26 17:15:12.108129 5894f5bae910a7be2366f9518f0baedb INFO Added new state to order's history {externalId=495_62e004f2ebdde, orderId=103, orderReference=UYOLHTTQM,  paymentId=BLLP-RBU-H6E-ZG3, paymentStatus=CONFIRMED, state=2, historyId=379}
2022-07-26 17:15:12.113269 5894f5bae910a7be2366f9518f0baedb DEBUG Successfully updated payment data {paymentId=BLLP-RBU-H6E-ZG3, status=CONFIRMED}
2022-07-26 17:15:12.114209 5894f5bae910a7be2366f9518f0baedb INFO Changed order's state {cartId=495, externalId=495_62e004f2ebdde, orderReference=UYOLHTTQM, paymentId=BLLP-RBU-H6E-ZG3, status=CONFIRMED}
2022-07-26 17:15:13.328592 5e4553703080aff5f3a20cb2e5f518e6 INFO Checking order's payment status {externalId=495_62e004f2ebdde}
