2022-11-08 11:00:35.609028 36fd44f1b089717219614697dc10392c ERROR Error occurred during retrieving github latest release information {message=I}
2022-11-08 17:14:39.080894 b4395a6d606e0e2606fe90b0ed5bec38 INFO Processing payment for cart {cartId=783, externalId=783_636a806f13bf4}
2022-11-08 17:14:41.382039 b4395a6d606e0e2606fe90b0ed5bec38 DEBUG Created paynow data entry {cartId=783, externalId=783_636a806f13bf4}
2022-11-08 17:14:41.382777 b4395a6d606e0e2606fe90b0ed5bec38 INFO Payment has been successfully created {cartId=783, externalId=783_636a806f13bf4, paymentId=BL34-KLI-6ZO-2CV, status=PENDING}
2022-11-08 17:14:41.383930 b4395a6d606e0e2606fe90b0ed5bec38 DEBUG Setting optimistic lock on paynow data {cartId=783, externalId=783_636a806f13bf4}
2022-11-08 17:14:41.385875 b4395a6d606e0e2606fe90b0ed5bec38 DEBUG Successfully set up optimistic lock on paynow data {externalId=783_636a806f13bf4}
2022-11-08 17:14:41.386578 b4395a6d606e0e2606fe90b0ed5bec38 INFO Creating an order from cart {cartId=783, externalId=783_636a806f13bf4}
2022-11-08 17:14:41.673075 5894f5bae910a7be2366f9518f0baedb INFO Incoming notification {externalId=783_636a806f13bf4, paymentId=BL34-KLI-6ZO-2CV, status=NEW}
2022-11-08 17:14:41.676022 5894f5bae910a7be2366f9518f0baedb INFO Processing order's state update {cartId=783, externalId=783_636a806f13bf4, orderId=0, orderReference=, paymentId=BL34-KLI-6ZO-2CV, fromStatus=NEW, toStatus=NEW}
2022-11-08 17:14:41.677099 5894f5bae910a7be2366f9518f0baedb WARNING An order does not exists {cartId=783, externalId=783_636a806f13bf4, orderId=0, orderReference=, paymentId=BL34-KLI-6ZO-2CV}
2022-11-08 17:14:41.984112 5894f5bae910a7be2366f9518f0baedb INFO Incoming notification {externalId=783_636a806f13bf4, paymentId=BL34-KLI-6ZO-2CV, status=PENDING}
2022-11-08 17:14:41.987186 5894f5bae910a7be2366f9518f0baedb INFO Processing order's state update {cartId=783, externalId=783_636a806f13bf4, orderId=0, orderReference=, paymentId=BL34-KLI-6ZO-2CV, fromStatus=NEW, toStatus=PENDING}
2022-11-08 17:14:41.988145 5894f5bae910a7be2366f9518f0baedb WARNING An order does not exists {cartId=783, externalId=783_636a806f13bf4, orderId=0, orderReference=, paymentId=BL34-KLI-6ZO-2CV}
2022-11-08 17:14:42.990442 b4395a6d606e0e2606fe90b0ed5bec38 INFO An order has been successfully created {cartId=783, externalId=783_636a806f13bf4, orderId=185, orderReference=JKVOHFUCB, paymentId=BL34-KLI-6ZO-2CV}
2022-11-08 17:14:42.991291 b4395a6d606e0e2606fe90b0ed5bec38 DEBUG Unsetting optimistic lock on paynow data {cartId=783, externalId=783_636a806f13bf4}
2022-11-08 17:14:42.993319 b4395a6d606e0e2606fe90b0ed5bec38 DEBUG Successfully unset optimistic lock on paynow data {externalId=783_636a806f13bf4}
2022-11-08 17:14:42.995295 b4395a6d606e0e2606fe90b0ed5bec38 DEBUG Successfully updated payment data {orderId=185, orderReference=JKVOHFUCB, paymentId=BL34-KLI-6ZO-2CV}
2022-11-08 17:14:43.531784 b4395a6d606e0e2606fe90b0ed5bec38 INFO Retrieving payment status {paymentId=BL34-KLI-6ZO-2CV}
2022-11-08 17:14:43.632471 b4395a6d606e0e2606fe90b0ed5bec38 INFO Retrieved payment status {paymentId=BL34-KLI-6ZO-2CV, status=PENDING}
2022-11-08 17:14:43.633270 b4395a6d606e0e2606fe90b0ed5bec38 INFO Processing order's state update {cartId=783, externalId=783_636a806f13bf4, orderId=185, orderReference=JKVOHFUCB, paymentId=BL34-KLI-6ZO-2CV, fromStatus=NEW, toStatus=PENDING}
2022-11-08 17:14:43.636171 b4395a6d606e0e2606fe90b0ed5bec38 DEBUG Successfully updated payment data {paymentId=BL34-KLI-6ZO-2CV, status=PENDING}
2022-11-08 17:14:43.636930 b4395a6d606e0e2606fe90b0ed5bec38 INFO Changed order's state {cartId=783, externalId=783_636a806f13bf4, orderReference=JKVOHFUCB, paymentId=BL34-KLI-6ZO-2CV, status=PENDING}
2022-11-08 17:14:47.598829 b4395a6d606e0e2606fe90b0ed5bec38 INFO Checking order's payment status {externalId=783_636a806f13bf4}
2022-11-08 17:14:47.600477 b4395a6d606e0e2606fe90b0ed5bec38 INFO Retrieving payment status {paymentId=BL34-KLI-6ZO-2CV}
2022-11-08 17:14:47.701633 b4395a6d606e0e2606fe90b0ed5bec38 INFO Retrieved payment status {paymentId=BL34-KLI-6ZO-2CV, status=CONFIRMED}
2022-11-08 17:14:47.703022 b4395a6d606e0e2606fe90b0ed5bec38 INFO Processing order's state update {cartId=783, externalId=783_636a806f13bf4, orderId=185, orderReference=JKVOHFUCB, paymentId=BL34-KLI-6ZO-2CV, fromStatus=PENDING, toStatus=CONFIRMED}
2022-11-08 17:14:47.705178 b4395a6d606e0e2606fe90b0ed5bec38 INFO Adding new state to order's history {externalId=783_636a806f13bf4, orderId=185, orderReference=JKVOHFUCB, paymentId=BL34-KLI-6ZO-2CV, paymentStatus=CONFIRMED, state=2}
2022-11-08 17:14:47.778259 5894f5bae910a7be2366f9518f0baedb INFO Incoming notification {externalId=783_636a806f13bf4, paymentId=BL34-KLI-6ZO-2CV, status=CONFIRMED}
2022-11-08 17:14:47.781501 5894f5bae910a7be2366f9518f0baedb INFO Processing order's state update {cartId=783, externalId=783_636a806f13bf4, orderId=185, orderReference=JKVOHFUCB, paymentId=BL34-KLI-6ZO-2CV, fromStatus=PENDING, toStatus=CONFIRMED}
2022-11-08 17:14:47.785690 5894f5bae910a7be2366f9518f0baedb DEBUG Successfully updated payment data {paymentId=BL34-KLI-6ZO-2CV, status=CONFIRMED}
2022-11-08 17:14:47.786525 5894f5bae910a7be2366f9518f0baedb INFO Changed order's state {cartId=783, externalId=783_636a806f13bf4, orderReference=JKVOHFUCB, paymentId=BL34-KLI-6ZO-2CV, status=CONFIRMED}
2022-11-08 17:14:48.418864 b4395a6d606e0e2606fe90b0ed5bec38 INFO Added new state to order's history {externalId=783_636a806f13bf4, orderId=185, orderReference=JKVOHFUCB,  paymentId=BL34-KLI-6ZO-2CV, paymentStatus=CONFIRMED, state=2, historyId=713}
2022-11-08 17:14:48.422100 b4395a6d606e0e2606fe90b0ed5bec38 DEBUG Successfully updated payment data {paymentId=BL34-KLI-6ZO-2CV, status=CONFIRMED}
2022-11-08 17:14:48.422863 b4395a6d606e0e2606fe90b0ed5bec38 INFO Changed order's state {cartId=783, externalId=783_636a806f13bf4, orderReference=JKVOHFUCB, paymentId=BL34-KLI-6ZO-2CV, status=CONFIRMED}
2022-11-08 17:28:42.319796 9929d6be4d7d8b6e0f3f0ae9c2c16105 INFO Processing payment for cart {cartId=784, externalId=784_636a83ba4e129}
2022-11-08 17:28:44.280761 9929d6be4d7d8b6e0f3f0ae9c2c16105 DEBUG Created paynow data entry {cartId=784, externalId=784_636a83ba4e129}
2022-11-08 17:28:44.281584 9929d6be4d7d8b6e0f3f0ae9c2c16105 INFO Payment has been successfully created {cartId=784, externalId=784_636a83ba4e129, paymentId=BLV6-H8J-3Y5-G8L, status=PENDING}
2022-11-08 17:28:44.282712 9929d6be4d7d8b6e0f3f0ae9c2c16105 DEBUG Setting optimistic lock on paynow data {cartId=784, externalId=784_636a83ba4e129}
2022-11-08 17:28:44.284926 9929d6be4d7d8b6e0f3f0ae9c2c16105 DEBUG Successfully set up optimistic lock on paynow data {externalId=784_636a83ba4e129}
2022-11-08 17:28:44.285746 9929d6be4d7d8b6e0f3f0ae9c2c16105 INFO Creating an order from cart {cartId=784, externalId=784_636a83ba4e129}
2022-11-08 17:28:44.691505 5894f5bae910a7be2366f9518f0baedb INFO Incoming notification {externalId=784_636a83ba4e129, paymentId=BLV6-H8J-3Y5-G8L, status=PENDING}
2022-11-08 17:28:44.695064 5894f5bae910a7be2366f9518f0baedb INFO Processing order's state update {cartId=784, externalId=784_636a83ba4e129, orderId=0, orderReference=, paymentId=BLV6-H8J-3Y5-G8L, fromStatus=NEW, toStatus=PENDING}
2022-11-08 17:28:44.696016 5894f5bae910a7be2366f9518f0baedb WARNING An order does not exists {cartId=784, externalId=784_636a83ba4e129, orderId=0, orderReference=, paymentId=BLV6-H8J-3Y5-G8L}
2022-11-08 17:28:44.874450 685d153b262b5fdb3d140f718b90c7ae INFO Incoming notification {externalId=784_636a83ba4e129, paymentId=BLV6-H8J-3Y5-G8L, status=NEW}
2022-11-08 17:28:44.877096 685d153b262b5fdb3d140f718b90c7ae INFO Processing order's state update {cartId=784, externalId=784_636a83ba4e129, orderId=0, orderReference=, paymentId=BLV6-H8J-3Y5-G8L, fromStatus=NEW, toStatus=NEW}
2022-11-08 17:28:44.878143 685d153b262b5fdb3d140f718b90c7ae WARNING An order does not exists {cartId=784, externalId=784_636a83ba4e129, orderId=0, orderReference=, paymentId=BLV6-H8J-3Y5-G8L}
2022-11-08 17:28:45.918365 9929d6be4d7d8b6e0f3f0ae9c2c16105 INFO An order has been successfully created {cartId=784, externalId=784_636a83ba4e129, orderId=186, orderReference=KKCJHVSRM, paymentId=BLV6-H8J-3Y5-G8L}
2022-11-08 17:28:45.919162 9929d6be4d7d8b6e0f3f0ae9c2c16105 DEBUG Unsetting optimistic lock on paynow data {cartId=784, externalId=784_636a83ba4e129}
2022-11-08 17:28:45.921739 9929d6be4d7d8b6e0f3f0ae9c2c16105 DEBUG Successfully unset optimistic lock on paynow data {externalId=784_636a83ba4e129}
2022-11-08 17:28:45.924110 9929d6be4d7d8b6e0f3f0ae9c2c16105 DEBUG Successfully updated payment data {orderId=186, orderReference=KKCJHVSRM, paymentId=BLV6-H8J-3Y5-G8L}
2022-11-08 17:28:46.610204 9929d6be4d7d8b6e0f3f0ae9c2c16105 INFO Retrieving payment status {paymentId=BLV6-H8J-3Y5-G8L}
2022-11-08 17:28:46.719824 9929d6be4d7d8b6e0f3f0ae9c2c16105 INFO Retrieved payment status {paymentId=BLV6-H8J-3Y5-G8L, status=PENDING}
2022-11-08 17:28:46.720900 9929d6be4d7d8b6e0f3f0ae9c2c16105 INFO Processing order's state update {cartId=784, externalId=784_636a83ba4e129, orderId=186, orderReference=KKCJHVSRM, paymentId=BLV6-H8J-3Y5-G8L, fromStatus=NEW, toStatus=PENDING}
2022-11-08 17:28:46.724673 9929d6be4d7d8b6e0f3f0ae9c2c16105 DEBUG Successfully updated payment data {paymentId=BLV6-H8J-3Y5-G8L, status=PENDING}
2022-11-08 17:28:46.725346 9929d6be4d7d8b6e0f3f0ae9c2c16105 INFO Changed order's state {cartId=784, externalId=784_636a83ba4e129, orderReference=KKCJHVSRM, paymentId=BLV6-H8J-3Y5-G8L, status=PENDING}
2022-11-08 17:28:51.438488 9929d6be4d7d8b6e0f3f0ae9c2c16105 INFO Checking order's payment status {externalId=784_636a83ba4e129}
2022-11-08 17:28:51.439927 9929d6be4d7d8b6e0f3f0ae9c2c16105 INFO Retrieving payment status {paymentId=BLV6-H8J-3Y5-G8L}
2022-11-08 17:28:51.549807 9929d6be4d7d8b6e0f3f0ae9c2c16105 INFO Retrieved payment status {paymentId=BLV6-H8J-3Y5-G8L, status=PENDING}
2022-11-08 17:28:51.551408 9929d6be4d7d8b6e0f3f0ae9c2c16105 INFO Processing order's state update {cartId=784, externalId=784_636a83ba4e129, orderId=186, orderReference=KKCJHVSRM, paymentId=BLV6-H8J-3Y5-G8L, fromStatus=PENDING, toStatus=PENDING}
2022-11-08 17:28:51.552997 9929d6be4d7d8b6e0f3f0ae9c2c16105 ERROR An error occurred during updating state {code=0, externalId=784_636a83ba4e129, paymentId=BLV6-H8J-3Y5-G8L, status=PENDING, message=Status transition is incorrect PENDING - PENDING}
2022-11-08 17:28:52.429320 5894f5bae910a7be2366f9518f0baedb INFO Incoming notification {externalId=784_636a83ba4e129, paymentId=BLV6-H8J-3Y5-G8L, status=CONFIRMED}
2022-11-08 17:28:52.432408 5894f5bae910a7be2366f9518f0baedb INFO Processing order's state update {cartId=784, externalId=784_636a83ba4e129, orderId=186, orderReference=KKCJHVSRM, paymentId=BLV6-H8J-3Y5-G8L, fromStatus=PENDING, toStatus=CONFIRMED}
2022-11-08 17:28:52.434587 5894f5bae910a7be2366f9518f0baedb INFO Adding new state to order's history {externalId=784_636a83ba4e129, orderId=186, orderReference=KKCJHVSRM, paymentId=BLV6-H8J-3Y5-G8L, paymentStatus=CONFIRMED, state=2}
2022-11-08 17:28:53.121937 5894f5bae910a7be2366f9518f0baedb INFO Added new state to order's history {externalId=784_636a83ba4e129, orderId=186, orderReference=KKCJHVSRM,  paymentId=BLV6-H8J-3Y5-G8L, paymentStatus=CONFIRMED, state=2, historyId=715}
2022-11-08 17:28:53.125219 5894f5bae910a7be2366f9518f0baedb DEBUG Successfully updated payment data {paymentId=BLV6-H8J-3Y5-G8L, status=CONFIRMED}
2022-11-08 17:28:53.126060 5894f5bae910a7be2366f9518f0baedb INFO Changed order's state {cartId=784, externalId=784_636a83ba4e129, orderReference=KKCJHVSRM, paymentId=BLV6-H8J-3Y5-G8L, status=CONFIRMED}
2022-11-08 17:28:54.476217 9929d6be4d7d8b6e0f3f0ae9c2c16105 INFO Checking order's payment status {externalId=784_636a83ba4e129}
