2022-11-07 14:22:32.504533 36fd44f1b089717219614697dc10392c ERROR Error occurred during retrieving github latest release information {message=I}
2022-11-07 14:23:35.884994 36fd44f1b089717219614697dc10392c ERROR Error occurred during retrieving github latest release information {message=I}
2022-11-07 14:23:36.044337 36fd44f1b089717219614697dc10392c ERROR Error occurred during retrieving github latest release information {message=I}
2022-11-07 14:24:36.676673 36fd44f1b089717219614697dc10392c ERROR Error occurred during retrieving github latest release information {message=I}
2022-11-07 14:26:48.003356 36fd44f1b089717219614697dc10392c ERROR Error occurred during retrieving github latest release information {message=I}
2022-11-07 14:27:13.475554 36fd44f1b089717219614697dc10392c ERROR Error occurred during retrieving github latest release information {message=I}
2022-11-07 14:27:43.656534 36fd44f1b089717219614697dc10392c ERROR Error occurred during retrieving github latest release information {message=I}
2022-11-07 14:27:56.573534 36fd44f1b089717219614697dc10392c ERROR Error occurred during retrieving github latest release information {message=I}
2022-11-07 14:27:59.480911 36fd44f1b089717219614697dc10392c ERROR Error occurred during retrieving github latest release information {message=I}
2022-11-07 14:28:09.200448 36fd44f1b089717219614697dc10392c ERROR Error occurred during retrieving github latest release information {message=I}
2022-11-07 14:30:28.497642 36fd44f1b089717219614697dc10392c ERROR Error occurred during retrieving github latest release information {message=I}
2022-11-07 14:30:41.180604 36fd44f1b089717219614697dc10392c ERROR Error occurred during retrieving github latest release information {message=I}
2022-11-07 14:30:53.128464 36fd44f1b089717219614697dc10392c ERROR Error occurred during retrieving github latest release information {message=I}
2022-11-07 14:34:55.373600 36fd44f1b089717219614697dc10392c ERROR Error occurred during retrieving github latest release information {message=I}
2022-11-07 14:35:01.436147 36fd44f1b089717219614697dc10392c ERROR Error occurred during retrieving github latest release information {message=I}
2022-11-07 14:35:21.796370 36fd44f1b089717219614697dc10392c ERROR Error occurred during retrieving github latest release information {message=I}
2022-11-07 14:35:29.768990 36fd44f1b089717219614697dc10392c ERROR Error occurred during retrieving github latest release information {message=I}
2022-11-07 14:35:47.681093 36fd44f1b089717219614697dc10392c ERROR Error occurred during retrieving github latest release information {message=I}
2022-11-07 14:40:06.197336 36fd44f1b089717219614697dc10392c ERROR Error occurred during retrieving github latest release information {message=I}
2022-11-07 18:44:20.837008 6f3dd0554b855174d449ab29d618cb2d ERROR Error occurred during retrieving github latest release information {message=I}
2022-11-07 22:46:37.602560 85a244457ad199662103e076a576c003 INFO Processing payment for cart {cartId=781, externalId=781_63697cbd931b5}
2022-11-07 22:46:39.644869 85a244457ad199662103e076a576c003 DEBUG Created paynow data entry {cartId=781, externalId=781_63697cbd931b5}
2022-11-07 22:46:39.646388 85a244457ad199662103e076a576c003 INFO Payment has been successfully created {cartId=781, externalId=781_63697cbd931b5, paymentId=BLUI-PSD-1YG-A4G, status=PENDING}
2022-11-07 22:46:39.647758 85a244457ad199662103e076a576c003 DEBUG Setting optimistic lock on paynow data {cartId=781, externalId=781_63697cbd931b5}
2022-11-07 22:46:39.649921 85a244457ad199662103e076a576c003 DEBUG Successfully set up optimistic lock on paynow data {externalId=781_63697cbd931b5}
2022-11-07 22:46:39.650719 85a244457ad199662103e076a576c003 INFO Creating an order from cart {cartId=781, externalId=781_63697cbd931b5}
2022-11-07 22:46:40.112711 685d153b262b5fdb3d140f718b90c7ae INFO Incoming notification {externalId=781_63697cbd931b5, paymentId=BLUI-PSD-1YG-A4G, status=NEW}
2022-11-07 22:46:40.115748 685d153b262b5fdb3d140f718b90c7ae INFO Processing order's state update {cartId=781, externalId=781_63697cbd931b5, orderId=0, orderReference=, paymentId=BLUI-PSD-1YG-A4G, fromStatus=NEW, toStatus=NEW}
2022-11-07 22:46:40.116769 685d153b262b5fdb3d140f718b90c7ae WARNING An order does not exists {cartId=781, externalId=781_63697cbd931b5, orderId=0, orderReference=, paymentId=BLUI-PSD-1YG-A4G}
2022-11-07 22:46:40.235364 685d153b262b5fdb3d140f718b90c7ae INFO Incoming notification {externalId=781_63697cbd931b5, paymentId=BLUI-PSD-1YG-A4G, status=PENDING}
2022-11-07 22:46:40.238284 685d153b262b5fdb3d140f718b90c7ae INFO Processing order's state update {cartId=781, externalId=781_63697cbd931b5, orderId=0, orderReference=, paymentId=BLUI-PSD-1YG-A4G, fromStatus=NEW, toStatus=PENDING}
2022-11-07 22:46:40.239398 685d153b262b5fdb3d140f718b90c7ae WARNING An order does not exists {cartId=781, externalId=781_63697cbd931b5, orderId=0, orderReference=, paymentId=BLUI-PSD-1YG-A4G}
2022-11-07 22:46:41.897602 85a244457ad199662103e076a576c003 INFO An order has been successfully created {cartId=781, externalId=781_63697cbd931b5, orderId=183, orderReference=TGMMSKPJL, paymentId=BLUI-PSD-1YG-A4G}
2022-11-07 22:46:41.898540 85a244457ad199662103e076a576c003 DEBUG Unsetting optimistic lock on paynow data {cartId=781, externalId=781_63697cbd931b5}
2022-11-07 22:46:41.900552 85a244457ad199662103e076a576c003 DEBUG Successfully unset optimistic lock on paynow data {externalId=781_63697cbd931b5}
2022-11-07 22:46:41.902491 85a244457ad199662103e076a576c003 DEBUG Successfully updated payment data {orderId=183, orderReference=TGMMSKPJL, paymentId=BLUI-PSD-1YG-A4G}
2022-11-07 22:46:42.563608 85a244457ad199662103e076a576c003 INFO Retrieving payment status {paymentId=BLUI-PSD-1YG-A4G}
2022-11-07 22:46:42.670799 85a244457ad199662103e076a576c003 INFO Retrieved payment status {paymentId=BLUI-PSD-1YG-A4G, status=PENDING}
2022-11-07 22:46:42.671497 85a244457ad199662103e076a576c003 INFO Processing order's state update {cartId=781, externalId=781_63697cbd931b5, orderId=183, orderReference=TGMMSKPJL, paymentId=BLUI-PSD-1YG-A4G, fromStatus=NEW, toStatus=PENDING}
2022-11-07 22:46:42.674101 85a244457ad199662103e076a576c003 DEBUG Successfully updated payment data {paymentId=BLUI-PSD-1YG-A4G, status=PENDING}
2022-11-07 22:46:42.675128 85a244457ad199662103e076a576c003 INFO Changed order's state {cartId=781, externalId=781_63697cbd931b5, orderReference=TGMMSKPJL, paymentId=BLUI-PSD-1YG-A4G, status=PENDING}
2022-11-07 22:46:46.892066 85a244457ad199662103e076a576c003 INFO Checking order's payment status {externalId=781_63697cbd931b5}
2022-11-07 22:46:46.893500 85a244457ad199662103e076a576c003 INFO Retrieving payment status {paymentId=BLUI-PSD-1YG-A4G}
2022-11-07 22:46:46.996177 85a244457ad199662103e076a576c003 INFO Retrieved payment status {paymentId=BLUI-PSD-1YG-A4G, status=PENDING}
2022-11-07 22:46:46.997627 85a244457ad199662103e076a576c003 INFO Processing order's state update {cartId=781, externalId=781_63697cbd931b5, orderId=183, orderReference=TGMMSKPJL, paymentId=BLUI-PSD-1YG-A4G, fromStatus=PENDING, toStatus=PENDING}
2022-11-07 22:46:46.998625 85a244457ad199662103e076a576c003 ERROR An error occurred during updating state {code=0, externalId=781_63697cbd931b5, paymentId=BLUI-PSD-1YG-A4G, status=PENDING, message=Status transition is incorrect PENDING - PENDING}
2022-11-07 22:46:49.895629 85a244457ad199662103e076a576c003 INFO Checking order's payment status {externalId=781_63697cbd931b5}
2022-11-07 22:46:49.897159 85a244457ad199662103e076a576c003 INFO Retrieving payment status {paymentId=BLUI-PSD-1YG-A4G}
2022-11-07 22:46:49.999427 85a244457ad199662103e076a576c003 INFO Retrieved payment status {paymentId=BLUI-PSD-1YG-A4G, status=PENDING}
2022-11-07 22:46:50.000935 85a244457ad199662103e076a576c003 INFO Processing order's state update {cartId=781, externalId=781_63697cbd931b5, orderId=183, orderReference=TGMMSKPJL, paymentId=BLUI-PSD-1YG-A4G, fromStatus=PENDING, toStatus=PENDING}
2022-11-07 22:46:50.002187 85a244457ad199662103e076a576c003 ERROR An error occurred during updating state {code=0, externalId=781_63697cbd931b5, paymentId=BLUI-PSD-1YG-A4G, status=PENDING, message=Status transition is incorrect PENDING - PENDING}
2022-11-07 22:46:52.873210 85a244457ad199662103e076a576c003 INFO Checking order's payment status {externalId=781_63697cbd931b5}
2022-11-07 22:46:52.874593 85a244457ad199662103e076a576c003 INFO Retrieving payment status {paymentId=BLUI-PSD-1YG-A4G}
2022-11-07 22:46:52.975805 85a244457ad199662103e076a576c003 INFO Retrieved payment status {paymentId=BLUI-PSD-1YG-A4G, status=PENDING}
2022-11-07 22:46:52.977154 85a244457ad199662103e076a576c003 INFO Processing order's state update {cartId=781, externalId=781_63697cbd931b5, orderId=183, orderReference=TGMMSKPJL, paymentId=BLUI-PSD-1YG-A4G, fromStatus=PENDING, toStatus=PENDING}
2022-11-07 22:46:52.978339 85a244457ad199662103e076a576c003 ERROR An error occurred during updating state {code=0, externalId=781_63697cbd931b5, paymentId=BLUI-PSD-1YG-A4G, status=PENDING, message=Status transition is incorrect PENDING - PENDING}
2022-11-07 22:46:55.753786 685d153b262b5fdb3d140f718b90c7ae INFO Incoming notification {externalId=781_63697cbd931b5, paymentId=BLUI-PSD-1YG-A4G, status=CONFIRMED}
2022-11-07 22:46:55.757081 685d153b262b5fdb3d140f718b90c7ae INFO Processing order's state update {cartId=781, externalId=781_63697cbd931b5, orderId=183, orderReference=TGMMSKPJL, paymentId=BLUI-PSD-1YG-A4G, fromStatus=PENDING, toStatus=CONFIRMED}
2022-11-07 22:46:55.759959 685d153b262b5fdb3d140f718b90c7ae INFO Adding new state to order's history {externalId=781_63697cbd931b5, orderId=183, orderReference=TGMMSKPJL, paymentId=BLUI-PSD-1YG-A4G, paymentStatus=CONFIRMED, state=2}
2022-11-07 22:46:55.887819 85a244457ad199662103e076a576c003 INFO Checking order's payment status {externalId=781_63697cbd931b5}
2022-11-07 22:46:55.889430 85a244457ad199662103e076a576c003 INFO Retrieving payment status {paymentId=BLUI-PSD-1YG-A4G}
2022-11-07 22:46:55.989504 85a244457ad199662103e076a576c003 INFO Retrieved payment status {paymentId=BLUI-PSD-1YG-A4G, status=CONFIRMED}
2022-11-07 22:46:55.990945 85a244457ad199662103e076a576c003 INFO Processing order's state update {cartId=781, externalId=781_63697cbd931b5, orderId=183, orderReference=TGMMSKPJL, paymentId=BLUI-PSD-1YG-A4G, fromStatus=PENDING, toStatus=CONFIRMED}
2022-11-07 22:46:55.995361 85a244457ad199662103e076a576c003 DEBUG Successfully updated payment data {paymentId=BLUI-PSD-1YG-A4G, status=CONFIRMED}
2022-11-07 22:46:55.996700 85a244457ad199662103e076a576c003 INFO Changed order's state {cartId=781, externalId=781_63697cbd931b5, orderReference=TGMMSKPJL, paymentId=BLUI-PSD-1YG-A4G, status=CONFIRMED}
2022-11-07 22:46:56.449062 685d153b262b5fdb3d140f718b90c7ae INFO Added new state to order's history {externalId=781_63697cbd931b5, orderId=183, orderReference=TGMMSKPJL,  paymentId=BLUI-PSD-1YG-A4G, paymentStatus=CONFIRMED, state=2, historyId=702}
2022-11-07 22:46:56.452044 685d153b262b5fdb3d140f718b90c7ae DEBUG Successfully updated payment data {paymentId=BLUI-PSD-1YG-A4G, status=CONFIRMED}
2022-11-07 22:46:56.452819 685d153b262b5fdb3d140f718b90c7ae INFO Changed order's state {cartId=781, externalId=781_63697cbd931b5, orderReference=TGMMSKPJL, paymentId=BLUI-PSD-1YG-A4G, status=CONFIRMED}
