2022-06-19 13:13:07.842905 3b13a90c14ec7be7a32658b7472f5c46 DEBUG Setting optimistic lock on paynow data {cartId=413, externalId=}
2022-06-19 13:13:07.845709 3b13a90c14ec7be7a32658b7472f5c46 WARNING Can't set optimistic lock due empty payment data {cartId=413}
2022-06-19 13:13:07.846642 3b13a90c14ec7be7a32658b7472f5c46 INFO Creating an order from cart {cartId=413, externalId=}
2022-06-19 13:13:08.821785 3b13a90c14ec7be7a32658b7472f5c46 INFO An order has been successfully created {cartId=413, externalId=, orderId=75, orderReference=BSQYHSLOT, paymentId=}
2022-06-19 13:13:08.822894 3b13a90c14ec7be7a32658b7472f5c46 DEBUG Unsetting optimistic lock on paynow data {cartId=413, externalId=}
2022-06-19 13:13:08.823992 3b13a90c14ec7be7a32658b7472f5c46 WARNING Can't unset optimistic lock due empty payment data {cartId=413}
2022-06-19 13:13:08.826030 3b13a90c14ec7be7a32658b7472f5c46 INFO Processing payment for order {cartId=413, externalId=BSQYHSLOT, orderId=75, orderReference=BSQYHSLOT}
2022-06-19 13:13:09.404539 3b13a90c14ec7be7a32658b7472f5c46 DEBUG Created paynow data entry {cartId=413, externalId=BSQYHSLOT}
2022-06-19 13:13:09.405364 3b13a90c14ec7be7a32658b7472f5c46 INFO Payment has been successfully created {cartId=413, externalId=BSQYHSLOT, paymentId=PB9B-TXJ-WPU-25G, status=NEW}
2022-06-19 13:13:09.964544 5894f5bae910a7be2366f9518f0baedb INFO Incoming notification {externalId=BSQYHSLOT, paymentId=PB9B-TXJ-WPU-25G, status=NEW}
2022-06-19 13:13:09.968941 5894f5bae910a7be2366f9518f0baedb DEBUG Successfully updated payment data {paymentId=PB9B-TXJ-WPU-25G, status=NEW}
2022-06-19 13:13:09.969700 5894f5bae910a7be2366f9518f0baedb INFO Processing order's state update {cartId=413, externalId=BSQYHSLOT, orderId=75, orderReference=BSQYHSLOT, paymentId=PB9B-TXJ-WPU-25G, fromStatus=NEW, toStatus=NEW}
2022-06-19 13:13:09.972986 5894f5bae910a7be2366f9518f0baedb DEBUG Successfully updated payment data {paymentId=PB9B-TXJ-WPU-25G, status=NEW}
2022-06-19 13:13:09.973716 5894f5bae910a7be2366f9518f0baedb INFO Changed order's state {cartId=413, externalId=BSQYHSLOT, orderReference=BSQYHSLOT, paymentId=PB9B-TXJ-WPU-25G, status=NEW}
2022-06-19 13:13:18.893418 685d153b262b5fdb3d140f718b90c7ae INFO Incoming notification {externalId=BSQYHSLOT, paymentId=PB9B-TXJ-WPU-25G, status=PENDING}
2022-06-19 13:13:18.897953 685d153b262b5fdb3d140f718b90c7ae DEBUG Successfully updated payment data {paymentId=PB9B-TXJ-WPU-25G, status=PENDING}
2022-06-19 13:13:18.898653 685d153b262b5fdb3d140f718b90c7ae INFO Processing order's state update {cartId=413, externalId=BSQYHSLOT, orderId=75, orderReference=BSQYHSLOT, paymentId=PB9B-TXJ-WPU-25G, fromStatus=NEW, toStatus=PENDING}
2022-06-19 13:13:18.901271 685d153b262b5fdb3d140f718b90c7ae DEBUG Successfully updated payment data {paymentId=PB9B-TXJ-WPU-25G, status=PENDING}
2022-06-19 13:13:18.902123 685d153b262b5fdb3d140f718b90c7ae INFO Changed order's state {cartId=413, externalId=BSQYHSLOT, orderReference=BSQYHSLOT, paymentId=PB9B-TXJ-WPU-25G, status=PENDING}
2022-06-19 13:24:15.557785 685d153b262b5fdb3d140f718b90c7ae INFO Incoming notification {externalId=BSQYHSLOT, paymentId=PB9B-TXJ-WPU-25G, status=CONFIRMED}
2022-06-19 13:24:15.567329 685d153b262b5fdb3d140f718b90c7ae DEBUG Successfully updated payment data {paymentId=PB9B-TXJ-WPU-25G, status=CONFIRMED}
2022-06-19 13:24:15.568183 685d153b262b5fdb3d140f718b90c7ae INFO Processing order's state update {cartId=413, externalId=BSQYHSLOT, orderId=75, orderReference=BSQYHSLOT, paymentId=PB9B-TXJ-WPU-25G, fromStatus=PENDING, toStatus=CONFIRMED}
2022-06-19 13:24:15.570589 685d153b262b5fdb3d140f718b90c7ae INFO Adding new state to order's history {externalId=BSQYHSLOT, orderId=75, orderReference=BSQYHSLOT, paymentId=PB9B-TXJ-WPU-25G, paymentStatus=CONFIRMED, state=2}
2022-06-19 13:24:16.165985 685d153b262b5fdb3d140f718b90c7ae INFO Added new state to order's history {externalId=BSQYHSLOT, orderId=75, orderReference=BSQYHSLOT,  paymentId=PB9B-TXJ-WPU-25G, paymentStatus=CONFIRMED, state=2, historyId=274}
2022-06-19 13:24:16.169292 685d153b262b5fdb3d140f718b90c7ae DEBUG Successfully updated payment data {paymentId=PB9B-TXJ-WPU-25G, status=CONFIRMED}
2022-06-19 13:24:16.170075 685d153b262b5fdb3d140f718b90c7ae INFO Changed order's state {cartId=413, externalId=BSQYHSLOT, orderReference=BSQYHSLOT, paymentId=PB9B-TXJ-WPU-25G, status=CONFIRMED}
