2022-05-15 16:31:33.481537 532e40b54fdba317f1cfc3f086ce6084 INFO Processing payment for cart {cartId=321, externalId=321_62810ec5758f5}
2022-05-15 16:31:35.735729 532e40b54fdba317f1cfc3f086ce6084 DEBUG Created paynow data entry {cartId=321, externalId=321_62810ec5758f5}
2022-05-15 16:31:35.736856 532e40b54fdba317f1cfc3f086ce6084 INFO Payment has been successfully created {cartId=321, externalId=321_62810ec5758f5, paymentId=BLL5-YW3-Y4D-99V, status=PENDING}
2022-05-15 16:31:35.742436 532e40b54fdba317f1cfc3f086ce6084 DEBUG Setting optimistic lock on paynow data {cartId=321, externalId=321_62810ec5758f5}
2022-05-15 16:31:35.744815 532e40b54fdba317f1cfc3f086ce6084 DEBUG Successfully set up optimistic lock on paynow data {externalId=321_62810ec5758f5}
2022-05-15 16:31:35.745547 532e40b54fdba317f1cfc3f086ce6084 INFO Creating an order from cart {cartId=321, externalId=321_62810ec5758f5}
2022-05-15 16:31:36.010004 5894f5bae910a7be2366f9518f0baedb INFO Incoming notification {externalId=321_62810ec5758f5, paymentId=BLL5-YW3-Y4D-99V, status=PENDING}
2022-05-15 16:31:36.014673 5894f5bae910a7be2366f9518f0baedb DEBUG Successfully updated payment data {paymentId=BLL5-YW3-Y4D-99V, status=PENDING}
2022-05-15 16:31:36.015398 5894f5bae910a7be2366f9518f0baedb INFO Processing order's state update {cartId=321, externalId=321_62810ec5758f5, orderId=0, orderReference=, paymentId=BLL5-YW3-Y4D-99V, fromStatus=NEW, toStatus=PENDING}
2022-05-15 16:31:36.016239 5894f5bae910a7be2366f9518f0baedb WARNING An order does not exists {orderId=0}
2022-05-15 16:31:36.562467 685d153b262b5fdb3d140f718b90c7ae INFO Incoming notification {externalId=321_62810ec5758f5, paymentId=BLL5-YW3-Y4D-99V, status=NEW}
2022-05-15 16:31:36.566323 685d153b262b5fdb3d140f718b90c7ae DEBUG Successfully updated payment data {paymentId=BLL5-YW3-Y4D-99V, status=NEW}
2022-05-15 16:31:36.567013 685d153b262b5fdb3d140f718b90c7ae INFO Processing order's state update {cartId=321, externalId=321_62810ec5758f5, orderId=0, orderReference=, paymentId=BLL5-YW3-Y4D-99V, fromStatus=PENDING, toStatus=NEW}
2022-05-15 16:31:36.568280 685d153b262b5fdb3d140f718b90c7ae WARNING An order does not exists {orderId=0}
2022-05-15 16:31:36.809907 532e40b54fdba317f1cfc3f086ce6084 INFO An order has been successfully created {cartId=321, externalId=321_62810ec5758f5, orderId=62, orderReference=XBEYPLNWW, paymentId=BLL5-YW3-Y4D-99V}
2022-05-15 16:31:36.810904 532e40b54fdba317f1cfc3f086ce6084 DEBUG Unsetting optimistic lock on paynow data {cartId=321, externalId=321_62810ec5758f5}
2022-05-15 16:31:36.813211 532e40b54fdba317f1cfc3f086ce6084 DEBUG Successfully unset optimistic lock on paynow data {externalId=321_62810ec5758f5}
2022-05-15 16:31:36.815573 532e40b54fdba317f1cfc3f086ce6084 DEBUG Successfully updated payment data {orderId=62, orderReference=XBEYPLNWW, paymentId=BLL5-YW3-Y4D-99V}
2022-05-15 16:31:37.471715 532e40b54fdba317f1cfc3f086ce6084 INFO Retrieving payment status {paymentId=BLL5-YW3-Y4D-99V}
2022-05-15 16:31:37.604873 532e40b54fdba317f1cfc3f086ce6084 INFO Retrieved payment status {paymentId=BLL5-YW3-Y4D-99V, status=PENDING}
2022-05-15 16:31:37.605864 532e40b54fdba317f1cfc3f086ce6084 INFO Processing order's state update {cartId=321, externalId=321_62810ec5758f5, orderId=62, orderReference=XBEYPLNWW, paymentId=BLL5-YW3-Y4D-99V, fromStatus=NEW, toStatus=PENDING}
2022-05-15 16:31:37.608463 532e40b54fdba317f1cfc3f086ce6084 DEBUG Successfully updated payment data {paymentId=BLL5-YW3-Y4D-99V, status=PENDING}
2022-05-15 16:31:37.609500 532e40b54fdba317f1cfc3f086ce6084 INFO Changed order's state {cartId=321, externalId=321_62810ec5758f5, orderReference=XBEYPLNWW, paymentId=BLL5-YW3-Y4D-99V, status=PENDING}
2022-05-15 16:31:41.436321 532e40b54fdba317f1cfc3f086ce6084 INFO Checking order's payment status {externalId=321_62810ec5758f5}
2022-05-15 16:31:41.437726 532e40b54fdba317f1cfc3f086ce6084 INFO Retrieving payment status {paymentId=BLL5-YW3-Y4D-99V}
2022-05-15 16:31:41.565762 532e40b54fdba317f1cfc3f086ce6084 INFO Retrieved payment status {paymentId=BLL5-YW3-Y4D-99V, status=PENDING}
2022-05-15 16:31:41.567070 532e40b54fdba317f1cfc3f086ce6084 INFO Processing order's state update {cartId=321, externalId=321_62810ec5758f5, orderId=62, orderReference=XBEYPLNWW, paymentId=BLL5-YW3-Y4D-99V, fromStatus=PENDING, toStatus=PENDING}
2022-05-15 16:31:41.568274 532e40b54fdba317f1cfc3f086ce6084 ERROR An error occurred during updating state {code=0, externalId=321_62810ec5758f5, paymentId=BLL5-YW3-Y4D-99V, status=PENDING, message=Status transition is incorrect PENDING - PENDING}
2022-05-15 16:31:44.571552 532e40b54fdba317f1cfc3f086ce6084 INFO Checking order's payment status {externalId=321_62810ec5758f5}
2022-05-15 16:31:44.572899 532e40b54fdba317f1cfc3f086ce6084 INFO Retrieving payment status {paymentId=BLL5-YW3-Y4D-99V}
2022-05-15 16:31:44.702025 532e40b54fdba317f1cfc3f086ce6084 INFO Retrieved payment status {paymentId=BLL5-YW3-Y4D-99V, status=PENDING}
2022-05-15 16:31:44.703428 532e40b54fdba317f1cfc3f086ce6084 INFO Processing order's state update {cartId=321, externalId=321_62810ec5758f5, orderId=62, orderReference=XBEYPLNWW, paymentId=BLL5-YW3-Y4D-99V, fromStatus=PENDING, toStatus=PENDING}
2022-05-15 16:31:44.704566 532e40b54fdba317f1cfc3f086ce6084 ERROR An error occurred during updating state {code=0, externalId=321_62810ec5758f5, paymentId=BLL5-YW3-Y4D-99V, status=PENDING, message=Status transition is incorrect PENDING - PENDING}
2022-05-15 16:31:45.619894 5894f5bae910a7be2366f9518f0baedb INFO Incoming notification {externalId=321_62810ec5758f5, paymentId=BLL5-YW3-Y4D-99V, status=CONFIRMED}
2022-05-15 16:31:45.623832 5894f5bae910a7be2366f9518f0baedb DEBUG Successfully updated payment data {paymentId=BLL5-YW3-Y4D-99V, status=CONFIRMED}
2022-05-15 16:31:45.637902 5894f5bae910a7be2366f9518f0baedb INFO Processing order's state update {cartId=321, externalId=321_62810ec5758f5, orderId=62, orderReference=XBEYPLNWW, paymentId=BLL5-YW3-Y4D-99V, fromStatus=PENDING, toStatus=CONFIRMED}
2022-05-15 16:31:45.640794 5894f5bae910a7be2366f9518f0baedb INFO Adding new state to order's history {externalId=321_62810ec5758f5, orderId=62, orderReference=XBEYPLNWW, paymentId=BLL5-YW3-Y4D-99V, paymentStatus=CONFIRMED, state=2}
2022-05-15 16:31:46.061345 5894f5bae910a7be2366f9518f0baedb INFO Added new state to order's history {externalId=321_62810ec5758f5, orderId=62, orderReference=XBEYPLNWW,  paymentId=BLL5-YW3-Y4D-99V, paymentStatus=CONFIRMED, state=2, historyId=233}
2022-05-15 16:31:46.065865 5894f5bae910a7be2366f9518f0baedb DEBUG Successfully updated payment data {paymentId=BLL5-YW3-Y4D-99V, status=CONFIRMED}
2022-05-15 16:31:46.066767 5894f5bae910a7be2366f9518f0baedb INFO Changed order's state {cartId=321, externalId=321_62810ec5758f5, orderReference=XBEYPLNWW, paymentId=BLL5-YW3-Y4D-99V, status=CONFIRMED}
2022-05-15 16:31:47.886744 532e40b54fdba317f1cfc3f086ce6084 INFO Checking order's payment status {externalId=321_62810ec5758f5}
