2022-12-15 21:49:45.293137 7a225edebced9d00f2655f10d85ecbcf INFO Processing payment for cart {cartId=855, externalId=855_639b886947903}
2022-12-15 21:49:47.989825 7a225edebced9d00f2655f10d85ecbcf DEBUG Created paynow data entry {cartId=855, externalId=855_639b886947903}
2022-12-15 21:49:47.990817 7a225edebced9d00f2655f10d85ecbcf INFO Payment has been successfully created {cartId=855, externalId=855_639b886947903, paymentId=BL2K-5U7-GJX-2US, status=PENDING}
2022-12-15 21:49:47.992023 7a225edebced9d00f2655f10d85ecbcf DEBUG Setting optimistic lock on paynow data {cartId=855, externalId=855_639b886947903}
2022-12-15 21:49:47.994057 7a225edebced9d00f2655f10d85ecbcf DEBUG Successfully set up optimistic lock on paynow data {externalId=855_639b886947903}
2022-12-15 21:49:47.994868 7a225edebced9d00f2655f10d85ecbcf INFO Creating an order from cart {cartId=855, externalId=855_639b886947903}
2022-12-15 21:49:48.352585 685d153b262b5fdb3d140f718b90c7ae INFO Incoming notification {externalId=855_639b886947903, paymentId=BL2K-5U7-GJX-2US, status=NEW}
2022-12-15 21:49:48.357305 685d153b262b5fdb3d140f718b90c7ae INFO Processing order's state update {cartId=855, externalId=855_639b886947903, orderId=0, orderReference=, paymentId=BL2K-5U7-GJX-2US, fromStatus=NEW, toStatus=NEW}
2022-12-15 21:49:48.358237 685d153b262b5fdb3d140f718b90c7ae WARNING An order does not exists {cartId=855, externalId=855_639b886947903, orderId=0, orderReference=, paymentId=BL2K-5U7-GJX-2US}
2022-12-15 21:49:48.444781 685d153b262b5fdb3d140f718b90c7ae INFO Incoming notification {externalId=855_639b886947903, paymentId=BL2K-5U7-GJX-2US, status=PENDING}
2022-12-15 21:49:48.448932 685d153b262b5fdb3d140f718b90c7ae INFO Processing order's state update {cartId=855, externalId=855_639b886947903, orderId=0, orderReference=, paymentId=BL2K-5U7-GJX-2US, fromStatus=NEW, toStatus=PENDING}
2022-12-15 21:49:48.450297 685d153b262b5fdb3d140f718b90c7ae WARNING An order does not exists {cartId=855, externalId=855_639b886947903, orderId=0, orderReference=, paymentId=BL2K-5U7-GJX-2US}
2022-12-15 21:49:49.890614 7a225edebced9d00f2655f10d85ecbcf INFO An order has been successfully created {cartId=855, externalId=855_639b886947903, orderId=225, orderReference=UIPJPOLOL, paymentId=BL2K-5U7-GJX-2US}
2022-12-15 21:49:49.891304 7a225edebced9d00f2655f10d85ecbcf DEBUG Unsetting optimistic lock on paynow data {cartId=855, externalId=855_639b886947903}
2022-12-15 21:49:49.893259 7a225edebced9d00f2655f10d85ecbcf DEBUG Successfully unset optimistic lock on paynow data {externalId=855_639b886947903}
2022-12-15 21:49:49.895301 7a225edebced9d00f2655f10d85ecbcf DEBUG Successfully updated payment data {orderId=225, orderReference=UIPJPOLOL, paymentId=BL2K-5U7-GJX-2US}
2022-12-15 21:49:50.837599 7a225edebced9d00f2655f10d85ecbcf INFO Retrieving payment status {paymentId=BL2K-5U7-GJX-2US}
2022-12-15 21:49:50.969554 7a225edebced9d00f2655f10d85ecbcf INFO Retrieved payment status {paymentId=BL2K-5U7-GJX-2US, status=PENDING}
2022-12-15 21:49:50.970360 7a225edebced9d00f2655f10d85ecbcf INFO Processing order's state update {cartId=855, externalId=855_639b886947903, orderId=225, orderReference=UIPJPOLOL, paymentId=BL2K-5U7-GJX-2US, fromStatus=NEW, toStatus=PENDING}
2022-12-15 21:49:50.973284 7a225edebced9d00f2655f10d85ecbcf DEBUG Successfully updated payment data {paymentId=BL2K-5U7-GJX-2US, status=PENDING}
2022-12-15 21:49:50.974150 7a225edebced9d00f2655f10d85ecbcf INFO Changed order's state {cartId=855, externalId=855_639b886947903, orderReference=UIPJPOLOL, paymentId=BL2K-5U7-GJX-2US, status=PENDING}
2022-12-15 21:49:54.445885 5894f5bae910a7be2366f9518f0baedb INFO Incoming notification {externalId=855_639b886947903, paymentId=BL2K-5U7-GJX-2US, status=CONFIRMED}
2022-12-15 21:49:54.448935 5894f5bae910a7be2366f9518f0baedb INFO Processing order's state update {cartId=855, externalId=855_639b886947903, orderId=225, orderReference=UIPJPOLOL, paymentId=BL2K-5U7-GJX-2US, fromStatus=PENDING, toStatus=CONFIRMED}
2022-12-15 21:49:54.451286 5894f5bae910a7be2366f9518f0baedb INFO Adding new state to order's history {externalId=855_639b886947903, orderId=225, orderReference=UIPJPOLOL, paymentId=BL2K-5U7-GJX-2US, paymentStatus=CONFIRMED, state=2}
2022-12-15 21:49:55.195070 5894f5bae910a7be2366f9518f0baedb INFO Added new state to order's history {externalId=855_639b886947903, orderId=225, orderReference=UIPJPOLOL,  paymentId=BL2K-5U7-GJX-2US, paymentStatus=CONFIRMED, state=2, historyId=878}
2022-12-15 21:49:55.200193 5894f5bae910a7be2366f9518f0baedb DEBUG Successfully updated payment data {paymentId=BL2K-5U7-GJX-2US, status=CONFIRMED}
2022-12-15 21:49:55.201092 5894f5bae910a7be2366f9518f0baedb INFO Changed order's state {cartId=855, externalId=855_639b886947903, orderReference=UIPJPOLOL, paymentId=BL2K-5U7-GJX-2US, status=CONFIRMED}
2022-12-15 21:49:55.268845 7a225edebced9d00f2655f10d85ecbcf INFO Checking order's payment status {externalId=855_639b886947903}
