2022-10-06 1:10:36.140050 5894f5bae910a7be2366f9518f0baedb INFO Incoming notification {externalId=YXCPCBVMX, paymentId=NOQR-G7C-EGG-HF0, status=NEW}
2022-10-06 1:10:36.146598 5894f5bae910a7be2366f9518f0baedb INFO Processing order's state update {cartId=708, externalId=YXCPCBVMX, orderId=162, orderReference=YXCPCBVMX, paymentId=NOQR-G7C-EGG-HF0, fromStatus=NEW, toStatus=NEW}
2022-10-06 1:10:36.147977 5894f5bae910a7be2366f9518f0baedb ERROR An error occurred during processing notification {externalId=YXCPCBVMX, paymentId=NOQR-G7C-EGG-HF0, status=NEW, message=Another payment method is selected for order}
2022-10-06 1:11:02.876987 5894f5bae910a7be2366f9518f0baedb INFO Incoming notification {externalId=YXCPCBVMX, paymentId=NOQR-G7C-EGG-HF0, status=PENDING}
2022-10-06 1:11:02.883006 5894f5bae910a7be2366f9518f0baedb INFO Processing order's state update {cartId=708, externalId=YXCPCBVMX, orderId=162, orderReference=YXCPCBVMX, paymentId=NOQR-G7C-EGG-HF0, fromStatus=NEW, toStatus=PENDING}
2022-10-06 1:11:02.884191 5894f5bae910a7be2366f9518f0baedb ERROR An error occurred during processing notification {externalId=YXCPCBVMX, paymentId=NOQR-G7C-EGG-HF0, status=PENDING, message=Another payment method is selected for order}
2022-10-06 1:12:19.902894 5894f5bae910a7be2366f9518f0baedb INFO Incoming notification {externalId=YXCPCBVMX, paymentId=NOQR-G7C-EGG-HF0, status=CONFIRMED}
2022-10-06 1:12:19.906116 5894f5bae910a7be2366f9518f0baedb INFO Processing order's state update {cartId=708, externalId=YXCPCBVMX, orderId=162, orderReference=YXCPCBVMX, paymentId=NOQR-G7C-EGG-HF0, fromStatus=NEW, toStatus=CONFIRMED}
2022-10-06 1:12:19.907653 5894f5bae910a7be2366f9518f0baedb ERROR An error occurred during processing notification {externalId=YXCPCBVMX, paymentId=NOQR-G7C-EGG-HF0, status=CONFIRMED, message=Another payment method is selected for order}
2022-10-06 5:10:36.722728 5894f5bae910a7be2366f9518f0baedb INFO Incoming notification {externalId=YXCPCBVMX, paymentId=NOQR-G7C-EGG-HF0, status=NEW}
2022-10-06 5:10:36.731406 5894f5bae910a7be2366f9518f0baedb INFO Processing order's state update {cartId=708, externalId=YXCPCBVMX, orderId=162, orderReference=YXCPCBVMX, paymentId=NOQR-G7C-EGG-HF0, fromStatus=NEW, toStatus=NEW}
2022-10-06 5:10:36.732863 5894f5bae910a7be2366f9518f0baedb ERROR An error occurred during processing notification {externalId=YXCPCBVMX, paymentId=NOQR-G7C-EGG-HF0, status=NEW, message=Another payment method is selected for order}
2022-10-06 5:11:03.275233 5894f5bae910a7be2366f9518f0baedb INFO Incoming notification {externalId=YXCPCBVMX, paymentId=NOQR-G7C-EGG-HF0, status=PENDING}
2022-10-06 5:11:03.278122 5894f5bae910a7be2366f9518f0baedb INFO Processing order's state update {cartId=708, externalId=YXCPCBVMX, orderId=162, orderReference=YXCPCBVMX, paymentId=NOQR-G7C-EGG-HF0, fromStatus=NEW, toStatus=PENDING}
2022-10-06 5:11:03.279397 5894f5bae910a7be2366f9518f0baedb ERROR An error occurred during processing notification {externalId=YXCPCBVMX, paymentId=NOQR-G7C-EGG-HF0, status=PENDING, message=Another payment method is selected for order}
2022-10-06 5:12:20.554368 5894f5bae910a7be2366f9518f0baedb INFO Incoming notification {externalId=YXCPCBVMX, paymentId=NOQR-G7C-EGG-HF0, status=CONFIRMED}
2022-10-06 5:12:20.558018 5894f5bae910a7be2366f9518f0baedb INFO Processing order's state update {cartId=708, externalId=YXCPCBVMX, orderId=162, orderReference=YXCPCBVMX, paymentId=NOQR-G7C-EGG-HF0, fromStatus=NEW, toStatus=CONFIRMED}
2022-10-06 5:12:20.559413 5894f5bae910a7be2366f9518f0baedb ERROR An error occurred during processing notification {externalId=YXCPCBVMX, paymentId=NOQR-G7C-EGG-HF0, status=CONFIRMED, message=Another payment method is selected for order}
2022-10-06 13:10:37.201441 5894f5bae910a7be2366f9518f0baedb INFO Incoming notification {externalId=YXCPCBVMX, paymentId=NOQR-G7C-EGG-HF0, status=NEW}
2022-10-06 13:10:37.207571 5894f5bae910a7be2366f9518f0baedb INFO Processing order's state update {cartId=708, externalId=YXCPCBVMX, orderId=162, orderReference=YXCPCBVMX, paymentId=NOQR-G7C-EGG-HF0, fromStatus=NEW, toStatus=NEW}
2022-10-06 13:10:37.209016 5894f5bae910a7be2366f9518f0baedb ERROR An error occurred during processing notification {externalId=YXCPCBVMX, paymentId=NOQR-G7C-EGG-HF0, status=NEW, message=Another payment method is selected for order}
2022-10-06 13:11:03.797029 5894f5bae910a7be2366f9518f0baedb INFO Incoming notification {externalId=YXCPCBVMX, paymentId=NOQR-G7C-EGG-HF0, status=PENDING}
2022-10-06 13:11:03.800175 5894f5bae910a7be2366f9518f0baedb INFO Processing order's state update {cartId=708, externalId=YXCPCBVMX, orderId=162, orderReference=YXCPCBVMX, paymentId=NOQR-G7C-EGG-HF0, fromStatus=NEW, toStatus=PENDING}
2022-10-06 13:11:03.801639 5894f5bae910a7be2366f9518f0baedb ERROR An error occurred during processing notification {externalId=YXCPCBVMX, paymentId=NOQR-G7C-EGG-HF0, status=PENDING, message=Another payment method is selected for order}
2022-10-06 13:12:21.464513 5894f5bae910a7be2366f9518f0baedb INFO Incoming notification {externalId=YXCPCBVMX, paymentId=NOQR-G7C-EGG-HF0, status=CONFIRMED}
2022-10-06 13:12:21.467935 5894f5bae910a7be2366f9518f0baedb INFO Processing order's state update {cartId=708, externalId=YXCPCBVMX, orderId=162, orderReference=YXCPCBVMX, paymentId=NOQR-G7C-EGG-HF0, fromStatus=NEW, toStatus=CONFIRMED}
2022-10-06 13:12:21.469161 5894f5bae910a7be2366f9518f0baedb ERROR An error occurred during processing notification {externalId=YXCPCBVMX, paymentId=NOQR-G7C-EGG-HF0, status=CONFIRMED, message=Another payment method is selected for order}
