2022-11-25 23:22:17.916781 1ee06eec2b0d378aa33e02a104cbc1cb INFO Processing payment for cart {cartId=489, externalId=489_63814019dfd24}
2022-11-25 23:22:19.946624 1ee06eec2b0d378aa33e02a104cbc1cb DEBUG Created paynow data entry {cartId=489, externalId=489_63814019dfd24}
2022-11-25 23:22:19.947555 1ee06eec2b0d378aa33e02a104cbc1cb INFO Payment has been successfully created {cartId=489, externalId=489_63814019dfd24, paymentId=BL8O-8XS-6KF-HZT, status=PENDING}
2022-11-25 23:22:19.948631 1ee06eec2b0d378aa33e02a104cbc1cb DEBUG Setting optimistic lock on paynow data {cartId=489, externalId=489_63814019dfd24}
2022-11-25 23:22:19.950598 1ee06eec2b0d378aa33e02a104cbc1cb DEBUG Successfully set up optimistic lock on paynow data {externalId=489_63814019dfd24}
2022-11-25 23:22:19.951276 1ee06eec2b0d378aa33e02a104cbc1cb INFO Creating an order from cart {cartId=489, externalId=489_63814019dfd24}
2022-11-25 23:22:20.351075 685d153b262b5fdb3d140f718b90c7ae INFO Incoming notification {externalId=489_63814019dfd24, paymentId=BL8O-8XS-6KF-HZT, status=PENDING}
2022-11-25 23:22:20.355077 685d153b262b5fdb3d140f718b90c7ae INFO Processing order's state update {cartId=489, externalId=489_63814019dfd24, orderId=0, orderReference=, paymentId=BL8O-8XS-6KF-HZT, fromStatus=NEW, toStatus=PENDING}
2022-11-25 23:22:20.356162 685d153b262b5fdb3d140f718b90c7ae WARNING An order does not exists {cartId=489, externalId=489_63814019dfd24, orderId=0, orderReference=, paymentId=BL8O-8XS-6KF-HZT}
2022-11-25 23:22:20.462053 5894f5bae910a7be2366f9518f0baedb INFO Incoming notification {externalId=489_63814019dfd24, paymentId=BL8O-8XS-6KF-HZT, status=NEW}
2022-11-25 23:22:20.464711 5894f5bae910a7be2366f9518f0baedb INFO Processing order's state update {cartId=489, externalId=489_63814019dfd24, orderId=0, orderReference=, paymentId=BL8O-8XS-6KF-HZT, fromStatus=NEW, toStatus=NEW}
2022-11-25 23:22:20.465747 5894f5bae910a7be2366f9518f0baedb WARNING An order does not exists {cartId=489, externalId=489_63814019dfd24, orderId=0, orderReference=, paymentId=BL8O-8XS-6KF-HZT}
2022-11-25 23:22:23.652689 1ee06eec2b0d378aa33e02a104cbc1cb INFO An order has been successfully created {cartId=489, externalId=489_63814019dfd24, orderId=199, orderReference=MYQGWKCUV, paymentId=BL8O-8XS-6KF-HZT}
2022-11-25 23:22:23.653546 1ee06eec2b0d378aa33e02a104cbc1cb DEBUG Unsetting optimistic lock on paynow data {cartId=489, externalId=489_63814019dfd24}
2022-11-25 23:22:23.655864 1ee06eec2b0d378aa33e02a104cbc1cb DEBUG Successfully unset optimistic lock on paynow data {externalId=489_63814019dfd24}
2022-11-25 23:22:23.657847 1ee06eec2b0d378aa33e02a104cbc1cb DEBUG Successfully updated payment data {orderId=199, orderReference=MYQGWKCUV, paymentId=BL8O-8XS-6KF-HZT}
2022-11-25 23:22:24.200443 1ee06eec2b0d378aa33e02a104cbc1cb INFO Retrieving payment status {paymentId=BL8O-8XS-6KF-HZT}
2022-11-25 23:22:24.332564 1ee06eec2b0d378aa33e02a104cbc1cb INFO Retrieved payment status {paymentId=BL8O-8XS-6KF-HZT, status=PENDING}
2022-11-25 23:22:24.333401 1ee06eec2b0d378aa33e02a104cbc1cb INFO Processing order's state update {cartId=489, externalId=489_63814019dfd24, orderId=199, orderReference=MYQGWKCUV, paymentId=BL8O-8XS-6KF-HZT, fromStatus=NEW, toStatus=PENDING}
2022-11-25 23:22:24.336513 1ee06eec2b0d378aa33e02a104cbc1cb DEBUG Successfully updated payment data {paymentId=BL8O-8XS-6KF-HZT, status=PENDING}
2022-11-25 23:22:24.337296 1ee06eec2b0d378aa33e02a104cbc1cb INFO Changed order's state {cartId=489, externalId=489_63814019dfd24, orderReference=MYQGWKCUV, paymentId=BL8O-8XS-6KF-HZT, status=PENDING}
2022-11-25 23:22:28.166110 1ee06eec2b0d378aa33e02a104cbc1cb INFO Checking order's payment status {externalId=489_63814019dfd24}
2022-11-25 23:22:28.167623 1ee06eec2b0d378aa33e02a104cbc1cb INFO Retrieving payment status {paymentId=BL8O-8XS-6KF-HZT}
2022-11-25 23:22:28.267781 1ee06eec2b0d378aa33e02a104cbc1cb INFO Retrieved payment status {paymentId=BL8O-8XS-6KF-HZT, status=PENDING}
2022-11-25 23:22:28.269361 1ee06eec2b0d378aa33e02a104cbc1cb INFO Processing order's state update {cartId=489, externalId=489_63814019dfd24, orderId=199, orderReference=MYQGWKCUV, paymentId=BL8O-8XS-6KF-HZT, fromStatus=PENDING, toStatus=PENDING}
2022-11-25 23:22:28.270694 1ee06eec2b0d378aa33e02a104cbc1cb ERROR An error occurred during updating state {code=0, externalId=489_63814019dfd24, paymentId=BL8O-8XS-6KF-HZT, status=PENDING, message=Status transition is incorrect PENDING - PENDING}
2022-11-25 23:22:31.164469 1ee06eec2b0d378aa33e02a104cbc1cb INFO Checking order's payment status {externalId=489_63814019dfd24}
2022-11-25 23:22:31.166228 1ee06eec2b0d378aa33e02a104cbc1cb INFO Retrieving payment status {paymentId=BL8O-8XS-6KF-HZT}
2022-11-25 23:22:31.267429 1ee06eec2b0d378aa33e02a104cbc1cb INFO Retrieved payment status {paymentId=BL8O-8XS-6KF-HZT, status=PENDING}
2022-11-25 23:22:31.268903 1ee06eec2b0d378aa33e02a104cbc1cb INFO Processing order's state update {cartId=489, externalId=489_63814019dfd24, orderId=199, orderReference=MYQGWKCUV, paymentId=BL8O-8XS-6KF-HZT, fromStatus=PENDING, toStatus=PENDING}
2022-11-25 23:22:31.270118 1ee06eec2b0d378aa33e02a104cbc1cb ERROR An error occurred during updating state {code=0, externalId=489_63814019dfd24, paymentId=BL8O-8XS-6KF-HZT, status=PENDING, message=Status transition is incorrect PENDING - PENDING}
2022-11-25 23:22:33.035377 5894f5bae910a7be2366f9518f0baedb INFO Incoming notification {externalId=489_63814019dfd24, paymentId=BL8O-8XS-6KF-HZT, status=CONFIRMED}
2022-11-25 23:22:33.038634 5894f5bae910a7be2366f9518f0baedb INFO Processing order's state update {cartId=489, externalId=489_63814019dfd24, orderId=199, orderReference=MYQGWKCUV, paymentId=BL8O-8XS-6KF-HZT, fromStatus=PENDING, toStatus=CONFIRMED}
2022-11-25 23:22:33.041037 5894f5bae910a7be2366f9518f0baedb INFO Adding new state to order's history {externalId=489_63814019dfd24, orderId=199, orderReference=MYQGWKCUV, paymentId=BL8O-8XS-6KF-HZT, paymentStatus=CONFIRMED, state=2}
2022-11-25 23:22:33.803601 5894f5bae910a7be2366f9518f0baedb INFO Added new state to order's history {externalId=489_63814019dfd24, orderId=199, orderReference=MYQGWKCUV,  paymentId=BL8O-8XS-6KF-HZT, paymentStatus=CONFIRMED, state=2, historyId=773}
2022-11-25 23:22:33.808108 5894f5bae910a7be2366f9518f0baedb DEBUG Successfully updated payment data {paymentId=BL8O-8XS-6KF-HZT, status=CONFIRMED}
2022-11-25 23:22:33.808736 5894f5bae910a7be2366f9518f0baedb INFO Changed order's state {cartId=489, externalId=489_63814019dfd24, orderReference=MYQGWKCUV, paymentId=BL8O-8XS-6KF-HZT, status=CONFIRMED}
2022-11-25 23:22:34.194298 1ee06eec2b0d378aa33e02a104cbc1cb INFO Checking order's payment status {externalId=489_63814019dfd24}
