2022-11-01 16:46:56.813661 487a3b652d9fb8b09e4cd2a8d497ee55 INFO Processing payment for cart {cartId=766, externalId=766_63613f70c6a50}
2022-11-01 16:46:59.484224 487a3b652d9fb8b09e4cd2a8d497ee55 DEBUG Created paynow data entry {cartId=766, externalId=766_63613f70c6a50}
2022-11-01 16:46:59.485160 487a3b652d9fb8b09e4cd2a8d497ee55 INFO Payment has been successfully created {cartId=766, externalId=766_63613f70c6a50, paymentId=BL5O-6GZ-EOT-S02, status=PENDING}
2022-11-01 16:46:59.486419 487a3b652d9fb8b09e4cd2a8d497ee55 DEBUG Setting optimistic lock on paynow data {cartId=766, externalId=766_63613f70c6a50}
2022-11-01 16:46:59.488501 487a3b652d9fb8b09e4cd2a8d497ee55 DEBUG Successfully set up optimistic lock on paynow data {externalId=766_63613f70c6a50}
2022-11-01 16:46:59.489865 487a3b652d9fb8b09e4cd2a8d497ee55 INFO Creating an order from cart {cartId=766, externalId=766_63613f70c6a50}
2022-11-01 16:46:59.977008 685d153b262b5fdb3d140f718b90c7ae INFO Incoming notification {externalId=766_63613f70c6a50, paymentId=BL5O-6GZ-EOT-S02, status=PENDING}
2022-11-01 16:46:59.982702 685d153b262b5fdb3d140f718b90c7ae INFO Processing order's state update {cartId=766, externalId=766_63613f70c6a50, orderId=0, orderReference=, paymentId=BL5O-6GZ-EOT-S02, fromStatus=NEW, toStatus=PENDING}
2022-11-01 16:46:59.983733 685d153b262b5fdb3d140f718b90c7ae WARNING An order does not exists {cartId=766, externalId=766_63613f70c6a50, orderId=0, orderReference=, paymentId=BL5O-6GZ-EOT-S02}
2022-11-01 16:47:00.443459 5894f5bae910a7be2366f9518f0baedb INFO Incoming notification {externalId=766_63613f70c6a50, paymentId=BL5O-6GZ-EOT-S02, status=NEW}
2022-11-01 16:47:00.446429 5894f5bae910a7be2366f9518f0baedb INFO Processing order's state update {cartId=766, externalId=766_63613f70c6a50, orderId=0, orderReference=, paymentId=BL5O-6GZ-EOT-S02, fromStatus=NEW, toStatus=NEW}
2022-11-01 16:47:00.447590 5894f5bae910a7be2366f9518f0baedb WARNING An order does not exists {cartId=766, externalId=766_63613f70c6a50, orderId=0, orderReference=, paymentId=BL5O-6GZ-EOT-S02}
2022-11-01 16:47:01.477046 487a3b652d9fb8b09e4cd2a8d497ee55 INFO An order has been successfully created {cartId=766, externalId=766_63613f70c6a50, orderId=175, orderReference=KTZMWMMVU, paymentId=BL5O-6GZ-EOT-S02}
2022-11-01 16:47:01.477960 487a3b652d9fb8b09e4cd2a8d497ee55 DEBUG Unsetting optimistic lock on paynow data {cartId=766, externalId=766_63613f70c6a50}
2022-11-01 16:47:01.480021 487a3b652d9fb8b09e4cd2a8d497ee55 DEBUG Successfully unset optimistic lock on paynow data {externalId=766_63613f70c6a50}
2022-11-01 16:47:01.482151 487a3b652d9fb8b09e4cd2a8d497ee55 DEBUG Successfully updated payment data {orderId=175, orderReference=KTZMWMMVU, paymentId=BL5O-6GZ-EOT-S02}
2022-11-01 16:47:02.267854 487a3b652d9fb8b09e4cd2a8d497ee55 INFO Retrieving payment status {paymentId=BL5O-6GZ-EOT-S02}
2022-11-01 16:47:02.390516 487a3b652d9fb8b09e4cd2a8d497ee55 INFO Retrieved payment status {paymentId=BL5O-6GZ-EOT-S02, status=PENDING}
2022-11-01 16:47:02.391324 487a3b652d9fb8b09e4cd2a8d497ee55 INFO Processing order's state update {cartId=766, externalId=766_63613f70c6a50, orderId=175, orderReference=KTZMWMMVU, paymentId=BL5O-6GZ-EOT-S02, fromStatus=NEW, toStatus=PENDING}
2022-11-01 16:47:02.394287 487a3b652d9fb8b09e4cd2a8d497ee55 DEBUG Successfully updated payment data {paymentId=BL5O-6GZ-EOT-S02, status=PENDING}
2022-11-01 16:47:02.395407 487a3b652d9fb8b09e4cd2a8d497ee55 INFO Changed order's state {cartId=766, externalId=766_63613f70c6a50, orderReference=KTZMWMMVU, paymentId=BL5O-6GZ-EOT-S02, status=PENDING}
2022-11-01 16:47:06.836339 487a3b652d9fb8b09e4cd2a8d497ee55 INFO Checking order's payment status {externalId=766_63613f70c6a50}
2022-11-01 16:47:06.837852 487a3b652d9fb8b09e4cd2a8d497ee55 INFO Retrieving payment status {paymentId=BL5O-6GZ-EOT-S02}
2022-11-01 16:47:06.955771 487a3b652d9fb8b09e4cd2a8d497ee55 INFO Retrieved payment status {paymentId=BL5O-6GZ-EOT-S02, status=PENDING}
2022-11-01 16:47:06.957606 487a3b652d9fb8b09e4cd2a8d497ee55 INFO Processing order's state update {cartId=766, externalId=766_63613f70c6a50, orderId=175, orderReference=KTZMWMMVU, paymentId=BL5O-6GZ-EOT-S02, fromStatus=PENDING, toStatus=PENDING}
2022-11-01 16:47:06.958832 487a3b652d9fb8b09e4cd2a8d497ee55 ERROR An error occurred during updating state {code=0, externalId=766_63613f70c6a50, paymentId=BL5O-6GZ-EOT-S02, status=PENDING, message=Status transition is incorrect PENDING - PENDING}
2022-11-01 16:47:09.920027 487a3b652d9fb8b09e4cd2a8d497ee55 INFO Checking order's payment status {externalId=766_63613f70c6a50}
2022-11-01 16:47:09.921657 487a3b652d9fb8b09e4cd2a8d497ee55 INFO Retrieving payment status {paymentId=BL5O-6GZ-EOT-S02}
2022-11-01 16:47:10.039196 487a3b652d9fb8b09e4cd2a8d497ee55 INFO Retrieved payment status {paymentId=BL5O-6GZ-EOT-S02, status=PENDING}
2022-11-01 16:47:10.040507 487a3b652d9fb8b09e4cd2a8d497ee55 INFO Processing order's state update {cartId=766, externalId=766_63613f70c6a50, orderId=175, orderReference=KTZMWMMVU, paymentId=BL5O-6GZ-EOT-S02, fromStatus=PENDING, toStatus=PENDING}
2022-11-01 16:47:10.041757 487a3b652d9fb8b09e4cd2a8d497ee55 ERROR An error occurred during updating state {code=0, externalId=766_63613f70c6a50, paymentId=BL5O-6GZ-EOT-S02, status=PENDING, message=Status transition is incorrect PENDING - PENDING}
2022-11-01 16:47:13.016853 487a3b652d9fb8b09e4cd2a8d497ee55 INFO Checking order's payment status {externalId=766_63613f70c6a50}
2022-11-01 16:47:13.018564 487a3b652d9fb8b09e4cd2a8d497ee55 INFO Retrieving payment status {paymentId=BL5O-6GZ-EOT-S02}
2022-11-01 16:47:13.135639 487a3b652d9fb8b09e4cd2a8d497ee55 INFO Retrieved payment status {paymentId=BL5O-6GZ-EOT-S02, status=PENDING}
2022-11-01 16:47:13.137015 487a3b652d9fb8b09e4cd2a8d497ee55 INFO Processing order's state update {cartId=766, externalId=766_63613f70c6a50, orderId=175, orderReference=KTZMWMMVU, paymentId=BL5O-6GZ-EOT-S02, fromStatus=PENDING, toStatus=PENDING}
2022-11-01 16:47:13.138101 487a3b652d9fb8b09e4cd2a8d497ee55 ERROR An error occurred during updating state {code=0, externalId=766_63613f70c6a50, paymentId=BL5O-6GZ-EOT-S02, status=PENDING, message=Status transition is incorrect PENDING - PENDING}
2022-11-01 16:47:14.199568 5894f5bae910a7be2366f9518f0baedb INFO Incoming notification {externalId=766_63613f70c6a50, paymentId=BL5O-6GZ-EOT-S02, status=CONFIRMED}
2022-11-01 16:47:14.202886 5894f5bae910a7be2366f9518f0baedb INFO Processing order's state update {cartId=766, externalId=766_63613f70c6a50, orderId=175, orderReference=KTZMWMMVU, paymentId=BL5O-6GZ-EOT-S02, fromStatus=PENDING, toStatus=CONFIRMED}
2022-11-01 16:47:14.205107 5894f5bae910a7be2366f9518f0baedb INFO Adding new state to order's history {externalId=766_63613f70c6a50, orderId=175, orderReference=KTZMWMMVU, paymentId=BL5O-6GZ-EOT-S02, paymentStatus=CONFIRMED, state=2}
2022-11-01 16:47:15.088238 5894f5bae910a7be2366f9518f0baedb INFO Added new state to order's history {externalId=766_63613f70c6a50, orderId=175, orderReference=KTZMWMMVU,  paymentId=BL5O-6GZ-EOT-S02, paymentStatus=CONFIRMED, state=2, historyId=671}
2022-11-01 16:47:15.092772 5894f5bae910a7be2366f9518f0baedb DEBUG Successfully updated payment data {paymentId=BL5O-6GZ-EOT-S02, status=CONFIRMED}
2022-11-01 16:47:15.093606 5894f5bae910a7be2366f9518f0baedb INFO Changed order's state {cartId=766, externalId=766_63613f70c6a50, orderReference=KTZMWMMVU, paymentId=BL5O-6GZ-EOT-S02, status=CONFIRMED}
2022-11-01 16:47:16.091753 487a3b652d9fb8b09e4cd2a8d497ee55 INFO Checking order's payment status {externalId=766_63613f70c6a50}
