2022-12-03 13:00:41.570528 4a6e75807c7290d68b0e1897d4cf64ef DEBUG Setting optimistic lock on paynow data {cartId=845, externalId=}
2022-12-03 13:00:41.573184 4a6e75807c7290d68b0e1897d4cf64ef WARNING Can't set optimistic lock due empty payment data {cartId=845}
2022-12-03 13:00:41.574107 4a6e75807c7290d68b0e1897d4cf64ef INFO Creating an order from cart {cartId=845, externalId=}
2022-12-03 13:00:43.639919 4a6e75807c7290d68b0e1897d4cf64ef INFO An order has been successfully created {cartId=845, externalId=, orderId=209, orderReference=UJLWQEZGO, paymentId=}
2022-12-03 13:00:43.640717 4a6e75807c7290d68b0e1897d4cf64ef DEBUG Unsetting optimistic lock on paynow data {cartId=845, externalId=}
2022-12-03 13:00:43.641926 4a6e75807c7290d68b0e1897d4cf64ef WARNING Can't unset optimistic lock due empty payment data {cartId=845}
2022-12-03 13:00:43.643644 4a6e75807c7290d68b0e1897d4cf64ef INFO Processing payment for order {cartId=845, externalId=UJLWQEZGO, orderId=209, orderReference=UJLWQEZGO}
2022-12-03 13:00:44.460551 4a6e75807c7290d68b0e1897d4cf64ef DEBUG Created paynow data entry {cartId=845, externalId=UJLWQEZGO}
2022-12-03 13:00:44.461391 4a6e75807c7290d68b0e1897d4cf64ef INFO Payment has been successfully created {cartId=845, externalId=UJLWQEZGO, paymentId=PBHX-05K-EJ5-EY6, status=NEW}
2022-12-03 13:00:44.741828 685d153b262b5fdb3d140f718b90c7ae INFO Incoming notification {externalId=UJLWQEZGO, paymentId=PBHX-05K-EJ5-EY6, status=NEW}
2022-12-03 13:00:44.746491 685d153b262b5fdb3d140f718b90c7ae INFO Processing order's state update {cartId=845, externalId=UJLWQEZGO, orderId=209, orderReference=UJLWQEZGO, paymentId=PBHX-05K-EJ5-EY6, fromStatus=NEW, toStatus=NEW}
2022-12-03 13:00:44.749963 685d153b262b5fdb3d140f718b90c7ae DEBUG Successfully updated payment data {paymentId=PBHX-05K-EJ5-EY6, status=NEW}
2022-12-03 13:00:44.750683 685d153b262b5fdb3d140f718b90c7ae INFO Changed order's state {cartId=845, externalId=UJLWQEZGO, orderReference=UJLWQEZGO, paymentId=PBHX-05K-EJ5-EY6, status=NEW}
2022-12-03 13:00:51.140357 5894f5bae910a7be2366f9518f0baedb INFO Incoming notification {externalId=UJLWQEZGO, paymentId=PBHX-05K-EJ5-EY6, status=PENDING}
2022-12-03 13:00:51.143992 5894f5bae910a7be2366f9518f0baedb INFO Processing order's state update {cartId=845, externalId=UJLWQEZGO, orderId=209, orderReference=UJLWQEZGO, paymentId=PBHX-05K-EJ5-EY6, fromStatus=NEW, toStatus=PENDING}
2022-12-03 13:00:51.147036 5894f5bae910a7be2366f9518f0baedb DEBUG Successfully updated payment data {paymentId=PBHX-05K-EJ5-EY6, status=PENDING}
2022-12-03 13:00:51.147939 5894f5bae910a7be2366f9518f0baedb INFO Changed order's state {cartId=845, externalId=UJLWQEZGO, orderReference=UJLWQEZGO, paymentId=PBHX-05K-EJ5-EY6, status=PENDING}
2022-12-03 13:01:32.213393 685d153b262b5fdb3d140f718b90c7ae INFO Incoming notification {externalId=UJLWQEZGO, paymentId=PBHX-05K-EJ5-EY6, status=CONFIRMED}
2022-12-03 13:01:32.217571 685d153b262b5fdb3d140f718b90c7ae INFO Processing order's state update {cartId=845, externalId=UJLWQEZGO, orderId=209, orderReference=UJLWQEZGO, paymentId=PBHX-05K-EJ5-EY6, fromStatus=PENDING, toStatus=CONFIRMED}
2022-12-03 13:01:32.220299 685d153b262b5fdb3d140f718b90c7ae INFO Adding new state to order's history {externalId=UJLWQEZGO, orderId=209, orderReference=UJLWQEZGO, paymentId=PBHX-05K-EJ5-EY6, paymentStatus=CONFIRMED, state=2}
2022-12-03 13:01:33.045917 685d153b262b5fdb3d140f718b90c7ae INFO Added new state to order's history {externalId=UJLWQEZGO, orderId=209, orderReference=UJLWQEZGO,  paymentId=PBHX-05K-EJ5-EY6, paymentStatus=CONFIRMED, state=2, historyId=810}
2022-12-03 13:01:33.051104 685d153b262b5fdb3d140f718b90c7ae DEBUG Successfully updated payment data {paymentId=PBHX-05K-EJ5-EY6, status=CONFIRMED}
2022-12-03 13:01:33.052006 685d153b262b5fdb3d140f718b90c7ae INFO Changed order's state {cartId=845, externalId=UJLWQEZGO, orderReference=UJLWQEZGO, paymentId=PBHX-05K-EJ5-EY6, status=CONFIRMED}
