2022-12-19 3:01:57.085113 5894f5bae910a7be2366f9518f0baedb INFO Incoming notification {externalId=886_639f56b64213b, paymentId=BLUB-Q2O-0RB-RZA, status=PENDING}
2022-12-19 3:01:57.084924 685d153b262b5fdb3d140f718b90c7ae INFO Incoming notification {externalId=886_639f56b64213b, paymentId=BLUB-Q2O-0RB-RZA, status=NEW}
2022-12-19 3:01:57.088850 5894f5bae910a7be2366f9518f0baedb WARNING Payment for order or cart not exists {externalId=886_639f56b64213b, paymentId=BLUB-Q2O-0RB-RZA, status=PENDING}
2022-12-19 3:01:57.088850 685d153b262b5fdb3d140f718b90c7ae WARNING Payment for order or cart not exists {externalId=886_639f56b64213b, paymentId=BLUB-Q2O-0RB-RZA, status=NEW}
2022-12-19 3:02:03.581235 685d153b262b5fdb3d140f718b90c7ae INFO Incoming notification {externalId=886_639f56b64213b, paymentId=BLUB-Q2O-0RB-RZA, status=CONFIRMED}
2022-12-19 3:02:03.583515 685d153b262b5fdb3d140f718b90c7ae WARNING Payment for order or cart not exists {externalId=886_639f56b64213b, paymentId=BLUB-Q2O-0RB-RZA, status=CONFIRMED}
2022-12-19 11:01:57.812414 5894f5bae910a7be2366f9518f0baedb INFO Incoming notification {externalId=886_639f56b64213b, paymentId=BLUB-Q2O-0RB-RZA, status=PENDING}
2022-12-19 11:01:57.812410 5894f5bae910a7be2366f9518f0baedb INFO Incoming notification {externalId=886_639f56b64213b, paymentId=BLUB-Q2O-0RB-RZA, status=NEW}
2022-12-19 11:01:57.816816 5894f5bae910a7be2366f9518f0baedb WARNING Payment for order or cart not exists {externalId=886_639f56b64213b, paymentId=BLUB-Q2O-0RB-RZA, status=PENDING}
2022-12-19 11:01:57.816828 5894f5bae910a7be2366f9518f0baedb WARNING Payment for order or cart not exists {externalId=886_639f56b64213b, paymentId=BLUB-Q2O-0RB-RZA, status=NEW}
2022-12-19 11:02:04.181830 5894f5bae910a7be2366f9518f0baedb INFO Incoming notification {externalId=886_639f56b64213b, paymentId=BLUB-Q2O-0RB-RZA, status=CONFIRMED}
2022-12-19 11:02:04.183931 5894f5bae910a7be2366f9518f0baedb WARNING Payment for order or cart not exists {externalId=886_639f56b64213b, paymentId=BLUB-Q2O-0RB-RZA, status=CONFIRMED}
2022-12-19 11:51:33.119561 8dbe4be4fd7ab30fd096933efcc541c9 INFO Processing payment for cart {cartId=890, externalId=890_63a042351d2fb}
2022-12-19 11:51:35.219093 8dbe4be4fd7ab30fd096933efcc541c9 DEBUG Created paynow data entry {cartId=890, externalId=890_63a042351d2fb}
2022-12-19 11:51:35.219981 8dbe4be4fd7ab30fd096933efcc541c9 INFO Payment has been successfully created {cartId=890, externalId=890_63a042351d2fb, paymentId=BLLI-YB4-AO9-ESL, status=PENDING}
2022-12-19 11:51:35.221366 8dbe4be4fd7ab30fd096933efcc541c9 DEBUG Setting optimistic lock on paynow data {cartId=890, externalId=890_63a042351d2fb}
2022-12-19 11:51:35.223464 8dbe4be4fd7ab30fd096933efcc541c9 DEBUG Successfully set up optimistic lock on paynow data {externalId=890_63a042351d2fb}
2022-12-19 11:51:35.224299 8dbe4be4fd7ab30fd096933efcc541c9 INFO Creating an order from cart {cartId=890, externalId=890_63a042351d2fb}
2022-12-19 11:51:35.571547 5894f5bae910a7be2366f9518f0baedb INFO Incoming notification {externalId=890_63a042351d2fb, paymentId=BLLI-YB4-AO9-ESL, status=NEW}
2022-12-19 11:51:35.574711 5894f5bae910a7be2366f9518f0baedb INFO Processing order's state update {cartId=890, externalId=890_63a042351d2fb, orderId=0, orderReference=, paymentId=BLLI-YB4-AO9-ESL, fromStatus=NEW, toStatus=NEW}
2022-12-19 11:51:35.575792 5894f5bae910a7be2366f9518f0baedb WARNING An order does not exists {cartId=890, externalId=890_63a042351d2fb, orderId=0, orderReference=, paymentId=BLLI-YB4-AO9-ESL}
2022-12-19 11:51:35.650702 685d153b262b5fdb3d140f718b90c7ae INFO Incoming notification {externalId=890_63a042351d2fb, paymentId=BLLI-YB4-AO9-ESL, status=PENDING}
2022-12-19 11:51:35.653574 685d153b262b5fdb3d140f718b90c7ae INFO Processing order's state update {cartId=890, externalId=890_63a042351d2fb, orderId=0, orderReference=, paymentId=BLLI-YB4-AO9-ESL, fromStatus=NEW, toStatus=PENDING}
2022-12-19 11:51:35.654468 685d153b262b5fdb3d140f718b90c7ae WARNING An order does not exists {cartId=890, externalId=890_63a042351d2fb, orderId=0, orderReference=, paymentId=BLLI-YB4-AO9-ESL}
2022-12-19 11:51:37.168266 8dbe4be4fd7ab30fd096933efcc541c9 INFO An order has been successfully created {cartId=890, externalId=890_63a042351d2fb, orderId=228, orderReference=EOQLYDFCP, paymentId=BLLI-YB4-AO9-ESL}
2022-12-19 11:51:37.169251 8dbe4be4fd7ab30fd096933efcc541c9 DEBUG Unsetting optimistic lock on paynow data {cartId=890, externalId=890_63a042351d2fb}
2022-12-19 11:51:37.171370 8dbe4be4fd7ab30fd096933efcc541c9 DEBUG Successfully unset optimistic lock on paynow data {externalId=890_63a042351d2fb}
2022-12-19 11:51:37.173247 8dbe4be4fd7ab30fd096933efcc541c9 DEBUG Successfully updated payment data {orderId=228, orderReference=EOQLYDFCP, paymentId=BLLI-YB4-AO9-ESL}
2022-12-19 11:51:37.275535 8dbe4be4fd7ab30fd096933efcc541c9 WARNING Can't process charge BLIK payment due wrong cart {cartId=}
2022-12-19 11:51:37.909817 8dbe4be4fd7ab30fd096933efcc541c9 INFO Retrieving payment status {paymentId=BLLI-YB4-AO9-ESL}
2022-12-19 11:51:38.045912 8dbe4be4fd7ab30fd096933efcc541c9 INFO Retrieved payment status {paymentId=BLLI-YB4-AO9-ESL, status=PENDING}
2022-12-19 11:51:38.046771 8dbe4be4fd7ab30fd096933efcc541c9 INFO Processing order's state update {cartId=890, externalId=890_63a042351d2fb, orderId=228, orderReference=EOQLYDFCP, paymentId=BLLI-YB4-AO9-ESL, fromStatus=NEW, toStatus=PENDING}
2022-12-19 11:51:38.049354 8dbe4be4fd7ab30fd096933efcc541c9 DEBUG Successfully updated payment data {paymentId=BLLI-YB4-AO9-ESL, status=PENDING}
2022-12-19 11:51:38.050131 8dbe4be4fd7ab30fd096933efcc541c9 INFO Changed order's state {cartId=890, externalId=890_63a042351d2fb, orderReference=EOQLYDFCP, paymentId=BLLI-YB4-AO9-ESL, status=PENDING}
2022-12-19 11:51:41.472136 5894f5bae910a7be2366f9518f0baedb INFO Incoming notification {externalId=890_63a042351d2fb, paymentId=BLLI-YB4-AO9-ESL, status=CONFIRMED}
2022-12-19 11:51:41.475357 5894f5bae910a7be2366f9518f0baedb INFO Processing order's state update {cartId=890, externalId=890_63a042351d2fb, orderId=228, orderReference=EOQLYDFCP, paymentId=BLLI-YB4-AO9-ESL, fromStatus=PENDING, toStatus=CONFIRMED}
2022-12-19 11:51:41.477583 5894f5bae910a7be2366f9518f0baedb INFO Adding new state to order's history {externalId=890_63a042351d2fb, orderId=228, orderReference=EOQLYDFCP, paymentId=BLLI-YB4-AO9-ESL, paymentStatus=CONFIRMED, state=2}
2022-12-19 11:51:41.852463 8dbe4be4fd7ab30fd096933efcc541c9 INFO Checking order's payment status {externalId=890_63a042351d2fb}
2022-12-19 11:51:41.854126 8dbe4be4fd7ab30fd096933efcc541c9 INFO Retrieving payment status {paymentId=BLLI-YB4-AO9-ESL}
2022-12-19 11:51:41.954174 8dbe4be4fd7ab30fd096933efcc541c9 INFO Retrieved payment status {paymentId=BLLI-YB4-AO9-ESL, status=CONFIRMED}
2022-12-19 11:51:41.955564 8dbe4be4fd7ab30fd096933efcc541c9 INFO Processing order's state update {cartId=890, externalId=890_63a042351d2fb, orderId=228, orderReference=EOQLYDFCP, paymentId=BLLI-YB4-AO9-ESL, fromStatus=PENDING, toStatus=CONFIRMED}
2022-12-19 11:51:41.960032 8dbe4be4fd7ab30fd096933efcc541c9 DEBUG Successfully updated payment data {paymentId=BLLI-YB4-AO9-ESL, status=CONFIRMED}
2022-12-19 11:51:41.960819 8dbe4be4fd7ab30fd096933efcc541c9 INFO Changed order's state {cartId=890, externalId=890_63a042351d2fb, orderReference=EOQLYDFCP, paymentId=BLLI-YB4-AO9-ESL, status=CONFIRMED}
2022-12-19 11:51:42.245940 5894f5bae910a7be2366f9518f0baedb INFO Added new state to order's history {externalId=890_63a042351d2fb, orderId=228, orderReference=EOQLYDFCP,  paymentId=BLLI-YB4-AO9-ESL, paymentStatus=CONFIRMED, state=2, historyId=894}
2022-12-19 11:51:42.248948 5894f5bae910a7be2366f9518f0baedb DEBUG Successfully updated payment data {paymentId=BLLI-YB4-AO9-ESL, status=CONFIRMED}
2022-12-19 11:51:42.249645 5894f5bae910a7be2366f9518f0baedb INFO Changed order's state {cartId=890, externalId=890_63a042351d2fb, orderReference=EOQLYDFCP, paymentId=BLLI-YB4-AO9-ESL, status=CONFIRMED}
