2022-05-25 12:45:52.119523 52d4330d6f18b9938506fda5f1e9b020 INFO Processing payment for cart {cartId=345, externalId=345_628e08e01d2d8}
2022-05-25 12:45:54.425553 52d4330d6f18b9938506fda5f1e9b020 DEBUG Created paynow data entry {cartId=345, externalId=345_628e08e01d2d8}
2022-05-25 12:45:54.426553 52d4330d6f18b9938506fda5f1e9b020 INFO Payment has been successfully created {cartId=345, externalId=345_628e08e01d2d8, paymentId=BLTJ-MDX-5I3-RI5, status=PENDING}
2022-05-25 12:45:54.432054 52d4330d6f18b9938506fda5f1e9b020 DEBUG Setting optimistic lock on paynow data {cartId=345, externalId=345_628e08e01d2d8}
2022-05-25 12:45:54.434393 52d4330d6f18b9938506fda5f1e9b020 DEBUG Successfully set up optimistic lock on paynow data {externalId=345_628e08e01d2d8}
2022-05-25 12:45:54.435272 52d4330d6f18b9938506fda5f1e9b020 INFO Creating an order from cart {cartId=345, externalId=345_628e08e01d2d8}
2022-05-25 12:45:55.015044 685d153b262b5fdb3d140f718b90c7ae INFO Incoming notification {externalId=345_628e08e01d2d8, paymentId=BLTJ-MDX-5I3-RI5, status=NEW}
2022-05-25 12:45:55.019949 685d153b262b5fdb3d140f718b90c7ae DEBUG Successfully updated payment data {paymentId=BLTJ-MDX-5I3-RI5, status=NEW}
2022-05-25 12:45:55.020800 685d153b262b5fdb3d140f718b90c7ae INFO Processing order's state update {cartId=345, externalId=345_628e08e01d2d8, orderId=0, orderReference=, paymentId=BLTJ-MDX-5I3-RI5, fromStatus=NEW, toStatus=NEW}
2022-05-25 12:45:55.022038 685d153b262b5fdb3d140f718b90c7ae WARNING An order does not exists {orderId=0}
2022-05-25 12:45:55.057162 5894f5bae910a7be2366f9518f0baedb INFO Incoming notification {externalId=345_628e08e01d2d8, paymentId=BLTJ-MDX-5I3-RI5, status=PENDING}
2022-05-25 12:45:55.062911 5894f5bae910a7be2366f9518f0baedb DEBUG Successfully updated payment data {paymentId=BLTJ-MDX-5I3-RI5, status=PENDING}
2022-05-25 12:45:55.063755 5894f5bae910a7be2366f9518f0baedb INFO Processing order's state update {cartId=345, externalId=345_628e08e01d2d8, orderId=0, orderReference=, paymentId=BLTJ-MDX-5I3-RI5, fromStatus=NEW, toStatus=PENDING}
2022-05-25 12:45:55.064838 5894f5bae910a7be2366f9518f0baedb WARNING An order does not exists {orderId=0}
2022-05-25 12:45:56.843189 52d4330d6f18b9938506fda5f1e9b020 INFO An order has been successfully created {cartId=345, externalId=345_628e08e01d2d8, orderId=64, orderReference=HIRJAPNDJ, paymentId=BLTJ-MDX-5I3-RI5}
2022-05-25 12:45:56.844043 52d4330d6f18b9938506fda5f1e9b020 DEBUG Unsetting optimistic lock on paynow data {cartId=345, externalId=345_628e08e01d2d8}
2022-05-25 12:45:56.846663 52d4330d6f18b9938506fda5f1e9b020 DEBUG Successfully unset optimistic lock on paynow data {externalId=345_628e08e01d2d8}
2022-05-25 12:45:56.848797 52d4330d6f18b9938506fda5f1e9b020 DEBUG Successfully updated payment data {orderId=64, orderReference=HIRJAPNDJ, paymentId=BLTJ-MDX-5I3-RI5}
2022-05-25 12:45:57.239609 52d4330d6f18b9938506fda5f1e9b020 INFO Retrieving payment status {paymentId=BLTJ-MDX-5I3-RI5}
2022-05-25 12:45:57.375211 52d4330d6f18b9938506fda5f1e9b020 INFO Retrieved payment status {paymentId=BLTJ-MDX-5I3-RI5, status=PENDING}
2022-05-25 12:45:57.376100 52d4330d6f18b9938506fda5f1e9b020 INFO Processing order's state update {cartId=345, externalId=345_628e08e01d2d8, orderId=64, orderReference=HIRJAPNDJ, paymentId=BLTJ-MDX-5I3-RI5, fromStatus=PENDING, toStatus=PENDING}
2022-05-25 12:45:57.377327 52d4330d6f18b9938506fda5f1e9b020 ERROR An error occurred during updating state {code=0, externalId=345_628e08e01d2d8, paymentId=BLTJ-MDX-5I3-RI5, status=PENDING, message=Status transition is incorrect PENDING - PENDING}
2022-05-25 12:46:01.155858 52d4330d6f18b9938506fda5f1e9b020 INFO Checking order's payment status {externalId=345_628e08e01d2d8}
2022-05-25 12:46:01.157221 52d4330d6f18b9938506fda5f1e9b020 INFO Retrieving payment status {paymentId=BLTJ-MDX-5I3-RI5}
2022-05-25 12:46:01.294138 52d4330d6f18b9938506fda5f1e9b020 INFO Retrieved payment status {paymentId=BLTJ-MDX-5I3-RI5, status=PENDING}
2022-05-25 12:46:01.295442 52d4330d6f18b9938506fda5f1e9b020 INFO Processing order's state update {cartId=345, externalId=345_628e08e01d2d8, orderId=64, orderReference=HIRJAPNDJ, paymentId=BLTJ-MDX-5I3-RI5, fromStatus=PENDING, toStatus=PENDING}
2022-05-25 12:46:01.296608 52d4330d6f18b9938506fda5f1e9b020 ERROR An error occurred during updating state {code=0, externalId=345_628e08e01d2d8, paymentId=BLTJ-MDX-5I3-RI5, status=PENDING, message=Status transition is incorrect PENDING - PENDING}
2022-05-25 12:46:04.214842 52d4330d6f18b9938506fda5f1e9b020 INFO Checking order's payment status {externalId=345_628e08e01d2d8}
2022-05-25 12:46:04.216506 52d4330d6f18b9938506fda5f1e9b020 INFO Retrieving payment status {paymentId=BLTJ-MDX-5I3-RI5}
2022-05-25 12:46:04.351185 52d4330d6f18b9938506fda5f1e9b020 INFO Retrieved payment status {paymentId=BLTJ-MDX-5I3-RI5, status=PENDING}
2022-05-25 12:46:04.352819 52d4330d6f18b9938506fda5f1e9b020 INFO Processing order's state update {cartId=345, externalId=345_628e08e01d2d8, orderId=64, orderReference=HIRJAPNDJ, paymentId=BLTJ-MDX-5I3-RI5, fromStatus=PENDING, toStatus=PENDING}
2022-05-25 12:46:04.354185 52d4330d6f18b9938506fda5f1e9b020 ERROR An error occurred during updating state {code=0, externalId=345_628e08e01d2d8, paymentId=BLTJ-MDX-5I3-RI5, status=PENDING, message=Status transition is incorrect PENDING - PENDING}
2022-05-25 12:46:05.632333 5894f5bae910a7be2366f9518f0baedb INFO Incoming notification {externalId=345_628e08e01d2d8, paymentId=BLTJ-MDX-5I3-RI5, status=CONFIRMED}
2022-05-25 12:46:05.636248 5894f5bae910a7be2366f9518f0baedb DEBUG Successfully updated payment data {paymentId=BLTJ-MDX-5I3-RI5, status=CONFIRMED}
2022-05-25 12:46:05.637022 5894f5bae910a7be2366f9518f0baedb INFO Processing order's state update {cartId=345, externalId=345_628e08e01d2d8, orderId=64, orderReference=HIRJAPNDJ, paymentId=BLTJ-MDX-5I3-RI5, fromStatus=PENDING, toStatus=CONFIRMED}
2022-05-25 12:46:05.639067 5894f5bae910a7be2366f9518f0baedb INFO Adding new state to order's history {externalId=345_628e08e01d2d8, orderId=64, orderReference=HIRJAPNDJ, paymentId=BLTJ-MDX-5I3-RI5, paymentStatus=CONFIRMED, state=2}
2022-05-25 12:46:06.058089 5894f5bae910a7be2366f9518f0baedb INFO Added new state to order's history {externalId=345_628e08e01d2d8, orderId=64, orderReference=HIRJAPNDJ,  paymentId=BLTJ-MDX-5I3-RI5, paymentStatus=CONFIRMED, state=2, historyId=238}
2022-05-25 12:46:06.062741 5894f5bae910a7be2366f9518f0baedb DEBUG Successfully updated payment data {paymentId=BLTJ-MDX-5I3-RI5, status=CONFIRMED}
2022-05-25 12:46:06.063520 5894f5bae910a7be2366f9518f0baedb INFO Changed order's state {cartId=345, externalId=345_628e08e01d2d8, orderReference=HIRJAPNDJ, paymentId=BLTJ-MDX-5I3-RI5, status=CONFIRMED}
2022-05-25 12:46:07.304704 52d4330d6f18b9938506fda5f1e9b020 INFO Checking order's payment status {externalId=345_628e08e01d2d8}
