2022-06-25 12:29:27.094407 fb2f6e211f61e9b082b5e6bfdb2a1e57 INFO Processing payment for cart {cartId=426, externalId=426_62b6e387170bb}
2022-06-25 12:29:28.660805 fb2f6e211f61e9b082b5e6bfdb2a1e57 DEBUG Created paynow data entry {cartId=426, externalId=426_62b6e387170bb}
2022-06-25 12:29:28.661787 fb2f6e211f61e9b082b5e6bfdb2a1e57 INFO Payment has been successfully created {cartId=426, externalId=426_62b6e387170bb, paymentId=BLU0-WKA-OSC-82R, status=PENDING}
2022-06-25 12:29:28.663836 fb2f6e211f61e9b082b5e6bfdb2a1e57 DEBUG Setting optimistic lock on paynow data {cartId=426, externalId=426_62b6e387170bb}
2022-06-25 12:29:28.666193 fb2f6e211f61e9b082b5e6bfdb2a1e57 DEBUG Successfully set up optimistic lock on paynow data {externalId=426_62b6e387170bb}
2022-06-25 12:29:28.667138 fb2f6e211f61e9b082b5e6bfdb2a1e57 INFO Creating an order from cart {cartId=426, externalId=426_62b6e387170bb}
2022-06-25 12:29:29.106415 5894f5bae910a7be2366f9518f0baedb INFO Incoming notification {externalId=426_62b6e387170bb, paymentId=BLU0-WKA-OSC-82R, status=PENDING}
2022-06-25 12:29:29.116960 5894f5bae910a7be2366f9518f0baedb DEBUG Successfully updated payment data {paymentId=BLU0-WKA-OSC-82R, status=PENDING}
2022-06-25 12:29:29.117803 5894f5bae910a7be2366f9518f0baedb INFO Processing order's state update {cartId=426, externalId=426_62b6e387170bb, orderId=0, orderReference=, paymentId=BLU0-WKA-OSC-82R, fromStatus=NEW, toStatus=PENDING}
2022-06-25 12:29:29.118637 5894f5bae910a7be2366f9518f0baedb WARNING An order does not exists {orderId=0}
2022-06-25 12:29:29.177494 5894f5bae910a7be2366f9518f0baedb INFO Incoming notification {externalId=426_62b6e387170bb, paymentId=BLU0-WKA-OSC-82R, status=NEW}
2022-06-25 12:29:29.181303 5894f5bae910a7be2366f9518f0baedb DEBUG Successfully updated payment data {paymentId=BLU0-WKA-OSC-82R, status=NEW}
2022-06-25 12:29:29.182116 5894f5bae910a7be2366f9518f0baedb INFO Processing order's state update {cartId=426, externalId=426_62b6e387170bb, orderId=0, orderReference=, paymentId=BLU0-WKA-OSC-82R, fromStatus=PENDING, toStatus=NEW}
2022-06-25 12:29:29.182915 5894f5bae910a7be2366f9518f0baedb WARNING An order does not exists {orderId=0}
2022-06-25 12:29:36.650677 fb2f6e211f61e9b082b5e6bfdb2a1e57 INFO An order has been successfully created {cartId=426, externalId=426_62b6e387170bb, orderId=78, orderReference=IDRAAWAWG, paymentId=BLU0-WKA-OSC-82R}
2022-06-25 12:29:36.651473 fb2f6e211f61e9b082b5e6bfdb2a1e57 DEBUG Unsetting optimistic lock on paynow data {cartId=426, externalId=426_62b6e387170bb}
2022-06-25 12:29:36.653729 fb2f6e211f61e9b082b5e6bfdb2a1e57 DEBUG Successfully unset optimistic lock on paynow data {externalId=426_62b6e387170bb}
2022-06-25 12:29:36.656666 fb2f6e211f61e9b082b5e6bfdb2a1e57 DEBUG Successfully updated payment data {orderId=78, orderReference=IDRAAWAWG, paymentId=BLU0-WKA-OSC-82R}
2022-06-25 12:29:36.826934 685d153b262b5fdb3d140f718b90c7ae INFO Incoming notification {externalId=426_62b6e387170bb, paymentId=BLU0-WKA-OSC-82R, status=CONFIRMED}
2022-06-25 12:29:36.830674 685d153b262b5fdb3d140f718b90c7ae DEBUG Successfully updated payment data {paymentId=BLU0-WKA-OSC-82R, status=CONFIRMED}
2022-06-25 12:29:36.831331 685d153b262b5fdb3d140f718b90c7ae INFO Processing order's state update {cartId=426, externalId=426_62b6e387170bb, orderId=78, orderReference=IDRAAWAWG, paymentId=BLU0-WKA-OSC-82R, fromStatus=NEW, toStatus=CONFIRMED}
2022-06-25 12:29:36.833282 685d153b262b5fdb3d140f718b90c7ae INFO Adding new state to order's history {externalId=426_62b6e387170bb, orderId=78, orderReference=IDRAAWAWG, paymentId=BLU0-WKA-OSC-82R, paymentStatus=CONFIRMED, state=2}
2022-06-25 12:29:37.235112 685d153b262b5fdb3d140f718b90c7ae INFO Added new state to order's history {externalId=426_62b6e387170bb, orderId=78, orderReference=IDRAAWAWG,  paymentId=BLU0-WKA-OSC-82R, paymentStatus=CONFIRMED, state=2, historyId=292}
2022-06-25 12:29:37.239521 685d153b262b5fdb3d140f718b90c7ae DEBUG Successfully updated payment data {paymentId=BLU0-WKA-OSC-82R, status=CONFIRMED}
2022-06-25 12:29:37.240375 685d153b262b5fdb3d140f718b90c7ae INFO Changed order's state {cartId=426, externalId=426_62b6e387170bb, orderReference=IDRAAWAWG, paymentId=BLU0-WKA-OSC-82R, status=CONFIRMED}
