2022-10-05 21:15:10.432055 7a31f908f532278a2df1680daf0b9761 INFO Processing payment for order {cartId=708, externalId=YXCPCBVMX, orderId=162, orderReference=YXCPCBVMX}
2022-10-05 21:15:11.168634 7a31f908f532278a2df1680daf0b9761 DEBUG Created paynow data entry {cartId=708, externalId=YXCPCBVMX}
2022-10-05 21:15:11.169446 7a31f908f532278a2df1680daf0b9761 INFO Payment has been successfully created {cartId=709, externalId=YXCPCBVMX, paymentId=NOQR-G7C-EGG-HF0, status=NEW}
2022-10-05 21:15:11.635772 5894f5bae910a7be2366f9518f0baedb INFO Incoming notification {externalId=YXCPCBVMX, paymentId=NOQR-G7C-EGG-HF0, status=NEW}
2022-10-05 21:15:11.639786 5894f5bae910a7be2366f9518f0baedb INFO Processing order's state update {cartId=708, externalId=YXCPCBVMX, orderId=162, orderReference=YXCPCBVMX, paymentId=NOQR-G7C-EGG-HF0, fromStatus=NEW, toStatus=NEW}
2022-10-05 21:15:11.641133 5894f5bae910a7be2366f9518f0baedb ERROR An error occurred during processing notification {externalId=YXCPCBVMX, paymentId=NOQR-G7C-EGG-HF0, status=NEW, message=Another payment method is selected for order}
2022-10-05 21:15:32.004545 5894f5bae910a7be2366f9518f0baedb INFO Incoming notification {externalId=YXCPCBVMX, paymentId=NOQR-G7C-EGG-HF0, status=PENDING}
2022-10-05 21:15:32.007395 5894f5bae910a7be2366f9518f0baedb INFO Processing order's state update {cartId=708, externalId=YXCPCBVMX, orderId=162, orderReference=YXCPCBVMX, paymentId=NOQR-G7C-EGG-HF0, fromStatus=NEW, toStatus=PENDING}
2022-10-05 21:15:32.008646 5894f5bae910a7be2366f9518f0baedb ERROR An error occurred during processing notification {externalId=YXCPCBVMX, paymentId=NOQR-G7C-EGG-HF0, status=PENDING, message=Another payment method is selected for order}
2022-10-05 21:16:12.201446 5894f5bae910a7be2366f9518f0baedb INFO Incoming notification {externalId=YXCPCBVMX, paymentId=NOQR-G7C-EGG-HF0, status=NEW}
2022-10-05 21:16:12.205127 5894f5bae910a7be2366f9518f0baedb INFO Processing order's state update {cartId=708, externalId=YXCPCBVMX, orderId=162, orderReference=YXCPCBVMX, paymentId=NOQR-G7C-EGG-HF0, fromStatus=NEW, toStatus=NEW}
2022-10-05 21:16:12.206403 5894f5bae910a7be2366f9518f0baedb ERROR An error occurred during processing notification {externalId=YXCPCBVMX, paymentId=NOQR-G7C-EGG-HF0, status=NEW, message=Another payment method is selected for order}
2022-10-05 21:16:20.760011 5894f5bae910a7be2366f9518f0baedb INFO Incoming notification {externalId=YXCPCBVMX, paymentId=NOQR-G7C-EGG-HF0, status=CONFIRMED}
2022-10-05 21:16:20.763245 5894f5bae910a7be2366f9518f0baedb INFO Processing order's state update {cartId=708, externalId=YXCPCBVMX, orderId=162, orderReference=YXCPCBVMX, paymentId=NOQR-G7C-EGG-HF0, fromStatus=NEW, toStatus=CONFIRMED}
2022-10-05 21:16:20.764939 5894f5bae910a7be2366f9518f0baedb ERROR An error occurred during processing notification {externalId=YXCPCBVMX, paymentId=NOQR-G7C-EGG-HF0, status=CONFIRMED, message=Another payment method is selected for order}
2022-10-05 21:16:32.631916 5894f5bae910a7be2366f9518f0baedb INFO Incoming notification {externalId=YXCPCBVMX, paymentId=NOQR-G7C-EGG-HF0, status=PENDING}
2022-10-05 21:16:32.634577 5894f5bae910a7be2366f9518f0baedb INFO Processing order's state update {cartId=708, externalId=YXCPCBVMX, orderId=162, orderReference=YXCPCBVMX, paymentId=NOQR-G7C-EGG-HF0, fromStatus=NEW, toStatus=PENDING}
2022-10-05 21:16:32.635727 5894f5bae910a7be2366f9518f0baedb ERROR An error occurred during processing notification {externalId=YXCPCBVMX, paymentId=NOQR-G7C-EGG-HF0, status=PENDING, message=Another payment method is selected for order}
2022-10-05 21:17:12.753691 5894f5bae910a7be2366f9518f0baedb INFO Incoming notification {externalId=YXCPCBVMX, paymentId=NOQR-G7C-EGG-HF0, status=NEW}
2022-10-05 21:17:12.757985 5894f5bae910a7be2366f9518f0baedb INFO Processing order's state update {cartId=708, externalId=YXCPCBVMX, orderId=162, orderReference=YXCPCBVMX, paymentId=NOQR-G7C-EGG-HF0, fromStatus=NEW, toStatus=NEW}
2022-10-05 21:17:12.761316 5894f5bae910a7be2366f9518f0baedb ERROR An error occurred during processing notification {externalId=YXCPCBVMX, paymentId=NOQR-G7C-EGG-HF0, status=NEW, message=Another payment method is selected for order}
2022-10-05 21:17:21.313484 5894f5bae910a7be2366f9518f0baedb INFO Incoming notification {externalId=YXCPCBVMX, paymentId=NOQR-G7C-EGG-HF0, status=CONFIRMED}
2022-10-05 21:17:21.315856 5894f5bae910a7be2366f9518f0baedb INFO Processing order's state update {cartId=708, externalId=YXCPCBVMX, orderId=162, orderReference=YXCPCBVMX, paymentId=NOQR-G7C-EGG-HF0, fromStatus=NEW, toStatus=CONFIRMED}
2022-10-05 21:17:21.317028 5894f5bae910a7be2366f9518f0baedb ERROR An error occurred during processing notification {externalId=YXCPCBVMX, paymentId=NOQR-G7C-EGG-HF0, status=CONFIRMED, message=Another payment method is selected for order}
2022-10-05 21:17:33.344695 5894f5bae910a7be2366f9518f0baedb INFO Incoming notification {externalId=YXCPCBVMX, paymentId=NOQR-G7C-EGG-HF0, status=PENDING}
2022-10-05 21:17:33.347336 5894f5bae910a7be2366f9518f0baedb INFO Processing order's state update {cartId=708, externalId=YXCPCBVMX, orderId=162, orderReference=YXCPCBVMX, paymentId=NOQR-G7C-EGG-HF0, fromStatus=NEW, toStatus=PENDING}
2022-10-05 21:17:33.348645 5894f5bae910a7be2366f9518f0baedb ERROR An error occurred during processing notification {externalId=YXCPCBVMX, paymentId=NOQR-G7C-EGG-HF0, status=PENDING, message=Another payment method is selected for order}
2022-10-05 21:18:13.335973 5894f5bae910a7be2366f9518f0baedb INFO Incoming notification {externalId=YXCPCBVMX, paymentId=NOQR-G7C-EGG-HF0, status=NEW}
2022-10-05 21:18:13.342566 5894f5bae910a7be2366f9518f0baedb INFO Processing order's state update {cartId=708, externalId=YXCPCBVMX, orderId=162, orderReference=YXCPCBVMX, paymentId=NOQR-G7C-EGG-HF0, fromStatus=NEW, toStatus=NEW}
2022-10-05 21:18:13.344203 5894f5bae910a7be2366f9518f0baedb ERROR An error occurred during processing notification {externalId=YXCPCBVMX, paymentId=NOQR-G7C-EGG-HF0, status=NEW, message=Another payment method is selected for order}
2022-10-05 21:18:21.741427 5894f5bae910a7be2366f9518f0baedb INFO Incoming notification {externalId=YXCPCBVMX, paymentId=NOQR-G7C-EGG-HF0, status=CONFIRMED}
2022-10-05 21:18:21.744347 5894f5bae910a7be2366f9518f0baedb INFO Processing order's state update {cartId=708, externalId=YXCPCBVMX, orderId=162, orderReference=YXCPCBVMX, paymentId=NOQR-G7C-EGG-HF0, fromStatus=NEW, toStatus=CONFIRMED}
2022-10-05 21:18:21.745886 5894f5bae910a7be2366f9518f0baedb ERROR An error occurred during processing notification {externalId=YXCPCBVMX, paymentId=NOQR-G7C-EGG-HF0, status=CONFIRMED, message=Another payment method is selected for order}
2022-10-05 21:18:33.927449 5894f5bae910a7be2366f9518f0baedb INFO Incoming notification {externalId=YXCPCBVMX, paymentId=NOQR-G7C-EGG-HF0, status=PENDING}
2022-10-05 21:18:33.930234 5894f5bae910a7be2366f9518f0baedb INFO Processing order's state update {cartId=708, externalId=YXCPCBVMX, orderId=162, orderReference=YXCPCBVMX, paymentId=NOQR-G7C-EGG-HF0, fromStatus=NEW, toStatus=PENDING}
2022-10-05 21:18:33.931571 5894f5bae910a7be2366f9518f0baedb ERROR An error occurred during processing notification {externalId=YXCPCBVMX, paymentId=NOQR-G7C-EGG-HF0, status=PENDING, message=Another payment method is selected for order}
2022-10-05 21:19:22.256278 5894f5bae910a7be2366f9518f0baedb INFO Incoming notification {externalId=YXCPCBVMX, paymentId=NOQR-G7C-EGG-HF0, status=CONFIRMED}
2022-10-05 21:19:22.259459 5894f5bae910a7be2366f9518f0baedb INFO Processing order's state update {cartId=708, externalId=YXCPCBVMX, orderId=162, orderReference=YXCPCBVMX, paymentId=NOQR-G7C-EGG-HF0, fromStatus=NEW, toStatus=CONFIRMED}
2022-10-05 21:19:22.260778 5894f5bae910a7be2366f9518f0baedb ERROR An error occurred during processing notification {externalId=YXCPCBVMX, paymentId=NOQR-G7C-EGG-HF0, status=CONFIRMED, message=Another payment method is selected for order}
2022-10-05 21:20:14.185039 5894f5bae910a7be2366f9518f0baedb INFO Incoming notification {externalId=YXCPCBVMX, paymentId=NOQR-G7C-EGG-HF0, status=NEW}
2022-10-05 21:20:14.187597 5894f5bae910a7be2366f9518f0baedb INFO Processing order's state update {cartId=708, externalId=YXCPCBVMX, orderId=162, orderReference=YXCPCBVMX, paymentId=NOQR-G7C-EGG-HF0, fromStatus=NEW, toStatus=NEW}
2022-10-05 21:20:14.189109 5894f5bae910a7be2366f9518f0baedb ERROR An error occurred during processing notification {externalId=YXCPCBVMX, paymentId=NOQR-G7C-EGG-HF0, status=NEW, message=Another payment method is selected for order}
2022-10-05 21:20:34.431317 5894f5bae910a7be2366f9518f0baedb INFO Incoming notification {externalId=YXCPCBVMX, paymentId=NOQR-G7C-EGG-HF0, status=PENDING}
2022-10-05 21:20:34.434451 5894f5bae910a7be2366f9518f0baedb INFO Processing order's state update {cartId=708, externalId=YXCPCBVMX, orderId=162, orderReference=YXCPCBVMX, paymentId=NOQR-G7C-EGG-HF0, fromStatus=NEW, toStatus=PENDING}
2022-10-05 21:20:34.435792 5894f5bae910a7be2366f9518f0baedb ERROR An error occurred during processing notification {externalId=YXCPCBVMX, paymentId=NOQR-G7C-EGG-HF0, status=PENDING, message=Another payment method is selected for order}
2022-10-05 21:21:22.883539 5894f5bae910a7be2366f9518f0baedb INFO Incoming notification {externalId=YXCPCBVMX, paymentId=NOQR-G7C-EGG-HF0, status=CONFIRMED}
2022-10-05 21:21:22.886037 5894f5bae910a7be2366f9518f0baedb INFO Processing order's state update {cartId=708, externalId=YXCPCBVMX, orderId=162, orderReference=YXCPCBVMX, paymentId=NOQR-G7C-EGG-HF0, fromStatus=NEW, toStatus=CONFIRMED}
2022-10-05 21:21:22.887098 5894f5bae910a7be2366f9518f0baedb ERROR An error occurred during processing notification {externalId=YXCPCBVMX, paymentId=NOQR-G7C-EGG-HF0, status=CONFIRMED, message=Another payment method is selected for order}
2022-10-05 21:25:15.046825 5894f5bae910a7be2366f9518f0baedb INFO Incoming notification {externalId=YXCPCBVMX, paymentId=NOQR-G7C-EGG-HF0, status=NEW}
2022-10-05 21:25:15.050283 5894f5bae910a7be2366f9518f0baedb INFO Processing order's state update {cartId=708, externalId=YXCPCBVMX, orderId=162, orderReference=YXCPCBVMX, paymentId=NOQR-G7C-EGG-HF0, fromStatus=NEW, toStatus=NEW}
2022-10-05 21:25:15.051670 5894f5bae910a7be2366f9518f0baedb ERROR An error occurred during processing notification {externalId=YXCPCBVMX, paymentId=NOQR-G7C-EGG-HF0, status=NEW, message=Another payment method is selected for order}
2022-10-05 21:25:34.943896 5894f5bae910a7be2366f9518f0baedb INFO Incoming notification {externalId=YXCPCBVMX, paymentId=NOQR-G7C-EGG-HF0, status=PENDING}
2022-10-05 21:25:34.946135 5894f5bae910a7be2366f9518f0baedb INFO Processing order's state update {cartId=708, externalId=YXCPCBVMX, orderId=162, orderReference=YXCPCBVMX, paymentId=NOQR-G7C-EGG-HF0, fromStatus=NEW, toStatus=PENDING}
2022-10-05 21:25:34.947335 5894f5bae910a7be2366f9518f0baedb ERROR An error occurred during processing notification {externalId=YXCPCBVMX, paymentId=NOQR-G7C-EGG-HF0, status=PENDING, message=Another payment method is selected for order}
2022-10-05 21:26:23.465384 5894f5bae910a7be2366f9518f0baedb INFO Incoming notification {externalId=YXCPCBVMX, paymentId=NOQR-G7C-EGG-HF0, status=CONFIRMED}
2022-10-05 21:26:23.468796 5894f5bae910a7be2366f9518f0baedb INFO Processing order's state update {cartId=708, externalId=YXCPCBVMX, orderId=162, orderReference=YXCPCBVMX, paymentId=NOQR-G7C-EGG-HF0, fromStatus=NEW, toStatus=CONFIRMED}
2022-10-05 21:26:23.470058 5894f5bae910a7be2366f9518f0baedb ERROR An error occurred during processing notification {externalId=YXCPCBVMX, paymentId=NOQR-G7C-EGG-HF0, status=CONFIRMED, message=Another payment method is selected for order}
2022-10-05 21:40:15.777941 5894f5bae910a7be2366f9518f0baedb INFO Incoming notification {externalId=YXCPCBVMX, paymentId=NOQR-G7C-EGG-HF0, status=NEW}
2022-10-05 21:40:15.781157 5894f5bae910a7be2366f9518f0baedb INFO Processing order's state update {cartId=708, externalId=YXCPCBVMX, orderId=162, orderReference=YXCPCBVMX, paymentId=NOQR-G7C-EGG-HF0, fromStatus=NEW, toStatus=NEW}
2022-10-05 21:40:15.782243 5894f5bae910a7be2366f9518f0baedb ERROR An error occurred during processing notification {externalId=YXCPCBVMX, paymentId=NOQR-G7C-EGG-HF0, status=NEW, message=Another payment method is selected for order}
2022-10-05 21:40:35.364744 5894f5bae910a7be2366f9518f0baedb INFO Incoming notification {externalId=YXCPCBVMX, paymentId=NOQR-G7C-EGG-HF0, status=PENDING}
2022-10-05 21:40:35.367249 5894f5bae910a7be2366f9518f0baedb INFO Processing order's state update {cartId=708, externalId=YXCPCBVMX, orderId=162, orderReference=YXCPCBVMX, paymentId=NOQR-G7C-EGG-HF0, fromStatus=NEW, toStatus=PENDING}
2022-10-05 21:40:35.368577 5894f5bae910a7be2366f9518f0baedb ERROR An error occurred during processing notification {externalId=YXCPCBVMX, paymentId=NOQR-G7C-EGG-HF0, status=PENDING, message=Another payment method is selected for order}
2022-10-05 21:41:24.039944 5894f5bae910a7be2366f9518f0baedb INFO Incoming notification {externalId=YXCPCBVMX, paymentId=NOQR-G7C-EGG-HF0, status=CONFIRMED}
2022-10-05 21:41:24.042896 5894f5bae910a7be2366f9518f0baedb INFO Processing order's state update {cartId=708, externalId=YXCPCBVMX, orderId=162, orderReference=YXCPCBVMX, paymentId=NOQR-G7C-EGG-HF0, fromStatus=NEW, toStatus=CONFIRMED}
2022-10-05 21:41:24.044275 5894f5bae910a7be2366f9518f0baedb ERROR An error occurred during processing notification {externalId=YXCPCBVMX, paymentId=NOQR-G7C-EGG-HF0, status=CONFIRMED, message=Another payment method is selected for order}
2022-10-05 22:10:35.136884 5894f5bae910a7be2366f9518f0baedb INFO Incoming notification {externalId=YXCPCBVMX, paymentId=NOQR-G7C-EGG-HF0, status=NEW}
2022-10-05 22:10:35.140839 5894f5bae910a7be2366f9518f0baedb INFO Processing order's state update {cartId=708, externalId=YXCPCBVMX, orderId=162, orderReference=YXCPCBVMX, paymentId=NOQR-G7C-EGG-HF0, fromStatus=NEW, toStatus=NEW}
2022-10-05 22:10:35.141824 5894f5bae910a7be2366f9518f0baedb ERROR An error occurred during processing notification {externalId=YXCPCBVMX, paymentId=NOQR-G7C-EGG-HF0, status=NEW, message=Another payment method is selected for order}
2022-10-05 22:11:01.949034 5894f5bae910a7be2366f9518f0baedb INFO Incoming notification {externalId=YXCPCBVMX, paymentId=NOQR-G7C-EGG-HF0, status=PENDING}
2022-10-05 22:11:01.951684 5894f5bae910a7be2366f9518f0baedb INFO Processing order's state update {cartId=708, externalId=YXCPCBVMX, orderId=162, orderReference=YXCPCBVMX, paymentId=NOQR-G7C-EGG-HF0, fromStatus=NEW, toStatus=PENDING}
2022-10-05 22:11:01.952982 5894f5bae910a7be2366f9518f0baedb ERROR An error occurred during processing notification {externalId=YXCPCBVMX, paymentId=NOQR-G7C-EGG-HF0, status=PENDING, message=Another payment method is selected for order}
2022-10-05 22:12:18.266341 5894f5bae910a7be2366f9518f0baedb INFO Incoming notification {externalId=YXCPCBVMX, paymentId=NOQR-G7C-EGG-HF0, status=CONFIRMED}
2022-10-05 22:12:18.269457 5894f5bae910a7be2366f9518f0baedb INFO Processing order's state update {cartId=708, externalId=YXCPCBVMX, orderId=162, orderReference=YXCPCBVMX, paymentId=NOQR-G7C-EGG-HF0, fromStatus=NEW, toStatus=CONFIRMED}
2022-10-05 22:12:18.270730 5894f5bae910a7be2366f9518f0baedb ERROR An error occurred during processing notification {externalId=YXCPCBVMX, paymentId=NOQR-G7C-EGG-HF0, status=CONFIRMED, message=Another payment method is selected for order}
2022-10-05 23:10:35.635328 5894f5bae910a7be2366f9518f0baedb INFO Incoming notification {externalId=YXCPCBVMX, paymentId=NOQR-G7C-EGG-HF0, status=NEW}
2022-10-05 23:10:35.638571 5894f5bae910a7be2366f9518f0baedb INFO Processing order's state update {cartId=708, externalId=YXCPCBVMX, orderId=162, orderReference=YXCPCBVMX, paymentId=NOQR-G7C-EGG-HF0, fromStatus=NEW, toStatus=NEW}
2022-10-05 23:10:35.639728 5894f5bae910a7be2366f9518f0baedb ERROR An error occurred during processing notification {externalId=YXCPCBVMX, paymentId=NOQR-G7C-EGG-HF0, status=NEW, message=Another payment method is selected for order}
2022-10-05 23:11:02.376259 5894f5bae910a7be2366f9518f0baedb INFO Incoming notification {externalId=YXCPCBVMX, paymentId=NOQR-G7C-EGG-HF0, status=PENDING}
2022-10-05 23:11:02.379028 5894f5bae910a7be2366f9518f0baedb INFO Processing order's state update {cartId=708, externalId=YXCPCBVMX, orderId=162, orderReference=YXCPCBVMX, paymentId=NOQR-G7C-EGG-HF0, fromStatus=NEW, toStatus=PENDING}
2022-10-05 23:11:02.380755 5894f5bae910a7be2366f9518f0baedb ERROR An error occurred during processing notification {externalId=YXCPCBVMX, paymentId=NOQR-G7C-EGG-HF0, status=PENDING, message=Another payment method is selected for order}
2022-10-05 23:12:19.143239 5894f5bae910a7be2366f9518f0baedb INFO Incoming notification {externalId=YXCPCBVMX, paymentId=NOQR-G7C-EGG-HF0, status=CONFIRMED}
2022-10-05 23:12:19.146739 5894f5bae910a7be2366f9518f0baedb INFO Processing order's state update {cartId=708, externalId=YXCPCBVMX, orderId=162, orderReference=YXCPCBVMX, paymentId=NOQR-G7C-EGG-HF0, fromStatus=NEW, toStatus=CONFIRMED}
2022-10-05 23:12:19.148160 5894f5bae910a7be2366f9518f0baedb ERROR An error occurred during processing notification {externalId=YXCPCBVMX, paymentId=NOQR-G7C-EGG-HF0, status=CONFIRMED, message=Another payment method is selected for order}
