2022-11-28 17:39:47.380053 19248cbcfd22003b7f509315e07d3494 DEBUG Setting optimistic lock on paynow data {cartId=829, externalId=}
2022-11-28 17:39:47.383063 19248cbcfd22003b7f509315e07d3494 WARNING Can't set optimistic lock due empty payment data {cartId=829}
2022-11-28 17:39:47.383924 19248cbcfd22003b7f509315e07d3494 INFO Creating an order from cart {cartId=829, externalId=}
2022-11-28 17:39:49.330332 19248cbcfd22003b7f509315e07d3494 INFO An order has been successfully created {cartId=829, externalId=, orderId=200, orderReference=BAUGAEYGD, paymentId=}
2022-11-28 17:39:49.331134 19248cbcfd22003b7f509315e07d3494 DEBUG Unsetting optimistic lock on paynow data {cartId=829, externalId=}
2022-11-28 17:39:49.332222 19248cbcfd22003b7f509315e07d3494 WARNING Can't unset optimistic lock due empty payment data {cartId=829}
2022-11-28 17:39:49.334105 19248cbcfd22003b7f509315e07d3494 INFO Processing payment for order {cartId=829, externalId=BAUGAEYGD, orderId=200, orderReference=BAUGAEYGD}
2022-11-28 17:39:49.690706 19248cbcfd22003b7f509315e07d3494 DEBUG Created paynow data entry {cartId=829, externalId=BAUGAEYGD}
2022-11-28 17:39:49.691478 19248cbcfd22003b7f509315e07d3494 INFO Payment has been successfully created {cartId=829, externalId=BAUGAEYGD, paymentId=PBCY-6X9-TLS-V7N, status=NEW}
2022-11-28 17:39:50.178755 5894f5bae910a7be2366f9518f0baedb INFO Incoming notification {externalId=BAUGAEYGD, paymentId=PBCY-6X9-TLS-V7N, status=NEW}
2022-11-28 17:39:50.183942 5894f5bae910a7be2366f9518f0baedb INFO Processing order's state update {cartId=829, externalId=BAUGAEYGD, orderId=200, orderReference=BAUGAEYGD, paymentId=PBCY-6X9-TLS-V7N, fromStatus=NEW, toStatus=NEW}
2022-11-28 17:39:50.189522 5894f5bae910a7be2366f9518f0baedb DEBUG Successfully updated payment data {paymentId=PBCY-6X9-TLS-V7N, status=NEW}
2022-11-28 17:39:50.190515 5894f5bae910a7be2366f9518f0baedb INFO Changed order's state {cartId=829, externalId=BAUGAEYGD, orderReference=BAUGAEYGD, paymentId=PBCY-6X9-TLS-V7N, status=NEW}
2022-11-28 17:40:03.189296 5894f5bae910a7be2366f9518f0baedb INFO Incoming notification {externalId=BAUGAEYGD, paymentId=PBCY-6X9-TLS-V7N, status=PENDING}
2022-11-28 17:40:03.192670 5894f5bae910a7be2366f9518f0baedb INFO Processing order's state update {cartId=829, externalId=BAUGAEYGD, orderId=200, orderReference=BAUGAEYGD, paymentId=PBCY-6X9-TLS-V7N, fromStatus=NEW, toStatus=PENDING}
2022-11-28 17:40:03.195453 5894f5bae910a7be2366f9518f0baedb DEBUG Successfully updated payment data {paymentId=PBCY-6X9-TLS-V7N, status=PENDING}
2022-11-28 17:40:03.196266 5894f5bae910a7be2366f9518f0baedb INFO Changed order's state {cartId=829, externalId=BAUGAEYGD, orderReference=BAUGAEYGD, paymentId=PBCY-6X9-TLS-V7N, status=PENDING}
2022-11-28 17:40:41.147160 5894f5bae910a7be2366f9518f0baedb INFO Incoming notification {externalId=BAUGAEYGD, paymentId=PBCY-6X9-TLS-V7N, status=CONFIRMED}
2022-11-28 17:40:41.151102 5894f5bae910a7be2366f9518f0baedb INFO Processing order's state update {cartId=829, externalId=BAUGAEYGD, orderId=200, orderReference=BAUGAEYGD, paymentId=PBCY-6X9-TLS-V7N, fromStatus=PENDING, toStatus=CONFIRMED}
2022-11-28 17:40:41.153265 5894f5bae910a7be2366f9518f0baedb INFO Adding new state to order's history {externalId=BAUGAEYGD, orderId=200, orderReference=BAUGAEYGD, paymentId=PBCY-6X9-TLS-V7N, paymentStatus=CONFIRMED, state=2}
2022-11-28 17:40:41.927618 5894f5bae910a7be2366f9518f0baedb INFO Added new state to order's history {externalId=BAUGAEYGD, orderId=200, orderReference=BAUGAEYGD,  paymentId=PBCY-6X9-TLS-V7N, paymentStatus=CONFIRMED, state=2, historyId=777}
2022-11-28 17:40:41.931822 5894f5bae910a7be2366f9518f0baedb DEBUG Successfully updated payment data {paymentId=PBCY-6X9-TLS-V7N, status=CONFIRMED}
2022-11-28 17:40:41.932704 5894f5bae910a7be2366f9518f0baedb INFO Changed order's state {cartId=829, externalId=BAUGAEYGD, orderReference=BAUGAEYGD, paymentId=PBCY-6X9-TLS-V7N, status=CONFIRMED}
