2022-06-27 0:15:57.217642 088f8cad5a09fa80b030c8b722c7eb7c INFO Processing payment for cart {cartId=430, externalId=430_62b8da9d3521c}
2022-06-27 0:15:59.290837 088f8cad5a09fa80b030c8b722c7eb7c DEBUG Created paynow data entry {cartId=430, externalId=430_62b8da9d3521c}
2022-06-27 0:15:59.291820 088f8cad5a09fa80b030c8b722c7eb7c INFO Payment has been successfully created {cartId=430, externalId=430_62b8da9d3521c, paymentId=BLEN-TVG-XUV-8K6, status=PENDING}
2022-06-27 0:15:59.293821 088f8cad5a09fa80b030c8b722c7eb7c DEBUG Setting optimistic lock on paynow data {cartId=430, externalId=430_62b8da9d3521c}
2022-06-27 0:15:59.295726 088f8cad5a09fa80b030c8b722c7eb7c DEBUG Successfully set up optimistic lock on paynow data {externalId=430_62b8da9d3521c}
2022-06-27 0:15:59.296492 088f8cad5a09fa80b030c8b722c7eb7c INFO Creating an order from cart {cartId=430, externalId=430_62b8da9d3521c}
2022-06-27 0:15:59.536387 685d153b262b5fdb3d140f718b90c7ae INFO Incoming notification {externalId=430_62b8da9d3521c, paymentId=BLEN-TVG-XUV-8K6, status=NEW}
2022-06-27 0:15:59.541162 685d153b262b5fdb3d140f718b90c7ae DEBUG Successfully updated payment data {paymentId=BLEN-TVG-XUV-8K6, status=NEW}
2022-06-27 0:15:59.541838 685d153b262b5fdb3d140f718b90c7ae INFO Processing order's state update {cartId=430, externalId=430_62b8da9d3521c, orderId=0, orderReference=, paymentId=BLEN-TVG-XUV-8K6, fromStatus=NEW, toStatus=NEW}
2022-06-27 0:15:59.542839 685d153b262b5fdb3d140f718b90c7ae WARNING An order does not exists {orderId=0}
2022-06-27 0:15:59.937153 5894f5bae910a7be2366f9518f0baedb INFO Incoming notification {externalId=430_62b8da9d3521c, paymentId=BLEN-TVG-XUV-8K6, status=PENDING}
2022-06-27 0:15:59.941833 5894f5bae910a7be2366f9518f0baedb DEBUG Successfully updated payment data {paymentId=BLEN-TVG-XUV-8K6, status=PENDING}
2022-06-27 0:15:59.943161 5894f5bae910a7be2366f9518f0baedb INFO Processing order's state update {cartId=430, externalId=430_62b8da9d3521c, orderId=0, orderReference=, paymentId=BLEN-TVG-XUV-8K6, fromStatus=NEW, toStatus=PENDING}
2022-06-27 0:15:59.944215 5894f5bae910a7be2366f9518f0baedb WARNING An order does not exists {orderId=0}
2022-06-27 0:16:10.264111 5894f5bae910a7be2366f9518f0baedb INFO Incoming notification {externalId=430_62b8da9d3521c, paymentId=BLEN-TVG-XUV-8K6, status=CONFIRMED}
2022-06-27 0:16:10.267942 5894f5bae910a7be2366f9518f0baedb DEBUG Successfully updated payment data {paymentId=BLEN-TVG-XUV-8K6, status=CONFIRMED}
2022-06-27 0:16:10.268722 5894f5bae910a7be2366f9518f0baedb INFO Processing order's state update {cartId=430, externalId=430_62b8da9d3521c, orderId=0, orderReference=, paymentId=BLEN-TVG-XUV-8K6, fromStatus=PENDING, toStatus=CONFIRMED}
2022-06-27 0:16:10.269716 5894f5bae910a7be2366f9518f0baedb WARNING An order does not exists {orderId=0}
2022-06-27 0:18:43.724404 088f8cad5a09fa80b030c8b722c7eb7c INFO An order has been successfully created {cartId=430, externalId=430_62b8da9d3521c, orderId=80, orderReference=KUYQINUXT, paymentId=BLEN-TVG-XUV-8K6}
2022-06-27 0:18:43.725914 088f8cad5a09fa80b030c8b722c7eb7c DEBUG Unsetting optimistic lock on paynow data {cartId=430, externalId=430_62b8da9d3521c}
2022-06-27 0:18:43.728254 088f8cad5a09fa80b030c8b722c7eb7c DEBUG Successfully unset optimistic lock on paynow data {externalId=430_62b8da9d3521c}
2022-06-27 0:18:43.730297 088f8cad5a09fa80b030c8b722c7eb7c DEBUG Successfully updated payment data {orderId=80, orderReference=KUYQINUXT, paymentId=BLEN-TVG-XUV-8K6}
