2022-05-07 6:05:34.899745 685d153b262b5fdb3d140f718b90c7ae INFO Incoming notification {externalId=87_6275103140530, paymentId=BLM4-DNS-SIC-C0U, status=NEW}
2022-05-07 6:05:34.901712 5894f5bae910a7be2366f9518f0baedb INFO Incoming notification {externalId=87_6275103140530, paymentId=BLM4-DNS-SIC-C0U, status=PENDING}
2022-05-07 6:05:34.904292 685d153b262b5fdb3d140f718b90c7ae WARNING Payment for order or cart not exists {externalId=87_6275103140530, paymentId=BLM4-DNS-SIC-C0U, status=NEW}
2022-05-07 6:05:34.904401 5894f5bae910a7be2366f9518f0baedb WARNING Payment for order or cart not exists {externalId=87_6275103140530, paymentId=BLM4-DNS-SIC-C0U, status=PENDING}
2022-05-07 6:06:14.496273 685d153b262b5fdb3d140f718b90c7ae INFO Incoming notification {externalId=87_6275103140530, paymentId=BLM4-DNS-SIC-C0U, status=REJECTED}
2022-05-07 6:06:14.498182 685d153b262b5fdb3d140f718b90c7ae WARNING Payment for order or cart not exists {externalId=87_6275103140530, paymentId=BLM4-DNS-SIC-C0U, status=REJECTED}
2022-05-07 6:06:27.026220 5894f5bae910a7be2366f9518f0baedb INFO Incoming notification {externalId=87_62751066807e4, paymentId=BLJ9-XH0-TWT-O3M, status=PENDING}
2022-05-07 6:06:27.028137 5894f5bae910a7be2366f9518f0baedb WARNING Payment for order or cart not exists {externalId=87_62751066807e4, paymentId=BLJ9-XH0-TWT-O3M, status=PENDING}
2022-05-07 6:06:27.130501 5894f5bae910a7be2366f9518f0baedb INFO Incoming notification {externalId=87_62751066807e4, paymentId=BLJ9-XH0-TWT-O3M, status=NEW}
2022-05-07 6:06:27.132289 5894f5bae910a7be2366f9518f0baedb WARNING Payment for order or cart not exists {externalId=87_62751066807e4, paymentId=BLJ9-XH0-TWT-O3M, status=NEW}
2022-05-07 6:06:36.234467 685d153b262b5fdb3d140f718b90c7ae INFO Incoming notification {externalId=87_62751066807e4, paymentId=BLJ9-XH0-TWT-O3M, status=CONFIRMED}
2022-05-07 6:06:36.236160 685d153b262b5fdb3d140f718b90c7ae WARNING Payment for order or cart not exists {externalId=87_62751066807e4, paymentId=BLJ9-XH0-TWT-O3M, status=CONFIRMED}
2022-05-07 22:05:35.517847 5894f5bae910a7be2366f9518f0baedb INFO Incoming notification {externalId=87_6275103140530, paymentId=BLM4-DNS-SIC-C0U, status=NEW}
2022-05-07 22:05:35.517703 685d153b262b5fdb3d140f718b90c7ae INFO Incoming notification {externalId=87_6275103140530, paymentId=BLM4-DNS-SIC-C0U, status=PENDING}
2022-05-07 22:05:35.522573 5894f5bae910a7be2366f9518f0baedb WARNING Payment for order or cart not exists {externalId=87_6275103140530, paymentId=BLM4-DNS-SIC-C0U, status=NEW}
2022-05-07 22:05:35.522731 685d153b262b5fdb3d140f718b90c7ae WARNING Payment for order or cart not exists {externalId=87_6275103140530, paymentId=BLM4-DNS-SIC-C0U, status=PENDING}
2022-05-07 22:06:14.964885 685d153b262b5fdb3d140f718b90c7ae INFO Incoming notification {externalId=87_6275103140530, paymentId=BLM4-DNS-SIC-C0U, status=REJECTED}
2022-05-07 22:06:14.966567 685d153b262b5fdb3d140f718b90c7ae WARNING Payment for order or cart not exists {externalId=87_6275103140530, paymentId=BLM4-DNS-SIC-C0U, status=REJECTED}
2022-05-07 22:06:27.493127 685d153b262b5fdb3d140f718b90c7ae INFO Incoming notification {externalId=87_62751066807e4, paymentId=BLJ9-XH0-TWT-O3M, status=PENDING}
2022-05-07 22:06:27.494946 685d153b262b5fdb3d140f718b90c7ae WARNING Payment for order or cart not exists {externalId=87_62751066807e4, paymentId=BLJ9-XH0-TWT-O3M, status=PENDING}
2022-05-07 22:06:27.582072 5894f5bae910a7be2366f9518f0baedb INFO Incoming notification {externalId=87_62751066807e4, paymentId=BLJ9-XH0-TWT-O3M, status=NEW}
2022-05-07 22:06:27.583800 5894f5bae910a7be2366f9518f0baedb WARNING Payment for order or cart not exists {externalId=87_62751066807e4, paymentId=BLJ9-XH0-TWT-O3M, status=NEW}
2022-05-07 22:06:36.625883 685d153b262b5fdb3d140f718b90c7ae INFO Incoming notification {externalId=87_62751066807e4, paymentId=BLJ9-XH0-TWT-O3M, status=CONFIRMED}
2022-05-07 22:06:36.627808 685d153b262b5fdb3d140f718b90c7ae WARNING Payment for order or cart not exists {externalId=87_62751066807e4, paymentId=BLJ9-XH0-TWT-O3M, status=CONFIRMED}
